#
# There is insufficient memory for the Java Runtime Environment to continue.
# Native memory allocation (malloc) failed to allocate 611632 bytes. Error detail: Chunk::new
# Possible reasons:
#   The system is out of physical RAM or swap space
#   This process is running with CompressedOops enabled, and the Java Heap may be blocking the growth of the native heap
# Possible solutions:
#   Reduce memory load on the system
#   Increase physical memory or swap space
#   Check if swap backing store is full
#   Decrease Java heap size (-Xmx/-Xms)
#   Decrease number of Java threads
#   Decrease Java thread stack sizes (-Xss)
#   Set larger code cache with -XX:ReservedCodeCacheSize=
#   JVM is running with Unscaled Compressed Oops mode in which the Java heap is
#     placed in the first 4GB address space. The Java Heap base address is the
#     maximum limit for the native heap growth. Please use -XX:HeapBaseMinAddress
#     to set the Java Heap base and to place the Java Heap above 4GB virtual address.
# This output file may be truncated or incomplete.
#
#  Out of Memory Error (arena.cpp:162), pid=8592, tid=3804
#
# JRE version: OpenJDK Runtime Environment Zulu24.32+13-CA (24.0.2+12) (build 24.0.2+12)
# Java VM: OpenJDK 64-Bit Server VM Zulu24.32+13-CA (24.0.2+12, mixed mode, sharing, tiered, compressed oops, compressed class ptrs, g1 gc, windows-amd64)
# No core dump will be written. Minidumps are not enabled by default on client versions of Windows
#

---------------  S U M M A R Y ------------

Command Line: --enable-native-access=ALL-UNNAMED -Dclassworlds.conf=C:\Users\User\.m2\wrapper\dists\apache-maven-3.9.11\03d7e36a140982eea48e22c1dcac01d8862b2550b2939e09a0809bbc5182a5bc\bin\m2.conf -Dmaven.home=C:\Users\User\.m2\wrapper\dists\apache-maven-3.9.11\03d7e36a140982eea48e22c1dcac01d8862b2550b2939e09a0809bbc5182a5bc -Dlibrary.jansi.path=C:\Users\User\.m2\wrapper\dists\apache-maven-3.9.11\03d7e36a140982eea48e22c1dcac01d8862b2550b2939e09a0809bbc5182a5bc\lib\jansi-native -Dmaven.multiModuleProjectDirectory=C:\Users\User\Documents\NetBeansProjects\hospital-vida-nova org.codehaus.plexus.classworlds.launcher.Launcher -Dmaven.ext.class.path=C:\Program Files\Apache NetBeans\java\maven-nblib\netbeans-eventspy.jar --no-transfer-progress clean install

Host: Intel(R) Core(TM) i3-6006U CPU @ 2.00GHz, 4 cores, 3G,  Windows 10 , 64 bit Build 19041 (10.0.19041.5915)
Time: Thu Dec 11 23:24:25 2025 Hora oficial do Brasil elapsed time: 6.893768 seconds (0d 0h 0m 6s)

---------------  T H R E A D  ---------------

Current thread (0x000001d8c4137d70):  JavaThread "C2 CompilerThread0" daemon [_thread_in_native, id=3804, stack(0x000000751cb00000,0x000000751cc00000) (1024K)]


Current CompileTask:
C2:6893 4609       4       org.codehaus.plexus.util.xml.pull.MXParser::parseStartTag (1205 bytes)

Stack: [0x000000751cb00000,0x000000751cc00000]
Native frames: (J=compiled Java code, j=interpreted, Vv=VM code, C=native code)
V  [jvm.dll+0x741329]  (no source info available)
V  [jvm.dll+0x97e243]  (no source info available)
V  [jvm.dll+0x98056d]  (no source info available)
V  [jvm.dll+0x980be3]  (no source info available)
V  [jvm.dll+0x2b5a76]  (no source info available)
V  [jvm.dll+0xd00af]  (no source info available)
V  [jvm.dll+0xd030f]  (no source info available)
V  [jvm.dll+0x4012dc]  (no source info available)
V  [jvm.dll+0x3cd010]  (no source info available)
V  [jvm.dll+0x3cc49a]  (no source info available)
V  [jvm.dll+0x27a2ef]  (no source info available)
V  [jvm.dll+0x279591]  (no source info available)
V  [jvm.dll+0x1f30fa]  (no source info available)
V  [jvm.dll+0x288d95]  (no source info available)
V  [jvm.dll+0x28702a]  (no source info available)
V  [jvm.dll+0x43e016]  (no source info available)
V  [jvm.dll+0x920c78]  (no source info available)
V  [jvm.dll+0x73fab5]  (no source info available)
C  [ucrtbase.dll+0x21bb2]  (no source info available)
C  [KERNEL32.DLL+0x17374]  (no source info available)
C  [ntdll.dll+0x4cc91]  (no source info available)

Lock stack of current Java thread (top to bottom):


---------------  P R O C E S S  ---------------

Threads class SMR info:
_java_thread_list=0x000001d8c4983b80, length=11, elements={
0x000001d8e771e190, 0x000001d8c4125330, 0x000001d8c4125c70, 0x000001d8c4126830,
0x000001d8c4128f80, 0x000001d8c412d6d0, 0x000001d8c4133e40, 0x000001d8c4137d70,
0x000001d8c4138500, 0x000001d8c428bd80, 0x000001d8c428e210
}

Java Threads: ( => current thread )
  0x000001d8e771e190 JavaThread "main"                              [_thread_in_vm, id=9684, stack(0x000000751bd00000,0x000000751be00000) (1024K)]
  0x000001d8c4125330 JavaThread "Reference Handler"          daemon [_thread_blocked, id=6360, stack(0x000000751c500000,0x000000751c600000) (1024K)]
  0x000001d8c4125c70 JavaThread "Finalizer"                  daemon [_thread_blocked, id=7872, stack(0x000000751c600000,0x000000751c700000) (1024K)]
  0x000001d8c4126830 JavaThread "Signal Dispatcher"          daemon [_thread_blocked, id=10620, stack(0x000000751c700000,0x000000751c800000) (1024K)]
  0x000001d8c4128f80 JavaThread "Attach Listener"            daemon [_thread_blocked, id=5228, stack(0x000000751c800000,0x000000751c900000) (1024K)]
  0x000001d8c412d6d0 JavaThread "Service Thread"             daemon [_thread_blocked, id=10468, stack(0x000000751c900000,0x000000751ca00000) (1024K)]
  0x000001d8c4133e40 JavaThread "Monitor Deflation Thread"   daemon [_thread_blocked, id=68, stack(0x000000751ca00000,0x000000751cb00000) (1024K)]
=>0x000001d8c4137d70 JavaThread "C2 CompilerThread0"         daemon [_thread_in_native, id=3804, stack(0x000000751cb00000,0x000000751cc00000) (1024K)]
  0x000001d8c4138500 JavaThread "C1 CompilerThread0"         daemon [_thread_in_native, id=456, stack(0x000000751cc00000,0x000000751cd00000) (1024K)]
  0x000001d8c428bd80 JavaThread "Notification Thread"        daemon [_thread_blocked, id=6504, stack(0x000000751cd00000,0x000000751ce00000) (1024K)]
  0x000001d8c428e210 JavaThread "Common-Cleaner"             daemon [_thread_blocked, id=3972, stack(0x000000751ce00000,0x000000751cf00000) (1024K)]
Total: 11

Other Threads:
  0x000001d8e77e0ee0 VMThread "VM Thread"                           [id=10236, stack(0x000000751c400000,0x000000751c500000) (1024K)]
  0x000001d8c411ca10 WatcherThread "VM Periodic Task Thread"        [id=2912, stack(0x000000751c300000,0x000000751c400000) (1024K)]
  0x000001d8e7759570 WorkerThread "GC Thread#0"                     [id=10792, stack(0x000000751be00000,0x000000751bf00000) (1024K)]
  0x000001d8c9272760 WorkerThread "GC Thread#1"                     [id=6752, stack(0x000000751cf00000,0x000000751d000000) (1024K)]
  0x000001d8c9177470 WorkerThread "GC Thread#2"                     [id=2628, stack(0x000000751d000000,0x000000751d100000) (1024K)]
  0x000001d8c9177820 WorkerThread "GC Thread#3"                     [id=2800, stack(0x000000751d100000,0x000000751d200000) (1024K)]
  0x000001d8e7764290 ConcurrentGCThread "G1 Main Marker"            [id=6676, stack(0x000000751bf00000,0x000000751c000000) (1024K)]
  0x000001d8e7764da0 WorkerThread "G1 Conc#0"                       [id=11060, stack(0x000000751c000000,0x000000751c100000) (1024K)]
  0x000001d8e77c0240 ConcurrentGCThread "G1 Refine#0"               [id=1940, stack(0x000000751c100000,0x000000751c200000) (1024K)]
  0x000001d8e77c29e0 ConcurrentGCThread "G1 Service"                [id=9496, stack(0x000000751c200000,0x000000751c300000) (1024K)]
Total: 10

Threads with active compile tasks:
C2 CompilerThread0  7053 4609       4       org.codehaus.plexus.util.xml.pull.MXParser::parseStartTag (1205 bytes)
C1 CompilerThread0  7053 5046       2       java.util.regex.Pattern::split (325 bytes)
Total: 2

VM state: not at safepoint (normal execution)

VM Mutex/Monitor currently owned by a thread: None

Heap address: 0x00000000c1e00000, size: 994 MB, Compressed Oops mode: 32-bit

CDS archive(s) mapped at: [0x000001d883000000-0x000001d883d40000-0x000001d883d40000), size 13893632, SharedBaseAddress: 0x000001d883000000, ArchiveRelocationMode: 1.
Compressed class space mapped at: 0x000001d884000000-0x000001d8c4000000, reserved size: 1073741824
UseCompressedClassPointers 1, UseCompactObjectHeaders 0
Narrow klass pointer bits 32, Max shift 3
Narrow klass base: 0x000001d883000000, Narrow klass shift: 0
Encoding Range: [0x000001d883000000 - 0x000001d983000000), (4294967296 bytes)
Klass Range:    [0x000001d883000000 - 0x000001d8c4000000), (1090519040 bytes)
Klass ID Range:  [8 - 1090519033) (1090519025)

GC Precious Log:
 CardTable entry size: 512
 Card Set container configuration: InlinePtr #cards 5 size 8 Array Of Cards #cards 10 size 36 Howl #buckets 4 coarsen threshold 1843 Howl Bitmap #cards 512 size 80 coarsen threshold 460 Card regions per heap region 1 cards per card region 2048
 CPUs: 4 total, 4 available
 Memory: 3970M
 Large Page Support: Disabled
 NUMA Support: Disabled
 Compressed Oops: Enabled (32-bit)
 Heap Region Size: 1M
 Heap Min Capacity: 8M
 Heap Initial Capacity: 64M
 Heap Max Capacity: 994M
 Pre-touch: Disabled
 Parallel Workers: 4
 Concurrent Workers: 1
 Concurrent Refinement Workers: 4
 Periodic GC: Disabled

Heap:
 garbage-first heap   total reserved 1017856K, committed 81920K, used 19947K [0x00000000c1e00000, 0x0000000100000000)
  region size 1024K, 7 young (7168K), 4 survivors (4096K)
 Metaspace       used 18974K, committed 19328K, reserved 1114112K
  class space    used 1819K, committed 1984K, reserved 1048576K

Heap Regions: E=young(eden), S=young(survivor), O=old, HS=humongous(starts), HC=humongous(continues), CS=collection set, F=free, TAMS=top-at-mark-start, PB=parsable bottom
|   0|0x00000000c1e00000, 0x00000000c1f00000, 0x00000000c1f00000|100%| O|  |TAMS 0x00000000c1e00000| PB 0x00000000c1e00000| Untracked |  0
|   1|0x00000000c1f00000, 0x00000000c2000000, 0x00000000c2000000|100%| O|  |TAMS 0x00000000c1f00000| PB 0x00000000c1f00000| Untracked |  0
|   2|0x00000000c2000000, 0x00000000c2100000, 0x00000000c2100000|100%| O|  |TAMS 0x00000000c2000000| PB 0x00000000c2000000| Untracked |  0
|   3|0x00000000c2100000, 0x00000000c2200000, 0x00000000c2200000|100%| O|  |TAMS 0x00000000c2100000| PB 0x00000000c2100000| Untracked |  0
|   4|0x00000000c2200000, 0x00000000c2300000, 0x00000000c2300000|100%| O|  |TAMS 0x00000000c2200000| PB 0x00000000c2200000| Untracked |  0
|   5|0x00000000c2300000, 0x00000000c2400000, 0x00000000c2400000|100%| O|  |TAMS 0x00000000c2300000| PB 0x00000000c2300000| Untracked |  0
|   6|0x00000000c2400000, 0x00000000c2500000, 0x00000000c2500000|100%| O|  |TAMS 0x00000000c2400000| PB 0x00000000c2400000| Untracked |  0
|   7|0x00000000c2500000, 0x00000000c2600000, 0x00000000c2600000|100%| O|  |TAMS 0x00000000c2500000| PB 0x00000000c2500000| Untracked |  0
|   8|0x00000000c2600000, 0x00000000c2700000, 0x00000000c2700000|100%| O|  |TAMS 0x00000000c2600000| PB 0x00000000c2600000| Untracked |  0
|   9|0x00000000c2700000, 0x00000000c2800000, 0x00000000c2800000|100%| O|  |TAMS 0x00000000c2700000| PB 0x00000000c2700000| Untracked |  0
|  10|0x00000000c2800000, 0x00000000c2900000, 0x00000000c2900000|100%| O|  |TAMS 0x00000000c2800000| PB 0x00000000c2800000| Untracked |  0
|  11|0x00000000c2900000, 0x00000000c2a00000, 0x00000000c2a00000|100%| O|  |TAMS 0x00000000c2900000| PB 0x00000000c2900000| Untracked |  0
|  12|0x00000000c2a00000, 0x00000000c2ac2490, 0x00000000c2b00000| 75%| O|  |TAMS 0x00000000c2a00000| PB 0x00000000c2a00000| Untracked |  0
|  13|0x00000000c2b00000, 0x00000000c2b00000, 0x00000000c2c00000|  0%| F|  |TAMS 0x00000000c2b00000| PB 0x00000000c2b00000| Untracked |  0
|  14|0x00000000c2c00000, 0x00000000c2c00000, 0x00000000c2d00000|  0%| F|  |TAMS 0x00000000c2c00000| PB 0x00000000c2c00000| Untracked |  0
|  15|0x00000000c2d00000, 0x00000000c2d00000, 0x00000000c2e00000|  0%| F|  |TAMS 0x00000000c2d00000| PB 0x00000000c2d00000| Untracked |  0
|  16|0x00000000c2e00000, 0x00000000c2e00000, 0x00000000c2f00000|  0%| F|  |TAMS 0x00000000c2e00000| PB 0x00000000c2e00000| Untracked |  0
|  17|0x00000000c2f00000, 0x00000000c2f00000, 0x00000000c3000000|  0%| F|  |TAMS 0x00000000c2f00000| PB 0x00000000c2f00000| Untracked |  0
|  18|0x00000000c3000000, 0x00000000c3000000, 0x00000000c3100000|  0%| F|  |TAMS 0x00000000c3000000| PB 0x00000000c3000000| Untracked |  0
|  19|0x00000000c3100000, 0x00000000c3100000, 0x00000000c3200000|  0%| F|  |TAMS 0x00000000c3100000| PB 0x00000000c3100000| Untracked |  0
|  20|0x00000000c3200000, 0x00000000c3200000, 0x00000000c3300000|  0%| F|  |TAMS 0x00000000c3200000| PB 0x00000000c3200000| Untracked |  0
|  21|0x00000000c3300000, 0x00000000c3300000, 0x00000000c3400000|  0%| F|  |TAMS 0x00000000c3300000| PB 0x00000000c3300000| Untracked |  0
|  22|0x00000000c3400000, 0x00000000c3400000, 0x00000000c3500000|  0%| F|  |TAMS 0x00000000c3400000| PB 0x00000000c3400000| Untracked |  0
|  23|0x00000000c3500000, 0x00000000c3500000, 0x00000000c3600000|  0%| F|  |TAMS 0x00000000c3500000| PB 0x00000000c3500000| Untracked |  0
|  24|0x00000000c3600000, 0x00000000c3600000, 0x00000000c3700000|  0%| F|  |TAMS 0x00000000c3600000| PB 0x00000000c3600000| Untracked |  0
|  25|0x00000000c3700000, 0x00000000c379c480, 0x00000000c3800000| 61%| S|CS|TAMS 0x00000000c3700000| PB 0x00000000c3700000| Complete |  0
|  26|0x00000000c3800000, 0x00000000c3900000, 0x00000000c3900000|100%| S|CS|TAMS 0x00000000c3800000| PB 0x00000000c3800000| Complete |  0
|  27|0x00000000c3900000, 0x00000000c3a00000, 0x00000000c3a00000|100%| S|CS|TAMS 0x00000000c3900000| PB 0x00000000c3900000| Complete |  0
|  28|0x00000000c3a00000, 0x00000000c3b00000, 0x00000000c3b00000|100%| S|CS|TAMS 0x00000000c3a00000| PB 0x00000000c3a00000| Complete |  0
|  29|0x00000000c3b00000, 0x00000000c3b00000, 0x00000000c3c00000|  0%| F|  |TAMS 0x00000000c3b00000| PB 0x00000000c3b00000| Untracked |  0
|  30|0x00000000c3c00000, 0x00000000c3c00000, 0x00000000c3d00000|  0%| F|  |TAMS 0x00000000c3c00000| PB 0x00000000c3c00000| Untracked |  0
|  31|0x00000000c3d00000, 0x00000000c3d00000, 0x00000000c3e00000|  0%| F|  |TAMS 0x00000000c3d00000| PB 0x00000000c3d00000| Untracked |  0
|  32|0x00000000c3e00000, 0x00000000c3e00000, 0x00000000c3f00000|  0%| F|  |TAMS 0x00000000c3e00000| PB 0x00000000c3e00000| Untracked |  0
|  33|0x00000000c3f00000, 0x00000000c3f00000, 0x00000000c4000000|  0%| F|  |TAMS 0x00000000c3f00000| PB 0x00000000c3f00000| Untracked |  0
|  34|0x00000000c4000000, 0x00000000c4000000, 0x00000000c4100000|  0%| F|  |TAMS 0x00000000c4000000| PB 0x00000000c4000000| Untracked |  0
|  35|0x00000000c4100000, 0x00000000c4100000, 0x00000000c4200000|  0%| F|  |TAMS 0x00000000c4100000| PB 0x00000000c4100000| Untracked |  0
|  36|0x00000000c4200000, 0x00000000c4200000, 0x00000000c4300000|  0%| F|  |TAMS 0x00000000c4200000| PB 0x00000000c4200000| Untracked |  0
|  37|0x00000000c4300000, 0x00000000c4300000, 0x00000000c4400000|  0%| F|  |TAMS 0x00000000c4300000| PB 0x00000000c4300000| Untracked |  0
|  38|0x00000000c4400000, 0x00000000c4400000, 0x00000000c4500000|  0%| F|  |TAMS 0x00000000c4400000| PB 0x00000000c4400000| Untracked |  0
|  39|0x00000000c4500000, 0x00000000c4500000, 0x00000000c4600000|  0%| F|  |TAMS 0x00000000c4500000| PB 0x00000000c4500000| Untracked |  0
|  40|0x00000000c4600000, 0x00000000c4600000, 0x00000000c4700000|  0%| F|  |TAMS 0x00000000c4600000| PB 0x00000000c4600000| Untracked |  0
|  41|0x00000000c4700000, 0x00000000c4700000, 0x00000000c4800000|  0%| F|  |TAMS 0x00000000c4700000| PB 0x00000000c4700000| Untracked |  0
|  42|0x00000000c4800000, 0x00000000c4800000, 0x00000000c4900000|  0%| F|  |TAMS 0x00000000c4800000| PB 0x00000000c4800000| Untracked |  0
|  43|0x00000000c4900000, 0x00000000c4900000, 0x00000000c4a00000|  0%| F|  |TAMS 0x00000000c4900000| PB 0x00000000c4900000| Untracked |  0
|  44|0x00000000c4a00000, 0x00000000c4a00000, 0x00000000c4b00000|  0%| F|  |TAMS 0x00000000c4a00000| PB 0x00000000c4a00000| Untracked |  0
|  45|0x00000000c4b00000, 0x00000000c4b00000, 0x00000000c4c00000|  0%| F|  |TAMS 0x00000000c4b00000| PB 0x00000000c4b00000| Untracked |  0
|  46|0x00000000c4c00000, 0x00000000c4c00000, 0x00000000c4d00000|  0%| F|  |TAMS 0x00000000c4c00000| PB 0x00000000c4c00000| Untracked |  0
|  47|0x00000000c4d00000, 0x00000000c4d00000, 0x00000000c4e00000|  0%| F|  |TAMS 0x00000000c4d00000| PB 0x00000000c4d00000| Untracked |  0
|  48|0x00000000c4e00000, 0x00000000c4e00000, 0x00000000c4f00000|  0%| F|  |TAMS 0x00000000c4e00000| PB 0x00000000c4e00000| Untracked |  0
|  49|0x00000000c4f00000, 0x00000000c4f00000, 0x00000000c5000000|  0%| F|  |TAMS 0x00000000c4f00000| PB 0x00000000c4f00000| Untracked |  0
|  50|0x00000000c5000000, 0x00000000c5000000, 0x00000000c5100000|  0%| F|  |TAMS 0x00000000c5000000| PB 0x00000000c5000000| Untracked |  0
|  51|0x00000000c5100000, 0x00000000c5100000, 0x00000000c5200000|  0%| F|  |TAMS 0x00000000c5100000| PB 0x00000000c5100000| Untracked |  0
|  52|0x00000000c5200000, 0x00000000c5200000, 0x00000000c5300000|  0%| F|  |TAMS 0x00000000c5200000| PB 0x00000000c5200000| Untracked |  0
|  53|0x00000000c5300000, 0x00000000c5300000, 0x00000000c5400000|  0%| F|  |TAMS 0x00000000c5300000| PB 0x00000000c5300000| Untracked |  0
|  54|0x00000000c5400000, 0x00000000c5400000, 0x00000000c5500000|  0%| F|  |TAMS 0x00000000c5400000| PB 0x00000000c5400000| Untracked |  0
|  55|0x00000000c5500000, 0x00000000c5500000, 0x00000000c5600000|  0%| F|  |TAMS 0x00000000c5500000| PB 0x00000000c5500000| Untracked |  0
|  56|0x00000000c5600000, 0x00000000c5600000, 0x00000000c5700000|  0%| F|  |TAMS 0x00000000c5600000| PB 0x00000000c5600000| Untracked |  0
|  57|0x00000000c5700000, 0x00000000c5700000, 0x00000000c5800000|  0%| F|  |TAMS 0x00000000c5700000| PB 0x00000000c5700000| Untracked |  0
|  58|0x00000000c5800000, 0x00000000c5800000, 0x00000000c5900000|  0%| F|  |TAMS 0x00000000c5800000| PB 0x00000000c5800000| Untracked |  0
|  59|0x00000000c5900000, 0x00000000c5900000, 0x00000000c5a00000|  0%| F|  |TAMS 0x00000000c5900000| PB 0x00000000c5900000| Untracked |  0
|  60|0x00000000c5a00000, 0x00000000c5a00000, 0x00000000c5b00000|  0%| F|  |TAMS 0x00000000c5a00000| PB 0x00000000c5a00000| Untracked |  0
|  61|0x00000000c5b00000, 0x00000000c5b00000, 0x00000000c5c00000|  0%| F|  |TAMS 0x00000000c5b00000| PB 0x00000000c5b00000| Untracked |  0
|  62|0x00000000c5c00000, 0x00000000c5c00000, 0x00000000c5d00000|  0%| F|  |TAMS 0x00000000c5c00000| PB 0x00000000c5c00000| Untracked |  0
|  63|0x00000000c5d00000, 0x00000000c5d00000, 0x00000000c5e00000|  0%| F|  |TAMS 0x00000000c5d00000| PB 0x00000000c5d00000| Untracked |  0
|  64|0x00000000c5e00000, 0x00000000c5e00000, 0x00000000c5f00000|  0%| F|  |TAMS 0x00000000c5e00000| PB 0x00000000c5e00000| Untracked |  0
|  65|0x00000000c5f00000, 0x00000000c5f00000, 0x00000000c6000000|  0%| F|  |TAMS 0x00000000c5f00000| PB 0x00000000c5f00000| Untracked |  0
|  66|0x00000000c6000000, 0x00000000c6000000, 0x00000000c6100000|  0%| F|  |TAMS 0x00000000c6000000| PB 0x00000000c6000000| Untracked |  0
|  67|0x00000000c6100000, 0x00000000c6100000, 0x00000000c6200000|  0%| F|  |TAMS 0x00000000c6100000| PB 0x00000000c6100000| Untracked |  0
|  68|0x00000000c6200000, 0x00000000c6200000, 0x00000000c6300000|  0%| F|  |TAMS 0x00000000c6200000| PB 0x00000000c6200000| Untracked |  0
|  69|0x00000000c6300000, 0x00000000c6300000, 0x00000000c6400000|  0%| F|  |TAMS 0x00000000c6300000| PB 0x00000000c6300000| Untracked |  0
|  70|0x00000000c6400000, 0x00000000c6400000, 0x00000000c6500000|  0%| F|  |TAMS 0x00000000c6400000| PB 0x00000000c6400000| Untracked |  0
|  71|0x00000000c6500000, 0x00000000c6500000, 0x00000000c6600000|  0%| F|  |TAMS 0x00000000c6500000| PB 0x00000000c6500000| Untracked |  0
|  72|0x00000000c6600000, 0x00000000c6600000, 0x00000000c6700000|  0%| F|  |TAMS 0x00000000c6600000| PB 0x00000000c6600000| Untracked |  0
|  73|0x00000000c6700000, 0x00000000c6700000, 0x00000000c6800000|  0%| F|  |TAMS 0x00000000c6700000| PB 0x00000000c6700000| Untracked |  0
|  74|0x00000000c6800000, 0x00000000c6800000, 0x00000000c6900000|  0%| F|  |TAMS 0x00000000c6800000| PB 0x00000000c6800000| Untracked |  0
|  75|0x00000000c6900000, 0x00000000c6984010, 0x00000000c6a00000| 51%| E|  |TAMS 0x00000000c6900000| PB 0x00000000c6900000| Complete |  0
|  76|0x00000000c6a00000, 0x00000000c6b00000, 0x00000000c6b00000|100%| E|CS|TAMS 0x00000000c6a00000| PB 0x00000000c6a00000| Complete |  0
|  77|0x00000000c6b00000, 0x00000000c6c00000, 0x00000000c6c00000|100%| E|CS|TAMS 0x00000000c6b00000| PB 0x00000000c6b00000| Complete |  0
| 992|0x00000000ffe00000, 0x00000000fff00000, 0x00000000fff00000|100%| O|  |TAMS 0x00000000ffe00000| PB 0x00000000ffe00000| Untracked |  0
| 993|0x00000000fff00000, 0x00000000fff1c318, 0x0000000100000000| 11%| O|  |TAMS 0x00000000fff00000| PB 0x00000000fff00000| Untracked |  0

Card table byte_map: [0x000001d8ff430000,0x000001d8ff630000] _byte_map_base: 0x000001d8fee21000

Marking Bits: (CMBitMap*) 0x000001d8e7759c80
 Bits: [0x000001d880000000, 0x000001d880f88000)

Polling page: 0x000001d8e6ef0000

Metaspace:

Usage:
  Non-class:     16.77 MB used.
      Class:      1.78 MB used.
       Both:     18.55 MB used.

Virtual space:
  Non-class space:       64.00 MB reserved,      16.94 MB ( 26%) committed,  1 nodes.
      Class space:        1.00 GB reserved,       1.94 MB ( <1%) committed,  1 nodes.
             Both:        1.06 GB reserved,      18.88 MB (  2%) committed. 

Chunk freelists:
   Non-Class:  14.47 MB
       Class:  14.08 MB
        Both:  28.53 MB

MaxMetaspaceSize: unlimited
CompressedClassSpaceSize: 1.00 GB
Initial GC threshold: 21.00 MB
Current GC threshold: 21.00 MB
CDS: on
 - commit_granule_bytes: 65536.
 - commit_granule_words: 8192.
 - virtual_space_node_default_size: 8388608.
 - enlarge_chunks_in_place: 1.
UseCompressedClassPointers 1, UseCompactObjectHeaders 0
Narrow klass pointer bits 32, Max shift 3
Narrow klass base: 0x000001d883000000, Narrow klass shift: 0
Encoding Range: [0x000001d883000000 - 0x000001d983000000), (4294967296 bytes)
Klass Range:    [0x000001d883000000 - 0x000001d8c4000000), (1090519040 bytes)
Klass ID Range:  [8 - 1090519033) (1090519025)


Internal statistics:

num_allocs_failed_limit: 0.
num_arena_births: 204.
num_arena_deaths: 0.
num_vsnodes_births: 2.
num_vsnodes_deaths: 0.
num_space_committed: 302.
num_space_uncommitted: 0.
num_chunks_returned_to_freelist: 0.
num_chunks_taken_from_freelist: 858.
num_chunk_merges: 0.
num_chunk_splits: 589.
num_chunks_enlarged: 474.
num_inconsistent_stats: 0.

CodeHeap 'non-profiled nmethods': size=120064Kb used=1651Kb max_used=1651Kb free=118412Kb
 bounds [0x000001d8f7cf0000, 0x000001d8f7f60000, 0x000001d8ff230000]
CodeHeap 'profiled nmethods': size=120000Kb used=8584Kb max_used=8584Kb free=111415Kb
 bounds [0x000001d8f0230000, 0x000001d8f0aa0000, 0x000001d8f7760000]
CodeHeap 'non-nmethods': size=5696Kb used=1358Kb max_used=1427Kb free=4337Kb
 bounds [0x000001d8f7760000, 0x000001d8f79d0000, 0x000001d8f7cf0000]
CodeCache: size=245760Kb, used=11593Kb, max_used=11662Kb, free=234164Kb
 total_blobs=5553, nmethods=5027, adapters=431, full_count=0
Compilation: enabled, stopped_count=0, restarted_count=0

Compilation events (20 events):
Event: 6.879 Thread 0x000001d8c4138500 4996       2       java.lang.Class::privateGetPublicMethods (224 bytes)
Event: 6.880 Thread 0x000001d8c4138500 nmethod 4996 0x000001d8f0a80488 code [0x000001d8f0a80660, 0x000001d8f0a80d88]
Event: 6.880 Thread 0x000001d8c4138500 4997       3       java.util.Hashtable::addEntry (87 bytes)
Event: 6.881 Thread 0x000001d8c4138500 nmethod 4997 0x000001d8f0a80e08 code [0x000001d8f0a80f80, 0x000001d8f0a816a8]
Event: 6.881 Thread 0x000001d8c4138500 4998       2       org.codehaus.plexus.util.introspection.MethodMap::get (14 bytes)
Event: 6.881 Thread 0x000001d8c4138500 nmethod 4998 0x000001d8f0a81708 code [0x000001d8f0a81820, 0x000001d8f0a819a0]
Event: 6.882 Thread 0x000001d8c4138500 5002       2       java.lang.reflect.Field::set (43 bytes)
Event: 6.882 Thread 0x000001d8c4138500 nmethod 5002 0x000001d8f0a81a08 code [0x000001d8f0a81b80, 0x000001d8f0a81de8]
Event: 6.882 Thread 0x000001d8c4138500 4999       2       org.codehaus.plexus.util.introspection.ClassMap::getPublicMethod (29 bytes)
Event: 6.883 Thread 0x000001d8c4138500 nmethod 4999 0x000001d8f0a81e08 code [0x000001d8f0a81f40, 0x000001d8f0a82140]
Event: 6.883 Thread 0x000001d8c4138500 5000       2       org.codehaus.plexus.util.introspection.MethodMap::add (44 bytes)
Event: 6.883 Thread 0x000001d8c4138500 nmethod 5000 0x000001d8f0a82188 code [0x000001d8f0a822e0, 0x000001d8f0a825e0]
Event: 6.883 Thread 0x000001d8c4138500 5001       2       jdk.internal.reflect.MethodHandleFieldAccessorImpl::ensureObj (30 bytes)
Event: 6.884 Thread 0x000001d8c4138500 nmethod 5001 0x000001d8f0a82688 code [0x000001d8f0a827c0, 0x000001d8f0a829e8]
Event: 6.884 Thread 0x000001d8c4138500 4995       1       org.apache.maven.plugin.MojoExecution::getMojoDescriptor (5 bytes)
Event: 6.884 Thread 0x000001d8c4138500 nmethod 4995 0x000001d8f7e8c288 code [0x000001d8f7e8c380, 0x000001d8f7e8c448]
Event: 6.887 Thread 0x000001d8c4138500 5003       2       java.lang.System::getProperty (12 bytes)
Event: 6.888 Thread 0x000001d8c4138500 nmethod 5003 0x000001d8f0a82a88 code [0x000001d8f0a82be0, 0x000001d8f0a82ec8]
Event: 6.888 Thread 0x000001d8c4138500 5004       1       java.lang.invoke.MethodHandleImpl$IntrinsicMethodHandle::getTarget (5 bytes)
Event: 6.888 Thread 0x000001d8c4138500 nmethod 5004 0x000001d8f7e8c588 code [0x000001d8f7e8c680, 0x000001d8f7e8c748]

GC Heap History (12 events):
Event: 1.650 GC heap before
{Heap before GC invocations=0 (full 0):
 garbage-first heap   total reserved 1017856K, committed 67584K, used 29808K [0x00000000c1e00000, 0x0000000100000000)
  region size 1024K, 28 young (28672K), 0 survivors (0K)
 Metaspace       used 6080K, committed 6272K, reserved 1114112K
  class space    used 541K, committed 640K, reserved 1048576K
}
Event: 1.665 GC heap after
{Heap after GC invocations=1 (full 0):
 garbage-first heap   total reserved 1017856K, committed 67584K, used 4336K [0x00000000c1e00000, 0x0000000100000000)
  region size 1024K, 4 young (4096K), 4 survivors (4096K)
 Metaspace       used 6080K, committed 6272K, reserved 1114112K
  class space    used 541K, committed 640K, reserved 1048576K
}
Event: 2.947 GC heap before
{Heap before GC invocations=1 (full 0):
 garbage-first heap   total reserved 1017856K, committed 67584K, used 31984K [0x00000000c1e00000, 0x0000000100000000)
  region size 1024K, 31 young (31744K), 4 survivors (4096K)
 Metaspace       used 10887K, committed 11072K, reserved 1114112K
  class space    used 1016K, committed 1088K, reserved 1048576K
}
Event: 2.962 GC heap after
{Heap after GC invocations=2 (full 0):
 garbage-first heap   total reserved 1017856K, committed 67584K, used 6385K [0x00000000c1e00000, 0x0000000100000000)
  region size 1024K, 2 young (2048K), 2 survivors (2048K)
 Metaspace       used 10887K, committed 11072K, reserved 1114112K
  class space    used 1016K, committed 1088K, reserved 1048576K
}
Event: 4.384 GC heap before
{Heap before GC invocations=2 (full 0):
 garbage-first heap   total reserved 1017856K, committed 67584K, used 39153K [0x00000000c1e00000, 0x0000000100000000)
  region size 1024K, 34 young (34816K), 2 survivors (2048K)
 Metaspace       used 15066K, committed 15360K, reserved 1114112K
  class space    used 1486K, committed 1600K, reserved 1048576K
}
Event: 4.404 GC heap after
{Heap after GC invocations=3 (full 0):
 garbage-first heap   total reserved 1017856K, committed 67584K, used 9997K [0x00000000c1e00000, 0x0000000100000000)
  region size 1024K, 5 young (5120K), 5 survivors (5120K)
 Metaspace       used 15066K, committed 15360K, reserved 1114112K
  class space    used 1486K, committed 1600K, reserved 1048576K
}
Event: 5.166 GC heap before
{Heap before GC invocations=3 (full 0):
 garbage-first heap   total reserved 1017856K, committed 67584K, used 42765K [0x00000000c1e00000, 0x0000000100000000)
  region size 1024K, 37 young (37888K), 5 survivors (5120K)
 Metaspace       used 15808K, committed 16064K, reserved 1114112K
  class space    used 1549K, committed 1664K, reserved 1048576K
}
Event: 5.196 GC heap after
{Heap after GC invocations=4 (full 0):
 garbage-first heap   total reserved 1017856K, committed 67584K, used 15140K [0x00000000c1e00000, 0x0000000100000000)
  region size 1024K, 5 young (5120K), 5 survivors (5120K)
 Metaspace       used 15808K, committed 16064K, reserved 1114112K
  class space    used 1549K, committed 1664K, reserved 1048576K
}
Event: 5.733 GC heap before
{Heap before GC invocations=4 (full 0):
 garbage-first heap   total reserved 1017856K, committed 67584K, used 46884K [0x00000000c1e00000, 0x0000000100000000)
  region size 1024K, 36 young (36864K), 5 survivors (5120K)
 Metaspace       used 16114K, committed 16448K, reserved 1114112K
  class space    used 1553K, committed 1728K, reserved 1048576K
}
Event: 5.745 GC heap after
{Heap after GC invocations=5 (full 0):
 garbage-first heap   total reserved 1017856K, committed 67584K, used 16076K [0x00000000c1e00000, 0x0000000100000000)
  region size 1024K, 2 young (2048K), 2 survivors (2048K)
 Metaspace       used 16114K, committed 16448K, reserved 1114112K
  class space    used 1553K, committed 1728K, reserved 1048576K
}
Event: 6.867 GC heap before
{Heap before GC invocations=5 (full 0):
 garbage-first heap   total reserved 1017856K, committed 67584K, used 49868K [0x00000000c1e00000, 0x0000000100000000)
  region size 1024K, 35 young (35840K), 2 survivors (2048K)
 Metaspace       used 18055K, committed 18368K, reserved 1114112K
  class space    used 1719K, committed 1856K, reserved 1048576K
}
Event: 6.878 GC heap after
{Heap after GC invocations=6 (full 0):
 garbage-first heap   total reserved 1017856K, committed 81920K, used 17899K [0x00000000c1e00000, 0x0000000100000000)
  region size 1024K, 4 young (4096K), 4 survivors (4096K)
 Metaspace       used 18055K, committed 18368K, reserved 1114112K
  class space    used 1719K, committed 1856K, reserved 1048576K
}

Dll operation events (8 events):
Event: 0.013 Loaded shared library C:\Program Files\Apache NetBeans\jdk\bin\java.dll
Event: 0.056 Loaded shared library C:\Program Files\Apache NetBeans\jdk\bin\jsvml.dll
Event: 0.081 Loaded shared library C:\Program Files\Apache NetBeans\jdk\bin\net.dll
Event: 0.087 Loaded shared library C:\Program Files\Apache NetBeans\jdk\bin\nio.dll
Event: 0.095 Loaded shared library C:\Program Files\Apache NetBeans\jdk\bin\zip.dll
Event: 0.416 Loaded shared library C:\Program Files\Apache NetBeans\jdk\bin\jimage.dll
Event: 0.418 Loaded shared library C:\Users\User\.m2\wrapper\dists\apache-maven-3.9.11\03d7e36a140982eea48e22c1dcac01d8862b2550b2939e09a0809bbc5182a5bc\lib\jansi-native\Windows\x86_64\jansi.dll
Event: 0.447 Loaded shared library C:\Program Files\Apache NetBeans\jdk\bin\verify.dll

Deoptimization events (20 events):
Event: 6.351 Thread 0x000001d8e771e190 DEOPT PACKING pc=0x000001d8f08a8755 sp=0x000000751bdfc740
Event: 6.351 Thread 0x000001d8e771e190 DEOPT UNPACKING pc=0x000001d8f77b5722 sp=0x000000751bdfbc78 mode 0
Event: 6.504 Thread 0x000001d8e771e190 Uncommon trap: trap_request=0xffffff4d fr.pc=0x000001d8f7e4aba0 relative=0x0000000000000600
Event: 6.504 Thread 0x000001d8e771e190 Uncommon trap: reason=unstable_if action=reinterpret pc=0x000001d8f7e4aba0 method=java.util.HashMap.putVal(ILjava/lang/Object;Ljava/lang/Object;ZZ)Ljava/lang/Object; @ 193 c2
Event: 6.504 Thread 0x000001d8e771e190 DEOPT PACKING pc=0x000001d8f7e4aba0 sp=0x000000751bdfc770
Event: 6.504 Thread 0x000001d8e771e190 DEOPT UNPACKING pc=0x000001d8f7876e82 sp=0x000000751bdfc6d0 mode 2
Event: 6.603 Thread 0x000001d8e771e190 DEOPT PACKING pc=0x000001d8f074ce8d sp=0x000000751bdfcd50
Event: 6.603 Thread 0x000001d8e771e190 DEOPT UNPACKING pc=0x000001d8f77b5722 sp=0x000000751bdfc230 mode 0
Event: 6.612 Thread 0x000001d8e771e190 DEOPT PACKING pc=0x000001d8f08a8755 sp=0x000000751bdfce90
Event: 6.612 Thread 0x000001d8e771e190 DEOPT UNPACKING pc=0x000001d8f77b5722 sp=0x000000751bdfc3c8 mode 0
Event: 6.670 Thread 0x000001d8e771e190 DEOPT PACKING pc=0x000001d8f08a8755 sp=0x000000751bdfc890
Event: 6.670 Thread 0x000001d8e771e190 DEOPT UNPACKING pc=0x000001d8f77b5722 sp=0x000000751bdfbdc8 mode 0
Event: 6.832 Thread 0x000001d8e771e190 Uncommon trap: trap_request=0xffffffc6 fr.pc=0x000001d8f7d5a97c relative=0x000000000000029c
Event: 6.832 Thread 0x000001d8e771e190 Uncommon trap: reason=bimorphic_or_optimized_type_check action=maybe_recompile pc=0x000001d8f7d5a97c method=java.nio.Buffer.<init>(IIIILjava/lang/foreign/MemorySegment;)V @ 39 c2
Event: 6.832 Thread 0x000001d8e771e190 DEOPT PACKING pc=0x000001d8f7d5a97c sp=0x000000751bdf8960
Event: 6.832 Thread 0x000001d8e771e190 DEOPT UNPACKING pc=0x000001d8f7876e82 sp=0x000000751bdf88e8 mode 2
Event: 6.833 Thread 0x000001d8e771e190 Uncommon trap: trap_request=0xffffffc6 fr.pc=0x000001d8f7d5a97c relative=0x000000000000029c
Event: 6.833 Thread 0x000001d8e771e190 Uncommon trap: reason=bimorphic_or_optimized_type_check action=maybe_recompile pc=0x000001d8f7d5a97c method=java.nio.Buffer.<init>(IIIILjava/lang/foreign/MemorySegment;)V @ 39 c2
Event: 6.833 Thread 0x000001d8e771e190 DEOPT PACKING pc=0x000001d8f7d5a97c sp=0x000000751bdf8960
Event: 6.833 Thread 0x000001d8e771e190 DEOPT UNPACKING pc=0x000001d8f7876e82 sp=0x000000751bdf88e8 mode 2

Classes loaded (20 events):
Event: 6.535 Loading class sun/nio/fs/WindowsChannelFactory$2
Event: 6.535 Loading class sun/nio/fs/WindowsChannelFactory$2 done
Event: 6.536 Loading class sun/nio/ch/ChannelOutputStream
Event: 6.536 Loading class sun/nio/ch/ChannelOutputStream done
Event: 6.539 Loading class java/io/CharArrayWriter
Event: 6.540 Loading class java/io/CharArrayWriter done
Event: 6.551 Loading class java/nio/file/attribute/PosixFileAttributes
Event: 6.551 Loading class java/nio/file/attribute/PosixFileAttributes done
Event: 6.561 Loading class java/nio/file/StandardCopyOption
Event: 6.562 Loading class java/nio/file/StandardCopyOption done
Event: 6.562 Loading class sun/nio/fs/WindowsFileCopy
Event: 6.562 Loading class sun/nio/fs/WindowsFileCopy done
Event: 6.830 Loading class java/io/FileWriter
Event: 6.830 Loading class java/io/FileWriter done
Event: 6.883 Loading class jdk/internal/reflect/MethodHandleIntegerFieldAccessorImpl
Event: 6.883 Loading class jdk/internal/reflect/MethodHandleIntegerFieldAccessorImpl done
Event: 6.889 Loading class java/util/concurrent/ConcurrentLinkedDeque
Event: 6.890 Loading class java/util/concurrent/ConcurrentLinkedDeque done
Event: 6.890 Loading class java/util/concurrent/ConcurrentLinkedDeque$Node
Event: 6.890 Loading class java/util/concurrent/ConcurrentLinkedDeque$Node done

Classes unloaded (0 events):
No events

Classes redefined (0 events):
No events

Internal exceptions (20 events):
Event: 3.923 Thread 0x000001d8e771e190 Exception <a 'java/lang/NoSuchMethodError'{0x00000000c4b75d30}: 'void java.lang.invoke.DirectMethodHandle$Holder.invokeSpecial(java.lang.Object, java.lang.Object, java.lang.Object, java.lang.Object, java.lang.Object)'> (0x00000000c4b75d30) 
thrown [s\src\hotspot\share\interpreter\linkResolver.cpp, line 805]
Event: 3.930 Thread 0x000001d8e771e190 Exception <a 'java/lang/NoSuchMethodError'{0x00000000c4baeb58}: 'void java.lang.invoke.DirectMethodHandle$Holder.invokeSpecial(java.lang.Object, java.lang.Object, java.lang.Object, java.lang.Object, java.lang.Object, java.lang.Object)'> (0x00000000c4baeb58) 
thrown [s\src\hotspot\share\interpreter\linkResolver.cpp, line 805]
Event: 3.960 Thread 0x000001d8e771e190 Exception <a 'java/lang/NoSuchMethodError'{0x00000000c4aaec70}: 'java.lang.Object java.lang.invoke.DirectMethodHandle$Holder.invokeVirtual(java.lang.Object, java.lang.Object, java.lang.Object)'> (0x00000000c4aaec70) 
thrown [s\src\hotspot\share\interpreter\linkResolver.cpp, line 805]
Event: 4.068 Thread 0x000001d8e771e190 Exception <a 'java/lang/NoSuchMethodError'{0x00000000c48c6f48}: 'void java.lang.invoke.DirectMethodHandle$Holder.invokeVirtual(java.lang.Object, java.lang.Object, int)'> (0x00000000c48c6f48) 
thrown [s\src\hotspot\share\interpreter\linkResolver.cpp, line 805]
Event: 4.069 Thread 0x000001d8e771e190 Exception <a 'java/lang/NoSuchMethodError'{0x00000000c48cf700}: 'void java.lang.invoke.DirectMethodHandle$Holder.invokeSpecial(java.lang.Object, java.lang.Object, java.lang.Object, int)'> (0x00000000c48cf700) 
thrown [s\src\hotspot\share\interpreter\linkResolver.cpp, line 805]
Event: 4.069 Thread 0x000001d8e771e190 Exception <a 'java/lang/NoSuchMethodError'{0x00000000c48d7a60}: 'void java.lang.invoke.DelegatingMethodHandle$Holder.reinvoke_L(java.lang.Object, java.lang.Object, int)'> (0x00000000c48d7a60) 
thrown [s\src\hotspot\share\interpreter\linkResolver.cpp, line 805]
Event: 6.057 Thread 0x000001d8e771e190 Exception <a 'java/lang/NoSuchMethodError'{0x00000000c565ced8}: 'java.lang.Object java.lang.invoke.DirectMethodHandle$Holder.newInvokeSpecial(java.lang.Object, java.lang.Object, java.lang.Object, java.lang.Object, java.lang.Object, java.lang.Object, java.lang.Object)'> (0x00000000c565ced8) 
thrown [s\src\hotspot\share\interpreter\linkResolver.cpp, line 805]
Event: 6.155 Thread 0x000001d8e771e190 Exception <a 'java/lang/NoSuchMethodError'{0x00000000c5320e08}: 'int java.lang.invoke.DirectMethodHandle$Holder.invokeVirtual(java.lang.Object, java.lang.Object)'> (0x00000000c5320e08) 
thrown [s\src\hotspot\share\interpreter\linkResolver.cpp, line 805]
Event: 6.210 Thread 0x000001d8e771e190 Exception <a 'java/lang/NoSuchMethodError'{0x00000000c52a0680}: 'void java.lang.invoke.Invokers$Holder.invokeExact_MT(java.lang.Object, java.lang.Object, int, java.lang.Object)'> (0x00000000c52a0680) 
thrown [s\src\hotspot\share\interpreter\linkResolver.cpp, line 805]
Event: 6.216 Thread 0x000001d8e771e190 Exception <a 'java/lang/NoSuchMethodError'{0x00000000c52d9730}: 'void java.lang.invoke.DirectMethodHandle$Holder.invokeInterface(java.lang.Object, java.lang.Object, java.lang.Object)'> (0x00000000c52d9730) 
thrown [s\src\hotspot\share\interpreter\linkResolver.cpp, line 805]
Event: 6.515 Thread 0x000001d8e771e190 Exception <a 'java/io/IOException'{0x00000000c4705ab0}> (0x00000000c4705ab0) 
thrown [s\src\hotspot\share\prims\jni.cpp, line 518]
Event: 6.560 Thread 0x000001d8e771e190 Exception <a 'java/io/IOException'{0x00000000c4615698}> (0x00000000c4615698) 
thrown [s\src\hotspot\share\prims\jni.cpp, line 518]
Event: 6.563 Thread 0x000001d8e771e190 Exception <a 'sun/nio/fs/WindowsException'{0x00000000c46169b8}> (0x00000000c46169b8) 
thrown [s\src\hotspot\share\prims\jni.cpp, line 518]
Event: 6.569 Thread 0x000001d8e771e190 Exception <a 'sun/nio/fs/WindowsException'{0x00000000c4618020}> (0x00000000c4618020) 
thrown [s\src\hotspot\share\prims\jni.cpp, line 518]
Event: 6.573 Thread 0x000001d8e771e190 Exception <a 'sun/nio/fs/WindowsException'{0x00000000c4619548}> (0x00000000c4619548) 
thrown [s\src\hotspot\share\prims\jni.cpp, line 518]
Event: 6.575 Thread 0x000001d8e771e190 Exception <a 'sun/nio/fs/WindowsException'{0x00000000c461a948}> (0x00000000c461a948) 
thrown [s\src\hotspot\share\prims\jni.cpp, line 518]
Event: 6.579 Thread 0x000001d8e771e190 Exception <a 'sun/nio/fs/WindowsException'{0x00000000c461be50}> (0x00000000c461be50) 
thrown [s\src\hotspot\share\prims\jni.cpp, line 518]
Event: 6.581 Thread 0x000001d8e771e190 Exception <a 'sun/nio/fs/WindowsException'{0x00000000c461d2e0}> (0x00000000c461d2e0) 
thrown [s\src\hotspot\share\prims\jni.cpp, line 518]
Event: 6.583 Thread 0x000001d8e771e190 Exception <a 'sun/nio/fs/WindowsException'{0x00000000c461e6e8}> (0x00000000c461e6e8) 
thrown [s\src\hotspot\share\prims\jni.cpp, line 518]
Event: 6.585 Thread 0x000001d8e771e190 Exception <a 'sun/nio/fs/WindowsException'{0x00000000c461fb10}> (0x00000000c461fb10) 
thrown [s\src\hotspot\share\prims\jni.cpp, line 518]

VM Operations (20 events):
Event: 3.406 Executing VM operation: HandshakeAllThreads (Deoptimize)
Event: 3.406 Executing VM operation: HandshakeAllThreads (Deoptimize) done
Event: 3.588 Executing VM operation: HandshakeAllThreads (Deoptimize)
Event: 3.588 Executing VM operation: HandshakeAllThreads (Deoptimize) done
Event: 3.678 Executing VM operation: HandshakeAllThreads (Deoptimize)
Event: 3.678 Executing VM operation: HandshakeAllThreads (Deoptimize) done
Event: 3.736 Executing VM operation: HandshakeAllThreads (Deoptimize)
Event: 3.736 Executing VM operation: HandshakeAllThreads (Deoptimize) done
Event: 3.806 Executing VM operation: HandshakeAllThreads (Deoptimize)
Event: 3.806 Executing VM operation: HandshakeAllThreads (Deoptimize) done
Event: 4.384 Executing VM operation: G1CollectForAllocation (G1 Evacuation Pause)
Event: 4.404 Executing VM operation: G1CollectForAllocation (G1 Evacuation Pause) done
Event: 5.166 Executing VM operation: G1CollectForAllocation (G1 Evacuation Pause)
Event: 5.196 Executing VM operation: G1CollectForAllocation (G1 Evacuation Pause) done
Event: 5.733 Executing VM operation: G1CollectForAllocation (G1 Evacuation Pause)
Event: 5.745 Executing VM operation: G1CollectForAllocation (G1 Evacuation Pause) done
Event: 6.208 Executing VM operation: HandshakeAllThreads (Deoptimize)
Event: 6.209 Executing VM operation: HandshakeAllThreads (Deoptimize) done
Event: 6.867 Executing VM operation: G1CollectForAllocation (G1 Evacuation Pause)
Event: 6.878 Executing VM operation: G1CollectForAllocation (G1 Evacuation Pause) done

Memory protections (0 events):
No events

Nmethod flushes (0 events):
No events

Events (13 events):
Event: 0.035 Thread 0x000001d8e771e190 Thread added: 0x000001d8e771e190
Event: 0.052 Thread 0x000001d8e771e190 Thread added: 0x000001d8c4125330
Event: 0.052 Thread 0x000001d8e771e190 Thread added: 0x000001d8c4125c70
Event: 0.052 Thread 0x000001d8e771e190 Thread added: 0x000001d8c4126830
Event: 0.052 Thread 0x000001d8e771e190 Thread added: 0x000001d8c4128f80
Event: 0.053 Thread 0x000001d8e771e190 Thread added: 0x000001d8c412d6d0
Event: 0.053 Thread 0x000001d8e771e190 Thread added: 0x000001d8c4133e40
Event: 0.053 Thread 0x000001d8e771e190 Thread added: 0x000001d8c4137d70
Event: 0.053 Thread 0x000001d8e771e190 Thread added: 0x000001d8c4138500
Event: 0.070 Thread 0x000001d8e771e190 Thread added: 0x000001d8c428bd80
Event: 0.076 Thread 0x000001d8e771e190 Thread added: 0x000001d8c428e210
Event: 0.412 Thread 0x000001d8e771e190 Thread added: 0x000001d8c428dac0
Event: 0.442 Thread 0x000001d8c428dac0 Thread exited: 0x000001d8c428dac0


Dynamic libraries:
0x00007ff7f7fa0000 - 0x00007ff7f7fae000 	C:\Program Files\Apache NetBeans\jdk\bin\java.exe
0x00007ff9775b0000 - 0x00007ff9777a8000 	C:\Windows\SYSTEM32\ntdll.dll
0x00007ff975750000 - 0x00007ff975812000 	C:\Windows\System32\KERNEL32.DLL
0x00007ff9750c0000 - 0x00007ff9753b6000 	C:\Windows\System32\KERNELBASE.dll
0x00007ff974c90000 - 0x00007ff974d90000 	C:\Windows\System32\ucrtbase.dll
0x00007ff956ef0000 - 0x00007ff956f06000 	C:\Program Files\Apache NetBeans\jdk\bin\jli.dll
0x00007ff95cb00000 - 0x00007ff95cb1e000 	C:\Program Files\Apache NetBeans\jdk\bin\VCRUNTIME140.dll
0x00007ff9771f0000 - 0x00007ff977391000 	C:\Windows\System32\USER32.dll
0x00007ff962210000 - 0x00007ff9624ab000 	C:\Windows\WinSxS\amd64_microsoft.windows.common-controls_6595b64144ccf1df_6.0.19041.6456_none_60b8a6cb71f64256\COMCTL32.dll
0x00007ff9755a0000 - 0x00007ff9755c2000 	C:\Windows\System32\win32u.dll
0x00007ff975bc0000 - 0x00007ff975c5e000 	C:\Windows\System32\msvcrt.dll
0x00007ff976b10000 - 0x00007ff976b3b000 	C:\Windows\System32\GDI32.dll
0x00007ff974d90000 - 0x00007ff974ea9000 	C:\Windows\System32\gdi32full.dll
0x00007ff975020000 - 0x00007ff9750bd000 	C:\Windows\System32\msvcp_win.dll
0x00007ff975b80000 - 0x00007ff975baf000 	C:\Windows\System32\IMM32.DLL
0x00007ff96f5f0000 - 0x00007ff96f5fc000 	C:\Program Files\Apache NetBeans\jdk\bin\vcruntime140_1.dll
0x00007ff9455e0000 - 0x00007ff94566d000 	C:\Program Files\Apache NetBeans\jdk\bin\msvcp140.dll
0x00007ff936040000 - 0x00007ff936ebc000 	C:\Program Files\Apache NetBeans\jdk\bin\server\jvm.dll
0x00007ff976b40000 - 0x00007ff976bf1000 	C:\Windows\System32\ADVAPI32.dll
0x00007ff9773a0000 - 0x00007ff97743f000 	C:\Windows\System32\sechost.dll
0x00007ff976210000 - 0x00007ff976330000 	C:\Windows\System32\RPCRT4.dll
0x00007ff974ff0000 - 0x00007ff975017000 	C:\Windows\System32\bcrypt.dll
0x00007ff977160000 - 0x00007ff9771cb000 	C:\Windows\System32\WS2_32.dll
0x00007ff974aa0000 - 0x00007ff974aeb000 	C:\Windows\SYSTEM32\POWRPROF.dll
0x00007ff96cd60000 - 0x00007ff96cd6a000 	C:\Windows\SYSTEM32\VERSION.dll
0x00007ff962f90000 - 0x00007ff962fb7000 	C:\Windows\SYSTEM32\WINMM.dll
0x00007ff974a80000 - 0x00007ff974a92000 	C:\Windows\SYSTEM32\UMPDC.dll
0x00007ff972ab0000 - 0x00007ff972ac2000 	C:\Windows\SYSTEM32\kernel.appcore.dll
0x00007ff96f560000 - 0x00007ff96f56a000 	C:\Program Files\Apache NetBeans\jdk\bin\jimage.dll
0x00007ff962990000 - 0x00007ff962b91000 	C:\Windows\SYSTEM32\DBGHELP.DLL
0x00007ff95fd80000 - 0x00007ff95fdb4000 	C:\Windows\SYSTEM32\dbgcore.DLL
0x00007ff974eb0000 - 0x00007ff974f32000 	C:\Windows\System32\bcryptPrimitives.dll
0x00007ff958840000 - 0x00007ff95885e000 	C:\Program Files\Apache NetBeans\jdk\bin\java.dll
0x00007ff976cc0000 - 0x00007ff976deb000 	C:\Windows\System32\ole32.dll
0x00007ff975820000 - 0x00007ff975b74000 	C:\Windows\System32\combase.dll
0x00007ff976330000 - 0x00007ff976aa0000 	C:\Windows\System32\SHELL32.dll
0x00007ff972cb0000 - 0x00007ff973455000 	C:\Windows\SYSTEM32\windows.storage.dll
0x00007ff974590000 - 0x00007ff9745bb000 	C:\Windows\SYSTEM32\Wldp.dll
0x00007ff977440000 - 0x00007ff97750d000 	C:\Windows\System32\OLEAUT32.dll
0x00007ff976c00000 - 0x00007ff976cad000 	C:\Windows\System32\SHCORE.dll
0x00007ff975c60000 - 0x00007ff975cbb000 	C:\Windows\System32\shlwapi.dll
0x00007ff974b70000 - 0x00007ff974b94000 	C:\Windows\SYSTEM32\profapi.dll
0x00007ff944140000 - 0x00007ff944217000 	C:\Program Files\Apache NetBeans\jdk\bin\jsvml.dll
0x00007ff96e900000 - 0x00007ff96e910000 	C:\Program Files\Apache NetBeans\jdk\bin\net.dll
0x00007ff9742f0000 - 0x00007ff97435a000 	C:\Windows\system32\mswsock.dll
0x00007ff953590000 - 0x00007ff9535a6000 	C:\Program Files\Apache NetBeans\jdk\bin\nio.dll
0x00007ff953700000 - 0x00007ff953717000 	C:\Program Files\Apache NetBeans\jdk\bin\zip.dll
0x00007ff95fe90000 - 0x00007ff95feb4000 	C:\Users\User\.m2\wrapper\dists\apache-maven-3.9.11\03d7e36a140982eea48e22c1dcac01d8862b2550b2939e09a0809bbc5182a5bc\lib\jansi-native\Windows\x86_64\jansi.dll
0x00007ff96e100000 - 0x00007ff96e110000 	C:\Program Files\Apache NetBeans\jdk\bin\verify.dll
0x00007ff973e60000 - 0x00007ff973e93000 	C:\Windows\SYSTEM32\ntmarta.dll

JVMTI agents: none

dbghelp: loaded successfully - version: 4.0.5 - missing functions: none
symbol engine: initialized successfully - sym options: 0x614 - pdb path: .;C:\Program Files\Apache NetBeans\jdk\bin;C:\Windows\SYSTEM32;C:\Windows\WinSxS\amd64_microsoft.windows.common-controls_6595b64144ccf1df_6.0.19041.6456_none_60b8a6cb71f64256;C:\Program Files\Apache NetBeans\jdk\bin\server;C:\Users\User\.m2\wrapper\dists\apache-maven-3.9.11\03d7e36a140982eea48e22c1dcac01d8862b2550b2939e09a0809bbc5182a5bc\lib\jansi-native\Windows\x86_64

VM Arguments:
jvm_args: --enable-native-access=ALL-UNNAMED -Dclassworlds.conf=C:\Users\User\.m2\wrapper\dists\apache-maven-3.9.11\03d7e36a140982eea48e22c1dcac01d8862b2550b2939e09a0809bbc5182a5bc\bin\m2.conf -Dmaven.home=C:\Users\User\.m2\wrapper\dists\apache-maven-3.9.11\03d7e36a140982eea48e22c1dcac01d8862b2550b2939e09a0809bbc5182a5bc -Dlibrary.jansi.path=C:\Users\User\.m2\wrapper\dists\apache-maven-3.9.11\03d7e36a140982eea48e22c1dcac01d8862b2550b2939e09a0809bbc5182a5bc\lib\jansi-native -Dmaven.multiModuleProjectDirectory=C:\Users\User\Documents\NetBeansProjects\hospital-vida-nova 
java_command: org.codehaus.plexus.classworlds.launcher.Launcher -Dmaven.ext.class.path=C:\Program Files\Apache NetBeans\java\maven-nblib\netbeans-eventspy.jar --no-transfer-progress clean install
java_class_path (initial): C:\Users\User\.m2\wrapper\dists\apache-maven-3.9.11\03d7e36a140982eea48e22c1dcac01d8862b2550b2939e09a0809bbc5182a5bc\boot\plexus-classworlds-2.9.0.jar
Launcher Type: SUN_STANDARD

[Global flags]
     intx CICompilerCount                          = 3                                         {product} {ergonomic}
     uint ConcGCThreads                            = 1                                         {product} {ergonomic}
     uint G1ConcRefinementThreads                  = 4                                         {product} {ergonomic}
   size_t G1HeapRegionSize                         = 1048576                                   {product} {ergonomic}
   size_t InitialHeapSize                          = 67108864                                  {product} {ergonomic}
   size_t MarkStackSize                            = 4194304                                   {product} {ergonomic}
   size_t MarkStackSizeMax                         = 536870912                                 {product} {ergonomic}
   size_t MaxHeapSize                              = 1042284544                                {product} {ergonomic}
   size_t MaxNewSize                               = 624951296                                 {product} {ergonomic}
   size_t MinHeapDeltaBytes                        = 1048576                                   {product} {ergonomic}
   size_t MinHeapSize                              = 8388608                                   {product} {ergonomic}
    uintx NonNMethodCodeHeapSize                   = 5832704                                {pd product} {ergonomic}
    uintx NonProfiledCodeHeapSize                  = 122945536                              {pd product} {ergonomic}
    uintx ProfiledCodeHeapSize                     = 122880000                              {pd product} {ergonomic}
    uintx ReservedCodeCacheSize                    = 251658240                              {pd product} {ergonomic}
     bool SegmentedCodeCache                       = true                                      {product} {ergonomic}
   size_t SoftMaxHeapSize                          = 1042284544                             {manageable} {ergonomic}
     bool UseCompressedOops                        = true                           {product lp64_product} {ergonomic}
     bool UseG1GC                                  = true                                      {product} {ergonomic}
     bool UseLargePagesIndividualAllocation        = false                                  {pd product} {ergonomic}

Logging:
Log output configuration:
 #0: stdout all=warning uptime,level,tags foldmultilines=false
 #1: stderr all=off uptime,level,tags foldmultilines=false

Environment Variables:
JAVA_HOME=C:\Program Files\Apache NetBeans\jdk
PATH=C:\Program Files\Java\jdk-21.0.6\bin;C:\Program Files\Common Files\Oracle\Java\javapath;C:\Program Files (x86)\Common Files\Oracle\Java\java8path;C:\Program Files (x86)\Common Files\Oracle\Java\javapath;C:\Windows\system32;C:\Windows;C:\Windows\System32\Wbem;C:\Windows\System32\WindowsPowerShell\v1.0\;C:\Windows\System32\OpenSSH\;C:\Program Files\dotnet\;C:\Program Files\Git\cmd;C:\Program Files\Cloudflare\Cloudflare WARP\;C:\Program Files\MySQL\MySQL Shell 8.0\bin\;C:\Users\User\AppData\Local\Programs\Python\Python313\Scripts\;C:\Users\User\AppData\Local\Programs\Python\Python313\;C:\Users\User\AppData\Local\Microsoft\WindowsApps;C:\Users\User\AppData\Local\Programs\Microsoft VS Code\bin
USERNAME=User
OS=Windows_NT
PROCESSOR_IDENTIFIER=Intel64 Family 6 Model 78 Stepping 3, GenuineIntel
TMP=C:\Users\User\AppData\Local\Temp
TEMP=C:\Users\User\AppData\Local\Temp




Periodic native trim disabled

---------------  S Y S T E M  ---------------

OS:
 Windows 10 , 64 bit Build 19041 (10.0.19041.5915)
OS uptime: 0 days 7:04 hours

CPU: total 4 (initial active 4) (2 cores per cpu, 2 threads per core) family 6 model 78 stepping 3 microcode 0xcc, cx8, cmov, fxsr, ht, mmx, 3dnowpref, sse, sse2, sse3, ssse3, sse4.1, sse4.2, popcnt, lzcnt, tsc, tscinvbit, avx, avx2, aes, erms, clmul, bmi1, bmi2, adx, fma, vzeroupper, clflush, clflushopt, rdtscp, f16c
Processor Information for the first 4 processors :
  Max Mhz: 1992, Current Mhz: 1992, Mhz Limit: 1992

Memory: 4k page, system-wide physical 3970M (342M free)
TotalPageFile size 16258M (AvailPageFile size 3M)
current process WorkingSet (physical memory assigned to process): 154M, peak: 154M
current process commit charge ("private bytes"): 209M, peak: 209M

vm_info: OpenJDK 64-Bit Server VM (24.0.2+12) for windows-amd64 JRE (24.0.2+12) (Zulu24.32+13-CA), built on 2025-07-11T12:45:44Z with MS VC++ 17.1 (VS2022)

END.
