#
# There is insufficient memory for the Java Runtime Environment to continue.
# Native memory allocation (mmap) failed to map 14680064 bytes. Error detail: G1 virtual space
# Possible reasons:
#   The system is out of physical RAM or swap space
#   This process is running with CompressedOops enabled, and the Java Heap may be blocking the growth of the native heap
# Possible solutions:
#   Reduce memory load on the system
#   Increase physical memory or swap space
#   Check if swap backing store is full
#   Decrease Java heap size (-Xmx/-Xms)
#   Decrease number of Java threads
#   Decrease Java thread stack sizes (-Xss)
#   Set larger code cache with -XX:ReservedCodeCacheSize=
#   JVM is running with Unscaled Compressed Oops mode in which the Java heap is
#     placed in the first 4GB address space. The Java Heap base address is the
#     maximum limit for the native heap growth. Please use -XX:HeapBaseMinAddress
#     to set the Java Heap base and to place the Java Heap above 4GB virtual address.
# This output file may be truncated or incomplete.
#
#  Out of Memory Error (os_windows.cpp:3564), pid=5916, tid=3780
#
# JRE version: OpenJDK Runtime Environment Zulu24.32+13-CA (24.0.2+12) (build 24.0.2+12)
# Java VM: OpenJDK 64-Bit Server VM Zulu24.32+13-CA (24.0.2+12, mixed mode, sharing, tiered, compressed oops, compressed class ptrs, g1 gc, windows-amd64)
# No core dump will be written. Minidumps are not enabled by default on client versions of Windows
#

---------------  S U M M A R Y ------------

Command Line: --enable-native-access=ALL-UNNAMED -Dclassworlds.conf=C:\Users\User\.m2\wrapper\dists\apache-maven-3.9.11\03d7e36a140982eea48e22c1dcac01d8862b2550b2939e09a0809bbc5182a5bc\bin\m2.conf -Dmaven.home=C:\Users\User\.m2\wrapper\dists\apache-maven-3.9.11\03d7e36a140982eea48e22c1dcac01d8862b2550b2939e09a0809bbc5182a5bc -Dlibrary.jansi.path=C:\Users\User\.m2\wrapper\dists\apache-maven-3.9.11\03d7e36a140982eea48e22c1dcac01d8862b2550b2939e09a0809bbc5182a5bc\lib\jansi-native -Dmaven.multiModuleProjectDirectory=C:\Users\User\Documents\NetBeansProjects\hospital-vida-nova org.codehaus.plexus.classworlds.launcher.Launcher -Dmaven.ext.class.path=C:\Program Files\Apache NetBeans\java\maven-nblib\netbeans-eventspy.jar --no-transfer-progress clean install

Host: Intel(R) Core(TM) i3-6006U CPU @ 2.00GHz, 4 cores, 3G,  Windows 10 , 64 bit Build 19041 (10.0.19041.5915)
Time: Thu Dec 11 23:25:15 2025 Hora oficial do Brasil elapsed time: 7.032777 seconds (0d 0h 0m 7s)

---------------  T H R E A D  ---------------

Current thread (0x000001f70c1d0050):  VMThread "VM Thread"          [id=3780, stack(0x000000e6f1a00000,0x000000e6f1b00000) (1024K)]

Stack: [0x000000e6f1a00000,0x000000e6f1b00000]
Native frames: (J=compiled Java code, j=interpreted, Vv=VM code, C=native code)
V  [jvm.dll+0x741329]  (no source info available)
V  [jvm.dll+0x97e243]  (no source info available)
V  [jvm.dll+0x98056d]  (no source info available)
V  [jvm.dll+0x980be3]  (no source info available)
V  [jvm.dll+0x2b5a76]  (no source info available)
V  [jvm.dll+0x73d795]  (no source info available)
V  [jvm.dll+0x730f4a]  (no source info available)
V  [jvm.dll+0x39ea2a]  (no source info available)
V  [jvm.dll+0x3a67a6]  (no source info available)
V  [jvm.dll+0x392fbe]  (no source info available)
V  [jvm.dll+0x393278]  (no source info available)
V  [jvm.dll+0x36a09c]  (no source info available)
V  [jvm.dll+0x36a12a]  (no source info available)
V  [jvm.dll+0x3b7bbd]  (no source info available)
V  [jvm.dll+0x3b6131]  (no source info available)
V  [jvm.dll+0x369867]  (no source info available)
V  [jvm.dll+0x3b58d4]  (no source info available)
V  [jvm.dll+0x986dea]  (no source info available)
V  [jvm.dll+0x98812c]  (no source info available)
V  [jvm.dll+0x988698]  (no source info available)
V  [jvm.dll+0x988933]  (no source info available)
V  [jvm.dll+0x920c78]  (no source info available)
V  [jvm.dll+0x73fab5]  (no source info available)
C  [ucrtbase.dll+0x21bb2]  (no source info available)
C  [KERNEL32.DLL+0x17374]  (no source info available)
C  [ntdll.dll+0x4cc91]  (no source info available)

VM_Operation (0x000000e6f13f7640): G1CollectForAllocation, mode: safepoint, requested by thread 0x000001f709ec2f90


---------------  P R O C E S S  ---------------

Threads class SMR info:
_java_thread_list=0x000001f76d7055c0, length=12, elements={
0x000001f709ec2f90, 0x000001f7273fe340, 0x000001f7273fff80, 0x000001f727402010,
0x000001f727404b50, 0x000001f727407690, 0x000001f7274101d0, 0x000001f72741fbf0,
0x000001f7274423a0, 0x000001f72759f6f0, 0x000001f7275a0640, 0x000001f76d7544d0
}

Java Threads: ( => current thread )
  0x000001f709ec2f90 JavaThread "main"                              [_thread_blocked, id=428, stack(0x000000e6f1300000,0x000000e6f1400000) (1024K)]
  0x000001f7273fe340 JavaThread "Reference Handler"          daemon [_thread_blocked, id=10496, stack(0x000000e6f1b00000,0x000000e6f1c00000) (1024K)]
  0x000001f7273fff80 JavaThread "Finalizer"                  daemon [_thread_blocked, id=5360, stack(0x000000e6f1c00000,0x000000e6f1d00000) (1024K)]
  0x000001f727402010 JavaThread "Signal Dispatcher"          daemon [_thread_blocked, id=7196, stack(0x000000e6f1d00000,0x000000e6f1e00000) (1024K)]
  0x000001f727404b50 JavaThread "Attach Listener"            daemon [_thread_blocked, id=1288, stack(0x000000e6f1e00000,0x000000e6f1f00000) (1024K)]
  0x000001f727407690 JavaThread "Service Thread"             daemon [_thread_blocked, id=8580, stack(0x000000e6f1f00000,0x000000e6f2000000) (1024K)]
  0x000001f7274101d0 JavaThread "Monitor Deflation Thread"   daemon [_thread_blocked, id=7924, stack(0x000000e6f2000000,0x000000e6f2100000) (1024K)]
  0x000001f72741fbf0 JavaThread "C2 CompilerThread0"         daemon [_thread_blocked, id=4012, stack(0x000000e6f2100000,0x000000e6f2200000) (1024K)]
  0x000001f7274423a0 JavaThread "C1 CompilerThread0"         daemon [_thread_blocked, id=4796, stack(0x000000e6f2200000,0x000000e6f2300000) (1024K)]
  0x000001f72759f6f0 JavaThread "Notification Thread"        daemon [_thread_blocked, id=10024, stack(0x000000e6f2300000,0x000000e6f2400000) (1024K)]
  0x000001f7275a0640 JavaThread "Common-Cleaner"             daemon [_thread_blocked, id=1820, stack(0x000000e6f2400000,0x000000e6f2500000) (1024K)]
  0x000001f76d7544d0 JavaThread "C2 CompilerThread1"         daemon [_thread_in_native, id=9824, stack(0x000000e6f2500000,0x000000e6f2600000) (1024K)]
Total: 12

Other Threads:
=>0x000001f70c1d0050 VMThread "VM Thread"                           [id=3780, stack(0x000000e6f1a00000,0x000000e6f1b00000) (1024K)]
  0x000001f70c1c3b80 WatcherThread "VM Periodic Task Thread"        [id=328, stack(0x000000e6f1900000,0x000000e6f1a00000) (1024K)]
  0x000001f70c1476a0 WorkerThread "GC Thread#0"                     [id=10536, stack(0x000000e6f1400000,0x000000e6f1500000) (1024K)]
  0x000001f76d9ebe80 WorkerThread "GC Thread#1"                     [id=6736, stack(0x000000e6f2600000,0x000000e6f2700000) (1024K)]
  0x000001f76db4ba20 WorkerThread "GC Thread#2"                     [id=5816, stack(0x000000e6f2700000,0x000000e6f2800000) (1024K)]
  0x000001f76d8abb30 WorkerThread "GC Thread#3"                     [id=10320, stack(0x000000e6f2800000,0x000000e6f2900000) (1024K)]
  0x000001f70c152240 ConcurrentGCThread "G1 Main Marker"            [id=9944, stack(0x000000e6f1500000,0x000000e6f1600000) (1024K)]
  0x000001f70c152ed0 WorkerThread "G1 Conc#0"                       [id=5452, stack(0x000000e6f1600000,0x000000e6f1700000) (1024K)]
  0x000001f70c1b6610 ConcurrentGCThread "G1 Refine#0"               [id=10292, stack(0x000000e6f1700000,0x000000e6f1800000) (1024K)]
  0x000001f70c1b8040 ConcurrentGCThread "G1 Service"                [id=11048, stack(0x000000e6f1800000,0x000000e6f1900000) (1024K)]
Total: 10

Threads with active compile tasks:
C2 CompilerThread0  7186 4977       4       org.codehaus.plexus.util.xml.Xpp3DomBuilder::build (413 bytes)
C2 CompilerThread1  7186 4903       4       java.lang.invoke.MethodType::makeImpl (155 bytes)
Total: 2

VM state: at safepoint (normal execution)

VM Mutex/Monitor currently owned by a thread:  ([mutex/lock_event])
[0x00007ff936dd5048] Threads_lock - owner thread: 0x000001f70c1d0050
[0x00007ff936dd5148] Heap_lock - owner thread: 0x000001f709ec2f90

Heap address: 0x00000000c1e00000, size: 994 MB, Compressed Oops mode: 32-bit

CDS archive(s) mapped at: [0x000001f728000000-0x000001f728d40000-0x000001f728d40000), size 13893632, SharedBaseAddress: 0x000001f728000000, ArchiveRelocationMode: 1.
Compressed class space mapped at: 0x000001f729000000-0x000001f769000000, reserved size: 1073741824
UseCompressedClassPointers 1, UseCompactObjectHeaders 0
Narrow klass pointer bits 32, Max shift 3
Narrow klass base: 0x000001f728000000, Narrow klass shift: 0
Encoding Range: [0x000001f728000000 - 0x000001f828000000), (4294967296 bytes)
Klass Range:    [0x000001f728000000 - 0x000001f769000000), (1090519040 bytes)
Klass ID Range:  [8 - 1090519033) (1090519025)

GC Precious Log:
 CardTable entry size: 512
 Card Set container configuration: InlinePtr #cards 5 size 8 Array Of Cards #cards 10 size 36 Howl #buckets 4 coarsen threshold 1843 Howl Bitmap #cards 512 size 80 coarsen threshold 460 Card regions per heap region 1 cards per card region 2048
 CPUs: 4 total, 4 available
 Memory: 3970M
 Large Page Support: Disabled
 NUMA Support: Disabled
 Compressed Oops: Enabled (32-bit)
 Heap Region Size: 1M
 Heap Min Capacity: 8M
 Heap Initial Capacity: 64M
 Heap Max Capacity: 994M
 Pre-touch: Disabled
 Parallel Workers: 4
 Concurrent Workers: 1
 Concurrent Refinement Workers: 4
 Periodic GC: Disabled

Heap:
 garbage-first heap   total reserved 1017856K, committed 67584K, used 17475K [0x00000000c1e00000, 0x0000000100000000)
  region size 1024K, 4 young (4096K), 4 survivors (4096K)
 Metaspace       used 17838K, committed 18112K, reserved 1114112K
  class space    used 1698K, committed 1792K, reserved 1048576K

Heap Regions: E=young(eden), S=young(survivor), O=old, HS=humongous(starts), HC=humongous(continues), CS=collection set, F=free, TAMS=top-at-mark-start, PB=parsable bottom
|   0|0x00000000c1e00000, 0x00000000c1f00000, 0x00000000c1f00000|100%| O|  |TAMS 0x00000000c1e00000| PB 0x00000000c1e00000| Untracked |  0
|   1|0x00000000c1f00000, 0x00000000c2000000, 0x00000000c2000000|100%| O|  |TAMS 0x00000000c1f00000| PB 0x00000000c1f00000| Untracked |  0
|   2|0x00000000c2000000, 0x00000000c2100000, 0x00000000c2100000|100%| O|  |TAMS 0x00000000c2000000| PB 0x00000000c2000000| Untracked |  0
|   3|0x00000000c2100000, 0x00000000c2200000, 0x00000000c2200000|100%| O|  |TAMS 0x00000000c2100000| PB 0x00000000c2100000| Untracked |  0
|   4|0x00000000c2200000, 0x00000000c2300000, 0x00000000c2300000|100%| O|  |TAMS 0x00000000c2200000| PB 0x00000000c2200000| Untracked |  0
|   5|0x00000000c2300000, 0x00000000c2400000, 0x00000000c2400000|100%| O|  |TAMS 0x00000000c2300000| PB 0x00000000c2300000| Untracked |  0
|   6|0x00000000c2400000, 0x00000000c2500000, 0x00000000c2500000|100%| O|  |TAMS 0x00000000c2400000| PB 0x00000000c2400000| Untracked |  0
|   7|0x00000000c2500000, 0x00000000c2600000, 0x00000000c2600000|100%| O|  |TAMS 0x00000000c2500000| PB 0x00000000c2500000| Untracked |  0
|   8|0x00000000c2600000, 0x00000000c2700000, 0x00000000c2700000|100%| O|  |TAMS 0x00000000c2600000| PB 0x00000000c2600000| Untracked |  0
|   9|0x00000000c2700000, 0x00000000c2800000, 0x00000000c2800000|100%| O|  |TAMS 0x00000000c2700000| PB 0x00000000c2700000| Untracked |  0
|  10|0x00000000c2800000, 0x00000000c2900000, 0x00000000c2900000|100%| O|  |TAMS 0x00000000c2800000| PB 0x00000000c2800000| Untracked |  0
|  11|0x00000000c2900000, 0x00000000c2a00000, 0x00000000c2a00000|100%| O|  |TAMS 0x00000000c2900000| PB 0x00000000c2900000| Untracked |  0
|  12|0x00000000c2a00000, 0x00000000c2abf5c0, 0x00000000c2b00000| 74%| O|  |TAMS 0x00000000c2a00000| PB 0x00000000c2a00000| Untracked |  0
|  13|0x00000000c2b00000, 0x00000000c2b00000, 0x00000000c2c00000|  0%| F|  |TAMS 0x00000000c2b00000| PB 0x00000000c2b00000| Untracked |  0
|  14|0x00000000c2c00000, 0x00000000c2c00000, 0x00000000c2d00000|  0%| F|  |TAMS 0x00000000c2c00000| PB 0x00000000c2c00000| Untracked |  0
|  15|0x00000000c2d00000, 0x00000000c2d00000, 0x00000000c2e00000|  0%| F|  |TAMS 0x00000000c2d00000| PB 0x00000000c2d00000| Untracked |  0
|  16|0x00000000c2e00000, 0x00000000c2e00000, 0x00000000c2f00000|  0%| F|  |TAMS 0x00000000c2e00000| PB 0x00000000c2e00000| Untracked |  0
|  17|0x00000000c2f00000, 0x00000000c2f00000, 0x00000000c3000000|  0%| F|  |TAMS 0x00000000c2f00000| PB 0x00000000c2f00000| Untracked |  0
|  18|0x00000000c3000000, 0x00000000c3000000, 0x00000000c3100000|  0%| F|  |TAMS 0x00000000c3000000| PB 0x00000000c3000000| Untracked |  0
|  19|0x00000000c3100000, 0x00000000c3100000, 0x00000000c3200000|  0%| F|  |TAMS 0x00000000c3100000| PB 0x00000000c3100000| Untracked |  0
|  20|0x00000000c3200000, 0x00000000c3200000, 0x00000000c3300000|  0%| F|  |TAMS 0x00000000c3200000| PB 0x00000000c3200000| Untracked |  0
|  21|0x00000000c3300000, 0x00000000c3300000, 0x00000000c3400000|  0%| F|  |TAMS 0x00000000c3300000| PB 0x00000000c3300000| Untracked |  0
|  22|0x00000000c3400000, 0x00000000c3400000, 0x00000000c3500000|  0%| F|  |TAMS 0x00000000c3400000| PB 0x00000000c3400000| Untracked |  0
|  23|0x00000000c3500000, 0x00000000c3500000, 0x00000000c3600000|  0%| F|  |TAMS 0x00000000c3500000| PB 0x00000000c3500000| Untracked |  0
|  24|0x00000000c3600000, 0x00000000c3600000, 0x00000000c3700000|  0%| F|  |TAMS 0x00000000c3600000| PB 0x00000000c3600000| Untracked |  0
|  25|0x00000000c3700000, 0x00000000c3700000, 0x00000000c3800000|  0%| F|  |TAMS 0x00000000c3700000| PB 0x00000000c3700000| Untracked |  0
|  26|0x00000000c3800000, 0x00000000c3835450, 0x00000000c3900000| 20%| S|CS|TAMS 0x00000000c3800000| PB 0x00000000c3800000| Complete |  0
|  27|0x00000000c3900000, 0x00000000c3a00000, 0x00000000c3a00000|100%| S|CS|TAMS 0x00000000c3900000| PB 0x00000000c3900000| Complete |  0
|  28|0x00000000c3a00000, 0x00000000c3b00000, 0x00000000c3b00000|100%| S|CS|TAMS 0x00000000c3a00000| PB 0x00000000c3a00000| Complete |  0
|  29|0x00000000c3b00000, 0x00000000c3b00000, 0x00000000c3c00000|  0%| F|  |TAMS 0x00000000c3b00000| PB 0x00000000c3b00000| Untracked |  0
|  30|0x00000000c3c00000, 0x00000000c3d00000, 0x00000000c3d00000|100%| S|CS|TAMS 0x00000000c3c00000| PB 0x00000000c3c00000| Complete |  0
|  31|0x00000000c3d00000, 0x00000000c3d00000, 0x00000000c3e00000|  0%| F|  |TAMS 0x00000000c3d00000| PB 0x00000000c3d00000| Untracked |  0
|  32|0x00000000c3e00000, 0x00000000c3e00000, 0x00000000c3f00000|  0%| F|  |TAMS 0x00000000c3e00000| PB 0x00000000c3e00000| Untracked |  0
|  33|0x00000000c3f00000, 0x00000000c3f00000, 0x00000000c4000000|  0%| F|  |TAMS 0x00000000c3f00000| PB 0x00000000c3f00000| Untracked |  0
|  34|0x00000000c4000000, 0x00000000c4000000, 0x00000000c4100000|  0%| F|  |TAMS 0x00000000c4000000| PB 0x00000000c4000000| Untracked |  0
|  35|0x00000000c4100000, 0x00000000c4100000, 0x00000000c4200000|  0%| F|  |TAMS 0x00000000c4100000| PB 0x00000000c4100000| Untracked |  0
|  36|0x00000000c4200000, 0x00000000c4200000, 0x00000000c4300000|  0%| F|  |TAMS 0x00000000c4200000| PB 0x00000000c4200000| Untracked |  0
|  37|0x00000000c4300000, 0x00000000c4300000, 0x00000000c4400000|  0%| F|  |TAMS 0x00000000c4300000| PB 0x00000000c4300000| Untracked |  0
|  38|0x00000000c4400000, 0x00000000c4400000, 0x00000000c4500000|  0%| F|  |TAMS 0x00000000c4400000| PB 0x00000000c4400000| Untracked |  0
|  39|0x00000000c4500000, 0x00000000c4500000, 0x00000000c4600000|  0%| F|  |TAMS 0x00000000c4500000| PB 0x00000000c4500000| Untracked |  0
|  40|0x00000000c4600000, 0x00000000c4600000, 0x00000000c4700000|  0%| F|  |TAMS 0x00000000c4600000| PB 0x00000000c4600000| Untracked |  0
|  41|0x00000000c4700000, 0x00000000c4700000, 0x00000000c4800000|  0%| F|  |TAMS 0x00000000c4700000| PB 0x00000000c4700000| Untracked |  0
|  42|0x00000000c4800000, 0x00000000c4800000, 0x00000000c4900000|  0%| F|  |TAMS 0x00000000c4800000| PB 0x00000000c4800000| Untracked |  0
|  43|0x00000000c4900000, 0x00000000c4900000, 0x00000000c4a00000|  0%| F|  |TAMS 0x00000000c4900000| PB 0x00000000c4900000| Untracked |  0
|  44|0x00000000c4a00000, 0x00000000c4a00000, 0x00000000c4b00000|  0%| F|  |TAMS 0x00000000c4a00000| PB 0x00000000c4a00000| Untracked |  0
|  45|0x00000000c4b00000, 0x00000000c4b00000, 0x00000000c4c00000|  0%| F|  |TAMS 0x00000000c4b00000| PB 0x00000000c4b00000| Untracked |  0
|  46|0x00000000c4c00000, 0x00000000c4c00000, 0x00000000c4d00000|  0%| F|  |TAMS 0x00000000c4c00000| PB 0x00000000c4c00000| Untracked |  0
|  47|0x00000000c4d00000, 0x00000000c4d00000, 0x00000000c4e00000|  0%| F|  |TAMS 0x00000000c4d00000| PB 0x00000000c4d00000| Untracked |  0
|  48|0x00000000c4e00000, 0x00000000c4e00000, 0x00000000c4f00000|  0%| F|  |TAMS 0x00000000c4e00000| PB 0x00000000c4e00000| Untracked |  0
|  49|0x00000000c4f00000, 0x00000000c4f00000, 0x00000000c5000000|  0%| F|  |TAMS 0x00000000c4f00000| PB 0x00000000c4f00000| Untracked |  0
|  50|0x00000000c5000000, 0x00000000c5000000, 0x00000000c5100000|  0%| F|  |TAMS 0x00000000c5000000| PB 0x00000000c5000000| Untracked |  0
|  51|0x00000000c5100000, 0x00000000c5100000, 0x00000000c5200000|  0%| F|  |TAMS 0x00000000c5100000| PB 0x00000000c5100000| Untracked |  0
|  52|0x00000000c5200000, 0x00000000c5200000, 0x00000000c5300000|  0%| F|  |TAMS 0x00000000c5200000| PB 0x00000000c5200000| Untracked |  0
|  53|0x00000000c5300000, 0x00000000c5300000, 0x00000000c5400000|  0%| F|  |TAMS 0x00000000c5300000| PB 0x00000000c5300000| Untracked |  0
|  54|0x00000000c5400000, 0x00000000c5400000, 0x00000000c5500000|  0%| F|  |TAMS 0x00000000c5400000| PB 0x00000000c5400000| Untracked |  0
|  55|0x00000000c5500000, 0x00000000c5500000, 0x00000000c5600000|  0%| F|  |TAMS 0x00000000c5500000| PB 0x00000000c5500000| Untracked |  0
|  56|0x00000000c5600000, 0x00000000c5600000, 0x00000000c5700000|  0%| F|  |TAMS 0x00000000c5600000| PB 0x00000000c5600000| Untracked |  0
|  57|0x00000000c5700000, 0x00000000c5700000, 0x00000000c5800000|  0%| F|  |TAMS 0x00000000c5700000| PB 0x00000000c5700000| Untracked |  0
|  58|0x00000000c5800000, 0x00000000c5800000, 0x00000000c5900000|  0%| F|  |TAMS 0x00000000c5800000| PB 0x00000000c5800000| Untracked |  0
|  59|0x00000000c5900000, 0x00000000c5900000, 0x00000000c5a00000|  0%| F|  |TAMS 0x00000000c5900000| PB 0x00000000c5900000| Untracked |  0
|  60|0x00000000c5a00000, 0x00000000c5a00000, 0x00000000c5b00000|  0%| F|  |TAMS 0x00000000c5a00000| PB 0x00000000c5a00000| Untracked |  0
|  61|0x00000000c5b00000, 0x00000000c5b00000, 0x00000000c5c00000|  0%| F|  |TAMS 0x00000000c5b00000| PB 0x00000000c5b00000| Untracked |  0
|  62|0x00000000c5c00000, 0x00000000c5c00000, 0x00000000c5d00000|  0%| F|  |TAMS 0x00000000c5c00000| PB 0x00000000c5c00000| Untracked |  0
|  63|0x00000000c5d00000, 0x00000000c5d00000, 0x00000000c5e00000|  0%| F|  |TAMS 0x00000000c5d00000| PB 0x00000000c5d00000| Untracked |  0
| 992|0x00000000ffe00000, 0x00000000fff00000, 0x00000000fff00000|100%| O|  |TAMS 0x00000000ffe00000| PB 0x00000000ffe00000| Untracked |  0
| 993|0x00000000fff00000, 0x00000000fff1c318, 0x0000000100000000| 11%| O|  |TAMS 0x00000000fff00000| PB 0x00000000fff00000| Untracked |  0

Card table byte_map: [0x000001f723e20000,0x000001f724020000] _byte_map_base: 0x000001f723811000

Marking Bits: (CMBitMap*) 0x000001f70c147db0
 Bits: [0x000001f724020000, 0x000001f724fa8000)

Polling page: 0x000001f709fb0000

Metaspace:

Usage:
  Non-class:     15.76 MB used.
      Class:      1.66 MB used.
       Both:     17.42 MB used.

Virtual space:
  Non-class space:       64.00 MB reserved,      15.94 MB ( 25%) committed,  1 nodes.
      Class space:        1.00 GB reserved,       1.75 MB ( <1%) committed,  1 nodes.
             Both:        1.06 GB reserved,      17.69 MB (  2%) committed. 

Chunk freelists:
   Non-Class:  15.33 MB
       Class:  14.20 MB
        Both:  29.52 MB

MaxMetaspaceSize: unlimited
CompressedClassSpaceSize: 1.00 GB
Initial GC threshold: 21.00 MB
Current GC threshold: 21.00 MB
CDS: on
 - commit_granule_bytes: 65536.
 - commit_granule_words: 8192.
 - virtual_space_node_default_size: 8388608.
 - enlarge_chunks_in_place: 1.
UseCompressedClassPointers 1, UseCompactObjectHeaders 0
Narrow klass pointer bits 32, Max shift 3
Narrow klass base: 0x000001f728000000, Narrow klass shift: 0
Encoding Range: [0x000001f728000000 - 0x000001f828000000), (4294967296 bytes)
Klass Range:    [0x000001f728000000 - 0x000001f769000000), (1090519040 bytes)
Klass ID Range:  [8 - 1090519033) (1090519025)


Internal statistics:

num_allocs_failed_limit: 0.
num_arena_births: 204.
num_arena_deaths: 0.
num_vsnodes_births: 2.
num_vsnodes_deaths: 0.
num_space_committed: 283.
num_space_uncommitted: 0.
num_chunks_returned_to_freelist: 0.
num_chunks_taken_from_freelist: 822.
num_chunk_merges: 0.
num_chunk_splits: 558.
num_chunks_enlarged: 446.
num_inconsistent_stats: 0.

CodeHeap 'non-profiled nmethods': size=120064Kb used=2012Kb max_used=2012Kb free=118051Kb
 bounds [0x000001f71c6e0000, 0x000001f71c950000, 0x000001f723c20000]
CodeHeap 'profiled nmethods': size=120000Kb used=9032Kb max_used=9032Kb free=110967Kb
 bounds [0x000001f714c20000, 0x000001f715500000, 0x000001f71c150000]
CodeHeap 'non-nmethods': size=5696Kb used=1353Kb max_used=1408Kb free=4342Kb
 bounds [0x000001f71c150000, 0x000001f71c3c0000, 0x000001f71c6e0000]
CodeCache: size=245760Kb, used=12397Kb, max_used=12452Kb, free=233360Kb
 total_blobs=5547, nmethods=5026, adapters=426, full_count=0
Compilation: enabled, stopped_count=0, restarted_count=0

Compilation events (20 events):
Event: 6.977 Thread 0x000001f7274423a0 5024       3       java.util.BitSet::initWords (15 bytes)
Event: 6.978 Thread 0x000001f7274423a0 nmethod 5024 0x000001f7154e4888 code [0x000001f7154e49a0, 0x000001f7154e4c00]
Event: 6.980 Thread 0x000001f7274423a0 5026   !   3       java.util.zip.ZipFile$Source::initCEN (616 bytes)
Event: 6.987 Thread 0x000001f7274423a0 nmethod 5026 0x000001f7154e4c88 code [0x000001f7154e51a0, 0x000001f7154e81c0]
Event: 6.987 Thread 0x000001f7274423a0 5027       3       jdk.internal.perf.PerfCounter::increment (6 bytes)
Event: 6.988 Thread 0x000001f7274423a0 nmethod 5027 0x000001f7154e8308 code [0x000001f7154e8420, 0x000001f7154e8560]
Event: 6.988 Thread 0x000001f7274423a0 5028       3       java.util.zip.ZipFile::getEntryName (42 bytes)
Event: 6.988 Thread 0x000001f7274423a0 nmethod 5028 0x000001f7154e8608 code [0x000001f7154e8760, 0x000001f7154e8a60]
Event: 6.989 Thread 0x000001f7274423a0 5029       3       java.io.ByteArrayOutputStream::<init> (7 bytes)
Event: 6.989 Thread 0x000001f7274423a0 nmethod 5029 0x000001f7154e8a88 code [0x000001f7154e8ba0, 0x000001f7154e8cd8]
Event: 6.989 Thread 0x000001f7274423a0 5030       3       java.io.ByteArrayOutputStream::<init> (43 bytes)
Event: 6.990 Thread 0x000001f7274423a0 nmethod 5030 0x000001f7154e8d88 code [0x000001f7154e8f40, 0x000001f7154e9930]
Event: 6.993 Thread 0x000001f7274423a0 5031       3       org.objectweb.asm.ClassReader::readMethod (1070 bytes)
Event: 7.003 Thread 0x000001f7274423a0 nmethod 5031 0x000001f7154e9a08 code [0x000001f7154ea0e0, 0x000001f7154eed28]
Event: 7.003 Thread 0x000001f7274423a0 5032       3       org.objectweb.asm.ClassVisitor::visitMethod (24 bytes)
Event: 7.004 Thread 0x000001f7274423a0 nmethod 5032 0x000001f7154eee08 code [0x000001f7154eef40, 0x000001f7154ef168]
Event: 7.004 Thread 0x000001f7274423a0 5033   !   3       java.util.jar.JarFile::getBytes (218 bytes)
Event: 7.006 Thread 0x000001f7274423a0 nmethod 5033 0x000001f7154ef188 code [0x000001f7154ef500, 0x000001f7154f14c8]
Event: 7.014 Thread 0x000001f7274423a0 5034       3       java.lang.reflect.Constructor::getGenericParameterTypes (5 bytes)
Event: 7.015 Thread 0x000001f7274423a0 nmethod 5034 0x000001f7154f1588 code [0x000001f7154f1720, 0x000001f7154f1fd8]

GC Heap History (11 events):
Event: 1.396 GC heap before
{Heap before GC invocations=0 (full 0):
 garbage-first heap   total reserved 1017856K, committed 67584K, used 29808K [0x00000000c1e00000, 0x0000000100000000)
  region size 1024K, 28 young (28672K), 0 survivors (0K)
 Metaspace       used 6084K, committed 6272K, reserved 1114112K
  class space    used 541K, committed 640K, reserved 1048576K
}
Event: 1.406 GC heap after
{Heap after GC invocations=1 (full 0):
 garbage-first heap   total reserved 1017856K, committed 67584K, used 4336K [0x00000000c1e00000, 0x0000000100000000)
  region size 1024K, 4 young (4096K), 4 survivors (4096K)
 Metaspace       used 6084K, committed 6272K, reserved 1114112K
  class space    used 541K, committed 640K, reserved 1048576K
}
Event: 2.504 GC heap before
{Heap before GC invocations=1 (full 0):
 garbage-first heap   total reserved 1017856K, committed 67584K, used 31984K [0x00000000c1e00000, 0x0000000100000000)
  region size 1024K, 31 young (31744K), 4 survivors (4096K)
 Metaspace       used 10888K, committed 11072K, reserved 1114112K
  class space    used 1014K, committed 1088K, reserved 1048576K
}
Event: 2.517 GC heap after
{Heap after GC invocations=2 (full 0):
 garbage-first heap   total reserved 1017856K, committed 67584K, used 6663K [0x00000000c1e00000, 0x0000000100000000)
  region size 1024K, 3 young (3072K), 3 survivors (3072K)
 Metaspace       used 10888K, committed 11072K, reserved 1114112K
  class space    used 1014K, committed 1088K, reserved 1048576K
}
Event: 3.986 GC heap before
{Heap before GC invocations=2 (full 0):
 garbage-first heap   total reserved 1017856K, committed 67584K, used 38407K [0x00000000c1e00000, 0x0000000100000000)
  region size 1024K, 34 young (34816K), 3 survivors (3072K)
 Metaspace       used 15074K, committed 15360K, reserved 1114112K
  class space    used 1483K, committed 1600K, reserved 1048576K
}
Event: 4.011 GC heap after
{Heap after GC invocations=3 (full 0):
 garbage-first heap   total reserved 1017856K, committed 67584K, used 10177K [0x00000000c1e00000, 0x0000000100000000)
  region size 1024K, 5 young (5120K), 5 survivors (5120K)
 Metaspace       used 15074K, committed 15360K, reserved 1114112K
  class space    used 1483K, committed 1600K, reserved 1048576K
}
Event: 4.968 GC heap before
{Heap before GC invocations=3 (full 0):
 garbage-first heap   total reserved 1017856K, committed 67584K, used 42945K [0x00000000c1e00000, 0x0000000100000000)
  region size 1024K, 37 young (37888K), 5 survivors (5120K)
 Metaspace       used 15796K, committed 16064K, reserved 1114112K
  class space    used 1546K, committed 1664K, reserved 1048576K
}
Event: 5.003 GC heap after
{Heap after GC invocations=4 (full 0):
 garbage-first heap   total reserved 1017856K, committed 67584K, used 14734K [0x00000000c1e00000, 0x0000000100000000)
  region size 1024K, 5 young (5120K), 5 survivors (5120K)
 Metaspace       used 15796K, committed 16064K, reserved 1114112K
  class space    used 1546K, committed 1664K, reserved 1048576K
}
Event: 5.788 GC heap before
{Heap before GC invocations=4 (full 0):
 garbage-first heap   total reserved 1017856K, committed 67584K, used 46478K [0x00000000c1e00000, 0x0000000100000000)
  region size 1024K, 36 young (36864K), 5 survivors (5120K)
 Metaspace       used 16146K, committed 16384K, reserved 1114112K
  class space    used 1549K, committed 1664K, reserved 1048576K
}
Event: 5.803 GC heap after
{Heap after GC invocations=5 (full 0):
 garbage-first heap   total reserved 1017856K, committed 67584K, used 16079K [0x00000000c1e00000, 0x0000000100000000)
  region size 1024K, 2 young (2048K), 2 survivors (2048K)
 Metaspace       used 16146K, committed 16384K, reserved 1114112K
  class space    used 1549K, committed 1664K, reserved 1048576K
}
Event: 7.018 GC heap before
{Heap before GC invocations=5 (full 0):
 garbage-first heap   total reserved 1017856K, committed 67584K, used 48847K [0x00000000c1e00000, 0x0000000100000000)
  region size 1024K, 34 young (34816K), 2 survivors (2048K)
 Metaspace       used 17838K, committed 18112K, reserved 1114112K
  class space    used 1698K, committed 1792K, reserved 1048576K
}

Dll operation events (8 events):
Event: 0.013 Loaded shared library C:\Program Files\Apache NetBeans\jdk\bin\java.dll
Event: 0.060 Loaded shared library C:\Program Files\Apache NetBeans\jdk\bin\jsvml.dll
Event: 0.083 Loaded shared library C:\Program Files\Apache NetBeans\jdk\bin\net.dll
Event: 0.086 Loaded shared library C:\Program Files\Apache NetBeans\jdk\bin\nio.dll
Event: 0.092 Loaded shared library C:\Program Files\Apache NetBeans\jdk\bin\zip.dll
Event: 0.347 Loaded shared library C:\Program Files\Apache NetBeans\jdk\bin\jimage.dll
Event: 0.348 Loaded shared library C:\Users\User\.m2\wrapper\dists\apache-maven-3.9.11\03d7e36a140982eea48e22c1dcac01d8862b2550b2939e09a0809bbc5182a5bc\lib\jansi-native\Windows\x86_64\jansi.dll
Event: 0.372 Loaded shared library C:\Program Files\Apache NetBeans\jdk\bin\verify.dll

Deoptimization events (20 events):
Event: 6.387 Thread 0x000001f709ec2f90 Uncommon trap: trap_request=0xffffffbe fr.pc=0x000001f71c8addf4 relative=0x00000000000001d4
Event: 6.387 Thread 0x000001f709ec2f90 Uncommon trap: reason=profile_predicate action=maybe_recompile pc=0x000001f71c8addf4 method=java.util.HashMap.keysToArray([Ljava/lang/Object;)[Ljava/lang/Object; @ 36 c2
Event: 6.387 Thread 0x000001f709ec2f90 DEOPT PACKING pc=0x000001f71c8addf4 sp=0x000000e6f13fd060
Event: 6.387 Thread 0x000001f709ec2f90 DEOPT UNPACKING pc=0x000001f71c266382 sp=0x000000e6f13fcfe0 mode 2
Event: 6.388 Thread 0x000001f709ec2f90 Uncommon trap: trap_request=0xffffffbe fr.pc=0x000001f71c8addf4 relative=0x00000000000001d4
Event: 6.388 Thread 0x000001f709ec2f90 Uncommon trap: reason=profile_predicate action=maybe_recompile pc=0x000001f71c8addf4 method=java.util.HashMap.keysToArray([Ljava/lang/Object;)[Ljava/lang/Object; @ 36 c2
Event: 6.388 Thread 0x000001f709ec2f90 DEOPT PACKING pc=0x000001f71c8addf4 sp=0x000000e6f13fd410
Event: 6.388 Thread 0x000001f709ec2f90 DEOPT UNPACKING pc=0x000001f71c266382 sp=0x000000e6f13fd390 mode 2
Event: 6.390 Thread 0x000001f709ec2f90 Uncommon trap: trap_request=0xffffffbe fr.pc=0x000001f71c8addf4 relative=0x00000000000001d4
Event: 6.390 Thread 0x000001f709ec2f90 Uncommon trap: reason=profile_predicate action=maybe_recompile pc=0x000001f71c8addf4 method=java.util.HashMap.keysToArray([Ljava/lang/Object;)[Ljava/lang/Object; @ 36 c2
Event: 6.390 Thread 0x000001f709ec2f90 DEOPT PACKING pc=0x000001f71c8addf4 sp=0x000000e6f13fd0c0
Event: 6.390 Thread 0x000001f709ec2f90 DEOPT UNPACKING pc=0x000001f71c266382 sp=0x000000e6f13fd040 mode 2
Event: 6.459 Thread 0x000001f709ec2f90 Uncommon trap: trap_request=0xffffff4d fr.pc=0x000001f71c87c730 relative=0x0000000000000210
Event: 6.459 Thread 0x000001f709ec2f90 Uncommon trap: reason=unstable_if action=reinterpret pc=0x000001f71c87c730 method=org.codehaus.plexus.util.xml.pull.MXParser.printable(I)Ljava/lang/String; @ 23 c2
Event: 6.459 Thread 0x000001f709ec2f90 DEOPT PACKING pc=0x000001f71c87c730 sp=0x000000e6f13fc600
Event: 6.459 Thread 0x000001f709ec2f90 DEOPT UNPACKING pc=0x000001f71c266382 sp=0x000000e6f13fc590 mode 2
Event: 6.746 Thread 0x000001f709ec2f90 DEOPT PACKING pc=0x000001f714e4a1c5 sp=0x000000e6f13fde60
Event: 6.746 Thread 0x000001f709ec2f90 DEOPT UNPACKING pc=0x000001f71c1a5722 sp=0x000000e6f13fd3e0 mode 0
Event: 6.846 Thread 0x000001f709ec2f90 DEOPT PACKING pc=0x000001f7153297ca sp=0x000000e6f13fd450
Event: 6.846 Thread 0x000001f709ec2f90 DEOPT UNPACKING pc=0x000001f71c1a5722 sp=0x000000e6f13fc908 mode 0

Classes loaded (20 events):
Event: 6.302 Loading class java/time/Year
Event: 6.302 Loading class java/time/Year done
Event: 6.322 Loading class jdk/internal/reflect/MethodHandleBooleanFieldAccessorImpl
Event: 6.322 Loading class jdk/internal/reflect/MethodHandleBooleanFieldAccessorImpl done
Event: 6.661 Loading class java/lang/Character$UnicodeBlock
Event: 6.662 Loading class java/lang/Character$Subset
Event: 6.663 Loading class java/lang/Character$Subset done
Event: 6.665 Loading class java/lang/Character$UnicodeBlock done
Event: 6.706 Loading class sun/nio/fs/WindowsChannelFactory$2
Event: 6.706 Loading class sun/nio/fs/WindowsChannelFactory$2 done
Event: 6.707 Loading class sun/nio/ch/ChannelOutputStream
Event: 6.707 Loading class sun/nio/ch/ChannelOutputStream done
Event: 6.711 Loading class java/io/CharArrayWriter
Event: 6.711 Loading class java/io/CharArrayWriter done
Event: 6.723 Loading class java/nio/file/attribute/PosixFileAttributes
Event: 6.723 Loading class java/nio/file/attribute/PosixFileAttributes done
Event: 6.734 Loading class java/nio/file/StandardCopyOption
Event: 6.734 Loading class java/nio/file/StandardCopyOption done
Event: 6.734 Loading class sun/nio/fs/WindowsFileCopy
Event: 6.734 Loading class sun/nio/fs/WindowsFileCopy done

Classes unloaded (0 events):
No events

Classes redefined (0 events):
No events

Internal exceptions (20 events):
Event: 3.479 Thread 0x000001f709ec2f90 Exception <a 'java/lang/NoSuchMethodError'{0x00000000c4aa9020}: 'java.lang.Object java.lang.invoke.DirectMethodHandle$Holder.invokeVirtual(java.lang.Object, java.lang.Object, java.lang.Object)'> (0x00000000c4aa9020) 
thrown [s\src\hotspot\share\interpreter\linkResolver.cpp, line 805]
Event: 3.607 Thread 0x000001f709ec2f90 Exception <a 'java/lang/NoSuchMethodError'{0x00000000c48bbb40}: 'void java.lang.invoke.DirectMethodHandle$Holder.invokeVirtual(java.lang.Object, java.lang.Object, int)'> (0x00000000c48bbb40) 
thrown [s\src\hotspot\share\interpreter\linkResolver.cpp, line 805]
Event: 3.608 Thread 0x000001f709ec2f90 Exception <a 'java/lang/NoSuchMethodError'{0x00000000c48c42f8}: 'void java.lang.invoke.DirectMethodHandle$Holder.invokeSpecial(java.lang.Object, java.lang.Object, java.lang.Object, int)'> (0x00000000c48c42f8) 
thrown [s\src\hotspot\share\interpreter\linkResolver.cpp, line 805]
Event: 3.608 Thread 0x000001f709ec2f90 Exception <a 'java/lang/NoSuchMethodError'{0x00000000c48cc658}: 'void java.lang.invoke.DelegatingMethodHandle$Holder.reinvoke_L(java.lang.Object, java.lang.Object, int)'> (0x00000000c48cc658) 
thrown [s\src\hotspot\share\interpreter\linkResolver.cpp, line 805]
Event: 5.937 Thread 0x000001f709ec2f90 Implicit null exception at 0x000001f71c86cc6d to 0x000001f71c86ce4c
Event: 5.937 Thread 0x000001f709ec2f90 Implicit null exception at 0x000001f71c7721a0 to 0x000001f71c77221d
Event: 6.171 Thread 0x000001f709ec2f90 Exception <a 'java/lang/NoSuchMethodError'{0x00000000c553e918}: 'java.lang.Object java.lang.invoke.DirectMethodHandle$Holder.newInvokeSpecial(java.lang.Object, java.lang.Object, java.lang.Object, java.lang.Object, java.lang.Object, java.lang.Object, java.lang.Object)'> (0x00000000c553e918) 
thrown [s\src\hotspot\share\interpreter\linkResolver.cpp, line 805]
Event: 6.261 Thread 0x000001f709ec2f90 Exception <a 'java/lang/NoSuchMethodError'{0x00000000c53fcd40}: 'int java.lang.invoke.DirectMethodHandle$Holder.invokeVirtual(java.lang.Object, java.lang.Object)'> (0x00000000c53fcd40) 
thrown [s\src\hotspot\share\interpreter\linkResolver.cpp, line 805]
Event: 6.325 Thread 0x000001f709ec2f90 Exception <a 'java/lang/NoSuchMethodError'{0x00000000c517e0b0}: 'void java.lang.invoke.Invokers$Holder.invokeExact_MT(java.lang.Object, java.lang.Object, int, java.lang.Object)'> (0x00000000c517e0b0) 
thrown [s\src\hotspot\share\interpreter\linkResolver.cpp, line 805]
Event: 6.333 Thread 0x000001f709ec2f90 Exception <a 'java/lang/NoSuchMethodError'{0x00000000c51b7928}: 'void java.lang.invoke.DirectMethodHandle$Holder.invokeInterface(java.lang.Object, java.lang.Object, java.lang.Object)'> (0x00000000c51b7928) 
thrown [s\src\hotspot\share\interpreter\linkResolver.cpp, line 805]
Event: 6.686 Thread 0x000001f709ec2f90 Exception <a 'java/io/IOException'{0x00000000c47c5ba8}> (0x00000000c47c5ba8) 
thrown [s\src\hotspot\share\prims\jni.cpp, line 518]
Event: 6.732 Thread 0x000001f709ec2f90 Exception <a 'java/io/IOException'{0x00000000c46d7310}> (0x00000000c46d7310) 
thrown [s\src\hotspot\share\prims\jni.cpp, line 518]
Event: 6.735 Thread 0x000001f709ec2f90 Exception <a 'sun/nio/fs/WindowsException'{0x00000000c46d8630}> (0x00000000c46d8630) 
thrown [s\src\hotspot\share\prims\jni.cpp, line 518]
Event: 6.739 Thread 0x000001f709ec2f90 Exception <a 'sun/nio/fs/WindowsException'{0x00000000c46d9c98}> (0x00000000c46d9c98) 
thrown [s\src\hotspot\share\prims\jni.cpp, line 518]
Event: 6.743 Thread 0x000001f709ec2f90 Exception <a 'sun/nio/fs/WindowsException'{0x00000000c46db1c0}> (0x00000000c46db1c0) 
thrown [s\src\hotspot\share\prims\jni.cpp, line 518]
Event: 6.746 Thread 0x000001f709ec2f90 Exception <a 'sun/nio/fs/WindowsException'{0x00000000c46dc5c0}> (0x00000000c46dc5c0) 
thrown [s\src\hotspot\share\prims\jni.cpp, line 518]
Event: 6.749 Thread 0x000001f709ec2f90 Exception <a 'sun/nio/fs/WindowsException'{0x00000000c46ddac8}> (0x00000000c46ddac8) 
thrown [s\src\hotspot\share\prims\jni.cpp, line 518]
Event: 6.751 Thread 0x000001f709ec2f90 Exception <a 'sun/nio/fs/WindowsException'{0x00000000c46def58}> (0x00000000c46def58) 
thrown [s\src\hotspot\share\prims\jni.cpp, line 518]
Event: 6.754 Thread 0x000001f709ec2f90 Exception <a 'sun/nio/fs/WindowsException'{0x00000000c46e0360}> (0x00000000c46e0360) 
thrown [s\src\hotspot\share\prims\jni.cpp, line 518]
Event: 6.759 Thread 0x000001f709ec2f90 Exception <a 'sun/nio/fs/WindowsException'{0x00000000c46e1788}> (0x00000000c46e1788) 
thrown [s\src\hotspot\share\prims\jni.cpp, line 518]

VM Operations (20 events):
Event: 2.693 Executing VM operation: HandshakeAllThreads (Deoptimize) done
Event: 2.911 Executing VM operation: HandshakeAllThreads (Deoptimize)
Event: 2.911 Executing VM operation: HandshakeAllThreads (Deoptimize) done
Event: 3.100 Executing VM operation: HandshakeAllThreads (Deoptimize)
Event: 3.100 Executing VM operation: HandshakeAllThreads (Deoptimize) done
Event: 3.184 Executing VM operation: HandshakeAllThreads (Deoptimize)
Event: 3.184 Executing VM operation: HandshakeAllThreads (Deoptimize) done
Event: 3.243 Executing VM operation: HandshakeAllThreads (Deoptimize)
Event: 3.243 Executing VM operation: HandshakeAllThreads (Deoptimize) done
Event: 3.317 Executing VM operation: HandshakeAllThreads (Deoptimize)
Event: 3.317 Executing VM operation: HandshakeAllThreads (Deoptimize) done
Event: 3.986 Executing VM operation: G1CollectForAllocation (G1 Evacuation Pause)
Event: 4.011 Executing VM operation: G1CollectForAllocation (G1 Evacuation Pause) done
Event: 4.968 Executing VM operation: G1CollectForAllocation (G1 Evacuation Pause)
Event: 5.003 Executing VM operation: G1CollectForAllocation (G1 Evacuation Pause) done
Event: 5.788 Executing VM operation: G1CollectForAllocation (G1 Evacuation Pause)
Event: 5.803 Executing VM operation: G1CollectForAllocation (G1 Evacuation Pause) done
Event: 6.323 Executing VM operation: HandshakeAllThreads (Deoptimize)
Event: 6.323 Executing VM operation: HandshakeAllThreads (Deoptimize) done
Event: 7.018 Executing VM operation: G1CollectForAllocation (G1 Evacuation Pause)

Memory protections (0 events):
No events

Nmethod flushes (0 events):
No events

Events (16 events):
Event: 0.035 Thread 0x000001f709ec2f90 Thread added: 0x000001f709ec2f90
Event: 0.055 Thread 0x000001f709ec2f90 Thread added: 0x000001f7273fe340
Event: 0.055 Thread 0x000001f709ec2f90 Thread added: 0x000001f7273fff80
Event: 0.056 Thread 0x000001f709ec2f90 Thread added: 0x000001f727402010
Event: 0.056 Thread 0x000001f709ec2f90 Thread added: 0x000001f727404b50
Event: 0.056 Thread 0x000001f709ec2f90 Thread added: 0x000001f727407690
Event: 0.056 Thread 0x000001f709ec2f90 Thread added: 0x000001f7274101d0
Event: 0.056 Thread 0x000001f709ec2f90 Thread added: 0x000001f72741fbf0
Event: 0.057 Thread 0x000001f709ec2f90 Thread added: 0x000001f7274423a0
Event: 0.076 Thread 0x000001f709ec2f90 Thread added: 0x000001f72759f6f0
Event: 0.079 Thread 0x000001f709ec2f90 Thread added: 0x000001f7275a0640
Event: 0.198 Thread 0x000001f72741fbf0 Thread added: 0x000001f727624f90
Event: 0.343 Thread 0x000001f709ec2f90 Thread added: 0x000001f76d20abe0
Event: 0.364 Thread 0x000001f76d20abe0 Thread exited: 0x000001f76d20abe0
Event: 1.111 Thread 0x000001f727624f90 Thread exited: 0x000001f727624f90
Event: 1.171 Thread 0x000001f7274423a0 Thread added: 0x000001f76d7544d0


Dynamic libraries:
0x00007ff7f7fa0000 - 0x00007ff7f7fae000 	C:\Program Files\Apache NetBeans\jdk\bin\java.exe
0x00007ff9775b0000 - 0x00007ff9777a8000 	C:\Windows\SYSTEM32\ntdll.dll
0x00007ff975750000 - 0x00007ff975812000 	C:\Windows\System32\KERNEL32.DLL
0x00007ff9750c0000 - 0x00007ff9753b6000 	C:\Windows\System32\KERNELBASE.dll
0x00007ff974c90000 - 0x00007ff974d90000 	C:\Windows\System32\ucrtbase.dll
0x00007ff956ef0000 - 0x00007ff956f06000 	C:\Program Files\Apache NetBeans\jdk\bin\jli.dll
0x00007ff95cb00000 - 0x00007ff95cb1e000 	C:\Program Files\Apache NetBeans\jdk\bin\VCRUNTIME140.dll
0x00007ff9771f0000 - 0x00007ff977391000 	C:\Windows\System32\USER32.dll
0x00007ff962210000 - 0x00007ff9624ab000 	C:\Windows\WinSxS\amd64_microsoft.windows.common-controls_6595b64144ccf1df_6.0.19041.6456_none_60b8a6cb71f64256\COMCTL32.dll
0x00007ff9755a0000 - 0x00007ff9755c2000 	C:\Windows\System32\win32u.dll
0x00007ff975bc0000 - 0x00007ff975c5e000 	C:\Windows\System32\msvcrt.dll
0x00007ff976b10000 - 0x00007ff976b3b000 	C:\Windows\System32\GDI32.dll
0x00007ff974d90000 - 0x00007ff974ea9000 	C:\Windows\System32\gdi32full.dll
0x00007ff975020000 - 0x00007ff9750bd000 	C:\Windows\System32\msvcp_win.dll
0x00007ff975b80000 - 0x00007ff975baf000 	C:\Windows\System32\IMM32.DLL
0x00007ff96f5f0000 - 0x00007ff96f5fc000 	C:\Program Files\Apache NetBeans\jdk\bin\vcruntime140_1.dll
0x00007ff9455e0000 - 0x00007ff94566d000 	C:\Program Files\Apache NetBeans\jdk\bin\msvcp140.dll
0x00007ff936040000 - 0x00007ff936ebc000 	C:\Program Files\Apache NetBeans\jdk\bin\server\jvm.dll
0x00007ff976b40000 - 0x00007ff976bf1000 	C:\Windows\System32\ADVAPI32.dll
0x00007ff9773a0000 - 0x00007ff97743f000 	C:\Windows\System32\sechost.dll
0x00007ff976210000 - 0x00007ff976330000 	C:\Windows\System32\RPCRT4.dll
0x00007ff974ff0000 - 0x00007ff975017000 	C:\Windows\System32\bcrypt.dll
0x00007ff977160000 - 0x00007ff9771cb000 	C:\Windows\System32\WS2_32.dll
0x00007ff974aa0000 - 0x00007ff974aeb000 	C:\Windows\SYSTEM32\POWRPROF.dll
0x00007ff962f90000 - 0x00007ff962fb7000 	C:\Windows\SYSTEM32\WINMM.dll
0x00007ff96cd60000 - 0x00007ff96cd6a000 	C:\Windows\SYSTEM32\VERSION.dll
0x00007ff974a80000 - 0x00007ff974a92000 	C:\Windows\SYSTEM32\UMPDC.dll
0x00007ff972ab0000 - 0x00007ff972ac2000 	C:\Windows\SYSTEM32\kernel.appcore.dll
0x00007ff96f560000 - 0x00007ff96f56a000 	C:\Program Files\Apache NetBeans\jdk\bin\jimage.dll
0x00007ff962990000 - 0x00007ff962b91000 	C:\Windows\SYSTEM32\DBGHELP.DLL
0x00007ff95fd80000 - 0x00007ff95fdb4000 	C:\Windows\SYSTEM32\dbgcore.DLL
0x00007ff974eb0000 - 0x00007ff974f32000 	C:\Windows\System32\bcryptPrimitives.dll
0x00007ff958840000 - 0x00007ff95885e000 	C:\Program Files\Apache NetBeans\jdk\bin\java.dll
0x00007ff976cc0000 - 0x00007ff976deb000 	C:\Windows\System32\ole32.dll
0x00007ff975820000 - 0x00007ff975b74000 	C:\Windows\System32\combase.dll
0x00007ff976330000 - 0x00007ff976aa0000 	C:\Windows\System32\SHELL32.dll
0x00007ff972cb0000 - 0x00007ff973455000 	C:\Windows\SYSTEM32\windows.storage.dll
0x00007ff974590000 - 0x00007ff9745bb000 	C:\Windows\SYSTEM32\Wldp.dll
0x00007ff977440000 - 0x00007ff97750d000 	C:\Windows\System32\OLEAUT32.dll
0x00007ff976c00000 - 0x00007ff976cad000 	C:\Windows\System32\SHCORE.dll
0x00007ff975c60000 - 0x00007ff975cbb000 	C:\Windows\System32\shlwapi.dll
0x00007ff974b70000 - 0x00007ff974b94000 	C:\Windows\SYSTEM32\profapi.dll
0x00007ff944140000 - 0x00007ff944217000 	C:\Program Files\Apache NetBeans\jdk\bin\jsvml.dll
0x00007ff96e900000 - 0x00007ff96e910000 	C:\Program Files\Apache NetBeans\jdk\bin\net.dll
0x00007ff9742f0000 - 0x00007ff97435a000 	C:\Windows\system32\mswsock.dll
0x00007ff953590000 - 0x00007ff9535a6000 	C:\Program Files\Apache NetBeans\jdk\bin\nio.dll
0x00007ff953700000 - 0x00007ff953717000 	C:\Program Files\Apache NetBeans\jdk\bin\zip.dll
0x00007ff95fe90000 - 0x00007ff95feb4000 	C:\Users\User\.m2\wrapper\dists\apache-maven-3.9.11\03d7e36a140982eea48e22c1dcac01d8862b2550b2939e09a0809bbc5182a5bc\lib\jansi-native\Windows\x86_64\jansi.dll
0x00007ff96e100000 - 0x00007ff96e110000 	C:\Program Files\Apache NetBeans\jdk\bin\verify.dll
0x00007ff973e60000 - 0x00007ff973e93000 	C:\Windows\SYSTEM32\ntmarta.dll

JVMTI agents: none

dbghelp: loaded successfully - version: 4.0.5 - missing functions: none
symbol engine: initialized successfully - sym options: 0x614 - pdb path: .;C:\Program Files\Apache NetBeans\jdk\bin;C:\Windows\SYSTEM32;C:\Windows\WinSxS\amd64_microsoft.windows.common-controls_6595b64144ccf1df_6.0.19041.6456_none_60b8a6cb71f64256;C:\Program Files\Apache NetBeans\jdk\bin\server;C:\Users\User\.m2\wrapper\dists\apache-maven-3.9.11\03d7e36a140982eea48e22c1dcac01d8862b2550b2939e09a0809bbc5182a5bc\lib\jansi-native\Windows\x86_64

VM Arguments:
jvm_args: --enable-native-access=ALL-UNNAMED -Dclassworlds.conf=C:\Users\User\.m2\wrapper\dists\apache-maven-3.9.11\03d7e36a140982eea48e22c1dcac01d8862b2550b2939e09a0809bbc5182a5bc\bin\m2.conf -Dmaven.home=C:\Users\User\.m2\wrapper\dists\apache-maven-3.9.11\03d7e36a140982eea48e22c1dcac01d8862b2550b2939e09a0809bbc5182a5bc -Dlibrary.jansi.path=C:\Users\User\.m2\wrapper\dists\apache-maven-3.9.11\03d7e36a140982eea48e22c1dcac01d8862b2550b2939e09a0809bbc5182a5bc\lib\jansi-native -Dmaven.multiModuleProjectDirectory=C:\Users\User\Documents\NetBeansProjects\hospital-vida-nova 
java_command: org.codehaus.plexus.classworlds.launcher.Launcher -Dmaven.ext.class.path=C:\Program Files\Apache NetBeans\java\maven-nblib\netbeans-eventspy.jar --no-transfer-progress clean install
java_class_path (initial): C:\Users\User\.m2\wrapper\dists\apache-maven-3.9.11\03d7e36a140982eea48e22c1dcac01d8862b2550b2939e09a0809bbc5182a5bc\boot\plexus-classworlds-2.9.0.jar
Launcher Type: SUN_STANDARD

[Global flags]
     intx CICompilerCount                          = 3                                         {product} {ergonomic}
     uint ConcGCThreads                            = 1                                         {product} {ergonomic}
     uint G1ConcRefinementThreads                  = 4                                         {product} {ergonomic}
   size_t G1HeapRegionSize                         = 1048576                                   {product} {ergonomic}
   size_t InitialHeapSize                          = 67108864                                  {product} {ergonomic}
   size_t MarkStackSize                            = 4194304                                   {product} {ergonomic}
   size_t MarkStackSizeMax                         = 536870912                                 {product} {ergonomic}
   size_t MaxHeapSize                              = 1042284544                                {product} {ergonomic}
   size_t MaxNewSize                               = 624951296                                 {product} {ergonomic}
   size_t MinHeapDeltaBytes                        = 1048576                                   {product} {ergonomic}
   size_t MinHeapSize                              = 8388608                                   {product} {ergonomic}
    uintx NonNMethodCodeHeapSize                   = 5832704                                {pd product} {ergonomic}
    uintx NonProfiledCodeHeapSize                  = 122945536                              {pd product} {ergonomic}
    uintx ProfiledCodeHeapSize                     = 122880000                              {pd product} {ergonomic}
    uintx ReservedCodeCacheSize                    = 251658240                              {pd product} {ergonomic}
     bool SegmentedCodeCache                       = true                                      {product} {ergonomic}
   size_t SoftMaxHeapSize                          = 1042284544                             {manageable} {ergonomic}
     bool UseCompressedOops                        = true                           {product lp64_product} {ergonomic}
     bool UseG1GC                                  = true                                      {product} {ergonomic}
     bool UseLargePagesIndividualAllocation        = false                                  {pd product} {ergonomic}

Logging:
Log output configuration:
 #0: stdout all=warning uptime,level,tags foldmultilines=false
 #1: stderr all=off uptime,level,tags foldmultilines=false

Environment Variables:
JAVA_HOME=C:\Program Files\Apache NetBeans\jdk
PATH=C:\Program Files\Java\jdk-21.0.6\bin;C:\Program Files\Common Files\Oracle\Java\javapath;C:\Program Files (x86)\Common Files\Oracle\Java\java8path;C:\Program Files (x86)\Common Files\Oracle\Java\javapath;C:\Windows\system32;C:\Windows;C:\Windows\System32\Wbem;C:\Windows\System32\WindowsPowerShell\v1.0\;C:\Windows\System32\OpenSSH\;C:\Program Files\dotnet\;C:\Program Files\Git\cmd;C:\Program Files\Cloudflare\Cloudflare WARP\;C:\Program Files\MySQL\MySQL Shell 8.0\bin\;C:\Users\User\AppData\Local\Programs\Python\Python313\Scripts\;C:\Users\User\AppData\Local\Programs\Python\Python313\;C:\Users\User\AppData\Local\Microsoft\WindowsApps;C:\Users\User\AppData\Local\Programs\Microsoft VS Code\bin
USERNAME=User
OS=Windows_NT
PROCESSOR_IDENTIFIER=Intel64 Family 6 Model 78 Stepping 3, GenuineIntel
TMP=C:\Users\User\AppData\Local\Temp
TEMP=C:\Users\User\AppData\Local\Temp




Periodic native trim disabled

---------------  S Y S T E M  ---------------

OS:
 Windows 10 , 64 bit Build 19041 (10.0.19041.5915)
OS uptime: 0 days 7:05 hours

CPU: total 4 (initial active 4) (2 cores per cpu, 2 threads per core) family 6 model 78 stepping 3 microcode 0xcc, cx8, cmov, fxsr, ht, mmx, 3dnowpref, sse, sse2, sse3, ssse3, sse4.1, sse4.2, popcnt, lzcnt, tsc, tscinvbit, avx, avx2, aes, erms, clmul, bmi1, bmi2, adx, fma, vzeroupper, clflush, clflushopt, rdtscp, f16c
Processor Information for the first 4 processors :
  Max Mhz: 1992, Current Mhz: 1992, Mhz Limit: 1992

Memory: 4k page, system-wide physical 3970M (377M free)
TotalPageFile size 16258M (AvailPageFile size 12M)
current process WorkingSet (physical memory assigned to process): 165M, peak: 165M
current process commit charge ("private bytes"): 207M, peak: 217M

vm_info: OpenJDK 64-Bit Server VM (24.0.2+12) for windows-amd64 JRE (24.0.2+12) (Zulu24.32+13-CA), built on 2025-07-11T12:45:44Z with MS VC++ 17.1 (VS2022)

END.
