#
# There is insufficient memory for the Java Runtime Environment to continue.
# Native memory allocation (mmap) failed to map 103809024 bytes. Error detail: G1 virtual space
# Possible reasons:
#   The system is out of physical RAM or swap space
#   This process is running with CompressedOops enabled, and the Java Heap may be blocking the growth of the native heap
# Possible solutions:
#   Reduce memory load on the system
#   Increase physical memory or swap space
#   Check if swap backing store is full
#   Decrease Java heap size (-Xmx/-Xms)
#   Decrease number of Java threads
#   Decrease Java thread stack sizes (-Xss)
#   Set larger code cache with -XX:ReservedCodeCacheSize=
#   JVM is running with Unscaled Compressed Oops mode in which the Java heap is
#     placed in the first 4GB address space. The Java Heap base address is the
#     maximum limit for the native heap growth. Please use -XX:HeapBaseMinAddress
#     to set the Java Heap base and to place the Java Heap above 4GB virtual address.
# This output file may be truncated or incomplete.
#
#  Out of Memory Error (os_windows.cpp:3564), pid=6372, tid=7556
#
# JRE version: OpenJDK Runtime Environment Zulu24.32+13-CA (24.0.2+12) (build 24.0.2+12)
# Java VM: OpenJDK 64-Bit Server VM Zulu24.32+13-CA (24.0.2+12, mixed mode, sharing, tiered, compressed oops, compressed class ptrs, g1 gc, windows-amd64)
# No core dump will be written. Minidumps are not enabled by default on client versions of Windows
#

---------------  S U M M A R Y ------------

Command Line: --enable-native-access=ALL-UNNAMED -Dclassworlds.conf=C:\Users\User\.m2\wrapper\dists\apache-maven-3.9.11\03d7e36a140982eea48e22c1dcac01d8862b2550b2939e09a0809bbc5182a5bc\bin\m2.conf -Dmaven.home=C:\Users\User\.m2\wrapper\dists\apache-maven-3.9.11\03d7e36a140982eea48e22c1dcac01d8862b2550b2939e09a0809bbc5182a5bc -Dlibrary.jansi.path=C:\Users\User\.m2\wrapper\dists\apache-maven-3.9.11\03d7e36a140982eea48e22c1dcac01d8862b2550b2939e09a0809bbc5182a5bc\lib\jansi-native -Dmaven.multiModuleProjectDirectory=C:\Users\User\Documents\NetBeansProjects\hospital-vida-nova org.codehaus.plexus.classworlds.launcher.Launcher -Dexec.vmArgs= -Dexec.appArgs= -Dmaven.ext.class.path=C:\Program Files\Apache NetBeans\java\maven-nblib\netbeans-eventspy.jar --no-transfer-progress spring-boot:run

Host: Intel(R) Core(TM) i3-6006U CPU @ 2.00GHz, 4 cores, 3G,  Windows 10 , 64 bit Build 19041 (10.0.19041.5915)
Time: Tue Nov 25 18:56:05 2025 Hora oficial do Brasil elapsed time: 12.878835 seconds (0d 0h 0m 12s)

---------------  T H R E A D  ---------------

Current thread (0x000001852aacc930):  VMThread "VM Thread"          [id=7556, stack(0x0000008394600000,0x0000008394700000) (1024K)]

Stack: [0x0000008394600000,0x0000008394700000]
Native frames: (J=compiled Java code, j=interpreted, Vv=VM code, C=native code)
V  [jvm.dll+0x741329]  (no source info available)
V  [jvm.dll+0x97e243]  (no source info available)
V  [jvm.dll+0x98056d]  (no source info available)
V  [jvm.dll+0x980be3]  (no source info available)
V  [jvm.dll+0x2b5a76]  (no source info available)
V  [jvm.dll+0x73d795]  (no source info available)
V  [jvm.dll+0x730f4a]  (no source info available)
V  [jvm.dll+0x39ea2a]  (no source info available)
V  [jvm.dll+0x3a67a6]  (no source info available)
V  [jvm.dll+0x392fbe]  (no source info available)
V  [jvm.dll+0x393278]  (no source info available)
V  [jvm.dll+0x36a09c]  (no source info available)
V  [jvm.dll+0x36a12a]  (no source info available)
V  [jvm.dll+0x3b7bbd]  (no source info available)
V  [jvm.dll+0x3b6131]  (no source info available)
V  [jvm.dll+0x369867]  (no source info available)
V  [jvm.dll+0x3b5be8]  (no source info available)
V  [jvm.dll+0x986dea]  (no source info available)
V  [jvm.dll+0x98812c]  (no source info available)
V  [jvm.dll+0x988698]  (no source info available)
V  [jvm.dll+0x988933]  (no source info available)
V  [jvm.dll+0x920c78]  (no source info available)
V  [jvm.dll+0x73fab5]  (no source info available)
C  [ucrtbase.dll+0x21bb2]  (no source info available)
C  [KERNEL32.DLL+0x17374]  (no source info available)
C  [ntdll.dll+0x4cc91]  (no source info available)

VM_Operation (0x0000008393ffbf98): G1TryInitiateConcMark, mode: safepoint, requested by thread 0x00000185287a3200


---------------  P R O C E S S  ---------------

Threads class SMR info:
_java_thread_list=0x000001858b85d350, length=12, elements={
0x00000185287a3200, 0x000001852aadd030, 0x0000018545cfefc0, 0x0000018545d02b10,
0x0000018545d058d0, 0x0000018545d0e410, 0x0000018545d0ef40, 0x0000018545d1e5a0,
0x0000018545d41540, 0x000001858b0b7750, 0x000001858b0bb6e0, 0x000001858c800ef0
}

Java Threads: ( => current thread )
  0x00000185287a3200 JavaThread "main"                              [_thread_blocked, id=11040, stack(0x0000008393f00000,0x0000008394000000) (1024K)]
  0x000001852aadd030 JavaThread "Reference Handler"          daemon [_thread_blocked, id=10268, stack(0x0000008394700000,0x0000008394800000) (1024K)]
  0x0000018545cfefc0 JavaThread "Finalizer"                  daemon [_thread_blocked, id=10044, stack(0x0000008394800000,0x0000008394900000) (1024K)]
  0x0000018545d02b10 JavaThread "Signal Dispatcher"          daemon [_thread_blocked, id=11916, stack(0x0000008394900000,0x0000008394a00000) (1024K)]
  0x0000018545d058d0 JavaThread "Attach Listener"            daemon [_thread_blocked, id=5772, stack(0x0000008394a00000,0x0000008394b00000) (1024K)]
  0x0000018545d0e410 JavaThread "Service Thread"             daemon [_thread_blocked, id=3176, stack(0x0000008394b00000,0x0000008394c00000) (1024K)]
  0x0000018545d0ef40 JavaThread "Monitor Deflation Thread"   daemon [_thread_blocked, id=2856, stack(0x0000008394c00000,0x0000008394d00000) (1024K)]
  0x0000018545d1e5a0 JavaThread "C2 CompilerThread0"         daemon [_thread_blocked, id=5068, stack(0x0000008394d00000,0x0000008394e00000) (1024K)]
  0x0000018545d41540 JavaThread "C1 CompilerThread0"         daemon [_thread_blocked, id=11292, stack(0x0000008394e00000,0x0000008394f00000) (1024K)]
  0x000001858b0b7750 JavaThread "Notification Thread"        daemon [_thread_blocked, id=8500, stack(0x0000008394f00000,0x0000008395000000) (1024K)]
  0x000001858b0bb6e0 JavaThread "Common-Cleaner"             daemon [_thread_blocked, id=3432, stack(0x0000008395000000,0x0000008395100000) (1024K)]
  0x000001858c800ef0 JavaThread "C2 CompilerThread1"         daemon [_thread_blocked, id=9840, stack(0x0000008395100000,0x0000008395200000) (1024K)]
Total: 12

Other Threads:
=>0x000001852aacc930 VMThread "VM Thread"                           [id=7556, stack(0x0000008394600000,0x0000008394700000) (1024K)]
  0x000001852aac06a0 WatcherThread "VM Periodic Task Thread"        [id=8820, stack(0x0000008394500000,0x0000008394600000) (1024K)]
  0x000001852aa46b70 WorkerThread "GC Thread#0"                     [id=10292, stack(0x0000008394000000,0x0000008394100000) (1024K)]
  0x000001858bba7970 WorkerThread "GC Thread#1"                     [id=812, stack(0x0000008395200000,0x0000008395300000) (1024K)]
  0x000001858bba67c0 WorkerThread "GC Thread#2"                     [id=2244, stack(0x0000008395300000,0x0000008395400000) (1024K)]
  0x000001858bba6b70 WorkerThread "GC Thread#3"                     [id=10024, stack(0x0000008395400000,0x0000008395500000) (1024K)]
  0x000001852aa51890 ConcurrentGCThread "G1 Main Marker"            [id=6332, stack(0x0000008394100000,0x0000008394200000) (1024K)]
  0x000001852aa55b60 WorkerThread "G1 Conc#0"                       [id=3584, stack(0x0000008394200000,0x0000008394300000) (1024K)]
  0x000001852aab3f60 ConcurrentGCThread "G1 Refine#0"               [id=6724, stack(0x0000008394300000,0x0000008394400000) (1024K)]
  0x000001852aab49f0 ConcurrentGCThread "G1 Service"                [id=8240, stack(0x0000008394400000,0x0000008394500000) (1024K)]
Total: 10

Threads with active compile tasks:
Total: 0

VM state: at safepoint (normal execution)

VM Mutex/Monitor currently owned by a thread:  ([mutex/lock_event])
[0x00007fff32485048] Threads_lock - owner thread: 0x000001852aacc930
[0x00007fff32485148] Heap_lock - owner thread: 0x00000185287a3200

Heap address: 0x00000000c1e00000, size: 994 MB, Compressed Oops mode: 32-bit

CDS archive(s) mapped at: [0x0000018546000000-0x0000018546d40000-0x0000018546d40000), size 13893632, SharedBaseAddress: 0x0000018546000000, ArchiveRelocationMode: 1.
Compressed class space mapped at: 0x0000018547000000-0x0000018587000000, reserved size: 1073741824
UseCompressedClassPointers 1, UseCompactObjectHeaders 0
Narrow klass pointer bits 32, Max shift 3
Narrow klass base: 0x0000018546000000, Narrow klass shift: 0
Encoding Range: [0x0000018546000000 - 0x0000018646000000), (4294967296 bytes)
Klass Range:    [0x0000018546000000 - 0x0000018587000000), (1090519040 bytes)
Klass ID Range:  [8 - 1090519033) (1090519025)

GC Precious Log:
 CardTable entry size: 512
 Card Set container configuration: InlinePtr #cards 5 size 8 Array Of Cards #cards 10 size 36 Howl #buckets 4 coarsen threshold 1843 Howl Bitmap #cards 512 size 80 coarsen threshold 460 Card regions per heap region 1 cards per card region 2048
 CPUs: 4 total, 4 available
 Memory: 3970M
 Large Page Support: Disabled
 NUMA Support: Disabled
 Compressed Oops: Enabled (32-bit)
 Heap Region Size: 1M
 Heap Min Capacity: 8M
 Heap Initial Capacity: 64M
 Heap Max Capacity: 994M
 Pre-touch: Disabled
 Parallel Workers: 4
 Concurrent Workers: 1
 Concurrent Refinement Workers: 4
 Periodic GC: Disabled

Heap:
 garbage-first heap   total reserved 1017856K, committed 89088K, used 50688K [0x00000000c1e00000, 0x0000000100000000)
  region size 1024K, 4 young (4096K), 4 survivors (4096K)
 Metaspace       used 27750K, committed 28096K, reserved 1114112K
  class space    used 2751K, committed 2944K, reserved 1048576K

Heap Regions: E=young(eden), S=young(survivor), O=old, HS=humongous(starts), HC=humongous(continues), CS=collection set, F=free, TAMS=top-at-mark-start, PB=parsable bottom
|   0|0x00000000c1e00000, 0x00000000c1f00000, 0x00000000c1f00000|100%| O|  |TAMS 0x00000000c1f00000| PB 0x00000000c1e00000| Untracked |  0
|   1|0x00000000c1f00000, 0x00000000c2000000, 0x00000000c2000000|100%| O|  |TAMS 0x00000000c2000000| PB 0x00000000c1f00000| Untracked |  0
|   2|0x00000000c2000000, 0x00000000c2100000, 0x00000000c2100000|100%| O|  |TAMS 0x00000000c2100000| PB 0x00000000c2000000| Untracked |  0
|   3|0x00000000c2100000, 0x00000000c2200000, 0x00000000c2200000|100%| O|  |TAMS 0x00000000c2200000| PB 0x00000000c2100000| Untracked |  0
|   4|0x00000000c2200000, 0x00000000c2300000, 0x00000000c2300000|100%| O|  |TAMS 0x00000000c2300000| PB 0x00000000c2200000| Untracked |  0
|   5|0x00000000c2300000, 0x00000000c2400000, 0x00000000c2400000|100%| O|  |TAMS 0x00000000c2400000| PB 0x00000000c2300000| Untracked |  0
|   6|0x00000000c2400000, 0x00000000c2500000, 0x00000000c2500000|100%| O|  |TAMS 0x00000000c2500000| PB 0x00000000c2400000| Untracked |  0
|   7|0x00000000c2500000, 0x00000000c2600000, 0x00000000c2600000|100%| O|  |TAMS 0x00000000c2600000| PB 0x00000000c2500000| Untracked |  0
|   8|0x00000000c2600000, 0x00000000c2700000, 0x00000000c2700000|100%| O|  |TAMS 0x00000000c2700000| PB 0x00000000c2600000| Untracked |  0
|   9|0x00000000c2700000, 0x00000000c2800000, 0x00000000c2800000|100%| O|  |TAMS 0x00000000c2800000| PB 0x00000000c2700000| Untracked |  0
|  10|0x00000000c2800000, 0x00000000c2900000, 0x00000000c2900000|100%| O|  |TAMS 0x00000000c2900000| PB 0x00000000c2800000| Untracked |  0
|  11|0x00000000c2900000, 0x00000000c2a00000, 0x00000000c2a00000|100%| O|  |TAMS 0x00000000c2a00000| PB 0x00000000c2900000| Untracked |  0
|  12|0x00000000c2a00000, 0x00000000c2b00000, 0x00000000c2b00000|100%| O|  |TAMS 0x00000000c2a00000| PB 0x00000000c2a00000| Untracked |  0
|  13|0x00000000c2b00000, 0x00000000c2c00000, 0x00000000c2c00000|100%| O|  |TAMS 0x00000000c2b00000| PB 0x00000000c2b00000| Untracked |  0
|  14|0x00000000c2c00000, 0x00000000c2d00000, 0x00000000c2d00000|100%|HS|  |TAMS 0x00000000c2d00000| PB 0x00000000c2c00000| Complete |  0
|  15|0x00000000c2d00000, 0x00000000c2e00000, 0x00000000c2e00000|100%|HS|  |TAMS 0x00000000c2e00000| PB 0x00000000c2d00000| Complete |  0
|  16|0x00000000c2e00000, 0x00000000c2f00000, 0x00000000c2f00000|100%|HC|  |TAMS 0x00000000c2f00000| PB 0x00000000c2e00000| Complete |  0
|  17|0x00000000c2f00000, 0x00000000c3000000, 0x00000000c3000000|100%| O|  |TAMS 0x00000000c3000000| PB 0x00000000c2f00000| Untracked |  0
|  18|0x00000000c3000000, 0x00000000c3100000, 0x00000000c3100000|100%|HS|  |TAMS 0x00000000c3100000| PB 0x00000000c3000000| Complete |  0
|  19|0x00000000c3100000, 0x00000000c3200000, 0x00000000c3200000|100%| O|  |TAMS 0x00000000c3200000| PB 0x00000000c3100000| Untracked |  0
|  20|0x00000000c3200000, 0x00000000c3300000, 0x00000000c3300000|100%| O|  |TAMS 0x00000000c3300000| PB 0x00000000c3200000| Untracked |  0
|  21|0x00000000c3300000, 0x00000000c3400000, 0x00000000c3400000|100%| O|  |TAMS 0x00000000c3400000| PB 0x00000000c3300000| Untracked |  0
|  22|0x00000000c3400000, 0x00000000c3500000, 0x00000000c3500000|100%| O|  |TAMS 0x00000000c3500000| PB 0x00000000c3400000| Untracked |  0
|  23|0x00000000c3500000, 0x00000000c3600000, 0x00000000c3600000|100%| O|  |TAMS 0x00000000c3600000| PB 0x00000000c3500000| Untracked |  0
|  24|0x00000000c3600000, 0x00000000c3700000, 0x00000000c3700000|100%| O|  |TAMS 0x00000000c3700000| PB 0x00000000c3600000| Untracked |  0
|  25|0x00000000c3700000, 0x00000000c3800000, 0x00000000c3800000|100%| O|  |TAMS 0x00000000c3700000| PB 0x00000000c3700000| Untracked |  0
|  26|0x00000000c3800000, 0x00000000c3900000, 0x00000000c3900000|100%| O|  |TAMS 0x00000000c3800000| PB 0x00000000c3800000| Untracked |  0
|  27|0x00000000c3900000, 0x00000000c3a00000, 0x00000000c3a00000|100%| O|  |TAMS 0x00000000c3900000| PB 0x00000000c3900000| Untracked |  0
|  28|0x00000000c3a00000, 0x00000000c3a80000, 0x00000000c3b00000| 50%| O|  |TAMS 0x00000000c3a00000| PB 0x00000000c3a00000| Untracked |  0
|  29|0x00000000c3b00000, 0x00000000c3b00000, 0x00000000c3c00000|  0%| F|  |TAMS 0x00000000c3b00000| PB 0x00000000c3b00000| Untracked |  0
|  30|0x00000000c3c00000, 0x00000000c3d00000, 0x00000000c3d00000|100%|HS|  |TAMS 0x00000000c3d00000| PB 0x00000000c3c00000| Complete |  0
|  31|0x00000000c3d00000, 0x00000000c3e00000, 0x00000000c3e00000|100%|HC|  |TAMS 0x00000000c3e00000| PB 0x00000000c3d00000| Complete |  0
|  32|0x00000000c3e00000, 0x00000000c3f00000, 0x00000000c3f00000|100%| O|  |TAMS 0x00000000c3f00000| PB 0x00000000c3e00000| Untracked |  0
|  33|0x00000000c3f00000, 0x00000000c4000000, 0x00000000c4000000|100%| O|  |TAMS 0x00000000c4000000| PB 0x00000000c3f00000| Untracked |  0
|  34|0x00000000c4000000, 0x00000000c4100000, 0x00000000c4100000|100%| O|  |TAMS 0x00000000c4100000| PB 0x00000000c4000000| Untracked |  0
|  35|0x00000000c4100000, 0x00000000c4200000, 0x00000000c4200000|100%| O|  |TAMS 0x00000000c4200000| PB 0x00000000c4100000| Untracked |  0
|  36|0x00000000c4200000, 0x00000000c4300000, 0x00000000c4300000|100%| O|  |TAMS 0x00000000c4300000| PB 0x00000000c4200000| Untracked |  0
|  37|0x00000000c4300000, 0x00000000c4400000, 0x00000000c4400000|100%| O|  |TAMS 0x00000000c4400000| PB 0x00000000c4300000| Untracked |  0
|  38|0x00000000c4400000, 0x00000000c4500000, 0x00000000c4500000|100%| O|  |TAMS 0x00000000c4500000| PB 0x00000000c4400000| Untracked |  0
|  39|0x00000000c4500000, 0x00000000c4600000, 0x00000000c4600000|100%| O|  |TAMS 0x00000000c4600000| PB 0x00000000c4500000| Untracked |  0
|  40|0x00000000c4600000, 0x00000000c4600000, 0x00000000c4700000|  0%| F|  |TAMS 0x00000000c4600000| PB 0x00000000c4600000| Untracked |  0
|  41|0x00000000c4700000, 0x00000000c4700000, 0x00000000c4800000|  0%| F|  |TAMS 0x00000000c4700000| PB 0x00000000c4700000| Untracked |  0
|  42|0x00000000c4800000, 0x00000000c4800000, 0x00000000c4900000|  0%| F|  |TAMS 0x00000000c4800000| PB 0x00000000c4800000| Untracked |  0
|  43|0x00000000c4900000, 0x00000000c4900000, 0x00000000c4a00000|  0%| F|  |TAMS 0x00000000c4900000| PB 0x00000000c4900000| Untracked |  0
|  44|0x00000000c4a00000, 0x00000000c4a00000, 0x00000000c4b00000|  0%| F|  |TAMS 0x00000000c4a00000| PB 0x00000000c4a00000| Untracked |  0
|  45|0x00000000c4b00000, 0x00000000c4b00000, 0x00000000c4c00000|  0%| F|  |TAMS 0x00000000c4b00000| PB 0x00000000c4b00000| Untracked |  0
|  46|0x00000000c4c00000, 0x00000000c4c00000, 0x00000000c4d00000|  0%| F|  |TAMS 0x00000000c4c00000| PB 0x00000000c4c00000| Untracked |  0
|  47|0x00000000c4d00000, 0x00000000c4d00000, 0x00000000c4e00000|  0%| F|  |TAMS 0x00000000c4d00000| PB 0x00000000c4d00000| Untracked |  0
|  48|0x00000000c4e00000, 0x00000000c4e00000, 0x00000000c4f00000|  0%| F|  |TAMS 0x00000000c4e00000| PB 0x00000000c4e00000| Untracked |  0
|  49|0x00000000c4f00000, 0x00000000c4f00000, 0x00000000c5000000|  0%| F|  |TAMS 0x00000000c4f00000| PB 0x00000000c4f00000| Untracked |  0
|  50|0x00000000c5000000, 0x00000000c5000000, 0x00000000c5100000|  0%| F|  |TAMS 0x00000000c5000000| PB 0x00000000c5000000| Untracked |  0
|  51|0x00000000c5100000, 0x00000000c5100000, 0x00000000c5200000|  0%| F|  |TAMS 0x00000000c5100000| PB 0x00000000c5100000| Untracked |  0
|  52|0x00000000c5200000, 0x00000000c5200000, 0x00000000c5300000|  0%| F|  |TAMS 0x00000000c5200000| PB 0x00000000c5200000| Untracked |  0
|  53|0x00000000c5300000, 0x00000000c5300000, 0x00000000c5400000|  0%| F|  |TAMS 0x00000000c5300000| PB 0x00000000c5300000| Untracked |  0
|  54|0x00000000c5400000, 0x00000000c5400000, 0x00000000c5500000|  0%| F|  |TAMS 0x00000000c5400000| PB 0x00000000c5400000| Untracked |  0
|  55|0x00000000c5500000, 0x00000000c5500000, 0x00000000c5600000|  0%| F|  |TAMS 0x00000000c5500000| PB 0x00000000c5500000| Untracked |  0
|  56|0x00000000c5600000, 0x00000000c5600000, 0x00000000c5700000|  0%| F|  |TAMS 0x00000000c5600000| PB 0x00000000c5600000| Untracked |  0
|  57|0x00000000c5700000, 0x00000000c5700000, 0x00000000c5800000|  0%| F|  |TAMS 0x00000000c5700000| PB 0x00000000c5700000| Untracked |  0
|  58|0x00000000c5800000, 0x00000000c5800000, 0x00000000c5900000|  0%| F|  |TAMS 0x00000000c5800000| PB 0x00000000c5800000| Untracked |  0
|  59|0x00000000c5900000, 0x00000000c5900000, 0x00000000c5a00000|  0%| F|  |TAMS 0x00000000c5900000| PB 0x00000000c5900000| Untracked |  0
|  60|0x00000000c5a00000, 0x00000000c5a00000, 0x00000000c5b00000|  0%| F|  |TAMS 0x00000000c5a00000| PB 0x00000000c5a00000| Untracked |  0
|  61|0x00000000c5b00000, 0x00000000c5b00000, 0x00000000c5c00000|  0%| F|  |TAMS 0x00000000c5b00000| PB 0x00000000c5b00000| Untracked |  0
|  62|0x00000000c5c00000, 0x00000000c5c00000, 0x00000000c5d00000|  0%| F|  |TAMS 0x00000000c5c00000| PB 0x00000000c5c00000| Untracked |  0
|  63|0x00000000c5d00000, 0x00000000c5d00000, 0x00000000c5e00000|  0%| F|  |TAMS 0x00000000c5d00000| PB 0x00000000c5d00000| Untracked |  0
|  64|0x00000000c5e00000, 0x00000000c5e00000, 0x00000000c5f00000|  0%| F|  |TAMS 0x00000000c5e00000| PB 0x00000000c5e00000| Untracked |  0
|  65|0x00000000c5f00000, 0x00000000c6000000, 0x00000000c6000000|100%| S|CS|TAMS 0x00000000c5f00000| PB 0x00000000c5f00000| Complete |  0
|  66|0x00000000c6000000, 0x00000000c6100000, 0x00000000c6100000|100%| S|CS|TAMS 0x00000000c6000000| PB 0x00000000c6000000| Complete |  0
|  67|0x00000000c6100000, 0x00000000c6200000, 0x00000000c6200000|100%| S|CS|TAMS 0x00000000c6100000| PB 0x00000000c6100000| Complete |  0
|  68|0x00000000c6200000, 0x00000000c6300000, 0x00000000c6300000|100%| S|CS|TAMS 0x00000000c6200000| PB 0x00000000c6200000| Complete |  0
|  69|0x00000000c6300000, 0x00000000c6300000, 0x00000000c6400000|  0%| F|  |TAMS 0x00000000c6300000| PB 0x00000000c6300000| Untracked |  0
|  70|0x00000000c6400000, 0x00000000c6400000, 0x00000000c6500000|  0%| F|  |TAMS 0x00000000c6400000| PB 0x00000000c6400000| Untracked |  0
|  71|0x00000000c6500000, 0x00000000c6500000, 0x00000000c6600000|  0%| F|  |TAMS 0x00000000c6500000| PB 0x00000000c6500000| Untracked |  0
|  72|0x00000000c6600000, 0x00000000c6600000, 0x00000000c6700000|  0%| F|  |TAMS 0x00000000c6600000| PB 0x00000000c6600000| Untracked |  0
|  73|0x00000000c6700000, 0x00000000c6700000, 0x00000000c6800000|  0%| F|  |TAMS 0x00000000c6700000| PB 0x00000000c6700000| Untracked |  0
|  74|0x00000000c6800000, 0x00000000c6800000, 0x00000000c6900000|  0%| F|  |TAMS 0x00000000c6800000| PB 0x00000000c6800000| Untracked |  0
|  75|0x00000000c6900000, 0x00000000c6900000, 0x00000000c6a00000|  0%| F|  |TAMS 0x00000000c6900000| PB 0x00000000c6900000| Untracked |  0
|  76|0x00000000c6a00000, 0x00000000c6a00000, 0x00000000c6b00000|  0%| F|  |TAMS 0x00000000c6a00000| PB 0x00000000c6a00000| Untracked |  0
|  77|0x00000000c6b00000, 0x00000000c6b00000, 0x00000000c6c00000|  0%| F|  |TAMS 0x00000000c6b00000| PB 0x00000000c6b00000| Untracked |  0
|  78|0x00000000c6c00000, 0x00000000c6c00000, 0x00000000c6d00000|  0%| F|  |TAMS 0x00000000c6c00000| PB 0x00000000c6c00000| Untracked |  0
| 986|0x00000000ff800000, 0x00000000ff900000, 0x00000000ff900000|100%| O|  |TAMS 0x00000000ff900000| PB 0x00000000ff800000| Untracked |  0
| 987|0x00000000ff900000, 0x00000000ffa00000, 0x00000000ffa00000|100%| O|  |TAMS 0x00000000ffa00000| PB 0x00000000ff900000| Untracked |  0
| 988|0x00000000ffa00000, 0x00000000ffb00000, 0x00000000ffb00000|100%| O|  |TAMS 0x00000000ffb00000| PB 0x00000000ffa00000| Untracked |  0
| 989|0x00000000ffb00000, 0x00000000ffc00000, 0x00000000ffc00000|100%| O|  |TAMS 0x00000000ffc00000| PB 0x00000000ffb00000| Untracked |  0
| 990|0x00000000ffc00000, 0x00000000ffd00000, 0x00000000ffd00000|100%| O|  |TAMS 0x00000000ffd00000| PB 0x00000000ffc00000| Untracked |  0
| 991|0x00000000ffd00000, 0x00000000ffe00000, 0x00000000ffe00000|100%| O|  |TAMS 0x00000000ffe00000| PB 0x00000000ffd00000| Untracked |  0
| 992|0x00000000ffe00000, 0x00000000fff00000, 0x00000000fff00000|100%| O|  |TAMS 0x00000000fff00000| PB 0x00000000ffe00000| Untracked |  0
| 993|0x00000000fff00000, 0x00000000fff00000, 0x0000000100000000|  0%| F|  |TAMS 0x00000000fff00000| PB 0x00000000fff00000| Untracked |  0

Card table byte_map: [0x0000018542720000,0x0000018542920000] _byte_map_base: 0x0000018542111000

Marking Bits: (CMBitMap*) 0x000001852aa47280
 Bits: [0x0000018542920000, 0x00000185438a8000)

Polling page: 0x0000018528900000

Metaspace:

Usage:
  Non-class:     24.41 MB used.
      Class:      2.69 MB used.
       Both:     27.10 MB used.

Virtual space:
  Non-class space:       64.00 MB reserved,      24.56 MB ( 38%) committed,  1 nodes.
      Class space:        1.00 GB reserved,       2.88 MB ( <1%) committed,  1 nodes.
             Both:        1.06 GB reserved,      27.44 MB (  3%) committed. 

Chunk freelists:
   Non-Class:  7.38 MB
       Class:  13.17 MB
        Both:  20.54 MB

MaxMetaspaceSize: unlimited
CompressedClassSpaceSize: 1.00 GB
Initial GC threshold: 21.00 MB
Current GC threshold: 35.75 MB
CDS: on
 - commit_granule_bytes: 65536.
 - commit_granule_words: 8192.
 - virtual_space_node_default_size: 8388608.
 - enlarge_chunks_in_place: 1.
UseCompressedClassPointers 1, UseCompactObjectHeaders 0
Narrow klass pointer bits 32, Max shift 3
Narrow klass base: 0x0000018546000000, Narrow klass shift: 0
Encoding Range: [0x0000018546000000 - 0x0000018646000000), (4294967296 bytes)
Klass Range:    [0x0000018546000000 - 0x0000018587000000), (1090519040 bytes)
Klass ID Range:  [8 - 1090519033) (1090519025)


Internal statistics:

num_allocs_failed_limit: 6.
num_arena_births: 284.
num_arena_deaths: 0.
num_vsnodes_births: 2.
num_vsnodes_deaths: 0.
num_space_committed: 439.
num_space_uncommitted: 0.
num_chunks_returned_to_freelist: 6.
num_chunks_taken_from_freelist: 1283.
num_chunk_merges: 3.
num_chunk_splits: 895.
num_chunks_enlarged: 705.
num_inconsistent_stats: 0.

CodeHeap 'non-profiled nmethods': size=120064Kb used=2874Kb max_used=2874Kb free=117189Kb
 bounds [0x000001853afe0000, 0x000001853b2b0000, 0x0000018542520000]
CodeHeap 'profiled nmethods': size=120000Kb used=12689Kb max_used=12689Kb free=107310Kb
 bounds [0x0000018533520000, 0x0000018534190000, 0x000001853aa50000]
CodeHeap 'non-nmethods': size=5696Kb used=1382Kb max_used=1459Kb free=4313Kb
 bounds [0x000001853aa50000, 0x000001853acc0000, 0x000001853afe0000]
CodeCache: size=245760Kb, used=16945Kb, max_used=17022Kb, free=228812Kb
 total_blobs=7347, nmethods=6798, adapters=454, full_count=0
Compilation: enabled, stopped_count=0, restarted_count=0

Compilation events (20 events):
Event: 12.711 Thread 0x0000018545d1e5a0 nmethod 6790 0x000001853b2a8308 code [0x000001853b2a8400, 0x000001853b2a8500]
Event: 12.712 Thread 0x0000018545d1e5a0 6791       4       java.nio.Buffer::limit (65 bytes)
Event: 12.713 Thread 0x0000018545d1e5a0 nmethod 6791 0x000001853b2a8608 code [0x000001853b2a8700, 0x000001853b2a8808]
Event: 12.742 Thread 0x0000018545d1e5a0 6792       4       sun.nio.fs.WindowsNativeDispatcher::asNativeBuffer (103 bytes)
Event: 12.748 Thread 0x0000018545d41540 6794       3       sun.nio.fs.WindowsPath::getPathForWin32Calls (6 bytes)
Event: 12.748 Thread 0x0000018545d41540 nmethod 6794 0x0000018534182888 code [0x00000185341829a0, 0x0000018534182ad8]
Event: 12.760 Thread 0x0000018545d1e5a0 nmethod 6792 0x000001853b2a8908 code [0x000001853b2a8a80, 0x000001853b2a93f0]
Event: 12.760 Thread 0x0000018545d1e5a0 6793       4       java.util.HashSet::remove (20 bytes)
Event: 12.762 Thread 0x0000018545d1e5a0 nmethod 6793 0x000001853b2a9588 code [0x000001853b2a96a0, 0x000001853b2a97a0]
Event: 12.773 Thread 0x000001858c800ef0 nmethod 6744 0x000001853b2a9888 code [0x000001853b2a9cc0, 0x000001853b2ae100]
Event: 12.794 Thread 0x0000018545d41540 6795       3       java.util.Collections$SingletonMap::containsKey (9 bytes)
Event: 12.794 Thread 0x0000018545d41540 nmethod 6795 0x0000018534182b88 code [0x0000018534182cc0, 0x0000018534182f90]
Event: 12.811 Thread 0x0000018545d1e5a0 6796       4       java.nio.ByteBuffer::<init> (47 bytes)
Event: 12.812 Thread 0x0000018545d41540 6797       3       sun.nio.fs.WindowsPath::equals (26 bytes)
Event: 12.813 Thread 0x0000018545d41540 nmethod 6797 0x0000018534183008 code [0x0000018534183140, 0x0000018534183520]
Event: 12.813 Thread 0x0000018545d1e5a0 nmethod 6796 0x000001853b2ae388 code [0x000001853b2ae4a0, 0x000001853b2ae820]
Event: 12.836 Thread 0x0000018545d41540 6798  s    3       com.sun.tools.javac.file.FSInfo::getJarFSProvider (64 bytes)
Event: 12.837 Thread 0x0000018545d41540 nmethod 6798 0x0000018534183588 code [0x0000018534183740, 0x0000018534184120]
Event: 12.847 Thread 0x0000018545d41540 6799       3       sun.nio.fs.WindowsPath::getFileSystem (5 bytes)
Event: 12.847 Thread 0x0000018545d41540 nmethod 6799 0x0000018534184188 code [0x00000185341842a0, 0x0000018534184440]

GC Heap History (20 events):
Event: 3.418 GC heap after
{Heap after GC invocations=2 (full 0):
 garbage-first heap   total reserved 1017856K, committed 67584K, used 6589K [0x00000000c1e00000, 0x0000000100000000)
  region size 1024K, 3 young (3072K), 3 survivors (3072K)
 Metaspace       used 10976K, committed 11264K, reserved 1114112K
  class space    used 1024K, committed 1152K, reserved 1048576K
}
Event: 5.168 GC heap before
{Heap before GC invocations=2 (full 0):
 garbage-first heap   total reserved 1017856K, committed 67584K, used 38333K [0x00000000c1e00000, 0x0000000100000000)
  region size 1024K, 34 young (34816K), 3 survivors (3072K)
 Metaspace       used 15091K, committed 15360K, reserved 1114112K
  class space    used 1487K, committed 1600K, reserved 1048576K
}
Event: 5.194 GC heap after
{Heap after GC invocations=3 (full 0):
 garbage-first heap   total reserved 1017856K, committed 67584K, used 9763K [0x00000000c1e00000, 0x0000000100000000)
  region size 1024K, 5 young (5120K), 5 survivors (5120K)
 Metaspace       used 15091K, committed 15360K, reserved 1114112K
  class space    used 1487K, committed 1600K, reserved 1048576K
}
Event: 6.177 GC heap before
{Heap before GC invocations=3 (full 0):
 garbage-first heap   total reserved 1017856K, committed 67584K, used 42531K [0x00000000c1e00000, 0x0000000100000000)
  region size 1024K, 37 young (37888K), 5 survivors (5120K)
 Metaspace       used 15887K, committed 16128K, reserved 1114112K
  class space    used 1557K, committed 1664K, reserved 1048576K
}
Event: 6.205 GC heap after
{Heap after GC invocations=4 (full 0):
 garbage-first heap   total reserved 1017856K, committed 67584K, used 13578K [0x00000000c1e00000, 0x0000000100000000)
  region size 1024K, 4 young (4096K), 4 survivors (4096K)
 Metaspace       used 15887K, committed 16128K, reserved 1114112K
  class space    used 1557K, committed 1664K, reserved 1048576K
}
Event: 7.317 GC heap before
{Heap before GC invocations=4 (full 0):
 garbage-first heap   total reserved 1017856K, committed 67584K, used 46346K [0x00000000c1e00000, 0x0000000100000000)
  region size 1024K, 36 young (36864K), 4 survivors (4096K)
 Metaspace       used 16376K, committed 16704K, reserved 1114112K
  class space    used 1576K, committed 1728K, reserved 1048576K
}
Event: 7.331 GC heap after
{Heap after GC invocations=5 (full 0):
 garbage-first heap   total reserved 1017856K, committed 67584K, used 14509K [0x00000000c1e00000, 0x0000000100000000)
  region size 1024K, 2 young (2048K), 2 survivors (2048K)
 Metaspace       used 16376K, committed 16704K, reserved 1114112K
  class space    used 1576K, committed 1728K, reserved 1048576K
}
Event: 7.701 GC heap before
{Heap before GC invocations=5 (full 0):
 garbage-first heap   total reserved 1017856K, committed 67584K, used 29869K [0x00000000c1e00000, 0x0000000100000000)
  region size 1024K, 10 young (10240K), 2 survivors (2048K)
 Metaspace       used 17287K, committed 17600K, reserved 1114112K
  class space    used 1677K, committed 1792K, reserved 1048576K
}
Event: 7.710 GC heap after
{Heap after GC invocations=6 (full 0):
 garbage-first heap   total reserved 1017856K, committed 81920K, used 23220K [0x00000000c1e00000, 0x0000000100000000)
  region size 1024K, 3 young (3072K), 3 survivors (3072K)
 Metaspace       used 17287K, committed 17600K, reserved 1114112K
  class space    used 1677K, committed 1792K, reserved 1048576K
}
Event: 7.716 GC heap before
{Heap before GC invocations=6 (full 0):
 garbage-first heap   total reserved 1017856K, committed 81920K, used 35508K [0x00000000c1e00000, 0x0000000100000000)
  region size 1024K, 4 young (4096K), 3 survivors (3072K)
 Metaspace       used 17287K, committed 17600K, reserved 1114112K
  class space    used 1677K, committed 1792K, reserved 1048576K
}
Event: 7.723 GC heap after
{Heap after GC invocations=7 (full 0):
 garbage-first heap   total reserved 1017856K, committed 81920K, used 35519K [0x00000000c1e00000, 0x0000000100000000)
  region size 1024K, 3 young (3072K), 3 survivors (3072K)
 Metaspace       used 17287K, committed 17600K, reserved 1114112K
  class space    used 1677K, committed 1792K, reserved 1048576K
}
Event: 8.733 GC heap before
{Heap before GC invocations=7 (full 0):
 garbage-first heap   total reserved 1017856K, committed 81920K, used 65215K [0x00000000c1e00000, 0x0000000100000000)
  region size 1024K, 21 young (21504K), 3 survivors (3072K)
 Metaspace       used 19588K, committed 19904K, reserved 1114112K
  class space    used 1880K, committed 2048K, reserved 1048576K
}
Event: 8.742 GC heap after
{Heap after GC invocations=8 (full 0):
 garbage-first heap   total reserved 1017856K, committed 81920K, used 16485K [0x00000000c1e00000, 0x0000000100000000)
  region size 1024K, 4 young (4096K), 4 survivors (4096K)
 Metaspace       used 19588K, committed 19904K, reserved 1114112K
  class space    used 1880K, committed 2048K, reserved 1048576K
}
Event: 9.197 GC heap before
{Heap before GC invocations=8 (full 0):
 garbage-first heap   total reserved 1017856K, committed 81920K, used 33893K [0x00000000c1e00000, 0x0000000100000000)
  region size 1024K, 17 young (17408K), 4 survivors (4096K)
 Metaspace       used 21107K, committed 21504K, reserved 1114112K
  class space    used 2048K, committed 2240K, reserved 1048576K
}
Event: 9.214 GC heap after
{Heap after GC invocations=9 (full 0):
 garbage-first heap   total reserved 1017856K, committed 81920K, used 24371K [0x00000000c1e00000, 0x0000000100000000)
  region size 1024K, 6 young (6144K), 6 survivors (6144K)
 Metaspace       used 21107K, committed 21504K, reserved 1114112K
  class space    used 2048K, committed 2240K, reserved 1048576K
}
Event: 11.102 GC heap before
{Heap before GC invocations=10 (full 0):
 garbage-first heap   total reserved 1017856K, committed 81920K, used 69427K [0x00000000c1e00000, 0x0000000100000000)
  region size 1024K, 48 young (49152K), 6 survivors (6144K)
 Metaspace       used 26043K, committed 26496K, reserved 1114112K
  class space    used 2554K, committed 2752K, reserved 1048576K
}
Event: 11.141 GC heap after
{Heap after GC invocations=11 (full 0):
 garbage-first heap   total reserved 1017856K, committed 89088K, used 36976K [0x00000000c1e00000, 0x0000000100000000)
  region size 1024K, 6 young (6144K), 6 survivors (6144K)
 Metaspace       used 26043K, committed 26496K, reserved 1114112K
  class space    used 2554K, committed 2752K, reserved 1048576K
}
Event: 12.577 GC heap before
{Heap before GC invocations=11 (full 0):
 garbage-first heap   total reserved 1017856K, committed 89088K, used 74864K [0x00000000c1e00000, 0x0000000100000000)
  region size 1024K, 39 young (39936K), 6 survivors (6144K)
 Metaspace       used 27717K, committed 28096K, reserved 1114112K
  class space    used 2751K, committed 2944K, reserved 1048576K
}
Event: 12.608 GC heap after
{Heap after GC invocations=12 (full 0):
 garbage-first heap   total reserved 1017856K, committed 89088K, used 46080K [0x00000000c1e00000, 0x0000000100000000)
  region size 1024K, 5 young (5120K), 5 survivors (5120K)
 Metaspace       used 27717K, committed 28096K, reserved 1114112K
  class space    used 2751K, committed 2944K, reserved 1048576K
}
Event: 12.856 GC heap before
{Heap before GC invocations=12 (full 0):
 garbage-first heap   total reserved 1017856K, committed 89088K, used 56320K [0x00000000c1e00000, 0x0000000100000000)
  region size 1024K, 16 young (16384K), 5 survivors (5120K)
 Metaspace       used 27750K, committed 28096K, reserved 1114112K
  class space    used 2751K, committed 2944K, reserved 1048576K
}

Dll operation events (8 events):
Event: 0.015 Loaded shared library C:\Program Files\Apache NetBeans\jdk\bin\java.dll
Event: 0.067 Loaded shared library C:\Program Files\Apache NetBeans\jdk\bin\jsvml.dll
Event: 0.098 Loaded shared library C:\Program Files\Apache NetBeans\jdk\bin\net.dll
Event: 0.103 Loaded shared library C:\Program Files\Apache NetBeans\jdk\bin\nio.dll
Event: 0.112 Loaded shared library C:\Program Files\Apache NetBeans\jdk\bin\zip.dll
Event: 0.455 Loaded shared library C:\Program Files\Apache NetBeans\jdk\bin\jimage.dll
Event: 0.459 Loaded shared library C:\Users\User\.m2\wrapper\dists\apache-maven-3.9.11\03d7e36a140982eea48e22c1dcac01d8862b2550b2939e09a0809bbc5182a5bc\lib\jansi-native\Windows\x86_64\jansi.dll
Event: 0.487 Loaded shared library C:\Program Files\Apache NetBeans\jdk\bin\verify.dll

Deoptimization events (20 events):
Event: 12.471 Thread 0x00000185287a3200 Uncommon trap: trap_request=0xffffffcc fr.pc=0x000001853b2a06e4 relative=0x00000000000011e4
Event: 12.471 Thread 0x00000185287a3200 Uncommon trap: reason=intrinsic_or_type_checked_inlining action=make_not_entrant pc=0x000001853b2a06e4 method=java.util.ArrayList.toArray([Ljava/lang/Object;)[Ljava/lang/Object; @ 36 c2
Event: 12.471 Thread 0x00000185287a3200 DEOPT PACKING pc=0x000001853b2a06e4 sp=0x0000008393ffd150
Event: 12.471 Thread 0x00000185287a3200 DEOPT UNPACKING pc=0x000001853ab66382 sp=0x0000008393ffd0e8 mode 2
Event: 12.493 Thread 0x00000185287a3200 Uncommon trap: trap_request=0xffffffde fr.pc=0x000001853b014170 relative=0x00000000000007f0
Event: 12.493 Thread 0x00000185287a3200 Uncommon trap: reason=class_check action=maybe_recompile pc=0x000001853b014170 method=jdk.internal.loader.URLClassPath.getLoader(I)Ljdk/internal/loader/URLClassPath$Loader; @ 91 c2
Event: 12.493 Thread 0x00000185287a3200 DEOPT PACKING pc=0x000001853b014170 sp=0x0000008393ffd440
Event: 12.493 Thread 0x00000185287a3200 DEOPT UNPACKING pc=0x000001853ab66382 sp=0x0000008393ffd408 mode 2
Event: 12.494 Thread 0x00000185287a3200 Uncommon trap: trap_request=0xffffffde fr.pc=0x000001853b014170 relative=0x00000000000007f0
Event: 12.494 Thread 0x00000185287a3200 Uncommon trap: reason=class_check action=maybe_recompile pc=0x000001853b014170 method=jdk.internal.loader.URLClassPath.getLoader(I)Ljdk/internal/loader/URLClassPath$Loader; @ 91 c2
Event: 12.494 Thread 0x00000185287a3200 DEOPT PACKING pc=0x000001853b014170 sp=0x0000008393ffd440
Event: 12.494 Thread 0x00000185287a3200 DEOPT UNPACKING pc=0x000001853ab66382 sp=0x0000008393ffd408 mode 2
Event: 12.500 Thread 0x00000185287a3200 DEOPT PACKING pc=0x0000018533df3697 sp=0x0000008393ffcff0
Event: 12.500 Thread 0x00000185287a3200 DEOPT UNPACKING pc=0x000001853aaa5722 sp=0x0000008393ffc5d8 mode 0
Event: 12.518 Thread 0x00000185287a3200 DEOPT PACKING pc=0x0000018533e6544d sp=0x0000008393ffcad0
Event: 12.518 Thread 0x00000185287a3200 DEOPT UNPACKING pc=0x000001853aaa5722 sp=0x0000008393ffc050 mode 0
Event: 12.573 Thread 0x00000185287a3200 DEOPT PACKING pc=0x0000018533f352a1 sp=0x0000008393ffd140
Event: 12.573 Thread 0x00000185287a3200 DEOPT UNPACKING pc=0x000001853aaa5722 sp=0x0000008393ffc5b8 mode 0
Event: 12.692 Thread 0x00000185287a3200 DEOPT PACKING pc=0x0000018533df3697 sp=0x0000008393ffc540
Event: 12.692 Thread 0x00000185287a3200 DEOPT UNPACKING pc=0x000001853aaa5722 sp=0x0000008393ffbb00 mode 0

Classes loaded (20 events):
Event: 11.501 Loading class java/util/EnumMap$EntrySet
Event: 11.502 Loading class java/util/EnumMap$EntrySet done
Event: 11.502 Loading class java/util/EnumMap$EntryIterator
Event: 11.502 Loading class java/util/EnumMap$EnumMapIterator
Event: 11.503 Loading class java/util/EnumMap$EnumMapIterator done
Event: 11.503 Loading class java/util/EnumMap$EntryIterator done
Event: 11.503 Loading class java/util/EnumMap$EntryIterator$Entry
Event: 11.503 Loading class java/util/EnumMap$EntryIterator$Entry done
Event: 11.512 Loading class java/util/function/ToIntBiFunction
Event: 11.513 Loading class java/util/function/ToIntBiFunction done
Event: 11.642 Loading class java/lang/MatchException
Event: 11.642 Loading class java/lang/MatchException done
Event: 11.978 Loading class java/util/EnumMap$Values
Event: 11.979 Loading class java/util/EnumMap$Values done
Event: 11.980 Loading class java/util/EnumMap$ValueIterator
Event: 11.984 Loading class java/util/EnumMap$ValueIterator done
Event: 11.987 Loading class java/util/WeakHashMap$KeyIterator
Event: 11.988 Loading class java/util/WeakHashMap$HashIterator
Event: 11.988 Loading class java/util/WeakHashMap$HashIterator done
Event: 11.988 Loading class java/util/WeakHashMap$KeyIterator done

Classes unloaded (0 events):
No events

Classes redefined (0 events):
No events

Internal exceptions (20 events):
Event: 11.765 Thread 0x00000185287a3200 Exception <a 'sun/nio/fs/WindowsException'{0x00000000c62f6c90}> (0x00000000c62f6c90) 
thrown [s\src\hotspot\share\prims\jni.cpp, line 518]
Event: 11.765 Thread 0x00000185287a3200 Exception <a 'sun/nio/fs/WindowsException'{0x00000000c6102de0}> (0x00000000c6102de0) 
thrown [s\src\hotspot\share\prims\jni.cpp, line 518]
Event: 11.766 Thread 0x00000185287a3200 Exception <a 'sun/nio/fs/WindowsException'{0x00000000c61208f8}> (0x00000000c61208f8) 
thrown [s\src\hotspot\share\prims\jni.cpp, line 518]
Event: 11.767 Thread 0x00000185287a3200 Exception <a 'sun/nio/fs/WindowsException'{0x00000000c61220c0}> (0x00000000c61220c0) 
thrown [s\src\hotspot\share\prims\jni.cpp, line 518]
Event: 11.770 Thread 0x00000185287a3200 Exception <a 'sun/nio/fs/WindowsException'{0x00000000c612ccd8}> (0x00000000c612ccd8) 
thrown [s\src\hotspot\share\prims\jni.cpp, line 518]
Event: 11.771 Thread 0x00000185287a3200 Exception <a 'sun/nio/fs/WindowsException'{0x00000000c6132e08}> (0x00000000c6132e08) 
thrown [s\src\hotspot\share\prims\jni.cpp, line 518]
Event: 11.772 Thread 0x00000185287a3200 Exception <a 'sun/nio/fs/WindowsException'{0x00000000c61420e8}> (0x00000000c61420e8) 
thrown [s\src\hotspot\share\prims\jni.cpp, line 518]
Event: 11.772 Thread 0x00000185287a3200 Exception <a 'sun/nio/fs/WindowsException'{0x00000000c6143920}> (0x00000000c6143920) 
thrown [s\src\hotspot\share\prims\jni.cpp, line 518]
Event: 11.852 Thread 0x00000185287a3200 Exception <a 'sun/nio/fs/WindowsException'{0x00000000c60acf28}> (0x00000000c60acf28) 
thrown [s\src\hotspot\share\prims\jni.cpp, line 518]
Event: 11.899 Thread 0x00000185287a3200 Exception <a 'java/lang/NoSuchMethodError'{0x00000000c5faea28}: 'java.lang.Object java.lang.invoke.DirectMethodHandle$Holder.newInvokeSpecial(java.lang.Object, java.lang.Object, java.lang.Object, java.lang.Object, java.lang.Object, java.lang.Object, java.lang.Object, java.lang.Object)'> (0x00000000c5faea28) 
thrown [s\src\hotspot\share\interpreter\linkResolver.cpp, line 805]
Event: 11.928 Thread 0x00000185287a3200 Exception <a 'sun/nio/fs/WindowsException'{0x00000000c5fffd18}> (0x00000000c5fffd18) 
thrown [s\src\hotspot\share\prims\jni.cpp, line 518]
Event: 11.945 Thread 0x00000185287a3200 Exception <a 'sun/nio/fs/WindowsException'{0x00000000c5e1fbd0}> (0x00000000c5e1fbd0) 
thrown [s\src\hotspot\share\prims\jni.cpp, line 518]
Event: 11.954 Thread 0x00000185287a3200 Exception <a 'sun/nio/fs/WindowsException'{0x00000000c5e356f0}> (0x00000000c5e356f0) 
thrown [s\src\hotspot\share\prims\jni.cpp, line 518]
Event: 11.966 Thread 0x00000185287a3200 Exception <a 'sun/nio/fs/WindowsException'{0x00000000c5e45c60}> (0x00000000c5e45c60) 
thrown [s\src\hotspot\share\prims\jni.cpp, line 518]
Event: 11.975 Thread 0x00000185287a3200 Exception <a 'sun/nio/fs/WindowsException'{0x00000000c5e52928}> (0x00000000c5e52928) 
thrown [s\src\hotspot\share\prims\jni.cpp, line 518]
Event: 12.467 Thread 0x00000185287a3200 Exception <a 'sun/nio/fs/WindowsException'{0x00000000c5002b18}> (0x00000000c5002b18) 
thrown [s\src\hotspot\share\prims\jni.cpp, line 518]
Event: 12.471 Thread 0x00000185287a3200 Exception <a 'sun/nio/fs/WindowsException'{0x00000000c508de18}> (0x00000000c508de18) 
thrown [s\src\hotspot\share\prims\jni.cpp, line 518]
Event: 12.568 Thread 0x00000185287a3200 Exception <a 'sun/nio/fs/WindowsException'{0x00000000c4ba9818}> (0x00000000c4ba9818) 
thrown [s\src\hotspot\share\prims\jni.cpp, line 518]
Event: 12.569 Thread 0x00000185287a3200 Exception <a 'sun/nio/fs/WindowsException'{0x00000000c4baa3e8}> (0x00000000c4baa3e8) 
thrown [s\src\hotspot\share\prims\jni.cpp, line 518]
Event: 12.569 Thread 0x00000185287a3200 Exception <a 'sun/nio/fs/WindowsException'{0x00000000c4baafe8}> (0x00000000c4baafe8) 
thrown [s\src\hotspot\share\prims\jni.cpp, line 518]

VM Operations (20 events):
Event: 10.638 Executing VM operation: HandshakeAllThreads (Deoptimize) done
Event: 11.102 Executing VM operation: G1CollectForAllocation (G1 Evacuation Pause)
Event: 11.141 Executing VM operation: G1CollectForAllocation (G1 Evacuation Pause) done
Event: 11.270 Executing VM operation: HandshakeAllThreads (Deoptimize)
Event: 11.270 Executing VM operation: HandshakeAllThreads (Deoptimize) done
Event: 11.420 Executing VM operation: HandshakeAllThreads (Deoptimize)
Event: 11.421 Executing VM operation: HandshakeAllThreads (Deoptimize) done
Event: 11.468 Executing VM operation: HandshakeAllThreads (Deoptimize)
Event: 11.468 Executing VM operation: HandshakeAllThreads (Deoptimize) done
Event: 11.472 Executing VM operation: HandshakeAllThreads (Deoptimize)
Event: 11.472 Executing VM operation: HandshakeAllThreads (Deoptimize) done
Event: 11.829 Executing VM operation: HandshakeAllThreads (Deoptimize)
Event: 11.829 Executing VM operation: HandshakeAllThreads (Deoptimize) done
Event: 11.886 Executing VM operation: HandshakeAllThreads (Deoptimize)
Event: 11.886 Executing VM operation: HandshakeAllThreads (Deoptimize) done
Event: 11.887 Executing VM operation: HandshakeAllThreads (Deoptimize)
Event: 11.888 Executing VM operation: HandshakeAllThreads (Deoptimize) done
Event: 12.577 Executing VM operation: G1CollectForAllocation (G1 Evacuation Pause)
Event: 12.608 Executing VM operation: G1CollectForAllocation (G1 Evacuation Pause) done
Event: 12.856 Executing VM operation: G1TryInitiateConcMark (G1 Humongous Allocation)

Memory protections (0 events):
No events

Nmethod flushes (0 events):
No events

Events (18 events):
Event: 0.041 Thread 0x00000185287a3200 Thread added: 0x00000185287a3200
Event: 0.062 Thread 0x00000185287a3200 Thread added: 0x000001852aadd030
Event: 0.062 Thread 0x00000185287a3200 Thread added: 0x0000018545cfefc0
Event: 0.062 Thread 0x00000185287a3200 Thread added: 0x0000018545d02b10
Event: 0.062 Thread 0x00000185287a3200 Thread added: 0x0000018545d058d0
Event: 0.063 Thread 0x00000185287a3200 Thread added: 0x0000018545d0e410
Event: 0.063 Thread 0x00000185287a3200 Thread added: 0x0000018545d0ef40
Event: 0.063 Thread 0x00000185287a3200 Thread added: 0x0000018545d1e5a0
Event: 0.063 Thread 0x00000185287a3200 Thread added: 0x0000018545d41540
Event: 0.089 Thread 0x00000185287a3200 Thread added: 0x000001858b0b7750
Event: 0.093 Thread 0x00000185287a3200 Thread added: 0x000001858b0bb6e0
Event: 0.248 Thread 0x0000018545d1e5a0 Thread added: 0x000001858b135410
Event: 0.450 Thread 0x00000185287a3200 Thread added: 0x000001858b5cb050
Event: 0.498 Thread 0x000001858b5cb050 Thread exited: 0x000001858b5cb050
Event: 2.765 Thread 0x000001858b135410 Thread exited: 0x000001858b135410
Event: 4.561 Thread 0x0000018545d41540 Thread added: 0x000001858bbfb750
Event: 8.679 Thread 0x000001858bbfb750 Thread exited: 0x000001858bbfb750
Event: 8.929 Thread 0x0000018545d1e5a0 Thread added: 0x000001858c800ef0


Dynamic libraries:
0x00007ff7706c0000 - 0x00007ff7706ce000 	C:\Program Files\Apache NetBeans\jdk\bin\java.exe
0x00007fff6a050000 - 0x00007fff6a248000 	C:\Windows\SYSTEM32\ntdll.dll
0x00007fff685e0000 - 0x00007fff686a2000 	C:\Windows\System32\KERNEL32.DLL
0x00007fff67740000 - 0x00007fff67a36000 	C:\Windows\System32\KERNELBASE.dll
0x00007fff67e50000 - 0x00007fff67f50000 	C:\Windows\System32\ucrtbase.dll
0x00007fff62230000 - 0x00007fff62246000 	C:\Program Files\Apache NetBeans\jdk\bin\jli.dll
0x00007fff627d0000 - 0x00007fff627ee000 	C:\Program Files\Apache NetBeans\jdk\bin\VCRUNTIME140.dll
0x00007fff698a0000 - 0x00007fff69a41000 	C:\Windows\System32\USER32.dll
0x00007fff67710000 - 0x00007fff67732000 	C:\Windows\System32\win32u.dll
0x00007fff53c60000 - 0x00007fff53efb000 	C:\Windows\WinSxS\amd64_microsoft.windows.common-controls_6595b64144ccf1df_6.0.19041.6456_none_60b8a6cb71f64256\COMCTL32.dll
0x00007fff69870000 - 0x00007fff6989b000 	C:\Windows\System32\GDI32.dll
0x00007fff68130000 - 0x00007fff681ce000 	C:\Windows\System32\msvcrt.dll
0x00007fff67f50000 - 0x00007fff68069000 	C:\Windows\System32\gdi32full.dll
0x00007fff67ad0000 - 0x00007fff67b6d000 	C:\Windows\System32\msvcp_win.dll
0x00007fff68750000 - 0x00007fff6877f000 	C:\Windows\System32\IMM32.DLL
0x00007fff638e0000 - 0x00007fff638ec000 	C:\Program Files\Apache NetBeans\jdk\bin\vcruntime140_1.dll
0x00007fff52c70000 - 0x00007fff52cfd000 	C:\Program Files\Apache NetBeans\jdk\bin\msvcp140.dll
0x00007fff316f0000 - 0x00007fff3256c000 	C:\Program Files\Apache NetBeans\jdk\bin\server\jvm.dll
0x00007fff68070000 - 0x00007fff68121000 	C:\Windows\System32\ADVAPI32.dll
0x00007fff686b0000 - 0x00007fff6874f000 	C:\Windows\System32\sechost.dll
0x00007fff692e0000 - 0x00007fff69400000 	C:\Windows\System32\RPCRT4.dll
0x00007fff676e0000 - 0x00007fff67707000 	C:\Windows\System32\bcrypt.dll
0x00007fff688d0000 - 0x00007fff6893b000 	C:\Windows\System32\WS2_32.dll
0x00007fff67540000 - 0x00007fff6758b000 	C:\Windows\SYSTEM32\POWRPROF.dll
0x00007fff54520000 - 0x00007fff54547000 	C:\Windows\SYSTEM32\WINMM.dll
0x00007fff60930000 - 0x00007fff6093a000 	C:\Windows\SYSTEM32\VERSION.dll
0x00007fff67520000 - 0x00007fff67532000 	C:\Windows\SYSTEM32\UMPDC.dll
0x00007fff65470000 - 0x00007fff65482000 	C:\Windows\SYSTEM32\kernel.appcore.dll
0x00007fff622c0000 - 0x00007fff622ca000 	C:\Program Files\Apache NetBeans\jdk\bin\jimage.dll
0x00007fff54cf0000 - 0x00007fff54ef1000 	C:\Windows\SYSTEM32\DBGHELP.DLL
0x00007fff516c0000 - 0x00007fff516f4000 	C:\Windows\SYSTEM32\dbgcore.DLL
0x00007fff67a40000 - 0x00007fff67ac2000 	C:\Windows\System32\bcryptPrimitives.dll
0x00007fff625e0000 - 0x00007fff625fe000 	C:\Program Files\Apache NetBeans\jdk\bin\java.dll
0x00007fff68780000 - 0x00007fff688ab000 	C:\Windows\System32\ole32.dll
0x00007fff681d0000 - 0x00007fff68524000 	C:\Windows\System32\combase.dll
0x00007fff68a80000 - 0x00007fff691f0000 	C:\Windows\System32\SHELL32.dll
0x00007fff65750000 - 0x00007fff65ef5000 	C:\Windows\SYSTEM32\windows.storage.dll
0x00007fff67030000 - 0x00007fff6705b000 	C:\Windows\SYSTEM32\Wldp.dll
0x00007fff691f0000 - 0x00007fff692bd000 	C:\Windows\System32\OLEAUT32.dll
0x00007fff68530000 - 0x00007fff685dd000 	C:\Windows\System32\SHCORE.dll
0x00007fff69a50000 - 0x00007fff69aab000 	C:\Windows\System32\shlwapi.dll
0x00007fff67610000 - 0x00007fff67634000 	C:\Windows\SYSTEM32\profapi.dll
0x00007fff5d460000 - 0x00007fff5d537000 	C:\Program Files\Apache NetBeans\jdk\bin\jsvml.dll
0x00007fff61c40000 - 0x00007fff61c50000 	C:\Program Files\Apache NetBeans\jdk\bin\net.dll
0x00007fff66d90000 - 0x00007fff66dfa000 	C:\Windows\system32\mswsock.dll
0x00007fff61aa0000 - 0x00007fff61ab6000 	C:\Program Files\Apache NetBeans\jdk\bin\nio.dll
0x00007fff61b40000 - 0x00007fff61b57000 	C:\Program Files\Apache NetBeans\jdk\bin\zip.dll
0x00007fff622d0000 - 0x00007fff622f4000 	C:\Users\User\.m2\wrapper\dists\apache-maven-3.9.11\03d7e36a140982eea48e22c1dcac01d8862b2550b2939e09a0809bbc5182a5bc\lib\jansi-native\Windows\x86_64\jansi.dll
0x00007fff61840000 - 0x00007fff61850000 	C:\Program Files\Apache NetBeans\jdk\bin\verify.dll

JVMTI agents: none

dbghelp: loaded successfully - version: 4.0.5 - missing functions: none
symbol engine: initialized successfully - sym options: 0x614 - pdb path: .;C:\Program Files\Apache NetBeans\jdk\bin;C:\Windows\SYSTEM32;C:\Windows\WinSxS\amd64_microsoft.windows.common-controls_6595b64144ccf1df_6.0.19041.6456_none_60b8a6cb71f64256;C:\Program Files\Apache NetBeans\jdk\bin\server;C:\Users\User\.m2\wrapper\dists\apache-maven-3.9.11\03d7e36a140982eea48e22c1dcac01d8862b2550b2939e09a0809bbc5182a5bc\lib\jansi-native\Windows\x86_64

VM Arguments:
jvm_args: --enable-native-access=ALL-UNNAMED -Dclassworlds.conf=C:\Users\User\.m2\wrapper\dists\apache-maven-3.9.11\03d7e36a140982eea48e22c1dcac01d8862b2550b2939e09a0809bbc5182a5bc\bin\m2.conf -Dmaven.home=C:\Users\User\.m2\wrapper\dists\apache-maven-3.9.11\03d7e36a140982eea48e22c1dcac01d8862b2550b2939e09a0809bbc5182a5bc -Dlibrary.jansi.path=C:\Users\User\.m2\wrapper\dists\apache-maven-3.9.11\03d7e36a140982eea48e22c1dcac01d8862b2550b2939e09a0809bbc5182a5bc\lib\jansi-native -Dmaven.multiModuleProjectDirectory=C:\Users\User\Documents\NetBeansProjects\hospital-vida-nova 
java_command: org.codehaus.plexus.classworlds.launcher.Launcher -Dexec.vmArgs= -Dexec.appArgs= -Dmaven.ext.class.path=C:\Program Files\Apache NetBeans\java\maven-nblib\netbeans-eventspy.jar --no-transfer-progress spring-boot:run
java_class_path (initial): C:\Users\User\.m2\wrapper\dists\apache-maven-3.9.11\03d7e36a140982eea48e22c1dcac01d8862b2550b2939e09a0809bbc5182a5bc\boot\plexus-classworlds-2.9.0.jar
Launcher Type: SUN_STANDARD

[Global flags]
     intx CICompilerCount                          = 3                                         {product} {ergonomic}
     uint ConcGCThreads                            = 1                                         {product} {ergonomic}
     uint G1ConcRefinementThreads                  = 4                                         {product} {ergonomic}
   size_t G1HeapRegionSize                         = 1048576                                   {product} {ergonomic}
   size_t InitialHeapSize                          = 67108864                                  {product} {ergonomic}
   size_t MarkStackSize                            = 4194304                                   {product} {ergonomic}
   size_t MarkStackSizeMax                         = 536870912                                 {product} {ergonomic}
   size_t MaxHeapSize                              = 1042284544                                {product} {ergonomic}
   size_t MaxNewSize                               = 624951296                                 {product} {ergonomic}
   size_t MinHeapDeltaBytes                        = 1048576                                   {product} {ergonomic}
   size_t MinHeapSize                              = 8388608                                   {product} {ergonomic}
    uintx NonNMethodCodeHeapSize                   = 5832704                                {pd product} {ergonomic}
    uintx NonProfiledCodeHeapSize                  = 122945536                              {pd product} {ergonomic}
    uintx ProfiledCodeHeapSize                     = 122880000                              {pd product} {ergonomic}
    uintx ReservedCodeCacheSize                    = 251658240                              {pd product} {ergonomic}
     bool SegmentedCodeCache                       = true                                      {product} {ergonomic}
   size_t SoftMaxHeapSize                          = 1042284544                             {manageable} {ergonomic}
     bool UseCompressedOops                        = true                           {product lp64_product} {ergonomic}
     bool UseG1GC                                  = true                                      {product} {ergonomic}
     bool UseLargePagesIndividualAllocation        = false                                  {pd product} {ergonomic}

Logging:
Log output configuration:
 #0: stdout all=warning uptime,level,tags foldmultilines=false
 #1: stderr all=off uptime,level,tags foldmultilines=false

Environment Variables:
JAVA_HOME=C:\Program Files\Apache NetBeans\jdk
PATH=C:\Program Files\Java\jdk-21.0.6\bin;C:\Program Files\Common Files\Oracle\Java\javapath;C:\Program Files (x86)\Common Files\Oracle\Java\java8path;C:\Program Files (x86)\Common Files\Oracle\Java\javapath;C:\Windows\system32;C:\Windows;C:\Windows\System32\Wbem;C:\Windows\System32\WindowsPowerShell\v1.0\;C:\Windows\System32\OpenSSH\;C:\Program Files\dotnet\;C:\Program Files\Git\cmd;C:\Program Files\Cloudflare\Cloudflare WARP\;C:\Program Files\MySQL\MySQL Shell 8.0\bin\;C:\Users\User\AppData\Local\Programs\Python\Python313\Scripts\;C:\Users\User\AppData\Local\Programs\Python\Python313\;C:\Users\User\AppData\Local\Microsoft\WindowsApps;C:\Users\User\AppData\Local\Programs\Microsoft VS Code\bin
USERNAME=User
OS=Windows_NT
PROCESSOR_IDENTIFIER=Intel64 Family 6 Model 78 Stepping 3, GenuineIntel
TMP=C:\Users\User\AppData\Local\Temp
TEMP=C:\Users\User\AppData\Local\Temp




Periodic native trim disabled

---------------  S Y S T E M  ---------------

OS:
 Windows 10 , 64 bit Build 19041 (10.0.19041.5915)
OS uptime: 0 days 12:59 hours

CPU: total 4 (initial active 4) (2 cores per cpu, 2 threads per core) family 6 model 78 stepping 3 microcode 0xcc, cx8, cmov, fxsr, ht, mmx, 3dnowpref, sse, sse2, sse3, ssse3, sse4.1, sse4.2, popcnt, lzcnt, tsc, tscinvbit, avx, avx2, aes, erms, clmul, bmi1, bmi2, adx, fma, vzeroupper, clflush, clflushopt, rdtscp, f16c
Processor Information for the first 4 processors :
  Max Mhz: 1992, Current Mhz: 1992, Mhz Limit: 1992

Memory: 4k page, system-wide physical 3970M (440M free)
TotalPageFile size 16258M (AvailPageFile size 73M)
current process WorkingSet (physical memory assigned to process): 216M, peak: 223M
current process commit charge ("private bytes"): 241M, peak: 339M

vm_info: OpenJDK 64-Bit Server VM (24.0.2+12) for windows-amd64 JRE (24.0.2+12) (Zulu24.32+13-CA), built on 2025-07-11T12:45:44Z with MS VC++ 17.1 (VS2022)

END.
