#
# There is insufficient memory for the Java Runtime Environment to continue.
# Native memory allocation (malloc) failed to allocate 32744 bytes. Error detail: Chunk::new
# Possible reasons:
#   The system is out of physical RAM or swap space
#   This process is running with CompressedOops enabled, and the Java Heap may be blocking the growth of the native heap
# Possible solutions:
#   Reduce memory load on the system
#   Increase physical memory or swap space
#   Check if swap backing store is full
#   Decrease Java heap size (-Xmx/-Xms)
#   Decrease number of Java threads
#   Decrease Java thread stack sizes (-Xss)
#   Set larger code cache with -XX:ReservedCodeCacheSize=
#   JVM is running with Unscaled Compressed Oops mode in which the Java heap is
#     placed in the first 4GB address space. The Java Heap base address is the
#     maximum limit for the native heap growth. Please use -XX:HeapBaseMinAddress
#     to set the Java Heap base and to place the Java Heap above 4GB virtual address.
# This output file may be truncated or incomplete.
#
#  Out of Memory Error (arena.cpp:162), pid=732, tid=5360
#
# JRE version: OpenJDK Runtime Environment Zulu24.32+13-CA (24.0.2+12) (build 24.0.2+12)
# Java VM: OpenJDK 64-Bit Server VM Zulu24.32+13-CA (24.0.2+12, mixed mode, sharing, tiered, compressed oops, compressed class ptrs, g1 gc, windows-amd64)
# No core dump will be written. Minidumps are not enabled by default on client versions of Windows
#

---------------  S U M M A R Y ------------

Command Line: --enable-native-access=ALL-UNNAMED -Dclassworlds.conf=C:\Users\User\.m2\wrapper\dists\apache-maven-3.9.11\03d7e36a140982eea48e22c1dcac01d8862b2550b2939e09a0809bbc5182a5bc\bin\m2.conf -Dmaven.home=C:\Users\User\.m2\wrapper\dists\apache-maven-3.9.11\03d7e36a140982eea48e22c1dcac01d8862b2550b2939e09a0809bbc5182a5bc -Dlibrary.jansi.path=C:\Users\User\.m2\wrapper\dists\apache-maven-3.9.11\03d7e36a140982eea48e22c1dcac01d8862b2550b2939e09a0809bbc5182a5bc\lib\jansi-native -Dmaven.multiModuleProjectDirectory=C:\Users\User\Documents\NetBeansProjects\hospital-vida-nova org.codehaus.plexus.classworlds.launcher.Launcher -Dmaven.ext.class.path=C:\Program Files\Apache NetBeans\java\maven-nblib\netbeans-eventspy.jar --no-transfer-progress clean install

Host: Intel(R) Core(TM) i3-6006U CPU @ 2.00GHz, 4 cores, 3G,  Windows 10 , 64 bit Build 19041 (10.0.19041.5915)
Time: Thu Dec 11 23:27:34 2025 Hora oficial do Brasil elapsed time: 0.407739 seconds (0d 0h 0m 0s)

---------------  T H R E A D  ---------------

Current thread (0x000001d617b76050):  JavaThread "C1 CompilerThread0" daemon [_thread_in_native, id=5360, stack(0x0000008375100000,0x0000008375200000) (1024K)]


Current CompileTask:
C1:407  388       3       jdk.internal.classfile.impl.StackMapGenerator::processBlock (2767 bytes)

Stack: [0x0000008375100000,0x0000008375200000]
Native frames: (J=compiled Java code, j=interpreted, Vv=VM code, C=native code)
V  [jvm.dll+0x741329]  (no source info available)
V  [jvm.dll+0x97e243]  (no source info available)
V  [jvm.dll+0x98056d]  (no source info available)
V  [jvm.dll+0x980be3]  (no source info available)
V  [jvm.dll+0x2b5a76]  (no source info available)
V  [jvm.dll+0xd00af]  (no source info available)
V  [jvm.dll+0xd030f]  (no source info available)
V  [jvm.dll+0x1bac87]  (no source info available)
V  [jvm.dll+0x1bb7d2]  (no source info available)
V  [jvm.dll+0x1bb88d]  (no source info available)
V  [jvm.dll+0x1bde99]  (no source info available)
V  [jvm.dll+0x1bf9f4]  (no source info available)
V  [jvm.dll+0x1796b7]  (no source info available)
V  [jvm.dll+0x178eae]  (no source info available)
V  [jvm.dll+0x17916b]  (no source info available)
V  [jvm.dll+0x17852c]  (no source info available)
V  [jvm.dll+0x17a31d]  (no source info available)
V  [jvm.dll+0x288d95]  (no source info available)
V  [jvm.dll+0x28702a]  (no source info available)
V  [jvm.dll+0x43e016]  (no source info available)
V  [jvm.dll+0x920c78]  (no source info available)
V  [jvm.dll+0x73fab5]  (no source info available)
C  [ucrtbase.dll+0x21bb2]  (no source info available)
C  [KERNEL32.DLL+0x17374]  (no source info available)
C  [ntdll.dll+0x4cc91]  (no source info available)

Lock stack of current Java thread (top to bottom):


---------------  P R O C E S S  ---------------

Threads class SMR info:
_java_thread_list=0x000001d65d332ee0, length=11, elements={
0x000001d6755f31e0, 0x000001d67796c010, 0x000001d67796cab0, 0x000001d617b5f070,
0x000001d617b5f7b0, 0x000001d617b6bb50, 0x000001d617b6ca30, 0x000001d617b75120,
0x000001d617b76050, 0x000001d65d069040, 0x000001d65d094680
}

Java Threads: ( => current thread )
  0x000001d6755f31e0 JavaThread "main"                              [_thread_in_vm, id=344, stack(0x0000008374200000,0x0000008374300000) (1024K)]
  0x000001d67796c010 JavaThread "Reference Handler"          daemon [_thread_blocked, id=10536, stack(0x0000008374a00000,0x0000008374b00000) (1024K)]
  0x000001d67796cab0 JavaThread "Finalizer"                  daemon [_thread_blocked, id=9944, stack(0x0000008374b00000,0x0000008374c00000) (1024K)]
  0x000001d617b5f070 JavaThread "Signal Dispatcher"          daemon [_thread_blocked, id=5452, stack(0x0000008374c00000,0x0000008374d00000) (1024K)]
  0x000001d617b5f7b0 JavaThread "Attach Listener"            daemon [_thread_blocked, id=10292, stack(0x0000008374d00000,0x0000008374e00000) (1024K)]
  0x000001d617b6bb50 JavaThread "Service Thread"             daemon [_thread_blocked, id=11048, stack(0x0000008374e00000,0x0000008374f00000) (1024K)]
  0x000001d617b6ca30 JavaThread "Monitor Deflation Thread"   daemon [_thread_blocked, id=328, stack(0x0000008374f00000,0x0000008375000000) (1024K)]
  0x000001d617b75120 JavaThread "C2 CompilerThread0"         daemon [_thread_in_native, id=10496, stack(0x0000008375000000,0x0000008375100000) (1024K)]
=>0x000001d617b76050 JavaThread "C1 CompilerThread0"         daemon [_thread_in_native, id=5360, stack(0x0000008375100000,0x0000008375200000) (1024K)]
  0x000001d65d069040 JavaThread "Notification Thread"        daemon [_thread_blocked, id=7196, stack(0x0000008375200000,0x0000008375300000) (1024K)]
  0x000001d65d094680 JavaThread "Common-Cleaner"             daemon [_thread_blocked, id=1288, stack(0x0000008375300000,0x0000008375400000) (1024K)]
Total: 11

Other Threads:
  0x000001d67795f1a0 VMThread "VM Thread"                           [id=428, stack(0x0000008374900000,0x0000008374a00000) (1024K)]
  0x000001d6779505d0 WatcherThread "VM Periodic Task Thread"        [id=11184, stack(0x0000008374800000,0x0000008374900000) (1024K)]
  0x000001d6778d7760 WorkerThread "GC Thread#0"                     [id=4704, stack(0x0000008374300000,0x0000008374400000) (1024K)]
  0x000001d6778e2480 ConcurrentGCThread "G1 Main Marker"            [id=9044, stack(0x0000008374400000,0x0000008374500000) (1024K)]
  0x000001d6778e3fa0 WorkerThread "G1 Conc#0"                       [id=6804, stack(0x0000008374500000,0x0000008374600000) (1024K)]
  0x000001d6779411c0 ConcurrentGCThread "G1 Refine#0"               [id=9860, stack(0x0000008374600000,0x0000008374700000) (1024K)]
  0x000001d677944880 ConcurrentGCThread "G1 Service"                [id=7932, stack(0x0000008374700000,0x0000008374800000) (1024K)]
Total: 7

Threads with active compile tasks:
C2 CompilerThread0  531  402       4       java.util.concurrent.ConcurrentHashMap::spread (10 bytes)
C1 CompilerThread0  531  388       3       jdk.internal.classfile.impl.StackMapGenerator::processBlock (2767 bytes)
Total: 2

VM state: not at safepoint (normal execution)

VM Mutex/Monitor currently owned by a thread: None

Heap address: 0x00000000c1e00000, size: 994 MB, Compressed Oops mode: 32-bit

CDS archive(s) mapped at: [0x000001d618000000-0x000001d618d40000-0x000001d618d40000), size 13893632, SharedBaseAddress: 0x000001d618000000, ArchiveRelocationMode: 1.
Compressed class space mapped at: 0x000001d619000000-0x000001d659000000, reserved size: 1073741824
UseCompressedClassPointers 1, UseCompactObjectHeaders 0
Narrow klass pointer bits 32, Max shift 3
Narrow klass base: 0x000001d618000000, Narrow klass shift: 0
Encoding Range: [0x000001d618000000 - 0x000001d718000000), (4294967296 bytes)
Klass Range:    [0x000001d618000000 - 0x000001d659000000), (1090519040 bytes)
Klass ID Range:  [8 - 1090519033) (1090519025)

GC Precious Log:
 CardTable entry size: 512
 Card Set container configuration: InlinePtr #cards 5 size 8 Array Of Cards #cards 10 size 36 Howl #buckets 4 coarsen threshold 1843 Howl Bitmap #cards 512 size 80 coarsen threshold 460 Card regions per heap region 1 cards per card region 2048
 CPUs: 4 total, 4 available
 Memory: 3970M
 Large Page Support: Disabled
 NUMA Support: Disabled
 Compressed Oops: Enabled (32-bit)
 Heap Region Size: 1M
 Heap Min Capacity: 8M
 Heap Initial Capacity: 64M
 Heap Max Capacity: 994M
 Pre-touch: Disabled
 Parallel Workers: 4
 Concurrent Workers: 1
 Concurrent Refinement Workers: 4
 Periodic GC: Disabled

Heap:
 garbage-first heap   total reserved 1017856K, committed 67584K, used 7280K [0x00000000c1e00000, 0x0000000100000000)
  region size 1024K, 7 young (7168K), 0 survivors (0K)
 Metaspace       used 1489K, committed 1600K, reserved 1114112K
  class space    used 103K, committed 128K, reserved 1048576K

Heap Regions: E=young(eden), S=young(survivor), O=old, HS=humongous(starts), HC=humongous(continues), CS=collection set, F=free, TAMS=top-at-mark-start, PB=parsable bottom
|   0|0x00000000c1e00000, 0x00000000c1e00000, 0x00000000c1f00000|  0%| F|  |TAMS 0x00000000c1e00000| PB 0x00000000c1e00000| Untracked |  0
|   1|0x00000000c1f00000, 0x00000000c1f00000, 0x00000000c2000000|  0%| F|  |TAMS 0x00000000c1f00000| PB 0x00000000c1f00000| Untracked |  0
|   2|0x00000000c2000000, 0x00000000c2000000, 0x00000000c2100000|  0%| F|  |TAMS 0x00000000c2000000| PB 0x00000000c2000000| Untracked |  0
|   3|0x00000000c2100000, 0x00000000c2100000, 0x00000000c2200000|  0%| F|  |TAMS 0x00000000c2100000| PB 0x00000000c2100000| Untracked |  0
|   4|0x00000000c2200000, 0x00000000c2200000, 0x00000000c2300000|  0%| F|  |TAMS 0x00000000c2200000| PB 0x00000000c2200000| Untracked |  0
|   5|0x00000000c2300000, 0x00000000c2300000, 0x00000000c2400000|  0%| F|  |TAMS 0x00000000c2300000| PB 0x00000000c2300000| Untracked |  0
|   6|0x00000000c2400000, 0x00000000c2400000, 0x00000000c2500000|  0%| F|  |TAMS 0x00000000c2400000| PB 0x00000000c2400000| Untracked |  0
|   7|0x00000000c2500000, 0x00000000c2500000, 0x00000000c2600000|  0%| F|  |TAMS 0x00000000c2500000| PB 0x00000000c2500000| Untracked |  0
|   8|0x00000000c2600000, 0x00000000c2600000, 0x00000000c2700000|  0%| F|  |TAMS 0x00000000c2600000| PB 0x00000000c2600000| Untracked |  0
|   9|0x00000000c2700000, 0x00000000c2700000, 0x00000000c2800000|  0%| F|  |TAMS 0x00000000c2700000| PB 0x00000000c2700000| Untracked |  0
|  10|0x00000000c2800000, 0x00000000c2800000, 0x00000000c2900000|  0%| F|  |TAMS 0x00000000c2800000| PB 0x00000000c2800000| Untracked |  0
|  11|0x00000000c2900000, 0x00000000c2900000, 0x00000000c2a00000|  0%| F|  |TAMS 0x00000000c2900000| PB 0x00000000c2900000| Untracked |  0
|  12|0x00000000c2a00000, 0x00000000c2a00000, 0x00000000c2b00000|  0%| F|  |TAMS 0x00000000c2a00000| PB 0x00000000c2a00000| Untracked |  0
|  13|0x00000000c2b00000, 0x00000000c2b00000, 0x00000000c2c00000|  0%| F|  |TAMS 0x00000000c2b00000| PB 0x00000000c2b00000| Untracked |  0
|  14|0x00000000c2c00000, 0x00000000c2c00000, 0x00000000c2d00000|  0%| F|  |TAMS 0x00000000c2c00000| PB 0x00000000c2c00000| Untracked |  0
|  15|0x00000000c2d00000, 0x00000000c2d00000, 0x00000000c2e00000|  0%| F|  |TAMS 0x00000000c2d00000| PB 0x00000000c2d00000| Untracked |  0
|  16|0x00000000c2e00000, 0x00000000c2e00000, 0x00000000c2f00000|  0%| F|  |TAMS 0x00000000c2e00000| PB 0x00000000c2e00000| Untracked |  0
|  17|0x00000000c2f00000, 0x00000000c2f00000, 0x00000000c3000000|  0%| F|  |TAMS 0x00000000c2f00000| PB 0x00000000c2f00000| Untracked |  0
|  18|0x00000000c3000000, 0x00000000c3000000, 0x00000000c3100000|  0%| F|  |TAMS 0x00000000c3000000| PB 0x00000000c3000000| Untracked |  0
|  19|0x00000000c3100000, 0x00000000c3100000, 0x00000000c3200000|  0%| F|  |TAMS 0x00000000c3100000| PB 0x00000000c3100000| Untracked |  0
|  20|0x00000000c3200000, 0x00000000c3200000, 0x00000000c3300000|  0%| F|  |TAMS 0x00000000c3200000| PB 0x00000000c3200000| Untracked |  0
|  21|0x00000000c3300000, 0x00000000c3300000, 0x00000000c3400000|  0%| F|  |TAMS 0x00000000c3300000| PB 0x00000000c3300000| Untracked |  0
|  22|0x00000000c3400000, 0x00000000c3400000, 0x00000000c3500000|  0%| F|  |TAMS 0x00000000c3400000| PB 0x00000000c3400000| Untracked |  0
|  23|0x00000000c3500000, 0x00000000c3500000, 0x00000000c3600000|  0%| F|  |TAMS 0x00000000c3500000| PB 0x00000000c3500000| Untracked |  0
|  24|0x00000000c3600000, 0x00000000c3600000, 0x00000000c3700000|  0%| F|  |TAMS 0x00000000c3600000| PB 0x00000000c3600000| Untracked |  0
|  25|0x00000000c3700000, 0x00000000c3700000, 0x00000000c3800000|  0%| F|  |TAMS 0x00000000c3700000| PB 0x00000000c3700000| Untracked |  0
|  26|0x00000000c3800000, 0x00000000c3800000, 0x00000000c3900000|  0%| F|  |TAMS 0x00000000c3800000| PB 0x00000000c3800000| Untracked |  0
|  27|0x00000000c3900000, 0x00000000c3900000, 0x00000000c3a00000|  0%| F|  |TAMS 0x00000000c3900000| PB 0x00000000c3900000| Untracked |  0
|  28|0x00000000c3a00000, 0x00000000c3a00000, 0x00000000c3b00000|  0%| F|  |TAMS 0x00000000c3a00000| PB 0x00000000c3a00000| Untracked |  0
|  29|0x00000000c3b00000, 0x00000000c3b00000, 0x00000000c3c00000|  0%| F|  |TAMS 0x00000000c3b00000| PB 0x00000000c3b00000| Untracked |  0
|  30|0x00000000c3c00000, 0x00000000c3c00000, 0x00000000c3d00000|  0%| F|  |TAMS 0x00000000c3c00000| PB 0x00000000c3c00000| Untracked |  0
|  31|0x00000000c3d00000, 0x00000000c3d00000, 0x00000000c3e00000|  0%| F|  |TAMS 0x00000000c3d00000| PB 0x00000000c3d00000| Untracked |  0
|  32|0x00000000c3e00000, 0x00000000c3e00000, 0x00000000c3f00000|  0%| F|  |TAMS 0x00000000c3e00000| PB 0x00000000c3e00000| Untracked |  0
|  33|0x00000000c3f00000, 0x00000000c3f00000, 0x00000000c4000000|  0%| F|  |TAMS 0x00000000c3f00000| PB 0x00000000c3f00000| Untracked |  0
|  34|0x00000000c4000000, 0x00000000c4000000, 0x00000000c4100000|  0%| F|  |TAMS 0x00000000c4000000| PB 0x00000000c4000000| Untracked |  0
|  35|0x00000000c4100000, 0x00000000c4100000, 0x00000000c4200000|  0%| F|  |TAMS 0x00000000c4100000| PB 0x00000000c4100000| Untracked |  0
|  36|0x00000000c4200000, 0x00000000c4200000, 0x00000000c4300000|  0%| F|  |TAMS 0x00000000c4200000| PB 0x00000000c4200000| Untracked |  0
|  37|0x00000000c4300000, 0x00000000c4300000, 0x00000000c4400000|  0%| F|  |TAMS 0x00000000c4300000| PB 0x00000000c4300000| Untracked |  0
|  38|0x00000000c4400000, 0x00000000c4400000, 0x00000000c4500000|  0%| F|  |TAMS 0x00000000c4400000| PB 0x00000000c4400000| Untracked |  0
|  39|0x00000000c4500000, 0x00000000c4500000, 0x00000000c4600000|  0%| F|  |TAMS 0x00000000c4500000| PB 0x00000000c4500000| Untracked |  0
|  40|0x00000000c4600000, 0x00000000c4600000, 0x00000000c4700000|  0%| F|  |TAMS 0x00000000c4600000| PB 0x00000000c4600000| Untracked |  0
|  41|0x00000000c4700000, 0x00000000c4700000, 0x00000000c4800000|  0%| F|  |TAMS 0x00000000c4700000| PB 0x00000000c4700000| Untracked |  0
|  42|0x00000000c4800000, 0x00000000c4800000, 0x00000000c4900000|  0%| F|  |TAMS 0x00000000c4800000| PB 0x00000000c4800000| Untracked |  0
|  43|0x00000000c4900000, 0x00000000c4900000, 0x00000000c4a00000|  0%| F|  |TAMS 0x00000000c4900000| PB 0x00000000c4900000| Untracked |  0
|  44|0x00000000c4a00000, 0x00000000c4a00000, 0x00000000c4b00000|  0%| F|  |TAMS 0x00000000c4a00000| PB 0x00000000c4a00000| Untracked |  0
|  45|0x00000000c4b00000, 0x00000000c4b00000, 0x00000000c4c00000|  0%| F|  |TAMS 0x00000000c4b00000| PB 0x00000000c4b00000| Untracked |  0
|  46|0x00000000c4c00000, 0x00000000c4c00000, 0x00000000c4d00000|  0%| F|  |TAMS 0x00000000c4c00000| PB 0x00000000c4c00000| Untracked |  0
|  47|0x00000000c4d00000, 0x00000000c4d00000, 0x00000000c4e00000|  0%| F|  |TAMS 0x00000000c4d00000| PB 0x00000000c4d00000| Untracked |  0
|  48|0x00000000c4e00000, 0x00000000c4e00000, 0x00000000c4f00000|  0%| F|  |TAMS 0x00000000c4e00000| PB 0x00000000c4e00000| Untracked |  0
|  49|0x00000000c4f00000, 0x00000000c4f00000, 0x00000000c5000000|  0%| F|  |TAMS 0x00000000c4f00000| PB 0x00000000c4f00000| Untracked |  0
|  50|0x00000000c5000000, 0x00000000c5000000, 0x00000000c5100000|  0%| F|  |TAMS 0x00000000c5000000| PB 0x00000000c5000000| Untracked |  0
|  51|0x00000000c5100000, 0x00000000c5100000, 0x00000000c5200000|  0%| F|  |TAMS 0x00000000c5100000| PB 0x00000000c5100000| Untracked |  0
|  52|0x00000000c5200000, 0x00000000c5200000, 0x00000000c5300000|  0%| F|  |TAMS 0x00000000c5200000| PB 0x00000000c5200000| Untracked |  0
|  53|0x00000000c5300000, 0x00000000c5300000, 0x00000000c5400000|  0%| F|  |TAMS 0x00000000c5300000| PB 0x00000000c5300000| Untracked |  0
|  54|0x00000000c5400000, 0x00000000c5400000, 0x00000000c5500000|  0%| F|  |TAMS 0x00000000c5400000| PB 0x00000000c5400000| Untracked |  0
|  55|0x00000000c5500000, 0x00000000c5500000, 0x00000000c5600000|  0%| F|  |TAMS 0x00000000c5500000| PB 0x00000000c5500000| Untracked |  0
|  56|0x00000000c5600000, 0x00000000c5600000, 0x00000000c5700000|  0%| F|  |TAMS 0x00000000c5600000| PB 0x00000000c5600000| Untracked |  0
|  57|0x00000000c5700000, 0x00000000c5780000, 0x00000000c5800000| 50%| E|  |TAMS 0x00000000c5700000| PB 0x00000000c5700000| Complete |  0
|  58|0x00000000c5800000, 0x00000000c5900000, 0x00000000c5900000|100%| E|CS|TAMS 0x00000000c5800000| PB 0x00000000c5800000| Complete |  0
|  59|0x00000000c5900000, 0x00000000c5a00000, 0x00000000c5a00000|100%| E|CS|TAMS 0x00000000c5900000| PB 0x00000000c5900000| Complete |  0
|  60|0x00000000c5a00000, 0x00000000c5b00000, 0x00000000c5b00000|100%| E|CS|TAMS 0x00000000c5a00000| PB 0x00000000c5a00000| Complete |  0
|  61|0x00000000c5b00000, 0x00000000c5c00000, 0x00000000c5c00000|100%| E|CS|TAMS 0x00000000c5b00000| PB 0x00000000c5b00000| Complete |  0
|  62|0x00000000c5c00000, 0x00000000c5d00000, 0x00000000c5d00000|100%| E|CS|TAMS 0x00000000c5c00000| PB 0x00000000c5c00000| Complete |  0
|  63|0x00000000c5d00000, 0x00000000c5e00000, 0x00000000c5e00000|100%| E|CS|TAMS 0x00000000c5d00000| PB 0x00000000c5d00000| Complete |  0
| 992|0x00000000ffe00000, 0x00000000fff00000, 0x00000000fff00000|100%| O|  |TAMS 0x00000000ffe00000| PB 0x00000000ffe00000| Untracked |  0
| 993|0x00000000fff00000, 0x00000000fff1c318, 0x0000000100000000| 11%| O|  |TAMS 0x00000000fff00000| PB 0x00000000fff00000| Untracked |  0

Card table byte_map: [0x000001d677b70000,0x000001d677d70000] _byte_map_base: 0x000001d677561000

Marking Bits: (CMBitMap*) 0x000001d6778d7e70
 Bits: [0x000001d677d70000, 0x000001d678cf8000)

Polling page: 0x000001d675740000

Metaspace:

Usage:
  Non-class:      1.36 MB used.
      Class:    106.55 KB used.
       Both:      1.46 MB used.

Virtual space:
  Non-class space:       64.00 MB reserved,       1.50 MB (  2%) committed,  1 nodes.
      Class space:        1.00 GB reserved,     192.00 KB ( <1%) committed,  1 nodes.
             Both:        1.06 GB reserved,       1.69 MB ( <1%) committed. 

Chunk freelists:
   Non-Class:  11.48 MB
       Class:  15.67 MB
        Both:  27.15 MB

MaxMetaspaceSize: unlimited
CompressedClassSpaceSize: 1.00 GB
Initial GC threshold: 21.00 MB
Current GC threshold: 21.00 MB
CDS: on
 - commit_granule_bytes: 65536.
 - commit_granule_words: 8192.
 - virtual_space_node_default_size: 8388608.
 - enlarge_chunks_in_place: 1.
UseCompressedClassPointers 1, UseCompactObjectHeaders 0
Narrow klass pointer bits 32, Max shift 3
Narrow klass base: 0x000001d618000000, Narrow klass shift: 0
Encoding Range: [0x000001d618000000 - 0x000001d718000000), (4294967296 bytes)
Klass Range:    [0x000001d618000000 - 0x000001d659000000), (1090519040 bytes)
Klass ID Range:  [8 - 1090519033) (1090519025)


Internal statistics:

num_allocs_failed_limit: 0.
num_arena_births: 34.
num_arena_deaths: 0.
num_vsnodes_births: 2.
num_vsnodes_deaths: 0.
num_space_committed: 27.
num_space_uncommitted: 0.
num_chunks_returned_to_freelist: 0.
num_chunks_taken_from_freelist: 72.
num_chunk_merges: 0.
num_chunk_splits: 40.
num_chunks_enlarged: 30.
num_inconsistent_stats: 0.

CodeHeap 'non-profiled nmethods': size=120064Kb used=135Kb max_used=135Kb free=119929Kb
 bounds [0x000001d610500000, 0x000001d610770000, 0x000001d617a40000]
CodeHeap 'profiled nmethods': size=120000Kb used=370Kb max_used=370Kb free=119629Kb
 bounds [0x000001d608a40000, 0x000001d608cb0000, 0x000001d60ff70000]
CodeHeap 'non-nmethods': size=5696Kb used=1235Kb max_used=1246Kb free=4461Kb
 bounds [0x000001d60ff70000, 0x000001d6101e0000, 0x000001d610500000]
CodeCache: size=245760Kb, used=1740Kb, max_used=1751Kb, free=244019Kb
 total_blobs=799, nmethods=397, adapters=308, full_count=0
Compilation: enabled, stopped_count=0, restarted_count=0

Compilation events (20 events):
Event: 0.378 Thread 0x000001d617b76050 nmethod 377 0x000001d608a9a388 code [0x000001d608a9a4a0, 0x000001d608a9a658]
Event: 0.378 Thread 0x000001d617b76050  378       3       java.lang.String::endsWith (15 bytes)
Event: 0.378 Thread 0x000001d617b76050 nmethod 378 0x000001d608a9a688 code [0x000001d608a9a7e0, 0x000001d608a9ad88]
Event: 0.379 Thread 0x000001d617b75120  379       4       java.lang.StringLatin1::equals (36 bytes)
Event: 0.384 Thread 0x000001d617b76050  381       3       java.lang.String::regionMatches (150 bytes)
Event: 0.386 Thread 0x000001d617b76050 nmethod 381 0x000001d608a9ae08 code [0x000001d608a9afe0, 0x000001d608a9bb00]
Event: 0.386 Thread 0x000001d617b75120 nmethod 379 0x000001d61051f008 code [0x000001d61051f100, 0x000001d61051f2f0]
Event: 0.386 Thread 0x000001d617b76050  382       3       java.util.Objects::hashCode (13 bytes)
Event: 0.387 Thread 0x000001d617b76050 nmethod 382 0x000001d608a9bb88 code [0x000001d608a9bcc0, 0x000001d608a9bed8]
Event: 0.387 Thread 0x000001d617b76050  383       3       java.lang.ClassLoader::findLoadedClass (15 bytes)
Event: 0.387 Thread 0x000001d617b76050 nmethod 383 0x000001d608a9bf08 code [0x000001d608a9c040, 0x000001d608a9c220]
Event: 0.387 Thread 0x000001d617b76050  385       1       java.lang.invoke.MethodTypeForm::erasedType (5 bytes)
Event: 0.387 Thread 0x000001d617b76050 nmethod 385 0x000001d61051f608 code [0x000001d61051f700, 0x000001d61051f7c8]
Event: 0.387 Thread 0x000001d617b76050  386       3       jdk.internal.classfile.impl.AbstractPoolEntry::hash2 (15 bytes)
Event: 0.388 Thread 0x000001d617b76050 nmethod 386 0x000001d608a9c288 code [0x000001d608a9c3a0, 0x000001d608a9c4a8]
Event: 0.388 Thread 0x000001d617b76050  387       3       jdk.internal.classfile.impl.StackMapGenerator$Type::<init> (20 bytes)
Event: 0.388 Thread 0x000001d617b76050 nmethod 387 0x000001d608a9c588 code [0x000001d608a9c6a0, 0x000001d608a9c8c8]
Event: 0.388 Thread 0x000001d617b76050  388       3       jdk.internal.classfile.impl.StackMapGenerator::processBlock (2767 bytes)
Event: 0.393 Thread 0x000001d617b75120  392       4       java.lang.String::hashCode (60 bytes)
Event: 0.397 Thread 0x000001d617b75120 nmethod 392 0x000001d61051f908 code [0x000001d61051fa20, 0x000001d61051fd68]

GC Heap History (0 events):
No events

Dll operation events (5 events):
Event: 0.013 Loaded shared library C:\Program Files\Apache NetBeans\jdk\bin\java.dll
Event: 0.056 Loaded shared library C:\Program Files\Apache NetBeans\jdk\bin\jsvml.dll
Event: 0.080 Loaded shared library C:\Program Files\Apache NetBeans\jdk\bin\net.dll
Event: 0.084 Loaded shared library C:\Program Files\Apache NetBeans\jdk\bin\nio.dll
Event: 0.093 Loaded shared library C:\Program Files\Apache NetBeans\jdk\bin\zip.dll

Deoptimization events (20 events):
Event: 0.219 Thread 0x000001d6755f31e0 DEOPT PACKING pc=0x000001d608a4ee98 sp=0x00000083742fe7d0
Event: 0.219 Thread 0x000001d6755f31e0 DEOPT UNPACKING pc=0x000001d60ffc5722 sp=0x00000083742fdc40 mode 0
Event: 0.219 Thread 0x000001d6755f31e0 DEOPT PACKING pc=0x000001d608a4ee98 sp=0x00000083742fe7d0
Event: 0.219 Thread 0x000001d6755f31e0 DEOPT UNPACKING pc=0x000001d60ffc5722 sp=0x00000083742fdc40 mode 0
Event: 0.219 Thread 0x000001d6755f31e0 DEOPT PACKING pc=0x000001d608a4ee98 sp=0x00000083742fe7d0
Event: 0.219 Thread 0x000001d6755f31e0 DEOPT UNPACKING pc=0x000001d60ffc5722 sp=0x00000083742fdc40 mode 0
Event: 0.219 Thread 0x000001d6755f31e0 DEOPT PACKING pc=0x000001d608a4ee98 sp=0x00000083742fe7d0
Event: 0.219 Thread 0x000001d6755f31e0 DEOPT UNPACKING pc=0x000001d60ffc5722 sp=0x00000083742fdc40 mode 0
Event: 0.220 Thread 0x000001d6755f31e0 DEOPT PACKING pc=0x000001d608a4ee98 sp=0x00000083742fe7d0
Event: 0.220 Thread 0x000001d6755f31e0 DEOPT UNPACKING pc=0x000001d60ffc5722 sp=0x00000083742fdc40 mode 0
Event: 0.220 Thread 0x000001d6755f31e0 DEOPT PACKING pc=0x000001d608a4ee98 sp=0x00000083742fe7d0
Event: 0.220 Thread 0x000001d6755f31e0 DEOPT UNPACKING pc=0x000001d60ffc5722 sp=0x00000083742fdc40 mode 0
Event: 0.220 Thread 0x000001d6755f31e0 DEOPT PACKING pc=0x000001d608a4ee98 sp=0x00000083742fe7d0
Event: 0.220 Thread 0x000001d6755f31e0 DEOPT UNPACKING pc=0x000001d60ffc5722 sp=0x00000083742fdc40 mode 0
Event: 0.343 Thread 0x000001d6755f31e0 Uncommon trap: trap_request=0xffffff4d fr.pc=0x000001d61050e8e0 relative=0x0000000000000160
Event: 0.343 Thread 0x000001d6755f31e0 Uncommon trap: reason=unstable_if action=reinterpret pc=0x000001d61050e8e0 method=java.lang.StringCoding.countPositives([BII)I @ 17 c2
Event: 0.343 Thread 0x000001d6755f31e0 DEOPT PACKING pc=0x000001d61050e8e0 sp=0x00000083742fa600
Event: 0.343 Thread 0x000001d6755f31e0 DEOPT UNPACKING pc=0x000001d610086e82 sp=0x00000083742fa588 mode 2
Event: 0.381 Thread 0x000001d6755f31e0 DEOPT PACKING pc=0x000001d608a87218 sp=0x00000083742fd040
Event: 0.381 Thread 0x000001d6755f31e0 DEOPT UNPACKING pc=0x000001d60ffc5722 sp=0x00000083742fc4b0 mode 0

Classes loaded (20 events):
Event: 0.386 Loading class java/util/concurrent/Callable
Event: 0.386 Loading class java/util/concurrent/Callable done
Event: 0.390 Loading class java/io/UnsupportedEncodingException
Event: 0.391 Loading class java/io/UnsupportedEncodingException done
Event: 0.391 Loading class java/io/IOError
Event: 0.391 Loading class java/io/IOError done
Event: 0.391 Loading class java/nio/charset/UnsupportedCharsetException
Event: 0.391 Loading class java/nio/charset/UnsupportedCharsetException done
Event: 0.398 Loading class java/lang/ProcessEnvironment
Event: 0.399 Loading class java/lang/ProcessEnvironment done
Event: 0.399 Loading class java/lang/ProcessEnvironment$NameComparator
Event: 0.399 Loading class java/lang/ProcessEnvironment$NameComparator done
Event: 0.399 Loading class java/lang/ProcessEnvironment$EntryComparator
Event: 0.399 Loading class java/lang/ProcessEnvironment$EntryComparator done
Event: 0.400 Loading class java/lang/ProcessEnvironment$CheckedEntrySet
Event: 0.400 Loading class java/lang/ProcessEnvironment$CheckedEntrySet done
Event: 0.400 Loading class java/lang/ProcessEnvironment$CheckedEntrySet$1
Event: 0.400 Loading class java/lang/ProcessEnvironment$CheckedEntrySet$1 done
Event: 0.400 Loading class java/lang/ProcessEnvironment$CheckedEntry
Event: 0.400 Loading class java/lang/ProcessEnvironment$CheckedEntry done

Classes unloaded (0 events):
No events

Classes redefined (0 events):
No events

Internal exceptions (4 events):
Event: 0.177 Thread 0x000001d6755f31e0 Exception <a 'java/lang/NoSuchMethodError'{0x00000000c5b44860}: 'int java.lang.invoke.DirectMethodHandle$Holder.invokeSpecial(java.lang.Object, java.lang.Object, java.lang.Object)'> (0x00000000c5b44860) 
thrown [s\src\hotspot\share\interpreter\linkResolver.cpp, line 805]
Event: 0.375 Thread 0x000001d6755f31e0 Exception <a 'java/lang/NoSuchMethodError'{0x00000000c59c1b70}: 'java.lang.Object java.lang.invoke.Invokers$Holder.invokeExact_MT(java.lang.Object, java.lang.Object, java.lang.Object, java.lang.Object, java.lang.Object)'> (0x00000000c59c1b70) 
thrown [s\src\hotspot\share\interpreter\linkResolver.cpp, line 805]
Event: 0.387 Thread 0x000001d6755f31e0 Exception <a 'java/lang/NoSuchMethodError'{0x00000000c59eebd8}: 'java.lang.Object java.lang.invoke.DirectMethodHandle$Holder.invokeStaticInit(java.lang.Object)'> (0x00000000c59eebd8) 
thrown [s\src\hotspot\share\interpreter\linkResolver.cpp, line 805]
Event: 0.402 Thread 0x000001d6755f31e0 Exception <a 'java/lang/NullPointerException'{0x00000000c5821fc8}> (0x00000000c5821fc8) 
thrown [s\src\hotspot\share\interpreter\linkResolver.cpp, line 1417]

VM Operations (4 events):
Event: 0.095 Executing VM operation: HandshakeAllThreads (Deoptimize)
Event: 0.095 Executing VM operation: HandshakeAllThreads (Deoptimize) done
Event: 0.399 Executing VM operation: HandshakeAllThreads (Deoptimize)
Event: 0.399 Executing VM operation: HandshakeAllThreads (Deoptimize) done

Memory protections (0 events):
No events

Nmethod flushes (0 events):
No events

Events (11 events):
Event: 0.035 Thread 0x000001d6755f31e0 Thread added: 0x000001d6755f31e0
Event: 0.052 Thread 0x000001d6755f31e0 Thread added: 0x000001d67796c010
Event: 0.052 Thread 0x000001d6755f31e0 Thread added: 0x000001d67796cab0
Event: 0.052 Thread 0x000001d6755f31e0 Thread added: 0x000001d617b5f070
Event: 0.053 Thread 0x000001d6755f31e0 Thread added: 0x000001d617b5f7b0
Event: 0.053 Thread 0x000001d6755f31e0 Thread added: 0x000001d617b6bb50
Event: 0.053 Thread 0x000001d6755f31e0 Thread added: 0x000001d617b6ca30
Event: 0.053 Thread 0x000001d6755f31e0 Thread added: 0x000001d617b75120
Event: 0.053 Thread 0x000001d6755f31e0 Thread added: 0x000001d617b76050
Event: 0.069 Thread 0x000001d6755f31e0 Thread added: 0x000001d65d069040
Event: 0.075 Thread 0x000001d6755f31e0 Thread added: 0x000001d65d094680


Dynamic libraries:
0x00007ff75ffc0000 - 0x00007ff75ffce000 	C:\Program Files\Apache NetBeans\jdk\bin\java.exe
0x00007ff9775b0000 - 0x00007ff9777a8000 	C:\Windows\SYSTEM32\ntdll.dll
0x00007ff975750000 - 0x00007ff975812000 	C:\Windows\System32\KERNEL32.DLL
0x00007ff9750c0000 - 0x00007ff9753b6000 	C:\Windows\System32\KERNELBASE.dll
0x00007ff974c90000 - 0x00007ff974d90000 	C:\Windows\System32\ucrtbase.dll
0x00007ff956ef0000 - 0x00007ff956f06000 	C:\Program Files\Apache NetBeans\jdk\bin\jli.dll
0x00007ff95cb00000 - 0x00007ff95cb1e000 	C:\Program Files\Apache NetBeans\jdk\bin\VCRUNTIME140.dll
0x00007ff9771f0000 - 0x00007ff977391000 	C:\Windows\System32\USER32.dll
0x00007ff962210000 - 0x00007ff9624ab000 	C:\Windows\WinSxS\amd64_microsoft.windows.common-controls_6595b64144ccf1df_6.0.19041.6456_none_60b8a6cb71f64256\COMCTL32.dll
0x00007ff9755a0000 - 0x00007ff9755c2000 	C:\Windows\System32\win32u.dll
0x00007ff975bc0000 - 0x00007ff975c5e000 	C:\Windows\System32\msvcrt.dll
0x00007ff976b10000 - 0x00007ff976b3b000 	C:\Windows\System32\GDI32.dll
0x00007ff974d90000 - 0x00007ff974ea9000 	C:\Windows\System32\gdi32full.dll
0x00007ff975020000 - 0x00007ff9750bd000 	C:\Windows\System32\msvcp_win.dll
0x00007ff975b80000 - 0x00007ff975baf000 	C:\Windows\System32\IMM32.DLL
0x00007ff96f5f0000 - 0x00007ff96f5fc000 	C:\Program Files\Apache NetBeans\jdk\bin\vcruntime140_1.dll
0x00007ff9455e0000 - 0x00007ff94566d000 	C:\Program Files\Apache NetBeans\jdk\bin\msvcp140.dll
0x00007ff936040000 - 0x00007ff936ebc000 	C:\Program Files\Apache NetBeans\jdk\bin\server\jvm.dll
0x00007ff976b40000 - 0x00007ff976bf1000 	C:\Windows\System32\ADVAPI32.dll
0x00007ff9773a0000 - 0x00007ff97743f000 	C:\Windows\System32\sechost.dll
0x00007ff976210000 - 0x00007ff976330000 	C:\Windows\System32\RPCRT4.dll
0x00007ff974ff0000 - 0x00007ff975017000 	C:\Windows\System32\bcrypt.dll
0x00007ff977160000 - 0x00007ff9771cb000 	C:\Windows\System32\WS2_32.dll
0x00007ff974aa0000 - 0x00007ff974aeb000 	C:\Windows\SYSTEM32\POWRPROF.dll
0x00007ff962f90000 - 0x00007ff962fb7000 	C:\Windows\SYSTEM32\WINMM.dll
0x00007ff96cd60000 - 0x00007ff96cd6a000 	C:\Windows\SYSTEM32\VERSION.dll
0x00007ff974a80000 - 0x00007ff974a92000 	C:\Windows\SYSTEM32\UMPDC.dll
0x00007ff972ab0000 - 0x00007ff972ac2000 	C:\Windows\SYSTEM32\kernel.appcore.dll
0x00007ff96f560000 - 0x00007ff96f56a000 	C:\Program Files\Apache NetBeans\jdk\bin\jimage.dll
0x00007ff962990000 - 0x00007ff962b91000 	C:\Windows\SYSTEM32\DBGHELP.DLL
0x00007ff95fd80000 - 0x00007ff95fdb4000 	C:\Windows\SYSTEM32\dbgcore.DLL
0x00007ff974eb0000 - 0x00007ff974f32000 	C:\Windows\System32\bcryptPrimitives.dll
0x00007ff958840000 - 0x00007ff95885e000 	C:\Program Files\Apache NetBeans\jdk\bin\java.dll
0x00007ff976cc0000 - 0x00007ff976deb000 	C:\Windows\System32\ole32.dll
0x00007ff975820000 - 0x00007ff975b74000 	C:\Windows\System32\combase.dll
0x00007ff976330000 - 0x00007ff976aa0000 	C:\Windows\System32\SHELL32.dll
0x00007ff972cb0000 - 0x00007ff973455000 	C:\Windows\SYSTEM32\windows.storage.dll
0x00007ff974590000 - 0x00007ff9745bb000 	C:\Windows\SYSTEM32\Wldp.dll
0x00007ff977440000 - 0x00007ff97750d000 	C:\Windows\System32\OLEAUT32.dll
0x00007ff976c00000 - 0x00007ff976cad000 	C:\Windows\System32\SHCORE.dll
0x00007ff975c60000 - 0x00007ff975cbb000 	C:\Windows\System32\shlwapi.dll
0x00007ff974b70000 - 0x00007ff974b94000 	C:\Windows\SYSTEM32\profapi.dll
0x00007ff944140000 - 0x00007ff944217000 	C:\Program Files\Apache NetBeans\jdk\bin\jsvml.dll
0x00007ff96e900000 - 0x00007ff96e910000 	C:\Program Files\Apache NetBeans\jdk\bin\net.dll
0x00007ff9742f0000 - 0x00007ff97435a000 	C:\Windows\system32\mswsock.dll
0x00007ff953590000 - 0x00007ff9535a6000 	C:\Program Files\Apache NetBeans\jdk\bin\nio.dll
0x00007ff953700000 - 0x00007ff953717000 	C:\Program Files\Apache NetBeans\jdk\bin\zip.dll
0x00007ff960240000 - 0x00007ff960264000 	C:\Users\User\.m2\wrapper\dists\apache-maven-3.9.11\03d7e36a140982eea48e22c1dcac01d8862b2550b2939e09a0809bbc5182a5bc\lib\jansi-native\Windows\x86_64\jansi.dll
0x00007ff96e100000 - 0x00007ff96e110000 	C:\Program Files\Apache NetBeans\jdk\bin\verify.dll

JVMTI agents: none

dbghelp: loaded successfully - version: 4.0.5 - missing functions: none
symbol engine: initialized successfully - sym options: 0x614 - pdb path: .;C:\Program Files\Apache NetBeans\jdk\bin;C:\Windows\SYSTEM32;C:\Windows\WinSxS\amd64_microsoft.windows.common-controls_6595b64144ccf1df_6.0.19041.6456_none_60b8a6cb71f64256;C:\Program Files\Apache NetBeans\jdk\bin\server;C:\Users\User\.m2\wrapper\dists\apache-maven-3.9.11\03d7e36a140982eea48e22c1dcac01d8862b2550b2939e09a0809bbc5182a5bc\lib\jansi-native\Windows\x86_64

VM Arguments:
jvm_args: --enable-native-access=ALL-UNNAMED -Dclassworlds.conf=C:\Users\User\.m2\wrapper\dists\apache-maven-3.9.11\03d7e36a140982eea48e22c1dcac01d8862b2550b2939e09a0809bbc5182a5bc\bin\m2.conf -Dmaven.home=C:\Users\User\.m2\wrapper\dists\apache-maven-3.9.11\03d7e36a140982eea48e22c1dcac01d8862b2550b2939e09a0809bbc5182a5bc -Dlibrary.jansi.path=C:\Users\User\.m2\wrapper\dists\apache-maven-3.9.11\03d7e36a140982eea48e22c1dcac01d8862b2550b2939e09a0809bbc5182a5bc\lib\jansi-native -Dmaven.multiModuleProjectDirectory=C:\Users\User\Documents\NetBeansProjects\hospital-vida-nova 
java_command: org.codehaus.plexus.classworlds.launcher.Launcher -Dmaven.ext.class.path=C:\Program Files\Apache NetBeans\java\maven-nblib\netbeans-eventspy.jar --no-transfer-progress clean install
java_class_path (initial): C:\Users\User\.m2\wrapper\dists\apache-maven-3.9.11\03d7e36a140982eea48e22c1dcac01d8862b2550b2939e09a0809bbc5182a5bc\boot\plexus-classworlds-2.9.0.jar
Launcher Type: SUN_STANDARD

[Global flags]
     intx CICompilerCount                          = 3                                         {product} {ergonomic}
     uint ConcGCThreads                            = 1                                         {product} {ergonomic}
     uint G1ConcRefinementThreads                  = 4                                         {product} {ergonomic}
   size_t G1HeapRegionSize                         = 1048576                                   {product} {ergonomic}
   size_t InitialHeapSize                          = 67108864                                  {product} {ergonomic}
   size_t MarkStackSize                            = 4194304                                   {product} {ergonomic}
   size_t MarkStackSizeMax                         = 536870912                                 {product} {ergonomic}
   size_t MaxHeapSize                              = 1042284544                                {product} {ergonomic}
   size_t MaxNewSize                               = 624951296                                 {product} {ergonomic}
   size_t MinHeapDeltaBytes                        = 1048576                                   {product} {ergonomic}
   size_t MinHeapSize                              = 8388608                                   {product} {ergonomic}
    uintx NonNMethodCodeHeapSize                   = 5832704                                {pd product} {ergonomic}
    uintx NonProfiledCodeHeapSize                  = 122945536                              {pd product} {ergonomic}
    uintx ProfiledCodeHeapSize                     = 122880000                              {pd product} {ergonomic}
    uintx ReservedCodeCacheSize                    = 251658240                              {pd product} {ergonomic}
     bool SegmentedCodeCache                       = true                                      {product} {ergonomic}
   size_t SoftMaxHeapSize                          = 1042284544                             {manageable} {ergonomic}
     bool UseCompressedOops                        = true                           {product lp64_product} {ergonomic}
     bool UseG1GC                                  = true                                      {product} {ergonomic}
     bool UseLargePagesIndividualAllocation        = false                                  {pd product} {ergonomic}

Logging:
Log output configuration:
 #0: stdout all=warning uptime,level,tags foldmultilines=false
 #1: stderr all=off uptime,level,tags foldmultilines=false

Environment Variables:
JAVA_HOME=C:\Program Files\Apache NetBeans\jdk
PATH=C:\Program Files\Java\jdk-21.0.6\bin;C:\Program Files\Common Files\Oracle\Java\javapath;C:\Program Files (x86)\Common Files\Oracle\Java\java8path;C:\Program Files (x86)\Common Files\Oracle\Java\javapath;C:\Windows\system32;C:\Windows;C:\Windows\System32\Wbem;C:\Windows\System32\WindowsPowerShell\v1.0\;C:\Windows\System32\OpenSSH\;C:\Program Files\dotnet\;C:\Program Files\Git\cmd;C:\Program Files\Cloudflare\Cloudflare WARP\;C:\Program Files\MySQL\MySQL Shell 8.0\bin\;C:\Users\User\AppData\Local\Programs\Python\Python313\Scripts\;C:\Users\User\AppData\Local\Programs\Python\Python313\;C:\Users\User\AppData\Local\Microsoft\WindowsApps;C:\Users\User\AppData\Local\Programs\Microsoft VS Code\bin
USERNAME=User
OS=Windows_NT
PROCESSOR_IDENTIFIER=Intel64 Family 6 Model 78 Stepping 3, GenuineIntel
TMP=C:\Users\User\AppData\Local\Temp
TEMP=C:\Users\User\AppData\Local\Temp




Periodic native trim disabled

---------------  S Y S T E M  ---------------

OS:
 Windows 10 , 64 bit Build 19041 (10.0.19041.5915)
OS uptime: 0 days 7:07 hours

CPU: total 4 (initial active 4) (2 cores per cpu, 2 threads per core) family 6 model 78 stepping 3 microcode 0xcc, cx8, cmov, fxsr, ht, mmx, 3dnowpref, sse, sse2, sse3, ssse3, sse4.1, sse4.2, popcnt, lzcnt, tsc, tscinvbit, avx, avx2, aes, erms, clmul, bmi1, bmi2, adx, fma, vzeroupper, clflush, clflushopt, rdtscp, f16c
Processor Information for the first 4 processors :
  Max Mhz: 1992, Current Mhz: 1992, Mhz Limit: 1992

Memory: 4k page, system-wide physical 3970M (343M free)
TotalPageFile size 16258M (AvailPageFile size 1M)
current process WorkingSet (physical memory assigned to process): 50M, peak: 50M
current process commit charge ("private bytes"): 146M, peak: 146M

vm_info: OpenJDK 64-Bit Server VM (24.0.2+12) for windows-amd64 JRE (24.0.2+12) (Zulu24.32+13-CA), built on 2025-07-11T12:45:44Z with MS VC++ 17.1 (VS2022)

END.
