#
# There is insufficient memory for the Java Runtime Environment to continue.
# Native memory allocation (malloc) failed to allocate 1416912 bytes. Error detail: Chunk::new
# Possible reasons:
#   The system is out of physical RAM or swap space
#   This process is running with CompressedOops enabled, and the Java Heap may be blocking the growth of the native heap
# Possible solutions:
#   Reduce memory load on the system
#   Increase physical memory or swap space
#   Check if swap backing store is full
#   Decrease Java heap size (-Xmx/-Xms)
#   Decrease number of Java threads
#   Decrease Java thread stack sizes (-Xss)
#   Set larger code cache with -XX:ReservedCodeCacheSize=
#   JVM is running with Unscaled Compressed Oops mode in which the Java heap is
#     placed in the first 4GB address space. The Java Heap base address is the
#     maximum limit for the native heap growth. Please use -XX:HeapBaseMinAddress
#     to set the Java Heap base and to place the Java Heap above 4GB virtual address.
# This output file may be truncated or incomplete.
#
#  Out of Memory Error (arena.cpp:162), pid=1076, tid=7476
#
# JRE version: OpenJDK Runtime Environment Zulu24.32+13-CA (24.0.2+12) (build 24.0.2+12)
# Java VM: OpenJDK 64-Bit Server VM Zulu24.32+13-CA (24.0.2+12, mixed mode, sharing, tiered, compressed oops, compressed class ptrs, g1 gc, windows-amd64)
# No core dump will be written. Minidumps are not enabled by default on client versions of Windows
#

---------------  S U M M A R Y ------------

Command Line: C:\Users\User\AppData\Local\Temp\surefire1452558984275847015\surefirebooter-20251123201500649_3.jar C:\Users\User\AppData\Local\Temp\surefire1452558984275847015 2025-11-23T20-15-00_038-jvmRun1 surefire-20251123201500649_1tmp surefire_0-20251123201500649_2tmp

Host: Intel(R) Core(TM) i3-6006U CPU @ 2.00GHz, 4 cores, 3G,  Windows 10 , 64 bit Build 19041 (10.0.19041.5915)
Time: Sun Nov 23 20:15:01 2025 Hora oficial do Brasil elapsed time: 0.525368 seconds (0d 0h 0m 0s)

---------------  T H R E A D  ---------------

Current thread (0x000001ddc1135830):  JavaThread "C2 CompilerThread0" daemon [_thread_in_native, id=7476, stack(0x0000003fd1300000,0x0000003fd1400000) (1024K)]


Current CompileTask:
C2:525  362       4       java.util.jar.Manifest$FastInputStream::readLine (296 bytes)

Stack: [0x0000003fd1300000,0x0000003fd1400000]
Native frames: (J=compiled Java code, j=interpreted, Vv=VM code, C=native code)
V  [jvm.dll+0x741329]  (no source info available)
V  [jvm.dll+0x97e243]  (no source info available)
V  [jvm.dll+0x98056d]  (no source info available)
V  [jvm.dll+0x980be3]  (no source info available)
V  [jvm.dll+0x2b5a76]  (no source info available)
V  [jvm.dll+0xd00af]  (no source info available)
V  [jvm.dll+0xd030f]  (no source info available)
V  [jvm.dll+0x15b85f]  (no source info available)
V  [jvm.dll+0x746bef]  (no source info available)
V  [jvm.dll+0x27a478]  (no source info available)
V  [jvm.dll+0x279591]  (no source info available)
V  [jvm.dll+0x1f30fa]  (no source info available)
V  [jvm.dll+0x288d95]  (no source info available)
V  [jvm.dll+0x28702a]  (no source info available)
V  [jvm.dll+0x43e016]  (no source info available)
V  [jvm.dll+0x920c78]  (no source info available)
V  [jvm.dll+0x73fab5]  (no source info available)
C  [ucrtbase.dll+0x21bb2]  (no source info available)
C  [KERNEL32.DLL+0x17374]  (no source info available)
C  [ntdll.dll+0x4cc91]  (no source info available)

Lock stack of current Java thread (top to bottom):


---------------  P R O C E S S  ---------------

Threads class SMR info:
_java_thread_list=0x000001ddc1976ee0, length=13, elements={
0x000001ddd5e9e180, 0x000001ddc1126010, 0x000001ddc1128b60, 0x000001ddc112a920,
0x000001ddc112d460, 0x000001ddc112eb40, 0x000001ddc112fe10, 0x000001ddc1135830,
0x000001ddc11363b0, 0x000001ddc11d7050, 0x000001ddc11d7fa0, 0x000001ddc87a94b0,
0x000001ddc195c0a0
}

Java Threads: ( => current thread )
  0x000001ddd5e9e180 JavaThread "main"                              [_thread_in_Java, id=9556, stack(0x0000003fd0500000,0x0000003fd0600000) (1024K)]
  0x000001ddc1126010 JavaThread "Reference Handler"          daemon [_thread_blocked, id=5952, stack(0x0000003fd0d00000,0x0000003fd0e00000) (1024K)]
  0x000001ddc1128b60 JavaThread "Finalizer"                  daemon [_thread_blocked, id=5648, stack(0x0000003fd0e00000,0x0000003fd0f00000) (1024K)]
  0x000001ddc112a920 JavaThread "Signal Dispatcher"          daemon [_thread_blocked, id=3644, stack(0x0000003fd0f00000,0x0000003fd1000000) (1024K)]
  0x000001ddc112d460 JavaThread "Attach Listener"            daemon [_thread_blocked, id=7036, stack(0x0000003fd1000000,0x0000003fd1100000) (1024K)]
  0x000001ddc112eb40 JavaThread "Service Thread"             daemon [_thread_blocked, id=8996, stack(0x0000003fd1100000,0x0000003fd1200000) (1024K)]
  0x000001ddc112fe10 JavaThread "Monitor Deflation Thread"   daemon [_thread_blocked, id=3352, stack(0x0000003fd1200000,0x0000003fd1300000) (1024K)]
=>0x000001ddc1135830 JavaThread "C2 CompilerThread0"         daemon [_thread_in_native, id=7476, stack(0x0000003fd1300000,0x0000003fd1400000) (1024K)]
  0x000001ddc11363b0 JavaThread "C1 CompilerThread0"         daemon [_thread_in_native, id=2904, stack(0x0000003fd1400000,0x0000003fd1500000) (1024K)]
  0x000001ddc11d7050 JavaThread "Notification Thread"        daemon [_thread_blocked, id=11772, stack(0x0000003fd1500000,0x0000003fd1600000) (1024K)]
  0x000001ddc11d7fa0 JavaThread "Common-Cleaner"             daemon [_thread_blocked, id=4244, stack(0x0000003fd1600000,0x0000003fd1700000) (1024K)]
  0x000001ddc87a94b0 JavaThread "surefire-forkedjvm-stream-flusher" daemon [_thread_blocked, id=12956, stack(0x0000003fd1700000,0x0000003fd1800000) (1024K)]
  0x000001ddc195c0a0 JavaThread "surefire-forkedjvm-command-thread" daemon [_thread_in_native, id=2628, stack(0x0000003fd1800000,0x0000003fd1900000) (1024K)]
Total: 13

Other Threads:
  0x000001ddd81e72b0 VMThread "VM Thread"                           [id=5044, stack(0x0000003fd0c00000,0x0000003fd0d00000) (1024K)]
  0x000001ddd81dbc20 WatcherThread "VM Periodic Task Thread"        [id=12704, stack(0x0000003fd0b00000,0x0000003fd0c00000) (1024K)]
  0x000001ddd8155b60 WorkerThread "GC Thread#0"                     [id=2032, stack(0x0000003fd0600000,0x0000003fd0700000) (1024K)]
  0x000001ddd81617a0 ConcurrentGCThread "G1 Main Marker"            [id=5936, stack(0x0000003fd0700000,0x0000003fd0800000) (1024K)]
  0x000001ddd8163970 WorkerThread "G1 Conc#0"                       [id=4144, stack(0x0000003fd0800000,0x0000003fd0900000) (1024K)]
  0x000001ddd81c0c40 ConcurrentGCThread "G1 Refine#0"               [id=7108, stack(0x0000003fd0900000,0x0000003fd0a00000) (1024K)]
  0x000001ddd81c16d0 ConcurrentGCThread "G1 Service"                [id=8340, stack(0x0000003fd0a00000,0x0000003fd0b00000) (1024K)]
Total: 7

Threads with active compile tasks:
C2 CompilerThread0  687  362       4       java.util.jar.Manifest$FastInputStream::readLine (296 bytes)
C1 CompilerThread0  687  373   !   3       java.util.zip.ZipFile$Source::initCEN (616 bytes)
Total: 2

VM state: not at safepoint (normal execution)

VM Mutex/Monitor currently owned by a thread: None

Heap address: 0x00000000c1e00000, size: 994 MB, Compressed Oops mode: 32-bit

CDS archive(s) mapped at: [0x000001dd80000000-0x000001dd80d40000-0x000001dd80d40000), size 13893632, SharedBaseAddress: 0x000001dd80000000, ArchiveRelocationMode: 1.
Compressed class space mapped at: 0x000001dd81000000-0x000001ddc1000000, reserved size: 1073741824
UseCompressedClassPointers 1, UseCompactObjectHeaders 0
Narrow klass pointer bits 32, Max shift 3
Narrow klass base: 0x000001dd80000000, Narrow klass shift: 0
Encoding Range: [0x000001dd80000000 - 0x000001de80000000), (4294967296 bytes)
Klass Range:    [0x000001dd80000000 - 0x000001ddc1000000), (1090519040 bytes)
Klass ID Range:  [8 - 1090519033) (1090519025)

GC Precious Log:
 CardTable entry size: 512
 Card Set container configuration: InlinePtr #cards 5 size 8 Array Of Cards #cards 10 size 36 Howl #buckets 4 coarsen threshold 1843 Howl Bitmap #cards 512 size 80 coarsen threshold 460 Card regions per heap region 1 cards per card region 2048
 CPUs: 4 total, 4 available
 Memory: 3970M
 Large Page Support: Disabled
 NUMA Support: Disabled
 Compressed Oops: Enabled (32-bit)
 Heap Region Size: 1M
 Heap Min Capacity: 8M
 Heap Initial Capacity: 64M
 Heap Max Capacity: 994M
 Pre-touch: Disabled
 Parallel Workers: 4
 Concurrent Workers: 1
 Concurrent Refinement Workers: 4
 Periodic GC: Disabled

Heap:
 garbage-first heap   total reserved 1017856K, committed 67584K, used 12400K [0x00000000c1e00000, 0x0000000100000000)
  region size 1024K, 11 young (11264K), 0 survivors (0K)
 Metaspace       used 1787K, committed 1984K, reserved 1114112K
  class space    used 142K, committed 256K, reserved 1048576K

Heap Regions: E=young(eden), S=young(survivor), O=old, HS=humongous(starts), HC=humongous(continues), CS=collection set, F=free, TAMS=top-at-mark-start, PB=parsable bottom
|   0|0x00000000c1e00000, 0x00000000c1f00000, 0x00000000c1f00000|100%|HS|  |TAMS 0x00000000c1e00000| PB 0x00000000c1e00000| Complete |  0
|   1|0x00000000c1f00000, 0x00000000c1f00000, 0x00000000c2000000|  0%| F|  |TAMS 0x00000000c1f00000| PB 0x00000000c1f00000| Untracked |  0
|   2|0x00000000c2000000, 0x00000000c2000000, 0x00000000c2100000|  0%| F|  |TAMS 0x00000000c2000000| PB 0x00000000c2000000| Untracked |  0
|   3|0x00000000c2100000, 0x00000000c2100000, 0x00000000c2200000|  0%| F|  |TAMS 0x00000000c2100000| PB 0x00000000c2100000| Untracked |  0
|   4|0x00000000c2200000, 0x00000000c2200000, 0x00000000c2300000|  0%| F|  |TAMS 0x00000000c2200000| PB 0x00000000c2200000| Untracked |  0
|   5|0x00000000c2300000, 0x00000000c2300000, 0x00000000c2400000|  0%| F|  |TAMS 0x00000000c2300000| PB 0x00000000c2300000| Untracked |  0
|   6|0x00000000c2400000, 0x00000000c2400000, 0x00000000c2500000|  0%| F|  |TAMS 0x00000000c2400000| PB 0x00000000c2400000| Untracked |  0
|   7|0x00000000c2500000, 0x00000000c2500000, 0x00000000c2600000|  0%| F|  |TAMS 0x00000000c2500000| PB 0x00000000c2500000| Untracked |  0
|   8|0x00000000c2600000, 0x00000000c2600000, 0x00000000c2700000|  0%| F|  |TAMS 0x00000000c2600000| PB 0x00000000c2600000| Untracked |  0
|   9|0x00000000c2700000, 0x00000000c2700000, 0x00000000c2800000|  0%| F|  |TAMS 0x00000000c2700000| PB 0x00000000c2700000| Untracked |  0
|  10|0x00000000c2800000, 0x00000000c2800000, 0x00000000c2900000|  0%| F|  |TAMS 0x00000000c2800000| PB 0x00000000c2800000| Untracked |  0
|  11|0x00000000c2900000, 0x00000000c2900000, 0x00000000c2a00000|  0%| F|  |TAMS 0x00000000c2900000| PB 0x00000000c2900000| Untracked |  0
|  12|0x00000000c2a00000, 0x00000000c2a00000, 0x00000000c2b00000|  0%| F|  |TAMS 0x00000000c2a00000| PB 0x00000000c2a00000| Untracked |  0
|  13|0x00000000c2b00000, 0x00000000c2b00000, 0x00000000c2c00000|  0%| F|  |TAMS 0x00000000c2b00000| PB 0x00000000c2b00000| Untracked |  0
|  14|0x00000000c2c00000, 0x00000000c2c00000, 0x00000000c2d00000|  0%| F|  |TAMS 0x00000000c2c00000| PB 0x00000000c2c00000| Untracked |  0
|  15|0x00000000c2d00000, 0x00000000c2d00000, 0x00000000c2e00000|  0%| F|  |TAMS 0x00000000c2d00000| PB 0x00000000c2d00000| Untracked |  0
|  16|0x00000000c2e00000, 0x00000000c2e00000, 0x00000000c2f00000|  0%| F|  |TAMS 0x00000000c2e00000| PB 0x00000000c2e00000| Untracked |  0
|  17|0x00000000c2f00000, 0x00000000c2f00000, 0x00000000c3000000|  0%| F|  |TAMS 0x00000000c2f00000| PB 0x00000000c2f00000| Untracked |  0
|  18|0x00000000c3000000, 0x00000000c3000000, 0x00000000c3100000|  0%| F|  |TAMS 0x00000000c3000000| PB 0x00000000c3000000| Untracked |  0
|  19|0x00000000c3100000, 0x00000000c3100000, 0x00000000c3200000|  0%| F|  |TAMS 0x00000000c3100000| PB 0x00000000c3100000| Untracked |  0
|  20|0x00000000c3200000, 0x00000000c3200000, 0x00000000c3300000|  0%| F|  |TAMS 0x00000000c3200000| PB 0x00000000c3200000| Untracked |  0
|  21|0x00000000c3300000, 0x00000000c3300000, 0x00000000c3400000|  0%| F|  |TAMS 0x00000000c3300000| PB 0x00000000c3300000| Untracked |  0
|  22|0x00000000c3400000, 0x00000000c3400000, 0x00000000c3500000|  0%| F|  |TAMS 0x00000000c3400000| PB 0x00000000c3400000| Untracked |  0
|  23|0x00000000c3500000, 0x00000000c3500000, 0x00000000c3600000|  0%| F|  |TAMS 0x00000000c3500000| PB 0x00000000c3500000| Untracked |  0
|  24|0x00000000c3600000, 0x00000000c3600000, 0x00000000c3700000|  0%| F|  |TAMS 0x00000000c3600000| PB 0x00000000c3600000| Untracked |  0
|  25|0x00000000c3700000, 0x00000000c3700000, 0x00000000c3800000|  0%| F|  |TAMS 0x00000000c3700000| PB 0x00000000c3700000| Untracked |  0
|  26|0x00000000c3800000, 0x00000000c3800000, 0x00000000c3900000|  0%| F|  |TAMS 0x00000000c3800000| PB 0x00000000c3800000| Untracked |  0
|  27|0x00000000c3900000, 0x00000000c3900000, 0x00000000c3a00000|  0%| F|  |TAMS 0x00000000c3900000| PB 0x00000000c3900000| Untracked |  0
|  28|0x00000000c3a00000, 0x00000000c3a00000, 0x00000000c3b00000|  0%| F|  |TAMS 0x00000000c3a00000| PB 0x00000000c3a00000| Untracked |  0
|  29|0x00000000c3b00000, 0x00000000c3b00000, 0x00000000c3c00000|  0%| F|  |TAMS 0x00000000c3b00000| PB 0x00000000c3b00000| Untracked |  0
|  30|0x00000000c3c00000, 0x00000000c3c00000, 0x00000000c3d00000|  0%| F|  |TAMS 0x00000000c3c00000| PB 0x00000000c3c00000| Untracked |  0
|  31|0x00000000c3d00000, 0x00000000c3d00000, 0x00000000c3e00000|  0%| F|  |TAMS 0x00000000c3d00000| PB 0x00000000c3d00000| Untracked |  0
|  32|0x00000000c3e00000, 0x00000000c3e00000, 0x00000000c3f00000|  0%| F|  |TAMS 0x00000000c3e00000| PB 0x00000000c3e00000| Untracked |  0
|  33|0x00000000c3f00000, 0x00000000c3f00000, 0x00000000c4000000|  0%| F|  |TAMS 0x00000000c3f00000| PB 0x00000000c3f00000| Untracked |  0
|  34|0x00000000c4000000, 0x00000000c4000000, 0x00000000c4100000|  0%| F|  |TAMS 0x00000000c4000000| PB 0x00000000c4000000| Untracked |  0
|  35|0x00000000c4100000, 0x00000000c4100000, 0x00000000c4200000|  0%| F|  |TAMS 0x00000000c4100000| PB 0x00000000c4100000| Untracked |  0
|  36|0x00000000c4200000, 0x00000000c4200000, 0x00000000c4300000|  0%| F|  |TAMS 0x00000000c4200000| PB 0x00000000c4200000| Untracked |  0
|  37|0x00000000c4300000, 0x00000000c4300000, 0x00000000c4400000|  0%| F|  |TAMS 0x00000000c4300000| PB 0x00000000c4300000| Untracked |  0
|  38|0x00000000c4400000, 0x00000000c4400000, 0x00000000c4500000|  0%| F|  |TAMS 0x00000000c4400000| PB 0x00000000c4400000| Untracked |  0
|  39|0x00000000c4500000, 0x00000000c4500000, 0x00000000c4600000|  0%| F|  |TAMS 0x00000000c4500000| PB 0x00000000c4500000| Untracked |  0
|  40|0x00000000c4600000, 0x00000000c4600000, 0x00000000c4700000|  0%| F|  |TAMS 0x00000000c4600000| PB 0x00000000c4600000| Untracked |  0
|  41|0x00000000c4700000, 0x00000000c4700000, 0x00000000c4800000|  0%| F|  |TAMS 0x00000000c4700000| PB 0x00000000c4700000| Untracked |  0
|  42|0x00000000c4800000, 0x00000000c4800000, 0x00000000c4900000|  0%| F|  |TAMS 0x00000000c4800000| PB 0x00000000c4800000| Untracked |  0
|  43|0x00000000c4900000, 0x00000000c4900000, 0x00000000c4a00000|  0%| F|  |TAMS 0x00000000c4900000| PB 0x00000000c4900000| Untracked |  0
|  44|0x00000000c4a00000, 0x00000000c4a00000, 0x00000000c4b00000|  0%| F|  |TAMS 0x00000000c4a00000| PB 0x00000000c4a00000| Untracked |  0
|  45|0x00000000c4b00000, 0x00000000c4b00000, 0x00000000c4c00000|  0%| F|  |TAMS 0x00000000c4b00000| PB 0x00000000c4b00000| Untracked |  0
|  46|0x00000000c4c00000, 0x00000000c4c00000, 0x00000000c4d00000|  0%| F|  |TAMS 0x00000000c4c00000| PB 0x00000000c4c00000| Untracked |  0
|  47|0x00000000c4d00000, 0x00000000c4d00000, 0x00000000c4e00000|  0%| F|  |TAMS 0x00000000c4d00000| PB 0x00000000c4d00000| Untracked |  0
|  48|0x00000000c4e00000, 0x00000000c4e00000, 0x00000000c4f00000|  0%| F|  |TAMS 0x00000000c4e00000| PB 0x00000000c4e00000| Untracked |  0
|  49|0x00000000c4f00000, 0x00000000c4f00000, 0x00000000c5000000|  0%| F|  |TAMS 0x00000000c4f00000| PB 0x00000000c4f00000| Untracked |  0
|  50|0x00000000c5000000, 0x00000000c5000000, 0x00000000c5100000|  0%| F|  |TAMS 0x00000000c5000000| PB 0x00000000c5000000| Untracked |  0
|  51|0x00000000c5100000, 0x00000000c5100000, 0x00000000c5200000|  0%| F|  |TAMS 0x00000000c5100000| PB 0x00000000c5100000| Untracked |  0
|  52|0x00000000c5200000, 0x00000000c5200000, 0x00000000c5300000|  0%| F|  |TAMS 0x00000000c5200000| PB 0x00000000c5200000| Untracked |  0
|  53|0x00000000c5300000, 0x00000000c5400000, 0x00000000c5400000|100%| E|  |TAMS 0x00000000c5300000| PB 0x00000000c5300000| Complete |  0
|  54|0x00000000c5400000, 0x00000000c5500000, 0x00000000c5500000|100%| E|CS|TAMS 0x00000000c5400000| PB 0x00000000c5400000| Complete |  0
|  55|0x00000000c5500000, 0x00000000c5600000, 0x00000000c5600000|100%| E|CS|TAMS 0x00000000c5500000| PB 0x00000000c5500000| Complete |  0
|  56|0x00000000c5600000, 0x00000000c5700000, 0x00000000c5700000|100%| E|CS|TAMS 0x00000000c5600000| PB 0x00000000c5600000| Complete |  0
|  57|0x00000000c5700000, 0x00000000c5800000, 0x00000000c5800000|100%| E|CS|TAMS 0x00000000c5700000| PB 0x00000000c5700000| Complete |  0
|  58|0x00000000c5800000, 0x00000000c5900000, 0x00000000c5900000|100%| E|CS|TAMS 0x00000000c5800000| PB 0x00000000c5800000| Complete |  0
|  59|0x00000000c5900000, 0x00000000c5a00000, 0x00000000c5a00000|100%| E|CS|TAMS 0x00000000c5900000| PB 0x00000000c5900000| Complete |  0
|  60|0x00000000c5a00000, 0x00000000c5b00000, 0x00000000c5b00000|100%| E|CS|TAMS 0x00000000c5a00000| PB 0x00000000c5a00000| Complete |  0
|  61|0x00000000c5b00000, 0x00000000c5c00000, 0x00000000c5c00000|100%| E|CS|TAMS 0x00000000c5b00000| PB 0x00000000c5b00000| Complete |  0
|  62|0x00000000c5c00000, 0x00000000c5d00000, 0x00000000c5d00000|100%| E|CS|TAMS 0x00000000c5c00000| PB 0x00000000c5c00000| Complete |  0
|  63|0x00000000c5d00000, 0x00000000c5e00000, 0x00000000c5e00000|100%| E|CS|TAMS 0x00000000c5d00000| PB 0x00000000c5d00000| Complete |  0
| 992|0x00000000ffe00000, 0x00000000fff00000, 0x00000000fff00000|100%| O|  |TAMS 0x00000000ffe00000| PB 0x00000000ffe00000| Untracked |  0
| 993|0x00000000fff00000, 0x00000000fff1c318, 0x0000000100000000| 11%| O|  |TAMS 0x00000000fff00000| PB 0x00000000fff00000| Untracked |  0

Card table byte_map: [0x000001ddefe30000,0x000001ddf0030000] _byte_map_base: 0x000001ddef821000

Marking Bits: (CMBitMap*) 0x000001ddd8157190
 Bits: [0x000001ddf0030000, 0x000001ddf0fb8000)

Polling page: 0x000001ddd78f0000

Metaspace:

Usage:
  Non-class:      1.61 MB used.
      Class:    142.38 KB used.
       Both:      1.75 MB used.

Virtual space:
  Non-class space:       64.00 MB reserved,       1.69 MB (  3%) committed,  1 nodes.
      Class space:        1.00 GB reserved,     256.00 KB ( <1%) committed,  1 nodes.
             Both:        1.06 GB reserved,       1.94 MB ( <1%) committed. 

Chunk freelists:
   Non-Class:  11.54 MB
       Class:  15.69 MB
        Both:  27.23 MB

MaxMetaspaceSize: unlimited
CompressedClassSpaceSize: 1.00 GB
Initial GC threshold: 21.00 MB
Current GC threshold: 21.00 MB
CDS: on
 - commit_granule_bytes: 65536.
 - commit_granule_words: 8192.
 - virtual_space_node_default_size: 8388608.
 - enlarge_chunks_in_place: 1.
UseCompressedClassPointers 1, UseCompactObjectHeaders 0
Narrow klass pointer bits 32, Max shift 3
Narrow klass base: 0x000001dd80000000, Narrow klass shift: 0
Encoding Range: [0x000001dd80000000 - 0x000001de80000000), (4294967296 bytes)
Klass Range:    [0x000001dd80000000 - 0x000001ddc1000000), (1090519040 bytes)
Klass ID Range:  [8 - 1090519033) (1090519025)


Internal statistics:

num_allocs_failed_limit: 0.
num_arena_births: 14.
num_arena_deaths: 0.
num_vsnodes_births: 2.
num_vsnodes_deaths: 0.
num_space_committed: 31.
num_space_uncommitted: 0.
num_chunks_returned_to_freelist: 0.
num_chunks_taken_from_freelist: 43.
num_chunk_merges: 0.
num_chunk_splits: 26.
num_chunks_enlarged: 17.
num_inconsistent_stats: 0.

CodeHeap 'non-profiled nmethods': size=120064Kb used=117Kb max_used=117Kb free=119946Kb
 bounds [0x000001dde86f0000, 0x000001dde8960000, 0x000001ddefc30000]
CodeHeap 'profiled nmethods': size=120000Kb used=419Kb max_used=419Kb free=119580Kb
 bounds [0x000001dde0c30000, 0x000001dde0ea0000, 0x000001dde8160000]
CodeHeap 'non-nmethods': size=5696Kb used=1257Kb max_used=1257Kb free=4438Kb
 bounds [0x000001dde8160000, 0x000001dde83d0000, 0x000001dde86f0000]
CodeCache: size=245760Kb, used=1793Kb, max_used=1793Kb, free=243964Kb
 total_blobs=804, nmethods=385, adapters=324, full_count=0
Compilation: enabled, stopped_count=0, restarted_count=0

Compilation events (20 events):
Event: 0.491 Thread 0x000001ddc11363b0 nmethod 355 0x000001dde0c93c88 code [0x000001dde0c93de0, 0x000001dde0c945d0]
Event: 0.491 Thread 0x000001ddc1135830  356       4       java.lang.Math::min (11 bytes)
Event: 0.492 Thread 0x000001ddc1135830 nmethod 356 0x000001dde870a108 code [0x000001dde870a200, 0x000001dde870a270]
Event: 0.494 Thread 0x000001ddc11363b0  357       3       java.lang.Runtime$Version::feature (17 bytes)
Event: 0.494 Thread 0x000001ddc11363b0 nmethod 357 0x000001dde0c94608 code [0x000001dde0c94740, 0x000001dde0c94a88]
Event: 0.494 Thread 0x000001ddc11363b0  358       3       jdk.internal.misc.Unsafe::getLong (7 bytes)
Event: 0.494 Thread 0x000001ddc11363b0 nmethod 358 0x000001dde0c94b08 code [0x000001dde0c94c20, 0x000001dde0c94d38]
Event: 0.496 Thread 0x000001ddc11363b0  359       1       java.net.URLStreamHandler::getDefaultPort (2 bytes)
Event: 0.496 Thread 0x000001ddc11363b0 nmethod 359 0x000001dde870a408 code [0x000001dde870a500, 0x000001dde870a5c8]
Event: 0.500 Thread 0x000001ddc11363b0  360       1       java.util.zip.ZipEntry::getSize (5 bytes)
Event: 0.500 Thread 0x000001ddc11363b0 nmethod 360 0x000001dde870a708 code [0x000001dde870a800, 0x000001dde870a8c8]
Event: 0.500 Thread 0x000001ddc11363b0  361       3       java.lang.StringCoding::countPositives (33 bytes)
Event: 0.500 Thread 0x000001ddc1135830  362       4       java.util.jar.Manifest$FastInputStream::readLine (296 bytes)
Event: 0.501 Thread 0x000001ddc11363b0 nmethod 361 0x000001dde0c94e08 code [0x000001dde0c94f20, 0x000001dde0c95128]
Event: 0.518 Thread 0x000001ddc11363b0  363       3       java.lang.String::replace (42 bytes)
Event: 0.519 Thread 0x000001ddc11363b0 nmethod 363 0x000001dde0c95188 code [0x000001dde0c952e0, 0x000001dde0c95658]
Event: 0.519 Thread 0x000001ddc11363b0  365       3       java.lang.ThreadLocal::get (35 bytes)
Event: 0.520 Thread 0x000001ddc11363b0 nmethod 365 0x000001dde0c95688 code [0x000001dde0c957c0, 0x000001dde0c95ab8]
Event: 0.520 Thread 0x000001ddc11363b0  364       3       jdk.internal.misc.Unsafe::getInt (7 bytes)
Event: 0.520 Thread 0x000001ddc11363b0 nmethod 364 0x000001dde0c95b08 code [0x000001dde0c95c20, 0x000001dde0c95d38]

GC Heap History (0 events):
No events

Dll operation events (8 events):
Event: 0.015 Loaded shared library C:\Program Files\Apache NetBeans\jdk\bin\java.dll
Event: 0.063 Loaded shared library C:\Program Files\Apache NetBeans\jdk\bin\jsvml.dll
Event: 0.078 Loaded shared library C:\Program Files\Apache NetBeans\jdk\bin\net.dll
Event: 0.081 Loaded shared library C:\Program Files\Apache NetBeans\jdk\bin\nio.dll
Event: 0.086 Loaded shared library C:\Program Files\Apache NetBeans\jdk\bin\zip.dll
Event: 0.196 Loaded shared library C:\Program Files\Apache NetBeans\jdk\bin\management.dll
Event: 0.202 Loaded shared library C:\Program Files\Apache NetBeans\jdk\bin\management_ext.dll
Event: 0.247 Loaded shared library C:\Program Files\Apache NetBeans\jdk\bin\jimage.dll

Deoptimization events (16 events):
Event: 0.259 Thread 0x000001ddd5e9e180 DEOPT PACKING pc=0x000001dde0c44718 sp=0x0000003fd05fe350
Event: 0.259 Thread 0x000001ddd5e9e180 DEOPT UNPACKING pc=0x000001dde81b5722 sp=0x0000003fd05fd7c0 mode 0
Event: 0.260 Thread 0x000001ddd5e9e180 DEOPT PACKING pc=0x000001dde0c44718 sp=0x0000003fd05fe350
Event: 0.260 Thread 0x000001ddd5e9e180 DEOPT UNPACKING pc=0x000001dde81b5722 sp=0x0000003fd05fd7c0 mode 0
Event: 0.263 Thread 0x000001ddd5e9e180 DEOPT PACKING pc=0x000001dde0c44718 sp=0x0000003fd05fe350
Event: 0.263 Thread 0x000001ddd5e9e180 DEOPT UNPACKING pc=0x000001dde81b5722 sp=0x0000003fd05fd7c0 mode 0
Event: 0.264 Thread 0x000001ddd5e9e180 DEOPT PACKING pc=0x000001dde0c44718 sp=0x0000003fd05fe350
Event: 0.264 Thread 0x000001ddd5e9e180 DEOPT UNPACKING pc=0x000001dde81b5722 sp=0x0000003fd05fd7c0 mode 0
Event: 0.264 Thread 0x000001ddd5e9e180 DEOPT PACKING pc=0x000001dde0c44718 sp=0x0000003fd05fe350
Event: 0.264 Thread 0x000001ddd5e9e180 DEOPT UNPACKING pc=0x000001dde81b5722 sp=0x0000003fd05fd7c0 mode 0
Event: 0.500 Thread 0x000001ddd5e9e180 Uncommon trap: trap_request=0xffffff4d fr.pc=0x000001dde87017e0 relative=0x0000000000000160
Event: 0.500 Thread 0x000001ddd5e9e180 Uncommon trap: reason=unstable_if action=reinterpret pc=0x000001dde87017e0 method=java.lang.StringCoding.countPositives([BII)I @ 17 c2
Event: 0.500 Thread 0x000001ddd5e9e180 DEOPT PACKING pc=0x000001dde87017e0 sp=0x0000003fd05fe4d0
Event: 0.500 Thread 0x000001ddd5e9e180 DEOPT UNPACKING pc=0x000001dde8275d02 sp=0x0000003fd05fe458 mode 2
Event: 0.500 Thread 0x000001ddd5e9e180 DEOPT PACKING pc=0x000001dde0c337f8 sp=0x0000003fd05fe6d0
Event: 0.500 Thread 0x000001ddd5e9e180 DEOPT UNPACKING pc=0x000001dde81b5722 sp=0x0000003fd05fdb60 mode 0

Classes loaded (20 events):
Event: 0.220 Loading class java/lang/management/DefaultPlatformMBeanProvider$11
Event: 0.220 Loading class java/lang/management/DefaultPlatformMBeanProvider$11 done
Event: 0.220 Loading class jdk/management/jfr/FlightRecorderMXBean
Event: 0.221 Loading class jdk/management/jfr/FlightRecorderMXBean done
Event: 0.221 Loading class jdk/management/jfr/internal/FlightRecorderMXBeanProvider$SingleMBeanComponent
Event: 0.221 Loading class jdk/management/jfr/internal/FlightRecorderMXBeanProvider$SingleMBeanComponent done
Event: 0.221 Loading class java/util/Collections$SingletonList
Event: 0.221 Loading class java/util/Collections$SingletonList done
Event: 0.225 Loading class java/util/stream/ReduceOps$2
Event: 0.226 Loading class java/util/stream/ReduceOps$2 done
Event: 0.226 Loading class java/util/stream/ReduceOps$2ReducingSink
Event: 0.226 Loading class java/util/stream/ReduceOps$2ReducingSink done
Event: 0.227 Loading class sun/management/RuntimeImpl
Event: 0.227 Loading class sun/management/RuntimeImpl done
Event: 0.227 Loading class java/util/Collections$2
Event: 0.227 Loading class java/util/Collections$2 done
Event: 0.240 Loading class java/net/MalformedURLException
Event: 0.241 Loading class java/net/MalformedURLException done
Event: 0.251 Loading class jdk/internal/loader/URLClassPath$FileLoader
Event: 0.251 Loading class jdk/internal/loader/URLClassPath$FileLoader done

Classes unloaded (0 events):
No events

Classes redefined (0 events):
No events

Internal exceptions (1 events):
Event: 0.228 Thread 0x000001ddd5e9e180 Exception <a 'java/lang/NoSuchMethodError'{0x00000000c5a131d0}: 'int java.lang.invoke.DirectMethodHandle$Holder.invokeSpecial(java.lang.Object, java.lang.Object, java.lang.Object)'> (0x00000000c5a131d0) 
thrown [s\src\hotspot\share\interpreter\linkResolver.cpp, line 805]

VM Operations (0 events):
No events

Memory protections (0 events):
No events

Nmethod flushes (0 events):
No events

Events (11 events):
Event: 0.040 Thread 0x000001ddd5e9e180 Thread added: 0x000001ddd5e9e180
Event: 0.058 Thread 0x000001ddd5e9e180 Thread added: 0x000001ddc1126010
Event: 0.059 Thread 0x000001ddd5e9e180 Thread added: 0x000001ddc1128b60
Event: 0.059 Thread 0x000001ddd5e9e180 Thread added: 0x000001ddc112a920
Event: 0.059 Thread 0x000001ddd5e9e180 Thread added: 0x000001ddc112d460
Event: 0.059 Thread 0x000001ddd5e9e180 Thread added: 0x000001ddc112eb40
Event: 0.059 Thread 0x000001ddd5e9e180 Thread added: 0x000001ddc112fe10
Event: 0.060 Thread 0x000001ddd5e9e180 Thread added: 0x000001ddc1135830
Event: 0.060 Thread 0x000001ddd5e9e180 Thread added: 0x000001ddc11363b0
Event: 0.067 Thread 0x000001ddd5e9e180 Thread added: 0x000001ddc11d7050
Event: 0.069 Thread 0x000001ddd5e9e180 Thread added: 0x000001ddc11d7fa0


Dynamic libraries:
0x00007ff7a8950000 - 0x00007ff7a895e000 	C:\Program Files\Apache NetBeans\jdk\bin\java.exe
0x00007ffe73c90000 - 0x00007ffe73e88000 	C:\Windows\SYSTEM32\ntdll.dll
0x00007ffe730d0000 - 0x00007ffe73192000 	C:\Windows\System32\KERNEL32.DLL
0x00007ffe71370000 - 0x00007ffe71666000 	C:\Windows\System32\KERNELBASE.dll
0x00007ffe716f0000 - 0x00007ffe717f0000 	C:\Windows\System32\ucrtbase.dll
0x00007ffe4d020000 - 0x00007ffe4d036000 	C:\Program Files\Apache NetBeans\jdk\bin\jli.dll
0x00007ffe6a7e0000 - 0x00007ffe6a7fe000 	C:\Program Files\Apache NetBeans\jdk\bin\VCRUNTIME140.dll
0x00007ffe738d0000 - 0x00007ffe73a71000 	C:\Windows\System32\USER32.dll
0x00007ffe71c80000 - 0x00007ffe71ca2000 	C:\Windows\System32\win32u.dll
0x00007ffe71cb0000 - 0x00007ffe71cdb000 	C:\Windows\System32\GDI32.dll
0x00007ffe5eaa0000 - 0x00007ffe5ed3b000 	C:\Windows\WinSxS\amd64_microsoft.windows.common-controls_6595b64144ccf1df_6.0.19041.6456_none_60b8a6cb71f64256\COMCTL32.dll
0x00007ffe71ab0000 - 0x00007ffe71bc9000 	C:\Windows\System32\gdi32full.dll
0x00007ffe72300000 - 0x00007ffe7239e000 	C:\Windows\System32\msvcrt.dll
0x00007ffe71950000 - 0x00007ffe719ed000 	C:\Windows\System32\msvcp_win.dll
0x00007ffe738a0000 - 0x00007ffe738cf000 	C:\Windows\System32\IMM32.DLL
0x00007ffe60af0000 - 0x00007ffe60afc000 	C:\Program Files\Apache NetBeans\jdk\bin\vcruntime140_1.dll
0x00007ffe3e5b0000 - 0x00007ffe3e63d000 	C:\Program Files\Apache NetBeans\jdk\bin\msvcp140.dll
0x00007ffe0efe0000 - 0x00007ffe0fe5c000 	C:\Program Files\Apache NetBeans\jdk\bin\server\jvm.dll
0x00007ffe72f00000 - 0x00007ffe72fb1000 	C:\Windows\System32\ADVAPI32.dll
0x00007ffe731a0000 - 0x00007ffe7323f000 	C:\Windows\System32\sechost.dll
0x00007ffe72d00000 - 0x00007ffe72e20000 	C:\Windows\System32\RPCRT4.dll
0x00007ffe719f0000 - 0x00007ffe71a17000 	C:\Windows\System32\bcrypt.dll
0x00007ffe73310000 - 0x00007ffe7337b000 	C:\Windows\System32\WS2_32.dll
0x00007ffe71180000 - 0x00007ffe711cb000 	C:\Windows\SYSTEM32\POWRPROF.dll
0x00007ffe5ef50000 - 0x00007ffe5ef77000 	C:\Windows\SYSTEM32\WINMM.dll
0x00007ffe6a650000 - 0x00007ffe6a65a000 	C:\Windows\SYSTEM32\VERSION.dll
0x00007ffe71160000 - 0x00007ffe71172000 	C:\Windows\SYSTEM32\UMPDC.dll
0x00007ffe6f0b0000 - 0x00007ffe6f0c2000 	C:\Windows\SYSTEM32\kernel.appcore.dll
0x00007ffe5e290000 - 0x00007ffe5e29a000 	C:\Program Files\Apache NetBeans\jdk\bin\jimage.dll
0x00007ffe5ed40000 - 0x00007ffe5ef41000 	C:\Windows\SYSTEM32\DBGHELP.DLL
0x00007ffe5b7c0000 - 0x00007ffe5b7f4000 	C:\Windows\SYSTEM32\dbgcore.DLL
0x00007ffe71a20000 - 0x00007ffe71aa2000 	C:\Windows\System32\bcryptPrimitives.dll
0x00007ffe4d040000 - 0x00007ffe4d05e000 	C:\Program Files\Apache NetBeans\jdk\bin\java.dll
0x00007ffe73b10000 - 0x00007ffe73c3b000 	C:\Windows\System32\ole32.dll
0x00007ffe71f40000 - 0x00007ffe72294000 	C:\Windows\System32\combase.dll
0x00007ffe72550000 - 0x00007ffe72cc0000 	C:\Windows\System32\SHELL32.dll
0x00007ffe6f390000 - 0x00007ffe6fb35000 	C:\Windows\SYSTEM32\windows.storage.dll
0x00007ffe70c70000 - 0x00007ffe70c9b000 	C:\Windows\SYSTEM32\Wldp.dll
0x00007ffe73240000 - 0x00007ffe7330d000 	C:\Windows\System32\OLEAUT32.dll
0x00007ffe737f0000 - 0x00007ffe7389d000 	C:\Windows\System32\SHCORE.dll
0x00007ffe71d40000 - 0x00007ffe71d9b000 	C:\Windows\System32\shlwapi.dll
0x00007ffe71250000 - 0x00007ffe71274000 	C:\Windows\SYSTEM32\profapi.dll
0x00007ffe39840000 - 0x00007ffe39917000 	C:\Program Files\Apache NetBeans\jdk\bin\jsvml.dll
0x00007ffe59260000 - 0x00007ffe59270000 	C:\Program Files\Apache NetBeans\jdk\bin\net.dll
0x00007ffe709d0000 - 0x00007ffe70a3a000 	C:\Windows\system32\mswsock.dll
0x00007ffe4cfe0000 - 0x00007ffe4cff6000 	C:\Program Files\Apache NetBeans\jdk\bin\nio.dll
0x00007ffe4d000000 - 0x00007ffe4d017000 	C:\Program Files\Apache NetBeans\jdk\bin\zip.dll
0x00007ffe60b10000 - 0x00007ffe60b1a000 	C:\Program Files\Apache NetBeans\jdk\bin\management.dll
0x00007ffe60b00000 - 0x00007ffe60b0b000 	C:\Program Files\Apache NetBeans\jdk\bin\management_ext.dll
0x00007ffe72cc0000 - 0x00007ffe72cc8000 	C:\Windows\System32\PSAPI.DLL

JVMTI agents: none

dbghelp: loaded successfully - version: 4.0.5 - missing functions: none
symbol engine: initialized successfully - sym options: 0x614 - pdb path: .;C:\Program Files\Apache NetBeans\jdk\bin;C:\Windows\SYSTEM32;C:\Windows\WinSxS\amd64_microsoft.windows.common-controls_6595b64144ccf1df_6.0.19041.6456_none_60b8a6cb71f64256;C:\Program Files\Apache NetBeans\jdk\bin\server

VM Arguments:
java_command: C:\Users\User\AppData\Local\Temp\surefire1452558984275847015\surefirebooter-20251123201500649_3.jar C:\Users\User\AppData\Local\Temp\surefire1452558984275847015 2025-11-23T20-15-00_038-jvmRun1 surefire-20251123201500649_1tmp surefire_0-20251123201500649_2tmp
java_class_path (initial): C:\Users\User\AppData\Local\Temp\surefire1452558984275847015\surefirebooter-20251123201500649_3.jar
Launcher Type: SUN_STANDARD

[Global flags]
     intx CICompilerCount                          = 3                                         {product} {ergonomic}
     uint ConcGCThreads                            = 1                                         {product} {ergonomic}
     uint G1ConcRefinementThreads                  = 4                                         {product} {ergonomic}
   size_t G1HeapRegionSize                         = 1048576                                   {product} {ergonomic}
   size_t InitialHeapSize                          = 67108864                                  {product} {ergonomic}
   size_t MarkStackSize                            = 4194304                                   {product} {ergonomic}
   size_t MarkStackSizeMax                         = 536870912                                 {product} {ergonomic}
   size_t MaxHeapSize                              = 1042284544                                {product} {ergonomic}
   size_t MaxNewSize                               = 624951296                                 {product} {ergonomic}
   size_t MinHeapDeltaBytes                        = 1048576                                   {product} {ergonomic}
   size_t MinHeapSize                              = 8388608                                   {product} {ergonomic}
    uintx NonNMethodCodeHeapSize                   = 5832704                                {pd product} {ergonomic}
    uintx NonProfiledCodeHeapSize                  = 122945536                              {pd product} {ergonomic}
    uintx ProfiledCodeHeapSize                     = 122880000                              {pd product} {ergonomic}
    uintx ReservedCodeCacheSize                    = 251658240                              {pd product} {ergonomic}
     bool SegmentedCodeCache                       = true                                      {product} {ergonomic}
   size_t SoftMaxHeapSize                          = 1042284544                             {manageable} {ergonomic}
     bool UseCompressedOops                        = true                           {product lp64_product} {ergonomic}
     bool UseG1GC                                  = true                                      {product} {ergonomic}
     bool UseLargePagesIndividualAllocation        = false                                  {pd product} {ergonomic}

Logging:
Log output configuration:
 #0: stdout all=warning uptime,level,tags foldmultilines=false
 #1: stderr all=off uptime,level,tags foldmultilines=false

Environment Variables:
JAVA_HOME=C:\Program Files\Apache NetBeans\jdk
PATH=C:\Program Files\Java\jdk-21.0.6\bin;C:\Program Files\Common Files\Oracle\Java\javapath;C:\Program Files (x86)\Common Files\Oracle\Java\java8path;C:\Program Files (x86)\Common Files\Oracle\Java\javapath;C:\Windows\system32;C:\Windows;C:\Windows\System32\Wbem;C:\Windows\System32\WindowsPowerShell\v1.0\;C:\Windows\System32\OpenSSH\;C:\Program Files\dotnet\;C:\Program Files\Git\cmd;C:\Program Files\Cloudflare\Cloudflare WARP\;C:\Program Files\MySQL\MySQL Shell 8.0\bin\;C:\Users\User\AppData\Local\Programs\Python\Python313\Scripts\;C:\Users\User\AppData\Local\Programs\Python\Python313\;C:\Users\User\AppData\Local\Microsoft\WindowsApps;C:\Users\User\AppData\Local\Programs\Microsoft VS Code\bin
USERNAME=User
OS=Windows_NT
PROCESSOR_IDENTIFIER=Intel64 Family 6 Model 78 Stepping 3, GenuineIntel
TMP=C:\Users\User\AppData\Local\Temp
TEMP=C:\Users\User\AppData\Local\Temp




Periodic native trim disabled

---------------  S Y S T E M  ---------------

OS:
 Windows 10 , 64 bit Build 19041 (10.0.19041.5915)
OS uptime: 0 days 19:39 hours

CPU: total 4 (initial active 4) (2 cores per cpu, 2 threads per core) family 6 model 78 stepping 3 microcode 0xcc, cx8, cmov, fxsr, ht, mmx, 3dnowpref, sse, sse2, sse3, ssse3, sse4.1, sse4.2, popcnt, lzcnt, tsc, tscinvbit, avx, avx2, aes, erms, clmul, bmi1, bmi2, adx, fma, vzeroupper, clflush, clflushopt, rdtscp, f16c
Processor Information for the first 4 processors :
  Max Mhz: 1992, Current Mhz: 1992, Mhz Limit: 1992

Memory: 4k page, system-wide physical 3970M (288M free)
TotalPageFile size 16258M (AvailPageFile size 2M)
current process WorkingSet (physical memory assigned to process): 52M, peak: 52M
current process commit charge ("private bytes"): 145M, peak: 145M

vm_info: OpenJDK 64-Bit Server VM (24.0.2+12) for windows-amd64 JRE (24.0.2+12) (Zulu24.32+13-CA), built on 2025-07-11T12:45:44Z with MS VC++ 17.1 (VS2022)

END.
