#
# There is insufficient memory for the Java Runtime Environment to continue.
# Native memory allocation (malloc) failed to allocate 10805200 bytes. Error detail: Chunk::new
# Possible reasons:
#   The system is out of physical RAM or swap space
#   This process is running with CompressedOops enabled, and the Java Heap may be blocking the growth of the native heap
# Possible solutions:
#   Reduce memory load on the system
#   Increase physical memory or swap space
#   Check if swap backing store is full
#   Decrease Java heap size (-Xmx/-Xms)
#   Decrease number of Java threads
#   Decrease Java thread stack sizes (-Xss)
#   Set larger code cache with -XX:ReservedCodeCacheSize=
#   JVM is running with Unscaled Compressed Oops mode in which the Java heap is
#     placed in the first 4GB address space. The Java Heap base address is the
#     maximum limit for the native heap growth. Please use -XX:HeapBaseMinAddress
#     to set the Java Heap base and to place the Java Heap above 4GB virtual address.
# This output file may be truncated or incomplete.
#
#  Out of Memory Error (arena.cpp:162), pid=5852, tid=1896
#
# JRE version: OpenJDK Runtime Environment Zulu24.32+13-CA (24.0.2+12) (build 24.0.2+12)
# Java VM: OpenJDK 64-Bit Server VM Zulu24.32+13-CA (24.0.2+12, mixed mode, sharing, tiered, compressed oops, compressed class ptrs, g1 gc, windows-amd64)
# No core dump will be written. Minidumps are not enabled by default on client versions of Windows
#

---------------  S U M M A R Y ------------

Command Line: --enable-native-access=ALL-UNNAMED -Dclassworlds.conf=C:\Users\User\.m2\wrapper\dists\apache-maven-3.9.11\03d7e36a140982eea48e22c1dcac01d8862b2550b2939e09a0809bbc5182a5bc\bin\m2.conf -Dmaven.home=C:\Users\User\.m2\wrapper\dists\apache-maven-3.9.11\03d7e36a140982eea48e22c1dcac01d8862b2550b2939e09a0809bbc5182a5bc -Dlibrary.jansi.path=C:\Users\User\.m2\wrapper\dists\apache-maven-3.9.11\03d7e36a140982eea48e22c1dcac01d8862b2550b2939e09a0809bbc5182a5bc\lib\jansi-native -Dmaven.multiModuleProjectDirectory=C:\Users\User\Documents\NetBeansProjects\hospital-vida-nova org.codehaus.plexus.classworlds.launcher.Launcher -Dexec.vmArgs= -Dexec.args=${exec.vmArgs} -classpath %classpath ${exec.mainClass} ${exec.appArgs} -Dexec.executable=C:\Program Files\Apache NetBeans\jdk\bin\java.exe -Dexec.mainClass=com.example.hospital.HospitalVidaNovaApplication -Dexec.classpathScope=runtime -Dexec.appArgs= -Dmaven.ext.class.path=C:\Program Files\Apache NetBeans\java\maven-nblib\netbeans-eventspy.jar --no-transfer-progress process-classes org.codehaus.mojo:exec-maven-plugin:3.1.0:exec

Host: Intel(R) Core(TM) i3-6006U CPU @ 2.00GHz, 4 cores, 3G,  Windows 10 , 64 bit Build 19041 (10.0.19041.5915)
Time: Tue Nov 25 18:34:35 2025 Hora oficial do Brasil elapsed time: 11.712843 seconds (0d 0h 0m 11s)

---------------  T H R E A D  ---------------

Current thread (0x000001f0c11356a0):  JavaThread "C2 CompilerThread0" daemon [_thread_in_native, id=1896, stack(0x000000c336200000,0x000000c336300000) (1024K)]


Current CompileTask:
C2:11713 5737   !   4       java.nio.file.FileTreeWalker::next (143 bytes)

Stack: [0x000000c336200000,0x000000c336300000]
Native frames: (J=compiled Java code, j=interpreted, Vv=VM code, C=native code)
V  [jvm.dll+0x741329]  (no source info available)
V  [jvm.dll+0x97e243]  (no source info available)
V  [jvm.dll+0x98056d]  (no source info available)
V  [jvm.dll+0x980be3]  (no source info available)
V  [jvm.dll+0x2b5a76]  (no source info available)
V  [jvm.dll+0xd00af]  (no source info available)
V  [jvm.dll+0xd030f]  (no source info available)
V  [jvm.dll+0x15b85f]  (no source info available)
V  [jvm.dll+0x746bef]  (no source info available)
V  [jvm.dll+0x27a478]  (no source info available)
V  [jvm.dll+0x279591]  (no source info available)
V  [jvm.dll+0x1f30fa]  (no source info available)
V  [jvm.dll+0x288d95]  (no source info available)
V  [jvm.dll+0x28702a]  (no source info available)
V  [jvm.dll+0x43e016]  (no source info available)
V  [jvm.dll+0x920c78]  (no source info available)
V  [jvm.dll+0x73fab5]  (no source info available)
C  [ucrtbase.dll+0x21bb2]  (no source info available)
C  [KERNEL32.DLL+0x17374]  (no source info available)
C  [ntdll.dll+0x4cc91]  (no source info available)

Lock stack of current Java thread (top to bottom):


---------------  P R O C E S S  ---------------

Threads class SMR info:
_java_thread_list=0x000001f0c1534120, length=11, elements={
0x000001f0c798d880, 0x000001f0c11203e0, 0x000001f0c1120f10, 0x000001f0c1125830,
0x000001f0c1126360, 0x000001f0c1127630, 0x000001f0c1128900, 0x000001f0c11356a0,
0x000001f0c113a5f0, 0x000001f0c12ac010, 0x000001f0c12b1790
}

Java Threads: ( => current thread )
  0x000001f0c798d880 JavaThread "main"                              [_thread_in_native, id=1412, stack(0x000000c335400000,0x000000c335500000) (1024K)]
  0x000001f0c11203e0 JavaThread "Reference Handler"          daemon [_thread_blocked, id=1324, stack(0x000000c335c00000,0x000000c335d00000) (1024K)]
  0x000001f0c1120f10 JavaThread "Finalizer"                  daemon [_thread_blocked, id=10216, stack(0x000000c335d00000,0x000000c335e00000) (1024K)]
  0x000001f0c1125830 JavaThread "Signal Dispatcher"          daemon [_thread_blocked, id=10048, stack(0x000000c335e00000,0x000000c335f00000) (1024K)]
  0x000001f0c1126360 JavaThread "Attach Listener"            daemon [_thread_blocked, id=6556, stack(0x000000c335f00000,0x000000c336000000) (1024K)]
  0x000001f0c1127630 JavaThread "Service Thread"             daemon [_thread_blocked, id=8624, stack(0x000000c336000000,0x000000c336100000) (1024K)]
  0x000001f0c1128900 JavaThread "Monitor Deflation Thread"   daemon [_thread_blocked, id=11716, stack(0x000000c336100000,0x000000c336200000) (1024K)]
=>0x000001f0c11356a0 JavaThread "C2 CompilerThread0"         daemon [_thread_in_native, id=1896, stack(0x000000c336200000,0x000000c336300000) (1024K)]
  0x000001f0c113a5f0 JavaThread "C1 CompilerThread0"         daemon [_thread_blocked, id=10564, stack(0x000000c336300000,0x000000c336400000) (1024K)]
  0x000001f0c12ac010 JavaThread "Notification Thread"        daemon [_thread_blocked, id=7668, stack(0x000000c336400000,0x000000c336500000) (1024K)]
  0x000001f0c12b1790 JavaThread "Common-Cleaner"             daemon [_thread_blocked, id=10676, stack(0x000000c336500000,0x000000c336600000) (1024K)]
Total: 11

Other Threads:
  0x000001f0c9c6cb90 VMThread "VM Thread"                           [id=11216, stack(0x000000c335b00000,0x000000c335c00000) (1024K)]
  0x000001f0c9c579f0 WatcherThread "VM Periodic Task Thread"        [id=3816, stack(0x000000c335a00000,0x000000c335b00000) (1024K)]
  0x000001f0c9bebb40 WorkerThread "GC Thread#0"                     [id=11944, stack(0x000000c335500000,0x000000c335600000) (1024K)]
  0x000001f0c6233c20 WorkerThread "GC Thread#1"                     [id=8492, stack(0x000000c336600000,0x000000c336700000) (1024K)]
  0x000001f0c6066d20 WorkerThread "GC Thread#2"                     [id=1132, stack(0x000000c336700000,0x000000c336800000) (1024K)]
  0x000001f0c1ed13c0 WorkerThread "GC Thread#3"                     [id=4488, stack(0x000000c336800000,0x000000c336900000) (1024K)]
  0x000001f0c9bf6770 ConcurrentGCThread "G1 Main Marker"            [id=1068, stack(0x000000c335600000,0x000000c335700000) (1024K)]
  0x000001f0c9bf7930 WorkerThread "G1 Conc#0"                       [id=10484, stack(0x000000c335700000,0x000000c335800000) (1024K)]
  0x000001f0c9c52430 ConcurrentGCThread "G1 Refine#0"               [id=4380, stack(0x000000c335800000,0x000000c335900000) (1024K)]
  0x000001f0c9c52ec0 ConcurrentGCThread "G1 Service"                [id=5708, stack(0x000000c335900000,0x000000c335a00000) (1024K)]
Total: 10

Threads with active compile tasks:
C2 CompilerThread0  11910 5737   !   4       java.nio.file.FileTreeWalker::next (143 bytes)
Total: 1

VM state: not at safepoint (normal execution)

VM Mutex/Monitor currently owned by a thread: None

Heap address: 0x00000000c1e00000, size: 994 MB, Compressed Oops mode: 32-bit

CDS archive(s) mapped at: [0x000001f080000000-0x000001f080d40000-0x000001f080d40000), size 13893632, SharedBaseAddress: 0x000001f080000000, ArchiveRelocationMode: 1.
Compressed class space mapped at: 0x000001f081000000-0x000001f0c1000000, reserved size: 1073741824
UseCompressedClassPointers 1, UseCompactObjectHeaders 0
Narrow klass pointer bits 32, Max shift 3
Narrow klass base: 0x000001f080000000, Narrow klass shift: 0
Encoding Range: [0x000001f080000000 - 0x000001f180000000), (4294967296 bytes)
Klass Range:    [0x000001f080000000 - 0x000001f0c1000000), (1090519040 bytes)
Klass ID Range:  [8 - 1090519033) (1090519025)

GC Precious Log:
 CardTable entry size: 512
 Card Set container configuration: InlinePtr #cards 5 size 8 Array Of Cards #cards 10 size 36 Howl #buckets 4 coarsen threshold 1843 Howl Bitmap #cards 512 size 80 coarsen threshold 460 Card regions per heap region 1 cards per card region 2048
 CPUs: 4 total, 4 available
 Memory: 3970M
 Large Page Support: Disabled
 NUMA Support: Disabled
 Compressed Oops: Enabled (32-bit)
 Heap Region Size: 1M
 Heap Min Capacity: 8M
 Heap Initial Capacity: 64M
 Heap Max Capacity: 994M
 Pre-touch: Disabled
 Parallel Workers: 4
 Concurrent Workers: 1
 Concurrent Refinement Workers: 4
 Periodic GC: Disabled

Heap:
 garbage-first heap   total reserved 1017856K, committed 88064K, used 51824K [0x00000000c1e00000, 0x0000000100000000)
  region size 1024K, 22 young (22528K), 6 survivors (6144K)
 Metaspace       used 27581K, committed 27904K, reserved 1114112K
  class space    used 2742K, committed 2880K, reserved 1048576K

Heap Regions: E=young(eden), S=young(survivor), O=old, HS=humongous(starts), HC=humongous(continues), CS=collection set, F=free, TAMS=top-at-mark-start, PB=parsable bottom
|   0|0x00000000c1e00000, 0x00000000c1f00000, 0x00000000c1f00000|100%| O|  |TAMS 0x00000000c1e00000| PB 0x00000000c1e00000| Untracked |  0
|   1|0x00000000c1f00000, 0x00000000c2000000, 0x00000000c2000000|100%| O|  |TAMS 0x00000000c1f00000| PB 0x00000000c1f00000| Untracked |  0
|   2|0x00000000c2000000, 0x00000000c2100000, 0x00000000c2100000|100%| O|  |TAMS 0x00000000c2000000| PB 0x00000000c2000000| Untracked |  0
|   3|0x00000000c2100000, 0x00000000c2200000, 0x00000000c2200000|100%| O|  |TAMS 0x00000000c2100000| PB 0x00000000c2100000| Untracked |  0
|   4|0x00000000c2200000, 0x00000000c2300000, 0x00000000c2300000|100%| O|  |TAMS 0x00000000c2200000| PB 0x00000000c2200000| Untracked |  0
|   5|0x00000000c2300000, 0x00000000c2400000, 0x00000000c2400000|100%| O|  |TAMS 0x00000000c2300000| PB 0x00000000c2300000| Untracked |  0
|   6|0x00000000c2400000, 0x00000000c2500000, 0x00000000c2500000|100%| O|  |TAMS 0x00000000c2400000| PB 0x00000000c2400000| Untracked |  0
|   7|0x00000000c2500000, 0x00000000c2600000, 0x00000000c2600000|100%| O|  |TAMS 0x00000000c2500000| PB 0x00000000c2500000| Untracked |  0
|   8|0x00000000c2600000, 0x00000000c2700000, 0x00000000c2700000|100%| O|  |TAMS 0x00000000c2600000| PB 0x00000000c2600000| Untracked |  0
|   9|0x00000000c2700000, 0x00000000c2800000, 0x00000000c2800000|100%| O|  |TAMS 0x00000000c2700000| PB 0x00000000c2700000| Untracked |  0
|  10|0x00000000c2800000, 0x00000000c2900000, 0x00000000c2900000|100%| O|  |TAMS 0x00000000c2800000| PB 0x00000000c2800000| Untracked |  0
|  11|0x00000000c2900000, 0x00000000c2a00000, 0x00000000c2a00000|100%|HS|  |TAMS 0x00000000c2900000| PB 0x00000000c2900000| Complete |  0
|  12|0x00000000c2a00000, 0x00000000c2a00000, 0x00000000c2b00000|  0%| F|  |TAMS 0x00000000c2a00000| PB 0x00000000c2a00000| Untracked |  0
|  13|0x00000000c2b00000, 0x00000000c2b00000, 0x00000000c2c00000|  0%| F|  |TAMS 0x00000000c2b00000| PB 0x00000000c2b00000| Untracked |  0
|  14|0x00000000c2c00000, 0x00000000c2d00000, 0x00000000c2d00000|100%|HS|  |TAMS 0x00000000c2c00000| PB 0x00000000c2c00000| Complete |  0
|  15|0x00000000c2d00000, 0x00000000c2e00000, 0x00000000c2e00000|100%|HC|  |TAMS 0x00000000c2d00000| PB 0x00000000c2d00000| Complete |  0
|  16|0x00000000c2e00000, 0x00000000c2f00000, 0x00000000c2f00000|100%| O|  |TAMS 0x00000000c2e00000| PB 0x00000000c2e00000| Untracked |  0
|  17|0x00000000c2f00000, 0x00000000c3000000, 0x00000000c3000000|100%| O|  |TAMS 0x00000000c2f00000| PB 0x00000000c2f00000| Untracked |  0
|  18|0x00000000c3000000, 0x00000000c3100000, 0x00000000c3100000|100%|HS|  |TAMS 0x00000000c3000000| PB 0x00000000c3000000| Complete |  0
|  19|0x00000000c3100000, 0x00000000c3200000, 0x00000000c3200000|100%| O|  |TAMS 0x00000000c3100000| PB 0x00000000c3100000| Untracked |  0
|  20|0x00000000c3200000, 0x00000000c3300000, 0x00000000c3300000|100%| O|  |TAMS 0x00000000c3200000| PB 0x00000000c3200000| Untracked |  0
|  21|0x00000000c3300000, 0x00000000c3400000, 0x00000000c3400000|100%| O|  |TAMS 0x00000000c3300000| PB 0x00000000c3300000| Untracked |  0
|  22|0x00000000c3400000, 0x00000000c3500000, 0x00000000c3500000|100%| O|  |TAMS 0x00000000c3400000| PB 0x00000000c3400000| Untracked |  0
|  23|0x00000000c3500000, 0x00000000c3600000, 0x00000000c3600000|100%| O|  |TAMS 0x00000000c3500000| PB 0x00000000c3500000| Untracked |  0
|  24|0x00000000c3600000, 0x00000000c3700000, 0x00000000c3700000|100%| O|  |TAMS 0x00000000c3600000| PB 0x00000000c3600000| Untracked |  0
|  25|0x00000000c3700000, 0x00000000c3800000, 0x00000000c3800000|100%| S|CS|TAMS 0x00000000c3700000| PB 0x00000000c3700000| Complete |  0
|  26|0x00000000c3800000, 0x00000000c3900000, 0x00000000c3900000|100%| S|CS|TAMS 0x00000000c3800000| PB 0x00000000c3800000| Complete |  0
|  27|0x00000000c3900000, 0x00000000c3a00000, 0x00000000c3a00000|100%| S|CS|TAMS 0x00000000c3900000| PB 0x00000000c3900000| Complete |  0
|  28|0x00000000c3a00000, 0x00000000c3b00000, 0x00000000c3b00000|100%| S|CS|TAMS 0x00000000c3a00000| PB 0x00000000c3a00000| Complete |  0
|  29|0x00000000c3b00000, 0x00000000c3c00000, 0x00000000c3c00000|100%| S|CS|TAMS 0x00000000c3b00000| PB 0x00000000c3b00000| Complete |  0
|  30|0x00000000c3c00000, 0x00000000c3d00000, 0x00000000c3d00000|100%| S|CS|TAMS 0x00000000c3c00000| PB 0x00000000c3c00000| Complete |  0
|  31|0x00000000c3d00000, 0x00000000c3d00000, 0x00000000c3e00000|  0%| F|  |TAMS 0x00000000c3d00000| PB 0x00000000c3d00000| Untracked |  0
|  32|0x00000000c3e00000, 0x00000000c3e00000, 0x00000000c3f00000|  0%| F|  |TAMS 0x00000000c3e00000| PB 0x00000000c3e00000| Untracked |  0
|  33|0x00000000c3f00000, 0x00000000c3f00000, 0x00000000c4000000|  0%| F|  |TAMS 0x00000000c3f00000| PB 0x00000000c3f00000| Untracked |  0
|  34|0x00000000c4000000, 0x00000000c4000000, 0x00000000c4100000|  0%| F|  |TAMS 0x00000000c4000000| PB 0x00000000c4000000| Untracked |  0
|  35|0x00000000c4100000, 0x00000000c4100000, 0x00000000c4200000|  0%| F|  |TAMS 0x00000000c4100000| PB 0x00000000c4100000| Untracked |  0
|  36|0x00000000c4200000, 0x00000000c4200000, 0x00000000c4300000|  0%| F|  |TAMS 0x00000000c4200000| PB 0x00000000c4200000| Untracked |  0
|  37|0x00000000c4300000, 0x00000000c4300000, 0x00000000c4400000|  0%| F|  |TAMS 0x00000000c4300000| PB 0x00000000c4300000| Untracked |  0
|  38|0x00000000c4400000, 0x00000000c4400000, 0x00000000c4500000|  0%| F|  |TAMS 0x00000000c4400000| PB 0x00000000c4400000| Untracked |  0
|  39|0x00000000c4500000, 0x00000000c4500000, 0x00000000c4600000|  0%| F|  |TAMS 0x00000000c4500000| PB 0x00000000c4500000| Untracked |  0
|  40|0x00000000c4600000, 0x00000000c4600000, 0x00000000c4700000|  0%| F|  |TAMS 0x00000000c4600000| PB 0x00000000c4600000| Untracked |  0
|  41|0x00000000c4700000, 0x00000000c4700000, 0x00000000c4800000|  0%| F|  |TAMS 0x00000000c4700000| PB 0x00000000c4700000| Untracked |  0
|  42|0x00000000c4800000, 0x00000000c4800000, 0x00000000c4900000|  0%| F|  |TAMS 0x00000000c4800000| PB 0x00000000c4800000| Untracked |  0
|  43|0x00000000c4900000, 0x00000000c4900000, 0x00000000c4a00000|  0%| F|  |TAMS 0x00000000c4900000| PB 0x00000000c4900000| Untracked |  0
|  44|0x00000000c4a00000, 0x00000000c4a00000, 0x00000000c4b00000|  0%| F|  |TAMS 0x00000000c4a00000| PB 0x00000000c4a00000| Untracked |  0
|  45|0x00000000c4b00000, 0x00000000c4b00000, 0x00000000c4c00000|  0%| F|  |TAMS 0x00000000c4b00000| PB 0x00000000c4b00000| Untracked |  0
|  46|0x00000000c4c00000, 0x00000000c4c00000, 0x00000000c4d00000|  0%| F|  |TAMS 0x00000000c4c00000| PB 0x00000000c4c00000| Untracked |  0
|  47|0x00000000c4d00000, 0x00000000c4d00000, 0x00000000c4e00000|  0%| F|  |TAMS 0x00000000c4d00000| PB 0x00000000c4d00000| Untracked |  0
|  48|0x00000000c4e00000, 0x00000000c4e00000, 0x00000000c4f00000|  0%| F|  |TAMS 0x00000000c4e00000| PB 0x00000000c4e00000| Untracked |  0
|  49|0x00000000c4f00000, 0x00000000c4f00000, 0x00000000c5000000|  0%| F|  |TAMS 0x00000000c4f00000| PB 0x00000000c4f00000| Untracked |  0
|  50|0x00000000c5000000, 0x00000000c5000000, 0x00000000c5100000|  0%| F|  |TAMS 0x00000000c5000000| PB 0x00000000c5000000| Untracked |  0
|  51|0x00000000c5100000, 0x00000000c5100000, 0x00000000c5200000|  0%| F|  |TAMS 0x00000000c5100000| PB 0x00000000c5100000| Untracked |  0
|  52|0x00000000c5200000, 0x00000000c5200000, 0x00000000c5300000|  0%| F|  |TAMS 0x00000000c5200000| PB 0x00000000c5200000| Untracked |  0
|  53|0x00000000c5300000, 0x00000000c5300000, 0x00000000c5400000|  0%| F|  |TAMS 0x00000000c5300000| PB 0x00000000c5300000| Untracked |  0
|  54|0x00000000c5400000, 0x00000000c5400000, 0x00000000c5500000|  0%| F|  |TAMS 0x00000000c5400000| PB 0x00000000c5400000| Untracked |  0
|  55|0x00000000c5500000, 0x00000000c5500000, 0x00000000c5600000|  0%| F|  |TAMS 0x00000000c5500000| PB 0x00000000c5500000| Untracked |  0
|  56|0x00000000c5600000, 0x00000000c5600000, 0x00000000c5700000|  0%| F|  |TAMS 0x00000000c5600000| PB 0x00000000c5600000| Untracked |  0
|  57|0x00000000c5700000, 0x00000000c5700000, 0x00000000c5800000|  0%| F|  |TAMS 0x00000000c5700000| PB 0x00000000c5700000| Untracked |  0
|  58|0x00000000c5800000, 0x00000000c5800000, 0x00000000c5900000|  0%| F|  |TAMS 0x00000000c5800000| PB 0x00000000c5800000| Untracked |  0
|  59|0x00000000c5900000, 0x00000000c5900000, 0x00000000c5a00000|  0%| F|  |TAMS 0x00000000c5900000| PB 0x00000000c5900000| Untracked |  0
|  60|0x00000000c5a00000, 0x00000000c5a00000, 0x00000000c5b00000|  0%| F|  |TAMS 0x00000000c5a00000| PB 0x00000000c5a00000| Untracked |  0
|  61|0x00000000c5b00000, 0x00000000c5b00000, 0x00000000c5c00000|  0%| F|  |TAMS 0x00000000c5b00000| PB 0x00000000c5b00000| Untracked |  0
|  62|0x00000000c5c00000, 0x00000000c5c80000, 0x00000000c5d00000| 50%| E|  |TAMS 0x00000000c5c00000| PB 0x00000000c5c00000| Complete |  0
|  63|0x00000000c5d00000, 0x00000000c5e00000, 0x00000000c5e00000|100%| E|CS|TAMS 0x00000000c5d00000| PB 0x00000000c5d00000| Complete |  1
|  64|0x00000000c5e00000, 0x00000000c5f00000, 0x00000000c5f00000|100%| E|CS|TAMS 0x00000000c5e00000| PB 0x00000000c5e00000| Complete |  0
|  65|0x00000000c5f00000, 0x00000000c6000000, 0x00000000c6000000|100%| E|CS|TAMS 0x00000000c5f00000| PB 0x00000000c5f00000| Complete |  0
|  66|0x00000000c6000000, 0x00000000c6100000, 0x00000000c6100000|100%| E|CS|TAMS 0x00000000c6000000| PB 0x00000000c6000000| Complete |  0
|  67|0x00000000c6100000, 0x00000000c6200000, 0x00000000c6200000|100%| E|CS|TAMS 0x00000000c6100000| PB 0x00000000c6100000| Complete |  0
|  68|0x00000000c6200000, 0x00000000c6300000, 0x00000000c6300000|100%| E|CS|TAMS 0x00000000c6200000| PB 0x00000000c6200000| Complete |  0
|  69|0x00000000c6300000, 0x00000000c6400000, 0x00000000c6400000|100%| E|CS|TAMS 0x00000000c6300000| PB 0x00000000c6300000| Complete |  0
|  70|0x00000000c6400000, 0x00000000c6500000, 0x00000000c6500000|100%| E|CS|TAMS 0x00000000c6400000| PB 0x00000000c6400000| Complete |  0
|  71|0x00000000c6500000, 0x00000000c6600000, 0x00000000c6600000|100%| E|CS|TAMS 0x00000000c6500000| PB 0x00000000c6500000| Complete |  0
|  72|0x00000000c6600000, 0x00000000c6700000, 0x00000000c6700000|100%| E|CS|TAMS 0x00000000c6600000| PB 0x00000000c6600000| Complete |  0
|  73|0x00000000c6700000, 0x00000000c6800000, 0x00000000c6800000|100%| E|CS|TAMS 0x00000000c6700000| PB 0x00000000c6700000| Complete |  0
|  74|0x00000000c6800000, 0x00000000c6900000, 0x00000000c6900000|100%| E|CS|TAMS 0x00000000c6800000| PB 0x00000000c6800000| Complete |  0
|  75|0x00000000c6900000, 0x00000000c6a00000, 0x00000000c6a00000|100%| E|CS|TAMS 0x00000000c6900000| PB 0x00000000c6900000| Complete |  0
|  76|0x00000000c6a00000, 0x00000000c6b00000, 0x00000000c6b00000|100%| E|CS|TAMS 0x00000000c6a00000| PB 0x00000000c6a00000| Complete |  0
|  77|0x00000000c6b00000, 0x00000000c6c00000, 0x00000000c6c00000|100%| E|CS|TAMS 0x00000000c6b00000| PB 0x00000000c6b00000| Complete |  0
| 986|0x00000000ff800000, 0x00000000ff880000, 0x00000000ff900000| 50%| O|  |TAMS 0x00000000ff800000| PB 0x00000000ff800000| Untracked |  0
| 987|0x00000000ff900000, 0x00000000ffa00000, 0x00000000ffa00000|100%| O|  |TAMS 0x00000000ff900000| PB 0x00000000ff900000| Untracked |  0
| 988|0x00000000ffa00000, 0x00000000ffb00000, 0x00000000ffb00000|100%| O|  |TAMS 0x00000000ffa00000| PB 0x00000000ffa00000| Untracked |  0
| 989|0x00000000ffb00000, 0x00000000ffc00000, 0x00000000ffc00000|100%| O|  |TAMS 0x00000000ffb00000| PB 0x00000000ffb00000| Untracked |  0
| 990|0x00000000ffc00000, 0x00000000ffd00000, 0x00000000ffd00000|100%| O|  |TAMS 0x00000000ffc00000| PB 0x00000000ffc00000| Untracked |  0
| 991|0x00000000ffd00000, 0x00000000ffe00000, 0x00000000ffe00000|100%| O|  |TAMS 0x00000000ffd00000| PB 0x00000000ffd00000| Untracked |  0
| 992|0x00000000ffe00000, 0x00000000fff00000, 0x00000000fff00000|100%| O|  |TAMS 0x00000000ffe00000| PB 0x00000000ffe00000| Untracked |  0
| 993|0x00000000fff00000, 0x00000000fff1c318, 0x0000000100000000| 11%| O|Cm|TAMS 0x00000000fff00000| PB 0x00000000fff00000| Complete |  0

Card table byte_map: [0x000001f0e18c0000,0x000001f0e1ac0000] _byte_map_base: 0x000001f0e12b1000

Marking Bits: (CMBitMap*) 0x000001f0c9bec160
 Bits: [0x000001f0e1ac0000, 0x000001f0e2a48000)

Polling page: 0x000001f0c7bb0000

Metaspace:

Usage:
  Non-class:     24.26 MB used.
      Class:      2.68 MB used.
       Both:     26.93 MB used.

Virtual space:
  Non-class space:       64.00 MB reserved,      24.44 MB ( 38%) committed,  1 nodes.
      Class space:        1.00 GB reserved,       2.81 MB ( <1%) committed,  1 nodes.
             Both:        1.06 GB reserved,      27.25 MB (  3%) committed. 

Chunk freelists:
   Non-Class:  7.47 MB
       Class:  13.20 MB
        Both:  20.67 MB

MaxMetaspaceSize: unlimited
CompressedClassSpaceSize: 1.00 GB
Initial GC threshold: 21.00 MB
Current GC threshold: 35.75 MB
CDS: on
 - commit_granule_bytes: 65536.
 - commit_granule_words: 8192.
 - virtual_space_node_default_size: 8388608.
 - enlarge_chunks_in_place: 1.
UseCompressedClassPointers 1, UseCompactObjectHeaders 0
Narrow klass pointer bits 32, Max shift 3
Narrow klass base: 0x000001f080000000, Narrow klass shift: 0
Encoding Range: [0x000001f080000000 - 0x000001f180000000), (4294967296 bytes)
Klass Range:    [0x000001f080000000 - 0x000001f0c1000000), (1090519040 bytes)
Klass ID Range:  [8 - 1090519033) (1090519025)


Internal statistics:

num_allocs_failed_limit: 6.
num_arena_births: 284.
num_arena_deaths: 0.
num_vsnodes_births: 2.
num_vsnodes_deaths: 0.
num_space_committed: 436.
num_space_uncommitted: 0.
num_chunks_returned_to_freelist: 6.
num_chunks_taken_from_freelist: 1261.
num_chunk_merges: 6.
num_chunk_splits: 890.
num_chunks_enlarged: 705.
num_inconsistent_stats: 0.

CodeHeap 'non-profiled nmethods': size=120064Kb used=2088Kb max_used=2088Kb free=117975Kb
 bounds [0x000001f0da180000, 0x000001f0da3f0000, 0x000001f0e16c0000]
CodeHeap 'profiled nmethods': size=120000Kb used=11504Kb max_used=11504Kb free=108495Kb
 bounds [0x000001f0d26c0000, 0x000001f0d3200000, 0x000001f0d9bf0000]
CodeHeap 'non-nmethods': size=5696Kb used=1389Kb max_used=1438Kb free=4306Kb
 bounds [0x000001f0d9bf0000, 0x000001f0d9e60000, 0x000001f0da180000]
CodeCache: size=245760Kb, used=14981Kb, max_used=15030Kb, free=230776Kb
 total_blobs=7184, nmethods=6634, adapters=454, full_count=0
Compilation: enabled, stopped_count=0, restarted_count=0

Compilation events (20 events):
Event: 11.698 Thread 0x000001f0c113a5f0 nmethod 6565 0x000001f0d31bc608 code [0x000001f0d31bc740, 0x000001f0d31bc8d0]
Event: 11.698 Thread 0x000001f0c113a5f0 6566       2       com.sun.tools.javac.code.Type$4::dropMetadata (37 bytes)
Event: 11.699 Thread 0x000001f0c113a5f0 nmethod 6566 0x000001f0d31bc908 code [0x000001f0d31bca60, 0x000001f0d31bcc80]
Event: 11.699 Thread 0x000001f0c113a5f0 6568       2       com.sun.tools.javac.tree.JCTree::getTree (2 bytes)
Event: 11.699 Thread 0x000001f0c113a5f0 nmethod 6568 0x000001f0d31bcd08 code [0x000001f0d31bce20, 0x000001f0d31bcf20]
Event: 11.699 Thread 0x000001f0c113a5f0 6567       1       com.sun.tools.javac.util.AbstractLog::currentSource (5 bytes)
Event: 11.699 Thread 0x000001f0c113a5f0 nmethod 6567 0x000001f0da388808 code [0x000001f0da388900, 0x000001f0da3889c8]
Event: 11.699 Thread 0x000001f0c113a5f0 6569       2       com.sun.tools.javac.util.JCDiagnostic$DiagnosticInfo::of (105 bytes)
Event: 11.700 Thread 0x000001f0c113a5f0 nmethod 6569 0x000001f0d31bd008 code [0x000001f0d31bd1e0, 0x000001f0d31bd900]
Event: 11.700 Thread 0x000001f0c113a5f0 6571       2       com.sun.tools.javac.comp.Resolve$AbstractMethodCheck::argumentsAcceptable (288 bytes)
Event: 11.703 Thread 0x000001f0c113a5f0 nmethod 6571 0x000001f0d31bd988 code [0x000001f0d31bdb60, 0x000001f0d31be630]
Event: 11.703 Thread 0x000001f0c113a5f0 6572       2       com.sun.tools.javac.jvm.ClassReader$7::read (168 bytes)
Event: 11.704 Thread 0x000001f0c113a5f0 nmethod 6572 0x000001f0d31be708 code [0x000001f0d31be8a0, 0x000001f0d31bec88]
Event: 11.705 Thread 0x000001f0c113a5f0 6573       3       com.sun.tools.javac.jvm.ClassReader$1::getEnclosingType (111 bytes)
Event: 11.707 Thread 0x000001f0c113a5f0 nmethod 6573 0x000001f0d31bed08 code [0x000001f0d31bef80, 0x000001f0d31c0330]
Event: 11.707 Thread 0x000001f0c113a5f0 6574       3       com.sun.tools.javac.jvm.ClassReader::sigToTypes (50 bytes)
Event: 11.708 Thread 0x000001f0c113a5f0 nmethod 6574 0x000001f0d31c0408 code [0x000001f0d31c05c0, 0x000001f0d31c0e90]
Event: 11.708 Thread 0x000001f0c113a5f0 6575       2       com.sun.tools.javac.comp.Resolve::findMethodInScope (71 bytes)
Event: 11.709 Thread 0x000001f0c113a5f0 nmethod 6575 0x000001f0d31c0f08 code [0x000001f0d31c1080, 0x000001f0d31c1438]
Event: 11.709 Thread 0x000001f0c113a5f0 6570       2       com.sun.tools.javac.comp.Resolve$4::argumentsAcceptable (59 bytes)

GC Heap History (20 events):
Event: 1.813 GC heap before
{Heap before GC invocations=0 (full 0):
 garbage-first heap   total reserved 1017856K, committed 67584K, used 29808K [0x00000000c1e00000, 0x0000000100000000)
  region size 1024K, 28 young (28672K), 0 survivors (0K)
 Metaspace       used 6094K, committed 6272K, reserved 1114112K
  class space    used 541K, committed 640K, reserved 1048576K
}
Event: 1.827 GC heap after
{Heap after GC invocations=1 (full 0):
 garbage-first heap   total reserved 1017856K, committed 67584K, used 4336K [0x00000000c1e00000, 0x0000000100000000)
  region size 1024K, 4 young (4096K), 4 survivors (4096K)
 Metaspace       used 6094K, committed 6272K, reserved 1114112K
  class space    used 541K, committed 640K, reserved 1048576K
}
Event: 3.233 GC heap before
{Heap before GC invocations=1 (full 0):
 garbage-first heap   total reserved 1017856K, committed 67584K, used 31984K [0x00000000c1e00000, 0x0000000100000000)
  region size 1024K, 31 young (31744K), 4 survivors (4096K)
 Metaspace       used 10874K, committed 11072K, reserved 1114112K
  class space    used 1014K, committed 1088K, reserved 1048576K
}
Event: 3.251 GC heap after
{Heap after GC invocations=2 (full 0):
 garbage-first heap   total reserved 1017856K, committed 67584K, used 6590K [0x00000000c1e00000, 0x0000000100000000)
  region size 1024K, 3 young (3072K), 3 survivors (3072K)
 Metaspace       used 10874K, committed 11072K, reserved 1114112K
  class space    used 1014K, committed 1088K, reserved 1048576K
}
Event: 5.072 GC heap before
{Heap before GC invocations=2 (full 0):
 garbage-first heap   total reserved 1017856K, committed 67584K, used 38334K [0x00000000c1e00000, 0x0000000100000000)
  region size 1024K, 34 young (34816K), 3 survivors (3072K)
 Metaspace       used 15042K, committed 15296K, reserved 1114112K
  class space    used 1483K, committed 1600K, reserved 1048576K
}
Event: 5.098 GC heap after
{Heap after GC invocations=3 (full 0):
 garbage-first heap   total reserved 1017856K, committed 67584K, used 9763K [0x00000000c1e00000, 0x0000000100000000)
  region size 1024K, 5 young (5120K), 5 survivors (5120K)
 Metaspace       used 15042K, committed 15296K, reserved 1114112K
  class space    used 1483K, committed 1600K, reserved 1048576K
}
Event: 6.321 GC heap before
{Heap before GC invocations=3 (full 0):
 garbage-first heap   total reserved 1017856K, committed 67584K, used 42531K [0x00000000c1e00000, 0x0000000100000000)
  region size 1024K, 37 young (37888K), 5 survivors (5120K)
 Metaspace       used 15819K, committed 16064K, reserved 1114112K
  class space    used 1550K, committed 1664K, reserved 1048576K
}
Event: 6.351 GC heap after
{Heap after GC invocations=4 (full 0):
 garbage-first heap   total reserved 1017856K, committed 67584K, used 13486K [0x00000000c1e00000, 0x0000000100000000)
  region size 1024K, 4 young (4096K), 4 survivors (4096K)
 Metaspace       used 15819K, committed 16064K, reserved 1114112K
  class space    used 1550K, committed 1664K, reserved 1048576K
}
Event: 7.374 GC heap before
{Heap before GC invocations=4 (full 0):
 garbage-first heap   total reserved 1017856K, committed 67584K, used 46254K [0x00000000c1e00000, 0x0000000100000000)
  region size 1024K, 36 young (36864K), 4 survivors (4096K)
 Metaspace       used 16297K, committed 16576K, reserved 1114112K
  class space    used 1570K, committed 1664K, reserved 1048576K
}
Event: 7.387 GC heap after
{Heap after GC invocations=5 (full 0):
 garbage-first heap   total reserved 1017856K, committed 67584K, used 14097K [0x00000000c1e00000, 0x0000000100000000)
  region size 1024K, 2 young (2048K), 2 survivors (2048K)
 Metaspace       used 16297K, committed 16576K, reserved 1114112K
  class space    used 1570K, committed 1664K, reserved 1048576K
}
Event: 7.788 GC heap before
{Heap before GC invocations=5 (full 0):
 garbage-first heap   total reserved 1017856K, committed 67584K, used 30481K [0x00000000c1e00000, 0x0000000100000000)
  region size 1024K, 11 young (11264K), 2 survivors (2048K)
 Metaspace       used 17227K, committed 17472K, reserved 1114112K
  class space    used 1670K, committed 1792K, reserved 1048576K
}
Event: 7.796 GC heap after
{Heap after GC invocations=6 (full 0):
 garbage-first heap   total reserved 1017856K, committed 81920K, used 23025K [0x00000000c1e00000, 0x0000000100000000)
  region size 1024K, 3 young (3072K), 3 survivors (3072K)
 Metaspace       used 17227K, committed 17472K, reserved 1114112K
  class space    used 1670K, committed 1792K, reserved 1048576K
}
Event: 7.804 GC heap before
{Heap before GC invocations=6 (full 0):
 garbage-first heap   total reserved 1017856K, committed 81920K, used 35313K [0x00000000c1e00000, 0x0000000100000000)
  region size 1024K, 4 young (4096K), 3 survivors (3072K)
 Metaspace       used 17227K, committed 17472K, reserved 1114112K
  class space    used 1670K, committed 1792K, reserved 1048576K
}
Event: 7.812 GC heap after
{Heap after GC invocations=7 (full 0):
 garbage-first heap   total reserved 1017856K, committed 81920K, used 35348K [0x00000000c1e00000, 0x0000000100000000)
  region size 1024K, 3 young (3072K), 3 survivors (3072K)
 Metaspace       used 17227K, committed 17472K, reserved 1114112K
  class space    used 1670K, committed 1792K, reserved 1048576K
}
Event: 8.948 GC heap before
{Heap before GC invocations=7 (full 0):
 garbage-first heap   total reserved 1017856K, committed 81920K, used 65044K [0x00000000c1e00000, 0x0000000100000000)
  region size 1024K, 21 young (21504K), 3 survivors (3072K)
 Metaspace       used 19576K, committed 19904K, reserved 1114112K
  class space    used 1874K, committed 2048K, reserved 1048576K
}
Event: 8.960 GC heap after
{Heap after GC invocations=8 (full 0):
 garbage-first heap   total reserved 1017856K, committed 81920K, used 15687K [0x00000000c1e00000, 0x0000000100000000)
  region size 1024K, 4 young (4096K), 4 survivors (4096K)
 Metaspace       used 19576K, committed 19904K, reserved 1114112K
  class space    used 1874K, committed 2048K, reserved 1048576K
}
Event: 9.490 GC heap before
{Heap before GC invocations=8 (full 0):
 garbage-first heap   total reserved 1017856K, committed 81920K, used 33095K [0x00000000c1e00000, 0x0000000100000000)
  region size 1024K, 17 young (17408K), 4 survivors (4096K)
 Metaspace       used 21217K, committed 21504K, reserved 1114112K
  class space    used 2043K, committed 2176K, reserved 1048576K
}
Event: 9.509 GC heap after
{Heap after GC invocations=9 (full 0):
 garbage-first heap   total reserved 1017856K, committed 81920K, used 23945K [0x00000000c1e00000, 0x0000000100000000)
  region size 1024K, 6 young (6144K), 6 survivors (6144K)
 Metaspace       used 21217K, committed 21504K, reserved 1114112K
  class space    used 2043K, committed 2176K, reserved 1048576K
}
Event: 11.080 GC heap before
{Heap before GC invocations=10 (full 0):
 garbage-first heap   total reserved 1017856K, committed 81920K, used 67977K [0x00000000c1e00000, 0x0000000100000000)
  region size 1024K, 47 young (48128K), 6 survivors (6144K)
 Metaspace       used 25976K, committed 26304K, reserved 1114112K
  class space    used 2547K, committed 2688K, reserved 1048576K
}
Event: 11.119 GC heap after
{Heap after GC invocations=11 (full 0):
 garbage-first heap   total reserved 1017856K, committed 88064K, used 36464K [0x00000000c1e00000, 0x0000000100000000)
  region size 1024K, 6 young (6144K), 6 survivors (6144K)
 Metaspace       used 25976K, committed 26304K, reserved 1114112K
  class space    used 2547K, committed 2688K, reserved 1048576K
}

Dll operation events (8 events):
Event: 0.017 Loaded shared library C:\Program Files\Apache NetBeans\jdk\bin\java.dll
Event: 0.075 Loaded shared library C:\Program Files\Apache NetBeans\jdk\bin\jsvml.dll
Event: 0.104 Loaded shared library C:\Program Files\Apache NetBeans\jdk\bin\net.dll
Event: 0.109 Loaded shared library C:\Program Files\Apache NetBeans\jdk\bin\nio.dll
Event: 0.118 Loaded shared library C:\Program Files\Apache NetBeans\jdk\bin\zip.dll
Event: 0.484 Loaded shared library C:\Program Files\Apache NetBeans\jdk\bin\jimage.dll
Event: 0.489 Loaded shared library C:\Users\User\.m2\wrapper\dists\apache-maven-3.9.11\03d7e36a140982eea48e22c1dcac01d8862b2550b2939e09a0809bbc5182a5bc\lib\jansi-native\Windows\x86_64\jansi.dll
Event: 0.519 Loaded shared library C:\Program Files\Apache NetBeans\jdk\bin\verify.dll

Deoptimization events (20 events):
Event: 11.136 Thread 0x000001f0c798d880 DEOPT PACKING pc=0x000001f0d30cdb9d sp=0x000000c3354fc5b0
Event: 11.136 Thread 0x000001f0c798d880 DEOPT UNPACKING pc=0x000001f0d9c45722 sp=0x000000c3354fbb18 mode 0
Event: 11.141 Thread 0x000001f0c798d880 DEOPT PACKING pc=0x000001f0d30cdb9d sp=0x000000c3354fc5b0
Event: 11.141 Thread 0x000001f0c798d880 DEOPT UNPACKING pc=0x000001f0d9c45722 sp=0x000000c3354fbb18 mode 0
Event: 11.334 Thread 0x000001f0c798d880 Uncommon trap: trap_request=0xffffffc6 fr.pc=0x000001f0da32a984 relative=0x00000000000005e4
Event: 11.334 Thread 0x000001f0c798d880 Uncommon trap: reason=bimorphic_or_optimized_type_check action=maybe_recompile pc=0x000001f0da32a984 method=java.util.HashMap.putVal(ILjava/lang/Object;Ljava/lang/Object;ZZ)Ljava/lang/Object; @ 253 c2
Event: 11.334 Thread 0x000001f0c798d880 DEOPT PACKING pc=0x000001f0da32a984 sp=0x000000c3354fdd40
Event: 11.334 Thread 0x000001f0c798d880 DEOPT UNPACKING pc=0x000001f0d9d06382 sp=0x000000c3354fdc48 mode 2
Event: 11.337 Thread 0x000001f0c798d880 Uncommon trap: trap_request=0xffffffc6 fr.pc=0x000001f0da32a984 relative=0x00000000000005e4
Event: 11.337 Thread 0x000001f0c798d880 Uncommon trap: reason=bimorphic_or_optimized_type_check action=maybe_recompile pc=0x000001f0da32a984 method=java.util.HashMap.putVal(ILjava/lang/Object;Ljava/lang/Object;ZZ)Ljava/lang/Object; @ 253 c2
Event: 11.337 Thread 0x000001f0c798d880 DEOPT PACKING pc=0x000001f0da32a984 sp=0x000000c3354fdd20
Event: 11.337 Thread 0x000001f0c798d880 DEOPT UNPACKING pc=0x000001f0d9d06382 sp=0x000000c3354fdc28 mode 2
Event: 11.337 Thread 0x000001f0c798d880 Uncommon trap: trap_request=0xffffffc6 fr.pc=0x000001f0da329e14 relative=0x0000000000000594
Event: 11.337 Thread 0x000001f0c798d880 Uncommon trap: reason=bimorphic_or_optimized_type_check action=maybe_recompile pc=0x000001f0da329e14 method=java.util.HashMap.putVal(ILjava/lang/Object;Ljava/lang/Object;ZZ)Ljava/lang/Object; @ 253 c2
Event: 11.337 Thread 0x000001f0c798d880 DEOPT PACKING pc=0x000001f0da329e14 sp=0x000000c3354fdca0
Event: 11.337 Thread 0x000001f0c798d880 DEOPT UNPACKING pc=0x000001f0d9d06382 sp=0x000000c3354fdc30 mode 2
Event: 11.602 Thread 0x000001f0c798d880 Uncommon trap: trap_request=0xffffffde fr.pc=0x000001f0da2be30c relative=0x00000000000004ac
Event: 11.602 Thread 0x000001f0c798d880 Uncommon trap: reason=class_check action=maybe_recompile pc=0x000001f0da2be30c method=java.lang.AbstractStringBuilder.append(Ljava/lang/CharSequence;II)Ljava/lang/AbstractStringBuilder; @ 10 c2
Event: 11.602 Thread 0x000001f0c798d880 DEOPT PACKING pc=0x000001f0da2be30c sp=0x000000c3354fd1a0
Event: 11.602 Thread 0x000001f0c798d880 DEOPT UNPACKING pc=0x000001f0d9d06382 sp=0x000000c3354fd168 mode 2

Classes loaded (20 events):
Event: 10.785 Loading class sun/nio/fs/WindowsPath$WindowsPathWithAttributes
Event: 10.786 Loading class sun/nio/fs/WindowsPath$WindowsPathWithAttributes done
Event: 10.857 Loading class java/nio/file/FileTreeWalker$1
Event: 10.857 Loading class java/nio/file/FileTreeWalker$1 done
Event: 11.243 Loading class java/util/stream/ReduceOps$1
Event: 11.243 Loading class java/util/stream/ReduceOps$1 done
Event: 11.244 Loading class java/util/stream/ReduceOps$1ReducingSink
Event: 11.245 Loading class java/util/stream/ReduceOps$1ReducingSink done
Event: 11.450 Loading class java/util/EnumMap$EntrySet
Event: 11.450 Loading class java/util/EnumMap$EntrySet done
Event: 11.450 Loading class java/util/EnumMap$EntryIterator
Event: 11.451 Loading class java/util/EnumMap$EnumMapIterator
Event: 11.451 Loading class java/util/EnumMap$EnumMapIterator done
Event: 11.451 Loading class java/util/EnumMap$EntryIterator done
Event: 11.451 Loading class java/util/EnumMap$EntryIterator$Entry
Event: 11.451 Loading class java/util/EnumMap$EntryIterator$Entry done
Event: 11.461 Loading class java/util/function/ToIntBiFunction
Event: 11.462 Loading class java/util/function/ToIntBiFunction done
Event: 11.595 Loading class java/lang/MatchException
Event: 11.595 Loading class java/lang/MatchException done

Classes unloaded (0 events):
No events

Classes redefined (0 events):
No events

Internal exceptions (20 events):
Event: 11.475 Thread 0x000001f0c798d880 Exception <a 'sun/nio/fs/WindowsException'{0x00000000c643d560}> (0x00000000c643d560) 
thrown [s\src\hotspot\share\prims\jni.cpp, line 518]
Event: 11.491 Thread 0x000001f0c798d880 Exception <a 'sun/nio/fs/WindowsException'{0x00000000c64b48b8}> (0x00000000c64b48b8) 
thrown [s\src\hotspot\share\prims\jni.cpp, line 518]
Event: 11.496 Thread 0x000001f0c798d880 Exception <a 'sun/nio/fs/WindowsException'{0x00000000c64bdd50}> (0x00000000c64bdd50) 
thrown [s\src\hotspot\share\prims\jni.cpp, line 518]
Event: 11.508 Thread 0x000001f0c798d880 Exception <a 'sun/nio/fs/WindowsException'{0x00000000c64e6e88}> (0x00000000c64e6e88) 
thrown [s\src\hotspot\share\prims\jni.cpp, line 518]
Event: 11.524 Thread 0x000001f0c798d880 Exception <a 'sun/nio/fs/WindowsException'{0x00000000c6311f38}> (0x00000000c6311f38) 
thrown [s\src\hotspot\share\prims\jni.cpp, line 518]
Event: 11.626 Thread 0x000001f0c798d880 Exception <a 'sun/nio/fs/WindowsException'{0x00000000c62f72c0}> (0x00000000c62f72c0) 
thrown [s\src\hotspot\share\prims\jni.cpp, line 518]
Event: 11.642 Thread 0x000001f0c798d880 Exception <a 'sun/nio/fs/WindowsException'{0x00000000c61710d0}> (0x00000000c61710d0) 
thrown [s\src\hotspot\share\prims\jni.cpp, line 518]
Event: 11.651 Thread 0x000001f0c798d880 Exception <a 'sun/nio/fs/WindowsException'{0x00000000c6186f78}> (0x00000000c6186f78) 
thrown [s\src\hotspot\share\prims\jni.cpp, line 518]
Event: 11.663 Thread 0x000001f0c798d880 Exception <a 'sun/nio/fs/WindowsException'{0x00000000c61c0a48}> (0x00000000c61c0a48) 
thrown [s\src\hotspot\share\prims\jni.cpp, line 518]
Event: 11.664 Thread 0x000001f0c798d880 Exception <a 'sun/nio/fs/WindowsException'{0x00000000c61d1048}> (0x00000000c61d1048) 
thrown [s\src\hotspot\share\prims\jni.cpp, line 518]
Event: 11.666 Thread 0x000001f0c798d880 Exception <a 'sun/nio/fs/WindowsException'{0x00000000c6001ab8}> (0x00000000c6001ab8) 
thrown [s\src\hotspot\share\prims\jni.cpp, line 518]
Event: 11.666 Thread 0x000001f0c798d880 Exception <a 'sun/nio/fs/WindowsException'{0x00000000c6002b40}> (0x00000000c6002b40) 
thrown [s\src\hotspot\share\prims\jni.cpp, line 518]
Event: 11.688 Thread 0x000001f0c798d880 Exception <a 'sun/nio/fs/WindowsException'{0x00000000c609c110}> (0x00000000c609c110) 
thrown [s\src\hotspot\share\prims\jni.cpp, line 518]
Event: 11.688 Thread 0x000001f0c798d880 Exception <a 'sun/nio/fs/WindowsException'{0x00000000c60a9e00}> (0x00000000c60a9e00) 
thrown [s\src\hotspot\share\prims\jni.cpp, line 518]
Event: 11.690 Thread 0x000001f0c798d880 Exception <a 'sun/nio/fs/WindowsException'{0x00000000c60ce348}> (0x00000000c60ce348) 
thrown [s\src\hotspot\share\prims\jni.cpp, line 518]
Event: 11.690 Thread 0x000001f0c798d880 Exception <a 'sun/nio/fs/WindowsException'{0x00000000c60cf860}> (0x00000000c60cf860) 
thrown [s\src\hotspot\share\prims\jni.cpp, line 518]
Event: 11.693 Thread 0x000001f0c798d880 Exception <a 'sun/nio/fs/WindowsException'{0x00000000c60da1f8}> (0x00000000c60da1f8) 
thrown [s\src\hotspot\share\prims\jni.cpp, line 518]
Event: 11.693 Thread 0x000001f0c798d880 Exception <a 'sun/nio/fs/WindowsException'{0x00000000c60e0dc8}> (0x00000000c60e0dc8) 
thrown [s\src\hotspot\share\prims\jni.cpp, line 518]
Event: 11.694 Thread 0x000001f0c798d880 Exception <a 'sun/nio/fs/WindowsException'{0x00000000c60f3540}> (0x00000000c60f3540) 
thrown [s\src\hotspot\share\prims\jni.cpp, line 518]
Event: 11.694 Thread 0x000001f0c798d880 Exception <a 'sun/nio/fs/WindowsException'{0x00000000c60f4ac8}> (0x00000000c60f4ac8) 
thrown [s\src\hotspot\share\prims\jni.cpp, line 518]

VM Operations (20 events):
Event: 9.554 Executing VM operation: CollectForMetadataAllocation (Metadata GC Threshold)
Event: 9.554 Executing VM operation: CollectForMetadataAllocation (Metadata GC Threshold) done
Event: 9.567 Executing VM operation: G1PauseRemark
Event: 9.575 Executing VM operation: G1PauseRemark done
Event: 9.592 Executing VM operation: G1PauseCleanup
Event: 9.592 Executing VM operation: G1PauseCleanup done
Event: 10.779 Executing VM operation: HandshakeAllThreads (Deoptimize)
Event: 10.779 Executing VM operation: HandshakeAllThreads (Deoptimize) done
Event: 10.787 Executing VM operation: HandshakeAllThreads (Deoptimize)
Event: 10.787 Executing VM operation: HandshakeAllThreads (Deoptimize) done
Event: 11.080 Executing VM operation: G1CollectForAllocation (G1 Evacuation Pause)
Event: 11.119 Executing VM operation: G1CollectForAllocation (G1 Evacuation Pause) done
Event: 11.244 Executing VM operation: HandshakeAllThreads (Deoptimize)
Event: 11.244 Executing VM operation: HandshakeAllThreads (Deoptimize) done
Event: 11.372 Executing VM operation: HandshakeAllThreads (Deoptimize)
Event: 11.372 Executing VM operation: HandshakeAllThreads (Deoptimize) done
Event: 11.415 Executing VM operation: HandshakeAllThreads (Deoptimize)
Event: 11.415 Executing VM operation: HandshakeAllThreads (Deoptimize) done
Event: 11.421 Executing VM operation: HandshakeAllThreads (Deoptimize)
Event: 11.421 Executing VM operation: HandshakeAllThreads (Deoptimize) done

Memory protections (0 events):
No events

Nmethod flushes (0 events):
No events

Events (13 events):
Event: 0.049 Thread 0x000001f0c798d880 Thread added: 0x000001f0c798d880
Event: 0.070 Thread 0x000001f0c798d880 Thread added: 0x000001f0c11203e0
Event: 0.070 Thread 0x000001f0c798d880 Thread added: 0x000001f0c1120f10
Event: 0.071 Thread 0x000001f0c798d880 Thread added: 0x000001f0c1125830
Event: 0.071 Thread 0x000001f0c798d880 Thread added: 0x000001f0c1126360
Event: 0.071 Thread 0x000001f0c798d880 Thread added: 0x000001f0c1127630
Event: 0.071 Thread 0x000001f0c798d880 Thread added: 0x000001f0c1128900
Event: 0.072 Thread 0x000001f0c798d880 Thread added: 0x000001f0c11356a0
Event: 0.072 Thread 0x000001f0c798d880 Thread added: 0x000001f0c113a5f0
Event: 0.094 Thread 0x000001f0c798d880 Thread added: 0x000001f0c12ac010
Event: 0.098 Thread 0x000001f0c798d880 Thread added: 0x000001f0c12b1790
Event: 0.479 Thread 0x000001f0c798d880 Thread added: 0x000001f0c1a119c0
Event: 0.547 Thread 0x000001f0c1a119c0 Thread exited: 0x000001f0c1a119c0


Dynamic libraries:
0x00007ff658550000 - 0x00007ff65855e000 	C:\Program Files\Apache NetBeans\jdk\bin\java.exe
0x00007fff6a050000 - 0x00007fff6a248000 	C:\Windows\SYSTEM32\ntdll.dll
0x00007fff685e0000 - 0x00007fff686a2000 	C:\Windows\System32\KERNEL32.DLL
0x00007fff67740000 - 0x00007fff67a36000 	C:\Windows\System32\KERNELBASE.dll
0x00007fff67e50000 - 0x00007fff67f50000 	C:\Windows\System32\ucrtbase.dll
0x00007fff5ea90000 - 0x00007fff5eaa6000 	C:\Program Files\Apache NetBeans\jdk\bin\jli.dll
0x00007fff698a0000 - 0x00007fff69a41000 	C:\Windows\System32\USER32.dll
0x00007fff67710000 - 0x00007fff67732000 	C:\Windows\System32\win32u.dll
0x00007fff629e0000 - 0x00007fff629fe000 	C:\Program Files\Apache NetBeans\jdk\bin\VCRUNTIME140.dll
0x00007fff69870000 - 0x00007fff6989b000 	C:\Windows\System32\GDI32.dll
0x00007fff67f50000 - 0x00007fff68069000 	C:\Windows\System32\gdi32full.dll
0x00007fff67ad0000 - 0x00007fff67b6d000 	C:\Windows\System32\msvcp_win.dll
0x00007fff53c60000 - 0x00007fff53efb000 	C:\Windows\WinSxS\amd64_microsoft.windows.common-controls_6595b64144ccf1df_6.0.19041.6456_none_60b8a6cb71f64256\COMCTL32.dll
0x00007fff68130000 - 0x00007fff681ce000 	C:\Windows\System32\msvcrt.dll
0x00007fff68750000 - 0x00007fff6877f000 	C:\Windows\System32\IMM32.DLL
0x00007fff645b0000 - 0x00007fff645bc000 	C:\Program Files\Apache NetBeans\jdk\bin\vcruntime140_1.dll
0x00007fff612e0000 - 0x00007fff6136d000 	C:\Program Files\Apache NetBeans\jdk\bin\msvcp140.dll
0x00007fff1fc70000 - 0x00007fff20aec000 	C:\Program Files\Apache NetBeans\jdk\bin\server\jvm.dll
0x00007fff68070000 - 0x00007fff68121000 	C:\Windows\System32\ADVAPI32.dll
0x00007fff686b0000 - 0x00007fff6874f000 	C:\Windows\System32\sechost.dll
0x00007fff692e0000 - 0x00007fff69400000 	C:\Windows\System32\RPCRT4.dll
0x00007fff676e0000 - 0x00007fff67707000 	C:\Windows\System32\bcrypt.dll
0x00007fff688d0000 - 0x00007fff6893b000 	C:\Windows\System32\WS2_32.dll
0x00007fff67540000 - 0x00007fff6758b000 	C:\Windows\SYSTEM32\POWRPROF.dll
0x00007fff54520000 - 0x00007fff54547000 	C:\Windows\SYSTEM32\WINMM.dll
0x00007fff60930000 - 0x00007fff6093a000 	C:\Windows\SYSTEM32\VERSION.dll
0x00007fff67520000 - 0x00007fff67532000 	C:\Windows\SYSTEM32\UMPDC.dll
0x00007fff65470000 - 0x00007fff65482000 	C:\Windows\SYSTEM32\kernel.appcore.dll
0x00007fff625e0000 - 0x00007fff625ea000 	C:\Program Files\Apache NetBeans\jdk\bin\jimage.dll
0x00007fff54cf0000 - 0x00007fff54ef1000 	C:\Windows\SYSTEM32\DBGHELP.DLL
0x00007fff516c0000 - 0x00007fff516f4000 	C:\Windows\SYSTEM32\dbgcore.DLL
0x00007fff67a40000 - 0x00007fff67ac2000 	C:\Windows\System32\bcryptPrimitives.dll
0x00007fff622b0000 - 0x00007fff622ce000 	C:\Program Files\Apache NetBeans\jdk\bin\java.dll
0x00007fff68780000 - 0x00007fff688ab000 	C:\Windows\System32\ole32.dll
0x00007fff681d0000 - 0x00007fff68524000 	C:\Windows\System32\combase.dll
0x00007fff68a80000 - 0x00007fff691f0000 	C:\Windows\System32\SHELL32.dll
0x00007fff65750000 - 0x00007fff65ef5000 	C:\Windows\SYSTEM32\windows.storage.dll
0x00007fff67030000 - 0x00007fff6705b000 	C:\Windows\SYSTEM32\Wldp.dll
0x00007fff691f0000 - 0x00007fff692bd000 	C:\Windows\System32\OLEAUT32.dll
0x00007fff68530000 - 0x00007fff685dd000 	C:\Windows\System32\SHCORE.dll
0x00007fff69a50000 - 0x00007fff69aab000 	C:\Windows\System32\shlwapi.dll
0x00007fff67610000 - 0x00007fff67634000 	C:\Windows\SYSTEM32\profapi.dll
0x00007fff49260000 - 0x00007fff49337000 	C:\Program Files\Apache NetBeans\jdk\bin\jsvml.dll
0x00007fff61c40000 - 0x00007fff61c50000 	C:\Program Files\Apache NetBeans\jdk\bin\net.dll
0x00007fff66d90000 - 0x00007fff66dfa000 	C:\Windows\system32\mswsock.dll
0x00007fff5ea50000 - 0x00007fff5ea66000 	C:\Program Files\Apache NetBeans\jdk\bin\nio.dll
0x00007fff5ea70000 - 0x00007fff5ea87000 	C:\Program Files\Apache NetBeans\jdk\bin\zip.dll
0x00007fff62a00000 - 0x00007fff62a24000 	C:\Users\User\.m2\wrapper\dists\apache-maven-3.9.11\03d7e36a140982eea48e22c1dcac01d8862b2550b2939e09a0809bbc5182a5bc\lib\jansi-native\Windows\x86_64\jansi.dll
0x00007fff61aa0000 - 0x00007fff61ab0000 	C:\Program Files\Apache NetBeans\jdk\bin\verify.dll

JVMTI agents: none

dbghelp: loaded successfully - version: 4.0.5 - missing functions: none
symbol engine: initialized successfully - sym options: 0x614 - pdb path: .;C:\Program Files\Apache NetBeans\jdk\bin;C:\Windows\SYSTEM32;C:\Windows\WinSxS\amd64_microsoft.windows.common-controls_6595b64144ccf1df_6.0.19041.6456_none_60b8a6cb71f64256;C:\Program Files\Apache NetBeans\jdk\bin\server;C:\Users\User\.m2\wrapper\dists\apache-maven-3.9.11\03d7e36a140982eea48e22c1dcac01d8862b2550b2939e09a0809bbc5182a5bc\lib\jansi-native\Windows\x86_64

VM Arguments:
jvm_args: --enable-native-access=ALL-UNNAMED -Dclassworlds.conf=C:\Users\User\.m2\wrapper\dists\apache-maven-3.9.11\03d7e36a140982eea48e22c1dcac01d8862b2550b2939e09a0809bbc5182a5bc\bin\m2.conf -Dmaven.home=C:\Users\User\.m2\wrapper\dists\apache-maven-3.9.11\03d7e36a140982eea48e22c1dcac01d8862b2550b2939e09a0809bbc5182a5bc -Dlibrary.jansi.path=C:\Users\User\.m2\wrapper\dists\apache-maven-3.9.11\03d7e36a140982eea48e22c1dcac01d8862b2550b2939e09a0809bbc5182a5bc\lib\jansi-native -Dmaven.multiModuleProjectDirectory=C:\Users\User\Documents\NetBeansProjects\hospital-vida-nova 
java_command: org.codehaus.plexus.classworlds.launcher.Launcher -Dexec.vmArgs= -Dexec.args=${exec.vmArgs} -classpath %classpath ${exec.mainClass} ${exec.appArgs} -Dexec.executable=C:\Program Files\Apache NetBeans\jdk\bin\java.exe -Dexec.mainClass=com.example.hospital.HospitalVidaNovaApplication -Dexec.classpathScope=runtime -Dexec.appArgs= -Dmaven.ext.class.path=C:\Program Files\Apache NetBeans\java\maven-nblib\netbeans-eventspy.jar --no-transfer-progress process-classes org.codehaus.mojo:exec-maven-plugin:3.1.0:exec
java_class_path (initial): C:\Users\User\.m2\wrapper\dists\apache-maven-3.9.11\03d7e36a140982eea48e22c1dcac01d8862b2550b2939e09a0809bbc5182a5bc\boot\plexus-classworlds-2.9.0.jar
Launcher Type: SUN_STANDARD

[Global flags]
     intx CICompilerCount                          = 3                                         {product} {ergonomic}
     uint ConcGCThreads                            = 1                                         {product} {ergonomic}
     uint G1ConcRefinementThreads                  = 4                                         {product} {ergonomic}
   size_t G1HeapRegionSize                         = 1048576                                   {product} {ergonomic}
   size_t InitialHeapSize                          = 67108864                                  {product} {ergonomic}
   size_t MarkStackSize                            = 4194304                                   {product} {ergonomic}
   size_t MarkStackSizeMax                         = 536870912                                 {product} {ergonomic}
   size_t MaxHeapSize                              = 1042284544                                {product} {ergonomic}
   size_t MaxNewSize                               = 624951296                                 {product} {ergonomic}
   size_t MinHeapDeltaBytes                        = 1048576                                   {product} {ergonomic}
   size_t MinHeapSize                              = 8388608                                   {product} {ergonomic}
    uintx NonNMethodCodeHeapSize                   = 5832704                                {pd product} {ergonomic}
    uintx NonProfiledCodeHeapSize                  = 122945536                              {pd product} {ergonomic}
    uintx ProfiledCodeHeapSize                     = 122880000                              {pd product} {ergonomic}
    uintx ReservedCodeCacheSize                    = 251658240                              {pd product} {ergonomic}
     bool SegmentedCodeCache                       = true                                      {product} {ergonomic}
   size_t SoftMaxHeapSize                          = 1042284544                             {manageable} {ergonomic}
     bool UseCompressedOops                        = true                           {product lp64_product} {ergonomic}
     bool UseG1GC                                  = true                                      {product} {ergonomic}
     bool UseLargePagesIndividualAllocation        = false                                  {pd product} {ergonomic}

Logging:
Log output configuration:
 #0: stdout all=warning uptime,level,tags foldmultilines=false
 #1: stderr all=off uptime,level,tags foldmultilines=false

Environment Variables:
JAVA_HOME=C:\Program Files\Apache NetBeans\jdk
PATH=C:\Program Files\Java\jdk-21.0.6\bin;C:\Program Files\Common Files\Oracle\Java\javapath;C:\Program Files (x86)\Common Files\Oracle\Java\java8path;C:\Program Files (x86)\Common Files\Oracle\Java\javapath;C:\Windows\system32;C:\Windows;C:\Windows\System32\Wbem;C:\Windows\System32\WindowsPowerShell\v1.0\;C:\Windows\System32\OpenSSH\;C:\Program Files\dotnet\;C:\Program Files\Git\cmd;C:\Program Files\Cloudflare\Cloudflare WARP\;C:\Program Files\MySQL\MySQL Shell 8.0\bin\;C:\Users\User\AppData\Local\Programs\Python\Python313\Scripts\;C:\Users\User\AppData\Local\Programs\Python\Python313\;C:\Users\User\AppData\Local\Microsoft\WindowsApps;C:\Users\User\AppData\Local\Programs\Microsoft VS Code\bin
USERNAME=User
OS=Windows_NT
PROCESSOR_IDENTIFIER=Intel64 Family 6 Model 78 Stepping 3, GenuineIntel
TMP=C:\Users\User\AppData\Local\Temp
TEMP=C:\Users\User\AppData\Local\Temp




Periodic native trim disabled

---------------  S Y S T E M  ---------------

OS:
 Windows 10 , 64 bit Build 19041 (10.0.19041.5915)
OS uptime: 0 days 12:38 hours

CPU: total 4 (initial active 4) (2 cores per cpu, 2 threads per core) family 6 model 78 stepping 3 microcode 0xcc, cx8, cmov, fxsr, ht, mmx, 3dnowpref, sse, sse2, sse3, ssse3, sse4.1, sse4.2, popcnt, lzcnt, tsc, tscinvbit, avx, avx2, aes, erms, clmul, bmi1, bmi2, adx, fma, vzeroupper, clflush, clflushopt, rdtscp, f16c
Processor Information for the first 4 processors :
  Max Mhz: 1992, Current Mhz: 1992, Mhz Limit: 1992

Memory: 4k page, system-wide physical 3970M (241M free)
TotalPageFile size 16258M (AvailPageFile size 6M)
current process WorkingSet (physical memory assigned to process): 209M, peak: 212M
current process commit charge ("private bytes"): 234M, peak: 246M

vm_info: OpenJDK 64-Bit Server VM (24.0.2+12) for windows-amd64 JRE (24.0.2+12) (Zulu24.32+13-CA), built on 2025-07-11T12:45:44Z with MS VC++ 17.1 (VS2022)

END.
