#
# There is insufficient memory for the Java Runtime Environment to continue.
# Native memory allocation (malloc) failed to allocate 32744 bytes. Error detail: Chunk::new
# Possible reasons:
#   The system is out of physical RAM or swap space
#   This process is running with CompressedOops enabled, and the Java Heap may be blocking the growth of the native heap
# Possible solutions:
#   Reduce memory load on the system
#   Increase physical memory or swap space
#   Check if swap backing store is full
#   Decrease Java heap size (-Xmx/-Xms)
#   Decrease number of Java threads
#   Decrease Java thread stack sizes (-Xss)
#   Set larger code cache with -XX:ReservedCodeCacheSize=
#   JVM is running with Unscaled Compressed Oops mode in which the Java heap is
#     placed in the first 4GB address space. The Java Heap base address is the
#     maximum limit for the native heap growth. Please use -XX:HeapBaseMinAddress
#     to set the Java Heap base and to place the Java Heap above 4GB virtual address.
# This output file may be truncated or incomplete.
#
#  Out of Memory Error (arena.cpp:162), pid=1280, tid=11196
#
# JRE version: OpenJDK Runtime Environment Zulu24.32+13-CA (24.0.2+12) (build 24.0.2+12)
# Java VM: OpenJDK 64-Bit Server VM Zulu24.32+13-CA (24.0.2+12, mixed mode, sharing, tiered, compressed oops, compressed class ptrs, g1 gc, windows-amd64)
# No core dump will be written. Minidumps are not enabled by default on client versions of Windows
#

---------------  S U M M A R Y ------------

Command Line: --enable-native-access=ALL-UNNAMED -Dclassworlds.conf=C:\Users\User\.m2\wrapper\dists\apache-maven-3.9.11\03d7e36a140982eea48e22c1dcac01d8862b2550b2939e09a0809bbc5182a5bc\bin\m2.conf -Dmaven.home=C:\Users\User\.m2\wrapper\dists\apache-maven-3.9.11\03d7e36a140982eea48e22c1dcac01d8862b2550b2939e09a0809bbc5182a5bc -Dlibrary.jansi.path=C:\Users\User\.m2\wrapper\dists\apache-maven-3.9.11\03d7e36a140982eea48e22c1dcac01d8862b2550b2939e09a0809bbc5182a5bc\lib\jansi-native -Dmaven.multiModuleProjectDirectory=C:\Users\User\Desktop\projetos\hospital-vida-nova org.codehaus.plexus.classworlds.launcher.Launcher -Dmaven.ext.class.path=C:\Program Files\Apache NetBeans\java\maven-nblib\netbeans-eventspy.jar --no-transfer-progress install

Host: Intel(R) Core(TM) i3-6006U CPU @ 2.00GHz, 4 cores, 3G,  Windows 10 , 64 bit Build 19041 (10.0.19041.5915)
Time: Sun Nov 23 20:15:01 2025 Hora oficial do Brasil elapsed time: 10.425264 seconds (0d 0h 0m 10s)

---------------  T H R E A D  ---------------

Current thread (0x0000019cd013d5a0):  JavaThread "C2 CompilerThread0" daemon [_thread_in_native, id=11196, stack(0x00000027b9e00000,0x00000027b9f00000) (1024K)]


Current CompileTask:
C2:10425 5516   !   4       java.lang.ClassLoader::loadClass (121 bytes)

Stack: [0x00000027b9e00000,0x00000027b9f00000]
Native frames: (J=compiled Java code, j=interpreted, Vv=VM code, C=native code)
V  [jvm.dll+0x741329]  (no source info available)
V  [jvm.dll+0x97e243]  (no source info available)
V  [jvm.dll+0x98056d]  (no source info available)
V  [jvm.dll+0x980be3]  (no source info available)
V  [jvm.dll+0x2b5a76]  (no source info available)
V  [jvm.dll+0xd00af]  (no source info available)
V  [jvm.dll+0xd030f]  (no source info available)
V  [jvm.dll+0x76d09b]  (no source info available)
V  [jvm.dll+0x20f9a5]  (no source info available)
V  [jvm.dll+0x27a36a]  (no source info available)
V  [jvm.dll+0x279591]  (no source info available)
V  [jvm.dll+0x1f30fa]  (no source info available)
V  [jvm.dll+0x288d95]  (no source info available)
V  [jvm.dll+0x28702a]  (no source info available)
V  [jvm.dll+0x43e016]  (no source info available)
V  [jvm.dll+0x920c78]  (no source info available)
V  [jvm.dll+0x73fab5]  (no source info available)
C  [ucrtbase.dll+0x21bb2]  (no source info available)
C  [KERNEL32.DLL+0x17374]  (no source info available)
C  [ntdll.dll+0x4cc91]  (no source info available)

Lock stack of current Java thread (top to bottom):


---------------  P R O C E S S  ---------------

Threads class SMR info:
_java_thread_list=0x0000019cd654a7b0, length=17, elements={
0x0000019cebd33cb0, 0x0000019cee0ddfc0, 0x0000019cd011ff30, 0x0000019cd0120670,
0x0000019cd0122dc0, 0x0000019cd0127510, 0x0000019cd0127c50, 0x0000019cd013d5a0,
0x0000019cd0142150, 0x0000019cd0296ac0, 0x0000019cd02ad0b0, 0x0000019cd69bb1e0,
0x0000019cd588f6a0, 0x0000019cd5878b80, 0x0000019cd0944970, 0x0000019cd0942c30,
0x0000019cd0943380
}

Java Threads: ( => current thread )
  0x0000019cebd33cb0 JavaThread "main"                              [_thread_in_native, id=11208, stack(0x00000027b9000000,0x00000027b9100000) (1024K)]
  0x0000019cee0ddfc0 JavaThread "Reference Handler"          daemon [_thread_blocked, id=8852, stack(0x00000027b9800000,0x00000027b9900000) (1024K)]
  0x0000019cd011ff30 JavaThread "Finalizer"                  daemon [_thread_blocked, id=11496, stack(0x00000027b9900000,0x00000027b9a00000) (1024K)]
  0x0000019cd0120670 JavaThread "Signal Dispatcher"          daemon [_thread_blocked, id=5568, stack(0x00000027b9a00000,0x00000027b9b00000) (1024K)]
  0x0000019cd0122dc0 JavaThread "Attach Listener"            daemon [_thread_blocked, id=8452, stack(0x00000027b9b00000,0x00000027b9c00000) (1024K)]
  0x0000019cd0127510 JavaThread "Service Thread"             daemon [_thread_blocked, id=7720, stack(0x00000027b9c00000,0x00000027b9d00000) (1024K)]
  0x0000019cd0127c50 JavaThread "Monitor Deflation Thread"   daemon [_thread_blocked, id=444, stack(0x00000027b9d00000,0x00000027b9e00000) (1024K)]
=>0x0000019cd013d5a0 JavaThread "C2 CompilerThread0"         daemon [_thread_in_native, id=11196, stack(0x00000027b9e00000,0x00000027b9f00000) (1024K)]
  0x0000019cd0142150 JavaThread "C1 CompilerThread0"         daemon [_thread_blocked, id=13296, stack(0x00000027b9f00000,0x00000027ba000000) (1024K)]
  0x0000019cd0296ac0 JavaThread "Notification Thread"        daemon [_thread_blocked, id=384, stack(0x00000027ba000000,0x00000027ba100000) (1024K)]
  0x0000019cd02ad0b0 JavaThread "Common-Cleaner"             daemon [_thread_blocked, id=6124, stack(0x00000027ba100000,0x00000027ba200000) (1024K)]
  0x0000019cd69bb1e0 JavaThread "timeout-check-timer"        daemon [_thread_blocked, id=12988, stack(0x00000027ba500000,0x00000027ba600000) (1024K)]
  0x0000019cd588f6a0 JavaThread "ping-timer-10s"             daemon [_thread_blocked, id=12812, stack(0x00000027ba600000,0x00000027ba700000) (1024K)]
  0x0000019cd5878b80 JavaThread "ThreadedStreamConsumer"     daemon [_thread_blocked, id=11552, stack(0x00000027ba700000,0x00000027ba800000) (1024K)]
  0x0000019cd0944970 JavaThread "fork-1-err-thread"          daemon [_thread_in_native, id=12644, stack(0x00000027ba800000,0x00000027ba900000) (1024K)]
  0x0000019cd0942c30 JavaThread "commands-fork-1"            daemon [_thread_blocked, id=6740, stack(0x00000027ba900000,0x00000027baa00000) (1024K)]
  0x0000019cd0943380 JavaThread "fork-1-event-thread"        daemon [_thread_in_native, id=12876, stack(0x00000027baa00000,0x00000027bab00000) (1024K)]
Total: 17

Other Threads:
  0x0000019cee0cfb90 VMThread "VM Thread"                           [id=6816, stack(0x00000027b9700000,0x00000027b9800000) (1024K)]
  0x0000019cee0c3780 WatcherThread "VM Periodic Task Thread"        [id=11832, stack(0x00000027b9600000,0x00000027b9700000) (1024K)]
  0x0000019cee0485f0 WorkerThread "GC Thread#0"                     [id=7112, stack(0x00000027b9100000,0x00000027b9200000) (1024K)]
  0x0000019cd5047900 WorkerThread "GC Thread#1"                     [id=12128, stack(0x00000027ba200000,0x00000027ba300000) (1024K)]
  0x0000019cd0f62880 WorkerThread "GC Thread#2"                     [id=2680, stack(0x00000027ba300000,0x00000027ba400000) (1024K)]
  0x0000019cd0f674b0 WorkerThread "GC Thread#3"                     [id=6060, stack(0x00000027ba400000,0x00000027ba500000) (1024K)]
  0x0000019cee054ac0 ConcurrentGCThread "G1 Main Marker"            [id=2016, stack(0x00000027b9200000,0x00000027b9300000) (1024K)]
  0x0000019cee0555d0 WorkerThread "G1 Conc#0"                       [id=13168, stack(0x00000027b9300000,0x00000027b9400000) (1024K)]
  0x0000019cee0b2e20 ConcurrentGCThread "G1 Refine#0"               [id=9572, stack(0x00000027b9400000,0x00000027b9500000) (1024K)]
  0x0000019cee0b55c0 ConcurrentGCThread "G1 Service"                [id=2232, stack(0x00000027b9500000,0x00000027b9600000) (1024K)]
Total: 10

Threads with active compile tasks:
C2 CompilerThread0  10627 5516   !   4       java.lang.ClassLoader::loadClass (121 bytes)
Total: 1

VM state: not at safepoint (normal execution)

VM Mutex/Monitor currently owned by a thread: None

Heap address: 0x00000000c1e00000, size: 994 MB, Compressed Oops mode: 32-bit

CDS archive(s) mapped at: [0x0000019c8f000000-0x0000019c8fd40000-0x0000019c8fd40000), size 13893632, SharedBaseAddress: 0x0000019c8f000000, ArchiveRelocationMode: 1.
Compressed class space mapped at: 0x0000019c90000000-0x0000019cd0000000, reserved size: 1073741824
UseCompressedClassPointers 1, UseCompactObjectHeaders 0
Narrow klass pointer bits 32, Max shift 3
Narrow klass base: 0x0000019c8f000000, Narrow klass shift: 0
Encoding Range: [0x0000019c8f000000 - 0x0000019d8f000000), (4294967296 bytes)
Klass Range:    [0x0000019c8f000000 - 0x0000019cd0000000), (1090519040 bytes)
Klass ID Range:  [8 - 1090519033) (1090519025)

GC Precious Log:
 CardTable entry size: 512
 Card Set container configuration: InlinePtr #cards 5 size 8 Array Of Cards #cards 10 size 36 Howl #buckets 4 coarsen threshold 1843 Howl Bitmap #cards 512 size 80 coarsen threshold 460 Card regions per heap region 1 cards per card region 2048
 CPUs: 4 total, 4 available
 Memory: 3970M
 Large Page Support: Disabled
 NUMA Support: Disabled
 Compressed Oops: Enabled (32-bit)
 Heap Region Size: 1M
 Heap Min Capacity: 8M
 Heap Initial Capacity: 64M
 Heap Max Capacity: 994M
 Pre-touch: Disabled
 Parallel Workers: 4
 Concurrent Workers: 1
 Concurrent Refinement Workers: 4
 Periodic GC: Disabled

Heap:
 garbage-first heap   total reserved 1017856K, committed 65536K, used 19568K [0x00000000c1e00000, 0x0000000100000000)
  region size 1024K, 6 young (6144K), 4 survivors (4096K)
 Metaspace       used 21278K, committed 21632K, reserved 1114112K
  class space    used 1994K, committed 2176K, reserved 1048576K

Heap Regions: E=young(eden), S=young(survivor), O=old, HS=humongous(starts), HC=humongous(continues), CS=collection set, F=free, TAMS=top-at-mark-start, PB=parsable bottom
|   0|0x00000000c1e00000, 0x00000000c1f00000, 0x00000000c1f00000|100%| O|  |TAMS 0x00000000c1e00000| PB 0x00000000c1e00000| Untracked |  0
|   1|0x00000000c1f00000, 0x00000000c2000000, 0x00000000c2000000|100%| O|  |TAMS 0x00000000c1f00000| PB 0x00000000c1f00000| Untracked |  0
|   2|0x00000000c2000000, 0x00000000c2100000, 0x00000000c2100000|100%| O|  |TAMS 0x00000000c2000000| PB 0x00000000c2000000| Untracked |  0
|   3|0x00000000c2100000, 0x00000000c2200000, 0x00000000c2200000|100%| O|  |TAMS 0x00000000c2100000| PB 0x00000000c2100000| Untracked |  0
|   4|0x00000000c2200000, 0x00000000c2300000, 0x00000000c2300000|100%| O|  |TAMS 0x00000000c2200000| PB 0x00000000c2200000| Untracked |  0
|   5|0x00000000c2300000, 0x00000000c2400000, 0x00000000c2400000|100%| O|  |TAMS 0x00000000c2300000| PB 0x00000000c2300000| Untracked |  0
|   6|0x00000000c2400000, 0x00000000c2500000, 0x00000000c2500000|100%| O|  |TAMS 0x00000000c2400000| PB 0x00000000c2400000| Untracked |  0
|   7|0x00000000c2500000, 0x00000000c2600000, 0x00000000c2600000|100%| O|  |TAMS 0x00000000c2500000| PB 0x00000000c2500000| Untracked |  0
|   8|0x00000000c2600000, 0x00000000c2700000, 0x00000000c2700000|100%| O|  |TAMS 0x00000000c2600000| PB 0x00000000c2600000| Untracked |  0
|   9|0x00000000c2700000, 0x00000000c2800000, 0x00000000c2800000|100%| O|  |TAMS 0x00000000c2700000| PB 0x00000000c2700000| Untracked |  0
|  10|0x00000000c2800000, 0x00000000c2900000, 0x00000000c2900000|100%| O|  |TAMS 0x00000000c2800000| PB 0x00000000c2800000| Untracked |  0
|  11|0x00000000c2900000, 0x00000000c2a00000, 0x00000000c2a00000|100%| O|  |TAMS 0x00000000c2900000| PB 0x00000000c2900000| Untracked |  0
|  12|0x00000000c2a00000, 0x00000000c2a00000, 0x00000000c2b00000|  0%| F|  |TAMS 0x00000000c2a00000| PB 0x00000000c2a00000| Untracked |  0
|  13|0x00000000c2b00000, 0x00000000c2b00000, 0x00000000c2c00000|  0%| F|  |TAMS 0x00000000c2b00000| PB 0x00000000c2b00000| Untracked |  0
|  14|0x00000000c2c00000, 0x00000000c2c00000, 0x00000000c2d00000|  0%| F|  |TAMS 0x00000000c2c00000| PB 0x00000000c2c00000| Untracked |  0
|  15|0x00000000c2d00000, 0x00000000c2d00000, 0x00000000c2e00000|  0%| F|  |TAMS 0x00000000c2d00000| PB 0x00000000c2d00000| Untracked |  0
|  16|0x00000000c2e00000, 0x00000000c2e00000, 0x00000000c2f00000|  0%| F|  |TAMS 0x00000000c2e00000| PB 0x00000000c2e00000| Untracked |  0
|  17|0x00000000c2f00000, 0x00000000c2f00000, 0x00000000c3000000|  0%| F|  |TAMS 0x00000000c2f00000| PB 0x00000000c2f00000| Untracked |  0
|  18|0x00000000c3000000, 0x00000000c3000000, 0x00000000c3100000|  0%| F|  |TAMS 0x00000000c3000000| PB 0x00000000c3000000| Untracked |  0
|  19|0x00000000c3100000, 0x00000000c3100000, 0x00000000c3200000|  0%| F|  |TAMS 0x00000000c3100000| PB 0x00000000c3100000| Untracked |  0
|  20|0x00000000c3200000, 0x00000000c3200000, 0x00000000c3300000|  0%| F|  |TAMS 0x00000000c3200000| PB 0x00000000c3200000| Untracked |  0
|  21|0x00000000c3300000, 0x00000000c3300000, 0x00000000c3400000|  0%| F|  |TAMS 0x00000000c3300000| PB 0x00000000c3300000| Untracked |  0
|  22|0x00000000c3400000, 0x00000000c3400000, 0x00000000c3500000|  0%| F|  |TAMS 0x00000000c3400000| PB 0x00000000c3400000| Untracked |  0
|  23|0x00000000c3500000, 0x00000000c3500000, 0x00000000c3600000|  0%| F|  |TAMS 0x00000000c3500000| PB 0x00000000c3500000| Untracked |  0
|  24|0x00000000c3600000, 0x00000000c3600000, 0x00000000c3700000|  0%| F|  |TAMS 0x00000000c3600000| PB 0x00000000c3600000| Untracked |  0
|  25|0x00000000c3700000, 0x00000000c3700000, 0x00000000c3800000|  0%| F|  |TAMS 0x00000000c3700000| PB 0x00000000c3700000| Untracked |  0
|  26|0x00000000c3800000, 0x00000000c3800000, 0x00000000c3900000|  0%| F|  |TAMS 0x00000000c3800000| PB 0x00000000c3800000| Untracked |  0
|  27|0x00000000c3900000, 0x00000000c3900000, 0x00000000c3a00000|  0%| F|  |TAMS 0x00000000c3900000| PB 0x00000000c3900000| Untracked |  0
|  28|0x00000000c3a00000, 0x00000000c3a00000, 0x00000000c3b00000|  0%| F|  |TAMS 0x00000000c3a00000| PB 0x00000000c3a00000| Untracked |  0
|  29|0x00000000c3b00000, 0x00000000c3b00000, 0x00000000c3c00000|  0%| F|  |TAMS 0x00000000c3b00000| PB 0x00000000c3b00000| Untracked |  0
|  30|0x00000000c3c00000, 0x00000000c3c00000, 0x00000000c3d00000|  0%| F|  |TAMS 0x00000000c3c00000| PB 0x00000000c3c00000| Untracked |  0
|  31|0x00000000c3d00000, 0x00000000c3d00000, 0x00000000c3e00000|  0%| F|  |TAMS 0x00000000c3d00000| PB 0x00000000c3d00000| Untracked |  0
|  32|0x00000000c3e00000, 0x00000000c3f00000, 0x00000000c3f00000|100%| O|  |TAMS 0x00000000c3e00000| PB 0x00000000c3e00000| Untracked |  0
|  33|0x00000000c3f00000, 0x00000000c3f00000, 0x00000000c4000000|  0%| F|  |TAMS 0x00000000c3f00000| PB 0x00000000c3f00000| Untracked |  0
|  34|0x00000000c4000000, 0x00000000c4000000, 0x00000000c4100000|  0%| F|  |TAMS 0x00000000c4000000| PB 0x00000000c4000000| Untracked |  0
|  35|0x00000000c4100000, 0x00000000c4100000, 0x00000000c4200000|  0%| F|  |TAMS 0x00000000c4100000| PB 0x00000000c4100000| Untracked |  0
|  36|0x00000000c4200000, 0x00000000c4200000, 0x00000000c4300000|  0%| F|  |TAMS 0x00000000c4200000| PB 0x00000000c4200000| Untracked |  0
|  37|0x00000000c4300000, 0x00000000c4300000, 0x00000000c4400000|  0%| F|  |TAMS 0x00000000c4300000| PB 0x00000000c4300000| Untracked |  0
|  38|0x00000000c4400000, 0x00000000c4400000, 0x00000000c4500000|  0%| F|  |TAMS 0x00000000c4400000| PB 0x00000000c4400000| Untracked |  0
|  39|0x00000000c4500000, 0x00000000c4500000, 0x00000000c4600000|  0%| F|  |TAMS 0x00000000c4500000| PB 0x00000000c4500000| Untracked |  0
|  40|0x00000000c4600000, 0x00000000c4600000, 0x00000000c4700000|  0%| F|  |TAMS 0x00000000c4600000| PB 0x00000000c4600000| Untracked |  0
|  41|0x00000000c4700000, 0x00000000c4700000, 0x00000000c4800000|  0%| F|  |TAMS 0x00000000c4700000| PB 0x00000000c4700000| Untracked |  0
|  42|0x00000000c4800000, 0x00000000c4800000, 0x00000000c4900000|  0%| F|  |TAMS 0x00000000c4800000| PB 0x00000000c4800000| Untracked |  0
|  43|0x00000000c4900000, 0x00000000c4900000, 0x00000000c4a00000|  0%| F|  |TAMS 0x00000000c4900000| PB 0x00000000c4900000| Untracked |  0
|  44|0x00000000c4a00000, 0x00000000c4a00000, 0x00000000c4b00000|  0%| F|  |TAMS 0x00000000c4a00000| PB 0x00000000c4a00000| Untracked |  0
|  45|0x00000000c4b00000, 0x00000000c4b00000, 0x00000000c4c00000|  0%| F|  |TAMS 0x00000000c4b00000| PB 0x00000000c4b00000| Untracked |  0
|  46|0x00000000c4c00000, 0x00000000c4c00000, 0x00000000c4d00000|  0%| F|  |TAMS 0x00000000c4c00000| PB 0x00000000c4c00000| Untracked |  0
|  47|0x00000000c4d00000, 0x00000000c4e00000, 0x00000000c4e00000|100%| S|CS|TAMS 0x00000000c4d00000| PB 0x00000000c4d00000| Complete |  0
|  48|0x00000000c4e00000, 0x00000000c4f00000, 0x00000000c4f00000|100%| S|CS|TAMS 0x00000000c4e00000| PB 0x00000000c4e00000| Complete |  0
|  49|0x00000000c4f00000, 0x00000000c5000000, 0x00000000c5000000|100%| S|CS|TAMS 0x00000000c4f00000| PB 0x00000000c4f00000| Complete |  0
|  50|0x00000000c5000000, 0x00000000c5100000, 0x00000000c5100000|100%| S|CS|TAMS 0x00000000c5000000| PB 0x00000000c5000000| Complete |  0
|  51|0x00000000c5100000, 0x00000000c5100000, 0x00000000c5200000|  0%| F|  |TAMS 0x00000000c5100000| PB 0x00000000c5100000| Untracked |  0
|  52|0x00000000c5200000, 0x00000000c5200000, 0x00000000c5300000|  0%| F|  |TAMS 0x00000000c5200000| PB 0x00000000c5200000| Untracked |  0
|  53|0x00000000c5300000, 0x00000000c5300000, 0x00000000c5400000|  0%| F|  |TAMS 0x00000000c5300000| PB 0x00000000c5300000| Untracked |  0
|  54|0x00000000c5400000, 0x00000000c5400000, 0x00000000c5500000|  0%| F|  |TAMS 0x00000000c5400000| PB 0x00000000c5400000| Untracked |  0
|  55|0x00000000c5500000, 0x00000000c5500000, 0x00000000c5600000|  0%| F|  |TAMS 0x00000000c5500000| PB 0x00000000c5500000| Untracked |  0
|  56|0x00000000c5600000, 0x00000000c5600000, 0x00000000c5700000|  0%| F|  |TAMS 0x00000000c5600000| PB 0x00000000c5600000| Untracked |  0
|  57|0x00000000c5700000, 0x00000000c5700000, 0x00000000c5800000|  0%| F|  |TAMS 0x00000000c5700000| PB 0x00000000c5700000| Untracked |  0
|  58|0x00000000c5800000, 0x00000000c5800000, 0x00000000c5900000|  0%| F|  |TAMS 0x00000000c5800000| PB 0x00000000c5800000| Untracked |  0
|  59|0x00000000c5900000, 0x00000000c5900000, 0x00000000c5a00000|  0%| F|  |TAMS 0x00000000c5900000| PB 0x00000000c5900000| Untracked |  0
|  79|0x00000000c6d00000, 0x00000000c6dc4a88, 0x00000000c6e00000| 76%| E|  |TAMS 0x00000000c6d00000| PB 0x00000000c6d00000| Complete |  0
|  80|0x00000000c6e00000, 0x00000000c6f00000, 0x00000000c6f00000|100%| E|CS|TAMS 0x00000000c6e00000| PB 0x00000000c6e00000| Complete |  0
| 992|0x00000000ffe00000, 0x00000000fff00000, 0x00000000fff00000|100%| O|  |TAMS 0x00000000ffe00000| PB 0x00000000ffe00000| Untracked |  0
| 993|0x00000000fff00000, 0x00000000fff1c318, 0x0000000100000000| 11%| O|Cm|TAMS 0x00000000fff00000| PB 0x00000000fff00000| Complete |  0

Card table byte_map: [0x0000019cf6d20000,0x0000019cf6f20000] _byte_map_base: 0x0000019cf6711000

Marking Bits: (CMBitMap*) 0x0000019cee048d00
 Bits: [0x0000019cf6f20000, 0x0000019cf7ea8000)

Polling page: 0x0000019cec070000

Metaspace:

Usage:
  Non-class:     18.83 MB used.
      Class:      1.95 MB used.
       Both:     20.78 MB used.

Virtual space:
  Non-class space:       64.00 MB reserved,      19.00 MB ( 30%) committed,  1 nodes.
      Class space:        1.00 GB reserved,       2.12 MB ( <1%) committed,  1 nodes.
             Both:        1.06 GB reserved,      21.12 MB (  2%) committed. 

Chunk freelists:
   Non-Class:  12.27 MB
       Class:  13.72 MB
        Both:  25.99 MB

MaxMetaspaceSize: unlimited
CompressedClassSpaceSize: 1.00 GB
Initial GC threshold: 21.00 MB
Current GC threshold: 35.25 MB
CDS: on
 - commit_granule_bytes: 65536.
 - commit_granule_words: 8192.
 - virtual_space_node_default_size: 8388608.
 - enlarge_chunks_in_place: 1.
UseCompressedClassPointers 1, UseCompactObjectHeaders 0
Narrow klass pointer bits 32, Max shift 3
Narrow klass base: 0x0000019c8f000000, Narrow klass shift: 0
Encoding Range: [0x0000019c8f000000 - 0x0000019d8f000000), (4294967296 bytes)
Klass Range:    [0x0000019c8f000000 - 0x0000019cd0000000), (1090519040 bytes)
Klass ID Range:  [8 - 1090519033) (1090519025)


Internal statistics:

num_allocs_failed_limit: 5.
num_arena_births: 240.
num_arena_deaths: 0.
num_vsnodes_births: 2.
num_vsnodes_deaths: 0.
num_space_committed: 338.
num_space_uncommitted: 0.
num_chunks_returned_to_freelist: 5.
num_chunks_taken_from_freelist: 961.
num_chunk_merges: 5.
num_chunk_splits: 653.
num_chunks_enlarged: 520.
num_inconsistent_stats: 0.

CodeHeap 'non-profiled nmethods': size=120064Kb used=2026Kb max_used=2026Kb free=118037Kb
 bounds [0x0000019c87ac0000, 0x0000019c87d30000, 0x0000019c8f000000]
CodeHeap 'profiled nmethods': size=120000Kb used=9782Kb max_used=9782Kb free=110217Kb
 bounds [0x0000019c80000000, 0x0000019c80990000, 0x0000019c87530000]
CodeHeap 'non-nmethods': size=5696Kb used=1401Kb max_used=1431Kb free=4294Kb
 bounds [0x0000019c87530000, 0x0000019c877a0000, 0x0000019c87ac0000]
CodeCache: size=245760Kb, used=13209Kb, max_used=13239Kb, free=232548Kb
 total_blobs=6100, nmethods=5530, adapters=474, full_count=0
Compilation: enabled, stopped_count=0, restarted_count=0

Compilation events (20 events):
Event: 9.725 Thread 0x0000019cd0142150 5511       3       java.lang.ProcessEnvironment$CheckedEntry::getKey (13 bytes)
Event: 9.725 Thread 0x0000019cd0142150 nmethod 5511 0x0000019c80985508 code [0x0000019c80985620, 0x0000019c809858c8]
Event: 9.733 Thread 0x0000019cd013d5a0 nmethod 5411 0x0000019c87cb7008 code [0x0000019c87cb7160, 0x0000019c87cb7950]
Event: 9.733 Thread 0x0000019cd013d5a0 5509       4       java.util.Collections$UnmodifiableMap$UnmodifiableEntrySet$UnmodifiableEntry::getValue (10 bytes)
Event: 9.735 Thread 0x0000019cd013d5a0 nmethod 5509 0x0000019c87cb7a08 code [0x0000019c87cb7b20, 0x0000019c87cb7c10]
Event: 9.735 Thread 0x0000019cd013d5a0 5508       4       java.util.Collections$UnmodifiableMap$UnmodifiableEntrySet$UnmodifiableEntry::getKey (10 bytes)
Event: 9.736 Thread 0x0000019cd013d5a0 nmethod 5508 0x0000019c87cb7d08 code [0x0000019c87cb7e20, 0x0000019c87cb7f10]
Event: 9.751 Thread 0x0000019cd013d5a0 5514       4       java.lang.Class::getPackageName (81 bytes)
Event: 9.776 Thread 0x0000019cd013d5a0 nmethod 5514 0x0000019c87cb8308 code [0x0000019c87cb8480, 0x0000019c87cb8e70]
Event: 9.776 Thread 0x0000019cd013d5a0 5515       4       java.security.CodeSource::getCertificates (95 bytes)
Event: 9.777 Thread 0x0000019cd013d5a0 nmethod 5515 0x0000019c87cb8f88 code [0x0000019c87cb9080, 0x0000019c87cb9138]
Event: 9.794 Thread 0x0000019cd013d5a0 5516   !   4       java.lang.ClassLoader::loadClass (121 bytes)
Event: 9.795 Thread 0x0000019cd0142150 5517       3       java.lang.classfile.constantpool.ConstantPoolBuilder::of (8 bytes)
Event: 9.795 Thread 0x0000019cd0142150 nmethod 5517 0x0000019c80985908 code [0x0000019c80985a20, 0x0000019c80985bb0]
Event: 9.796 Thread 0x0000019cd0142150 5518       3       jdk.internal.classfile.impl.EntryMap::nextPowerOfTwo (10 bytes)
Event: 9.796 Thread 0x0000019cd0142150 nmethod 5518 0x0000019c80985c08 code [0x0000019c80985d40, 0x0000019c80985f40]
Event: 9.799 Thread 0x0000019cd0142150 5520       3       java.lang.AbstractStringBuilder::append (45 bytes)
Event: 9.800 Thread 0x0000019cd0142150 nmethod 5520 0x0000019c80985f88 code [0x0000019c80986120, 0x0000019c80986840]
Event: 9.801 Thread 0x0000019cd0142150 5521       3       java.lang.String::getBytes (44 bytes)
Event: 9.802 Thread 0x0000019cd0142150 nmethod 5521 0x0000019c80986888 code [0x0000019c809869e0, 0x0000019c80986d60]

GC Heap History (18 events):
Event: 2.386 GC heap before
{Heap before GC invocations=0 (full 0):
 garbage-first heap   total reserved 1017856K, committed 67584K, used 29808K [0x00000000c1e00000, 0x0000000100000000)
  region size 1024K, 28 young (28672K), 0 survivors (0K)
 Metaspace       used 6119K, committed 6272K, reserved 1114112K
  class space    used 538K, committed 640K, reserved 1048576K
}
Event: 2.401 GC heap after
{Heap after GC invocations=1 (full 0):
 garbage-first heap   total reserved 1017856K, committed 67584K, used 4609K [0x00000000c1e00000, 0x0000000100000000)
  region size 1024K, 4 young (4096K), 4 survivors (4096K)
 Metaspace       used 6119K, committed 6272K, reserved 1114112K
  class space    used 538K, committed 640K, reserved 1048576K
}
Event: 4.084 GC heap before
{Heap before GC invocations=1 (full 0):
 garbage-first heap   total reserved 1017856K, committed 67584K, used 32257K [0x00000000c1e00000, 0x0000000100000000)
  region size 1024K, 31 young (31744K), 4 survivors (4096K)
 Metaspace       used 10914K, committed 11136K, reserved 1114112K
  class space    used 1011K, committed 1088K, reserved 1048576K
}
Event: 4.099 GC heap after
{Heap after GC invocations=2 (full 0):
 garbage-first heap   total reserved 1017856K, committed 67584K, used 6256K [0x00000000c1e00000, 0x0000000100000000)
  region size 1024K, 2 young (2048K), 2 survivors (2048K)
 Metaspace       used 10914K, committed 11136K, reserved 1114112K
  class space    used 1011K, committed 1088K, reserved 1048576K
}
Event: 5.562 GC heap before
{Heap before GC invocations=2 (full 0):
 garbage-first heap   total reserved 1017856K, committed 67584K, used 39024K [0x00000000c1e00000, 0x0000000100000000)
  region size 1024K, 34 young (34816K), 2 survivors (2048K)
 Metaspace       used 15070K, committed 15360K, reserved 1114112K
  class space    used 1482K, committed 1600K, reserved 1048576K
}
Event: 5.584 GC heap after
{Heap after GC invocations=3 (full 0):
 garbage-first heap   total reserved 1017856K, committed 67584K, used 9873K [0x00000000c1e00000, 0x0000000100000000)
  region size 1024K, 5 young (5120K), 5 survivors (5120K)
 Metaspace       used 15070K, committed 15360K, reserved 1114112K
  class space    used 1482K, committed 1600K, reserved 1048576K
}
Event: 6.396 GC heap before
{Heap before GC invocations=3 (full 0):
 garbage-first heap   total reserved 1017856K, committed 67584K, used 42641K [0x00000000c1e00000, 0x0000000100000000)
  region size 1024K, 37 young (37888K), 5 survivors (5120K)
 Metaspace       used 15815K, committed 16064K, reserved 1114112K
  class space    used 1547K, committed 1664K, reserved 1048576K
}
Event: 6.423 GC heap after
{Heap after GC invocations=4 (full 0):
 garbage-first heap   total reserved 1017856K, committed 67584K, used 14024K [0x00000000c1e00000, 0x0000000100000000)
  region size 1024K, 4 young (4096K), 4 survivors (4096K)
 Metaspace       used 15815K, committed 16064K, reserved 1114112K
  class space    used 1547K, committed 1664K, reserved 1048576K
}
Event: 7.287 GC heap before
{Heap before GC invocations=4 (full 0):
 garbage-first heap   total reserved 1017856K, committed 67584K, used 46792K [0x00000000c1e00000, 0x0000000100000000)
  region size 1024K, 36 young (36864K), 4 survivors (4096K)
 Metaspace       used 16256K, committed 16576K, reserved 1114112K
  class space    used 1568K, committed 1664K, reserved 1048576K
}
Event: 7.299 GC heap after
{Heap after GC invocations=5 (full 0):
 garbage-first heap   total reserved 1017856K, committed 67584K, used 14916K [0x00000000c1e00000, 0x0000000100000000)
  region size 1024K, 2 young (2048K), 2 survivors (2048K)
 Metaspace       used 16256K, committed 16576K, reserved 1114112K
  class space    used 1568K, committed 1664K, reserved 1048576K
}
Event: 7.821 GC heap before
{Heap before GC invocations=5 (full 0):
 garbage-first heap   total reserved 1017856K, committed 67584K, used 32324K [0x00000000c1e00000, 0x0000000100000000)
  region size 1024K, 12 young (12288K), 2 survivors (2048K)
 Metaspace       used 17216K, committed 17536K, reserved 1114112K
  class space    used 1668K, committed 1792K, reserved 1048576K
}
Event: 7.828 GC heap after
{Heap after GC invocations=6 (full 0):
 garbage-first heap   total reserved 1017856K, committed 67584K, used 23595K [0x00000000c1e00000, 0x0000000100000000)
  region size 1024K, 3 young (3072K), 3 survivors (3072K)
 Metaspace       used 17216K, committed 17536K, reserved 1114112K
  class space    used 1668K, committed 1792K, reserved 1048576K
}
Event: 7.834 GC heap before
{Heap before GC invocations=6 (full 0):
 garbage-first heap   total reserved 1017856K, committed 67584K, used 35883K [0x00000000c1e00000, 0x0000000100000000)
  region size 1024K, 4 young (4096K), 3 survivors (3072K)
 Metaspace       used 17216K, committed 17536K, reserved 1114112K
  class space    used 1668K, committed 1792K, reserved 1048576K
}
Event: 7.840 GC heap after
{Heap after GC invocations=7 (full 0):
 garbage-first heap   total reserved 1017856K, committed 81920K, used 36160K [0x00000000c1e00000, 0x0000000100000000)
  region size 1024K, 2 young (2048K), 2 survivors (2048K)
 Metaspace       used 17216K, committed 17536K, reserved 1114112K
  class space    used 1668K, committed 1792K, reserved 1048576K
}
Event: 8.705 GC heap before
{Heap before GC invocations=7 (full 0):
 garbage-first heap   total reserved 1017856K, committed 81920K, used 80192K [0x00000000c1e00000, 0x0000000100000000)
  region size 1024K, 33 young (33792K), 2 survivors (2048K)
 Metaspace       used 18261K, committed 18560K, reserved 1114112K
  class space    used 1720K, committed 1856K, reserved 1048576K
}
Event: 8.714 GC heap after
{Heap after GC invocations=8 (full 0):
 garbage-first heap   total reserved 1017856K, committed 84992K, used 17271K [0x00000000c1e00000, 0x0000000100000000)
  region size 1024K, 3 young (3072K), 3 survivors (3072K)
 Metaspace       used 18261K, committed 18560K, reserved 1114112K
  class space    used 1720K, committed 1856K, reserved 1048576K
}
Event: 9.780 GC heap before
{Heap before GC invocations=8 (full 0):
 garbage-first heap   total reserved 1017856K, committed 84992K, used 43895K [0x00000000c1e00000, 0x0000000100000000)
  region size 1024K, 30 young (30720K), 3 survivors (3072K)
 Metaspace       used 21135K, committed 21504K, reserved 1114112K
  class space    used 1970K, committed 2176K, reserved 1048576K
}
Event: 9.792 GC heap after
{Heap after GC invocations=9 (full 0):
 garbage-first heap   total reserved 1017856K, committed 84992K, used 18544K [0x00000000c1e00000, 0x0000000100000000)
  region size 1024K, 4 young (4096K), 4 survivors (4096K)
 Metaspace       used 21135K, committed 21504K, reserved 1114112K
  class space    used 1970K, committed 2176K, reserved 1048576K
}

Dll operation events (8 events):
Event: 0.015 Loaded shared library C:\Program Files\Apache NetBeans\jdk\bin\java.dll
Event: 0.064 Loaded shared library C:\Program Files\Apache NetBeans\jdk\bin\jsvml.dll
Event: 0.093 Loaded shared library C:\Program Files\Apache NetBeans\jdk\bin\net.dll
Event: 0.096 Loaded shared library C:\Program Files\Apache NetBeans\jdk\bin\nio.dll
Event: 0.105 Loaded shared library C:\Program Files\Apache NetBeans\jdk\bin\zip.dll
Event: 0.587 Loaded shared library C:\Users\User\.m2\wrapper\dists\apache-maven-3.9.11\03d7e36a140982eea48e22c1dcac01d8862b2550b2939e09a0809bbc5182a5bc\lib\jansi-native\Windows\x86_64\jansi.dll
Event: 0.617 Loaded shared library C:\Program Files\Apache NetBeans\jdk\bin\verify.dll
Event: 0.676 Loaded shared library C:\Program Files\Apache NetBeans\jdk\bin\jimage.dll

Deoptimization events (20 events):
Event: 9.799 Thread 0x0000019cd0944970 Uncommon trap: trap_request=0xffffff4d fr.pc=0x0000019c87bb65b4 relative=0x00000000000004d4
Event: 9.799 Thread 0x0000019cd0944970 Uncommon trap: reason=unstable_if action=reinterpret pc=0x0000019c87bb65b4 method=java.lang.AbstractStringBuilder.inflateIfNeededFor(Ljava/lang/String;)V @ 14 c2
Event: 9.799 Thread 0x0000019cd0944970 DEOPT PACKING pc=0x0000019c87bb65b4 sp=0x00000027ba8ff250
Event: 9.799 Thread 0x0000019cd0944970 DEOPT UNPACKING pc=0x0000019c87645b82 sp=0x00000027ba8ff158 mode 2
Event: 9.799 Thread 0x0000019cd0944970 Uncommon trap: trap_request=0xffffff4d fr.pc=0x0000019c87afaafc relative=0x00000000000000dc
Event: 9.799 Thread 0x0000019cd0944970 Uncommon trap: reason=unstable_if action=reinterpret pc=0x0000019c87afaafc method=java.lang.String.getBytes([BIB)V @ 5 c2
Event: 9.799 Thread 0x0000019cd0944970 DEOPT PACKING pc=0x0000019c87afaafc sp=0x00000027ba8ff180
Event: 9.799 Thread 0x0000019cd0944970 DEOPT UNPACKING pc=0x0000019c87645b82 sp=0x00000027ba8ff148 mode 2
Event: 9.799 Thread 0x0000019cd0944970 Uncommon trap: trap_request=0xffffff4d fr.pc=0x0000019c87b77dfc relative=0x00000000000004bc
Event: 9.799 Thread 0x0000019cd0944970 Uncommon trap: reason=unstable_if action=reinterpret pc=0x0000019c87b77dfc method=java.lang.String.<init>(Ljava/lang/AbstractStringBuilder;Ljava/lang/Void;)V @ 19 c2
Event: 9.799 Thread 0x0000019cd0944970 DEOPT PACKING pc=0x0000019c87b77dfc sp=0x00000027ba8ff2c0
Event: 9.799 Thread 0x0000019cd0944970 DEOPT UNPACKING pc=0x0000019c87645b82 sp=0x00000027ba8ff228 mode 2
Event: 9.799 Thread 0x0000019cd0944970 Uncommon trap: trap_request=0xffffff4d fr.pc=0x0000019c87bf2258 relative=0x00000000000000b8
Event: 9.799 Thread 0x0000019cd0944970 Uncommon trap: reason=unstable_if action=reinterpret pc=0x0000019c87bf2258 method=java.lang.String.codePointAt(I)I @ 4 c2
Event: 9.799 Thread 0x0000019cd0944970 DEOPT PACKING pc=0x0000019c87bf2258 sp=0x00000027ba8ff240
Event: 9.799 Thread 0x0000019cd0944970 DEOPT UNPACKING pc=0x0000019c87645b82 sp=0x00000027ba8ff1c8 mode 2
Event: 9.800 Thread 0x0000019cd0944970 Uncommon trap: trap_request=0xffffffc6 fr.pc=0x0000019c87cb50fc relative=0x000000000000023c
Event: 9.800 Thread 0x0000019cd0944970 Uncommon trap: reason=bimorphic_or_optimized_type_check action=maybe_recompile pc=0x0000019c87cb50fc method=java.util.regex.Matcher.getTextLength()I @ 4 c2
Event: 9.800 Thread 0x0000019cd0944970 DEOPT PACKING pc=0x0000019c87cb50fc sp=0x00000027ba8ff330
Event: 9.800 Thread 0x0000019cd0944970 DEOPT UNPACKING pc=0x0000019c87645b82 sp=0x00000027ba8ff260 mode 2

Classes loaded (20 events):
Event: 9.747 Loading class jdk/internal/logger/LoggerFinderLoader
Event: 9.747 Loading class jdk/internal/logger/LoggerFinderLoader done
Event: 9.747 Loading class jdk/internal/logger/LoggerFinderLoader$TemporaryLoggerFinder
Event: 9.747 Loading class jdk/internal/logger/LoggerFinderLoader$TemporaryLoggerFinder done
Event: 9.748 Loading class sun/util/logging/internal/LoggingProviderImpl$JULWrapper
Event: 9.748 Loading class sun/util/logging/PlatformLogger$ConfigurableBridge$LoggerConfiguration
Event: 9.748 Loading class sun/util/logging/PlatformLogger$ConfigurableBridge$LoggerConfiguration done
Event: 9.749 Loading class sun/util/logging/internal/LoggingProviderImpl$JULWrapper done
Event: 9.749 Loading class java/lang/System$Logger$Level
Event: 9.749 Loading class java/lang/System$Logger$Level done
Event: 9.750 Loading class java/nio/channels/ClosedChannelException
Event: 9.750 Loading class java/nio/channels/ClosedChannelException done
Event: 9.752 Loading class java/nio/channels/NonReadableChannelException
Event: 9.752 Loading class java/nio/channels/NonReadableChannelException done
Event: 9.754 Loading class java/nio/channels/NonWritableChannelException
Event: 9.754 Loading class java/nio/channels/NonWritableChannelException done
Event: 9.778 Loading class java/util/Scanner
Event: 9.779 Loading class java/util/Scanner done
Event: 9.797 Loading class java/util/Scanner$PatternLRUCache
Event: 9.798 Loading class java/util/Scanner$PatternLRUCache done

Classes unloaded (0 events):
No events

Classes redefined (0 events):
No events

Internal exceptions (20 events):
Event: 5.083 Thread 0x0000019cebd33cb0 Exception <a 'java/lang/NoSuchMethodError'{0x00000000c4baeb58}: 'void java.lang.invoke.DirectMethodHandle$Holder.invokeSpecial(java.lang.Object, java.lang.Object, java.lang.Object, java.lang.Object, java.lang.Object, java.lang.Object)'> (0x00000000c4baeb58) 
thrown [s\src\hotspot\share\interpreter\linkResolver.cpp, line 805]
Event: 5.115 Thread 0x0000019cebd33cb0 Exception <a 'java/lang/NoSuchMethodError'{0x00000000c4aa52f0}: 'java.lang.Object java.lang.invoke.DirectMethodHandle$Holder.invokeVirtual(java.lang.Object, java.lang.Object, java.lang.Object)'> (0x00000000c4aa52f0) 
thrown [s\src\hotspot\share\interpreter\linkResolver.cpp, line 805]
Event: 5.225 Thread 0x0000019cebd33cb0 Exception <a 'java/lang/NoSuchMethodError'{0x00000000c48b7f10}: 'void java.lang.invoke.DirectMethodHandle$Holder.invokeVirtual(java.lang.Object, java.lang.Object, int)'> (0x00000000c48b7f10) 
thrown [s\src\hotspot\share\interpreter\linkResolver.cpp, line 805]
Event: 5.226 Thread 0x0000019cebd33cb0 Exception <a 'java/lang/NoSuchMethodError'{0x00000000c48c06c8}: 'void java.lang.invoke.DirectMethodHandle$Holder.invokeSpecial(java.lang.Object, java.lang.Object, java.lang.Object, int)'> (0x00000000c48c06c8) 
thrown [s\src\hotspot\share\interpreter\linkResolver.cpp, line 805]
Event: 5.227 Thread 0x0000019cebd33cb0 Exception <a 'java/lang/NoSuchMethodError'{0x00000000c48c8a28}: 'void java.lang.invoke.DelegatingMethodHandle$Holder.reinvoke_L(java.lang.Object, java.lang.Object, int)'> (0x00000000c48c8a28) 
thrown [s\src\hotspot\share\interpreter\linkResolver.cpp, line 805]
Event: 6.000 Thread 0x0000019cebd33cb0 Exception <a 'java/lang/NoSuchMethodError'{0x00000000c4d36268}: 'int java.lang.invoke.DirectMethodHandle$Holder.invokeSpecialIFC(java.lang.Object, java.lang.Object, java.lang.Object, java.lang.Object)'> (0x00000000c4d36268) 
thrown [s\src\hotspot\share\interpreter\linkResolver.cpp, line 805]
Event: 7.200 Thread 0x0000019cebd33cb0 Exception <a 'java/lang/NoSuchMethodError'{0x00000000c4039ae8}: 'java.lang.Object java.lang.invoke.DirectMethodHandle$Holder.newInvokeSpecial(java.lang.Object, java.lang.Object, java.lang.Object, java.lang.Object, java.lang.Object, java.lang.Object, java.lang.Object)'> (0x00000000c4039ae8) 
thrown [s\src\hotspot\share\interpreter\linkResolver.cpp, line 805]
Event: 7.700 Thread 0x0000019cebd33cb0 Exception <a 'java/lang/NoSuchMethodError'{0x00000000c5612b28}: 'int java.lang.invoke.DirectMethodHandle$Holder.invokeVirtual(java.lang.Object, java.lang.Object)'> (0x00000000c5612b28) 
thrown [s\src\hotspot\share\interpreter\linkResolver.cpp, line 805]
Event: 7.751 Thread 0x0000019cebd33cb0 Exception <a 'java/lang/NoSuchMethodError'{0x00000000c5550a68}: 'void java.lang.invoke.Invokers$Holder.invokeExact_MT(java.lang.Object, java.lang.Object, int, java.lang.Object)'> (0x00000000c5550a68) 
thrown [s\src\hotspot\share\interpreter\linkResolver.cpp, line 805]
Event: 9.026 Thread 0x0000019cd59fa170 Exception <a 'java/lang/NoSuchMethodError'{0x00000000c60b5648}: 'java.lang.Object java.lang.invoke.DirectMethodHandle$Holder.invokeStatic(java.lang.Object, long, java.lang.Object)'> (0x00000000c60b5648) 
thrown [s\src\hotspot\share\interpreter\linkResolver.cpp, line 805]
Event: 9.027 Thread 0x0000019cd59fa170 Exception <a 'java/lang/NoSuchMethodError'{0x00000000c60bd4b0}: 'java.lang.Object java.lang.invoke.DirectMethodHandle$Holder.invokeStaticInit(java.lang.Object, long, java.lang.Object)'> (0x00000000c60bd4b0) 
thrown [s\src\hotspot\share\interpreter\linkResolver.cpp, line 805]
Event: 9.032 Thread 0x0000019cd59fa170 Exception <a 'java/lang/NoSuchMethodError'{0x00000000c60cc6e8}: 'java.lang.Object java.lang.invoke.DirectMethodHandle$Holder.newInvokeSpecial(java.lang.Object, long)'> (0x00000000c60cc6e8) 
thrown [s\src\hotspot\share\interpreter\linkResolver.cpp, line 805]
Event: 9.043 Thread 0x0000019cd59fa170 Exception <a 'java/lang/NoSuchMethodError'{0x00000000c60d5ac0}: 'long java.lang.invoke.DirectMethodHandle$Holder.invokeInterface(java.lang.Object, java.lang.Object)'> (0x00000000c60d5ac0) 
thrown [s\src\hotspot\share\interpreter\linkResolver.cpp, line 805]
Event: 9.046 Thread 0x0000019cd59fa170 Exception <a 'java/lang/NoSuchMethodError'{0x00000000c60dda98}: 'long java.lang.invoke.DelegatingMethodHandle$Holder.reinvoke_L(java.lang.Object, java.lang.Object)'> (0x00000000c60dda98) 
thrown [s\src\hotspot\share\interpreter\linkResolver.cpp, line 805]
Event: 9.077 Thread 0x0000019cebd33cb0 Exception <a 'java/lang/NoSuchMethodError'{0x00000000c5e1b1c0}: 'int java.lang.invoke.DirectMethodHandle$Holder.invokeInterface(java.lang.Object, java.lang.Object)'> (0x00000000c5e1b1c0) 
thrown [s\src\hotspot\share\interpreter\linkResolver.cpp, line 805]
Event: 9.167 Thread 0x0000019cebd33cb0 Exception <a 'java/lang/NoSuchMethodError'{0x00000000c5d06a28}: 'java.lang.Object java.lang.invoke.DirectMethodHandle$Holder.invokeStaticInit(java.lang.Object, java.lang.Object, int, int, int, int)'> (0x00000000c5d06a28) 
thrown [s\src\hotspot\share\interpreter\linkResolver.cpp, line 805]
Event: 9.582 Thread 0x0000019cebd33cb0 Exception <a 'java/lang/NoSuchMethodError'{0x00000000c56dd130}: 'java.lang.Object java.lang.invoke.DirectMethodHandle$Holder.newInvokeSpecial(java.lang.Object, java.lang.Object, java.lang.Object, int)'> (0x00000000c56dd130) 
thrown [s\src\hotspot\share\interpreter\linkResolver.cpp, line 805]
Event: 9.583 Thread 0x0000019cebd33cb0 Exception <a 'java/lang/NoSuchMethodError'{0x00000000c56e5e00}: 'java.lang.Object java.lang.invoke.Invokers$Holder.linkToTargetMethod(java.lang.Object, java.lang.Object, int, java.lang.Object)'> (0x00000000c56e5e00) 
thrown [s\src\hotspot\share\interpreter\linkResolver.cpp, line 805]
Event: 9.587 Thread 0x0000019cebd33cb0 Exception <a 'java/lang/NoSuchMethodError'{0x00000000c5507de0}: 'long java.lang.invoke.DirectMethodHandle$Holder.invokeSpecial(java.lang.Object, java.lang.Object)'> (0x00000000c5507de0) 
thrown [s\src\hotspot\share\interpreter\linkResolver.cpp, line 805]
Event: 9.742 Thread 0x0000019cebd33cb0 Exception <a 'java/lang/NoSuchMethodError'{0x00000000c53e0d48}: 'void java.lang.invoke.DirectMethodHandle$Holder.invokeStatic(java.lang.Object, long)'> (0x00000000c53e0d48) 
thrown [s\src\hotspot\share\interpreter\linkResolver.cpp, line 805]

VM Operations (20 events):
Event: 9.114 Executing VM operation: HandshakeAllThreads (Deoptimize)
Event: 9.115 Executing VM operation: HandshakeAllThreads (Deoptimize) done
Event: 9.126 Executing VM operation: HandshakeAllThreads (Deoptimize)
Event: 9.126 Executing VM operation: HandshakeAllThreads (Deoptimize) done
Event: 9.628 Executing VM operation: HandshakeAllThreads (Deoptimize)
Event: 9.628 Executing VM operation: HandshakeAllThreads (Deoptimize) done
Event: 9.631 Executing VM operation: HandshakeAllThreads (Deoptimize)
Event: 9.631 Executing VM operation: HandshakeAllThreads (Deoptimize) done
Event: 9.631 Executing VM operation: HandshakeAllThreads (Deoptimize)
Event: 9.631 Executing VM operation: HandshakeAllThreads (Deoptimize) done
Event: 9.710 Executing VM operation: HandshakeAllThreads (Deoptimize)
Event: 9.710 Executing VM operation: HandshakeAllThreads (Deoptimize) done
Event: 9.780 Executing VM operation: CollectForMetadataAllocation (Metadata GC Threshold)
Event: 9.792 Executing VM operation: CollectForMetadataAllocation (Metadata GC Threshold) done
Event: 9.792 Executing VM operation: CollectForMetadataAllocation (Metadata GC Threshold)
Event: 9.793 Executing VM operation: CollectForMetadataAllocation (Metadata GC Threshold) done
Event: 9.856 Executing VM operation: G1PauseRemark
Event: 9.865 Executing VM operation: G1PauseRemark done
Event: 9.881 Executing VM operation: G1PauseCleanup
Event: 9.881 Executing VM operation: G1PauseCleanup done

Memory protections (0 events):
No events

Nmethod flushes (0 events):
No events

Events (20 events):
Event: 0.059 Thread 0x0000019cebd33cb0 Thread added: 0x0000019cd0120670
Event: 0.059 Thread 0x0000019cebd33cb0 Thread added: 0x0000019cd0122dc0
Event: 0.060 Thread 0x0000019cebd33cb0 Thread added: 0x0000019cd0127510
Event: 0.060 Thread 0x0000019cebd33cb0 Thread added: 0x0000019cd0127c50
Event: 0.060 Thread 0x0000019cebd33cb0 Thread added: 0x0000019cd013d5a0
Event: 0.060 Thread 0x0000019cebd33cb0 Thread added: 0x0000019cd0142150
Event: 0.085 Thread 0x0000019cebd33cb0 Thread added: 0x0000019cd0296ac0
Event: 0.088 Thread 0x0000019cebd33cb0 Thread added: 0x0000019cd02ad0b0
Event: 0.286 Thread 0x0000019cd013d5a0 Thread added: 0x0000019cd03165d0
Event: 0.483 Thread 0x0000019cd03165d0 Thread exited: 0x0000019cd03165d0
Event: 0.577 Thread 0x0000019cebd33cb0 Thread added: 0x0000019cd09f9ca0
Event: 0.923 Thread 0x0000019cd09f9ca0 Thread exited: 0x0000019cd09f9ca0
Event: 8.921 Thread 0x0000019cebd33cb0 Thread added: 0x0000019cd59fa170
Event: 9.052 Thread 0x0000019cd59fa170 Thread exited: 0x0000019cd59fa170
Event: 9.515 Thread 0x0000019cebd33cb0 Thread added: 0x0000019cd69bb1e0
Event: 9.525 Thread 0x0000019cebd33cb0 Thread added: 0x0000019cd588f6a0
Event: 9.711 Thread 0x0000019cebd33cb0 Thread added: 0x0000019cd5878b80
Event: 9.777 Thread 0x0000019cebd33cb0 Thread added: 0x0000019cd0944970
Event: 9.778 Thread 0x0000019cebd33cb0 Thread added: 0x0000019cd0942c30
Event: 9.805 Thread 0x0000019cebd33cb0 Thread added: 0x0000019cd0943380


Dynamic libraries:
0x00007ff7a8950000 - 0x00007ff7a895e000 	C:\Program Files\Apache NetBeans\jdk\bin\java.exe
0x00007ffe73c90000 - 0x00007ffe73e88000 	C:\Windows\SYSTEM32\ntdll.dll
0x00007ffe730d0000 - 0x00007ffe73192000 	C:\Windows\System32\KERNEL32.DLL
0x00007ffe71370000 - 0x00007ffe71666000 	C:\Windows\System32\KERNELBASE.dll
0x00007ffe716f0000 - 0x00007ffe717f0000 	C:\Windows\System32\ucrtbase.dll
0x00007ffe4d020000 - 0x00007ffe4d036000 	C:\Program Files\Apache NetBeans\jdk\bin\jli.dll
0x00007ffe6a7e0000 - 0x00007ffe6a7fe000 	C:\Program Files\Apache NetBeans\jdk\bin\VCRUNTIME140.dll
0x00007ffe738d0000 - 0x00007ffe73a71000 	C:\Windows\System32\USER32.dll
0x00007ffe71c80000 - 0x00007ffe71ca2000 	C:\Windows\System32\win32u.dll
0x00007ffe5eaa0000 - 0x00007ffe5ed3b000 	C:\Windows\WinSxS\amd64_microsoft.windows.common-controls_6595b64144ccf1df_6.0.19041.6456_none_60b8a6cb71f64256\COMCTL32.dll
0x00007ffe71cb0000 - 0x00007ffe71cdb000 	C:\Windows\System32\GDI32.dll
0x00007ffe72300000 - 0x00007ffe7239e000 	C:\Windows\System32\msvcrt.dll
0x00007ffe71ab0000 - 0x00007ffe71bc9000 	C:\Windows\System32\gdi32full.dll
0x00007ffe71950000 - 0x00007ffe719ed000 	C:\Windows\System32\msvcp_win.dll
0x00007ffe738a0000 - 0x00007ffe738cf000 	C:\Windows\System32\IMM32.DLL
0x00007ffe60af0000 - 0x00007ffe60afc000 	C:\Program Files\Apache NetBeans\jdk\bin\vcruntime140_1.dll
0x00007ffe3e5b0000 - 0x00007ffe3e63d000 	C:\Program Files\Apache NetBeans\jdk\bin\msvcp140.dll
0x00007ffe0efe0000 - 0x00007ffe0fe5c000 	C:\Program Files\Apache NetBeans\jdk\bin\server\jvm.dll
0x00007ffe72f00000 - 0x00007ffe72fb1000 	C:\Windows\System32\ADVAPI32.dll
0x00007ffe731a0000 - 0x00007ffe7323f000 	C:\Windows\System32\sechost.dll
0x00007ffe72d00000 - 0x00007ffe72e20000 	C:\Windows\System32\RPCRT4.dll
0x00007ffe719f0000 - 0x00007ffe71a17000 	C:\Windows\System32\bcrypt.dll
0x00007ffe73310000 - 0x00007ffe7337b000 	C:\Windows\System32\WS2_32.dll
0x00007ffe71180000 - 0x00007ffe711cb000 	C:\Windows\SYSTEM32\POWRPROF.dll
0x00007ffe5ef50000 - 0x00007ffe5ef77000 	C:\Windows\SYSTEM32\WINMM.dll
0x00007ffe6a650000 - 0x00007ffe6a65a000 	C:\Windows\SYSTEM32\VERSION.dll
0x00007ffe71160000 - 0x00007ffe71172000 	C:\Windows\SYSTEM32\UMPDC.dll
0x00007ffe6f0b0000 - 0x00007ffe6f0c2000 	C:\Windows\SYSTEM32\kernel.appcore.dll
0x00007ffe5e290000 - 0x00007ffe5e29a000 	C:\Program Files\Apache NetBeans\jdk\bin\jimage.dll
0x00007ffe5ed40000 - 0x00007ffe5ef41000 	C:\Windows\SYSTEM32\DBGHELP.DLL
0x00007ffe5b7c0000 - 0x00007ffe5b7f4000 	C:\Windows\SYSTEM32\dbgcore.DLL
0x00007ffe71a20000 - 0x00007ffe71aa2000 	C:\Windows\System32\bcryptPrimitives.dll
0x00007ffe4d040000 - 0x00007ffe4d05e000 	C:\Program Files\Apache NetBeans\jdk\bin\java.dll
0x00007ffe73b10000 - 0x00007ffe73c3b000 	C:\Windows\System32\ole32.dll
0x00007ffe71f40000 - 0x00007ffe72294000 	C:\Windows\System32\combase.dll
0x00007ffe72550000 - 0x00007ffe72cc0000 	C:\Windows\System32\SHELL32.dll
0x00007ffe6f390000 - 0x00007ffe6fb35000 	C:\Windows\SYSTEM32\windows.storage.dll
0x00007ffe70c70000 - 0x00007ffe70c9b000 	C:\Windows\SYSTEM32\Wldp.dll
0x00007ffe73240000 - 0x00007ffe7330d000 	C:\Windows\System32\OLEAUT32.dll
0x00007ffe737f0000 - 0x00007ffe7389d000 	C:\Windows\System32\SHCORE.dll
0x00007ffe71d40000 - 0x00007ffe71d9b000 	C:\Windows\System32\shlwapi.dll
0x00007ffe71250000 - 0x00007ffe71274000 	C:\Windows\SYSTEM32\profapi.dll
0x00007ffe39840000 - 0x00007ffe39917000 	C:\Program Files\Apache NetBeans\jdk\bin\jsvml.dll
0x00007ffe59260000 - 0x00007ffe59270000 	C:\Program Files\Apache NetBeans\jdk\bin\net.dll
0x00007ffe709d0000 - 0x00007ffe70a3a000 	C:\Windows\system32\mswsock.dll
0x00007ffe4cfe0000 - 0x00007ffe4cff6000 	C:\Program Files\Apache NetBeans\jdk\bin\nio.dll
0x00007ffe4d000000 - 0x00007ffe4d017000 	C:\Program Files\Apache NetBeans\jdk\bin\zip.dll
0x00007ffe683d0000 - 0x00007ffe683f4000 	C:\Users\User\.m2\wrapper\dists\apache-maven-3.9.11\03d7e36a140982eea48e22c1dcac01d8862b2550b2939e09a0809bbc5182a5bc\lib\jansi-native\Windows\x86_64\jansi.dll
0x00007ffe53110000 - 0x00007ffe53120000 	C:\Program Files\Apache NetBeans\jdk\bin\verify.dll
0x00007ffe70bd0000 - 0x00007ffe70be8000 	C:\Windows\SYSTEM32\CRYPTSP.dll
0x00007ffe702f0000 - 0x00007ffe70328000 	C:\Windows\system32\rsaenh.dll
0x00007ffe71210000 - 0x00007ffe7123e000 	C:\Windows\SYSTEM32\USERENV.dll
0x00007ffe70bc0000 - 0x00007ffe70bcc000 	C:\Windows\SYSTEM32\CRYPTBASE.dll
0x00007ffe706b0000 - 0x00007ffe706eb000 	C:\Windows\SYSTEM32\IPHLPAPI.DLL
0x00007ffe73c40000 - 0x00007ffe73c48000 	C:\Windows\System32\NSI.dll

JVMTI agents: none

dbghelp: loaded successfully - version: 4.0.5 - missing functions: none
symbol engine: initialized successfully - sym options: 0x614 - pdb path: .;C:\Program Files\Apache NetBeans\jdk\bin;C:\Windows\SYSTEM32;C:\Windows\WinSxS\amd64_microsoft.windows.common-controls_6595b64144ccf1df_6.0.19041.6456_none_60b8a6cb71f64256;C:\Program Files\Apache NetBeans\jdk\bin\server;C:\Users\User\.m2\wrapper\dists\apache-maven-3.9.11\03d7e36a140982eea48e22c1dcac01d8862b2550b2939e09a0809bbc5182a5bc\lib\jansi-native\Windows\x86_64

VM Arguments:
jvm_args: --enable-native-access=ALL-UNNAMED -Dclassworlds.conf=C:\Users\User\.m2\wrapper\dists\apache-maven-3.9.11\03d7e36a140982eea48e22c1dcac01d8862b2550b2939e09a0809bbc5182a5bc\bin\m2.conf -Dmaven.home=C:\Users\User\.m2\wrapper\dists\apache-maven-3.9.11\03d7e36a140982eea48e22c1dcac01d8862b2550b2939e09a0809bbc5182a5bc -Dlibrary.jansi.path=C:\Users\User\.m2\wrapper\dists\apache-maven-3.9.11\03d7e36a140982eea48e22c1dcac01d8862b2550b2939e09a0809bbc5182a5bc\lib\jansi-native -Dmaven.multiModuleProjectDirectory=C:\Users\User\Desktop\projetos\hospital-vida-nova 
java_command: org.codehaus.plexus.classworlds.launcher.Launcher -Dmaven.ext.class.path=C:\Program Files\Apache NetBeans\java\maven-nblib\netbeans-eventspy.jar --no-transfer-progress install
java_class_path (initial): C:\Users\User\.m2\wrapper\dists\apache-maven-3.9.11\03d7e36a140982eea48e22c1dcac01d8862b2550b2939e09a0809bbc5182a5bc\boot\plexus-classworlds-2.9.0.jar
Launcher Type: SUN_STANDARD

[Global flags]
     intx CICompilerCount                          = 3                                         {product} {ergonomic}
     uint ConcGCThreads                            = 1                                         {product} {ergonomic}
     uint G1ConcRefinementThreads                  = 4                                         {product} {ergonomic}
   size_t G1HeapRegionSize                         = 1048576                                   {product} {ergonomic}
   size_t InitialHeapSize                          = 67108864                                  {product} {ergonomic}
   size_t MarkStackSize                            = 4194304                                   {product} {ergonomic}
   size_t MarkStackSizeMax                         = 536870912                                 {product} {ergonomic}
   size_t MaxHeapSize                              = 1042284544                                {product} {ergonomic}
   size_t MaxNewSize                               = 624951296                                 {product} {ergonomic}
   size_t MinHeapDeltaBytes                        = 1048576                                   {product} {ergonomic}
   size_t MinHeapSize                              = 8388608                                   {product} {ergonomic}
    uintx NonNMethodCodeHeapSize                   = 5832704                                {pd product} {ergonomic}
    uintx NonProfiledCodeHeapSize                  = 122945536                              {pd product} {ergonomic}
    uintx ProfiledCodeHeapSize                     = 122880000                              {pd product} {ergonomic}
    uintx ReservedCodeCacheSize                    = 251658240                              {pd product} {ergonomic}
     bool SegmentedCodeCache                       = true                                      {product} {ergonomic}
   size_t SoftMaxHeapSize                          = 1042284544                             {manageable} {ergonomic}
     bool UseCompressedOops                        = true                           {product lp64_product} {ergonomic}
     bool UseG1GC                                  = true                                      {product} {ergonomic}
     bool UseLargePagesIndividualAllocation        = false                                  {pd product} {ergonomic}

Logging:
Log output configuration:
 #0: stdout all=warning uptime,level,tags foldmultilines=false
 #1: stderr all=off uptime,level,tags foldmultilines=false

Environment Variables:
JAVA_HOME=C:\Program Files\Apache NetBeans\jdk
PATH=C:\Program Files\Java\jdk-21.0.6\bin;C:\Program Files\Common Files\Oracle\Java\javapath;C:\Program Files (x86)\Common Files\Oracle\Java\java8path;C:\Program Files (x86)\Common Files\Oracle\Java\javapath;C:\Windows\system32;C:\Windows;C:\Windows\System32\Wbem;C:\Windows\System32\WindowsPowerShell\v1.0\;C:\Windows\System32\OpenSSH\;C:\Program Files\dotnet\;C:\Program Files\Git\cmd;C:\Program Files\Cloudflare\Cloudflare WARP\;C:\Program Files\MySQL\MySQL Shell 8.0\bin\;C:\Users\User\AppData\Local\Programs\Python\Python313\Scripts\;C:\Users\User\AppData\Local\Programs\Python\Python313\;C:\Users\User\AppData\Local\Microsoft\WindowsApps;C:\Users\User\AppData\Local\Programs\Microsoft VS Code\bin
USERNAME=User
OS=Windows_NT
PROCESSOR_IDENTIFIER=Intel64 Family 6 Model 78 Stepping 3, GenuineIntel
TMP=C:\Users\User\AppData\Local\Temp
TEMP=C:\Users\User\AppData\Local\Temp




Periodic native trim disabled

---------------  S Y S T E M  ---------------

OS:
 Windows 10 , 64 bit Build 19041 (10.0.19041.5915)
OS uptime: 0 days 19:39 hours

CPU: total 4 (initial active 4) (2 cores per cpu, 2 threads per core) family 6 model 78 stepping 3 microcode 0xcc, cx8, cmov, fxsr, ht, mmx, 3dnowpref, sse, sse2, sse3, ssse3, sse4.1, sse4.2, popcnt, lzcnt, tsc, tscinvbit, avx, avx2, aes, erms, clmul, bmi1, bmi2, adx, fma, vzeroupper, clflush, clflushopt, rdtscp, f16c
Processor Information for the first 4 processors :
  Max Mhz: 1992, Current Mhz: 1992, Mhz Limit: 1992

Memory: 4k page, system-wide physical 3970M (288M free)
TotalPageFile size 16258M (AvailPageFile size 2M)
current process WorkingSet (physical memory assigned to process): 175M, peak: 183M
current process commit charge ("private bytes"): 207M, peak: 222M

vm_info: OpenJDK 64-Bit Server VM (24.0.2+12) for windows-amd64 JRE (24.0.2+12) (Zulu24.32+13-CA), built on 2025-07-11T12:45:44Z with MS VC++ 17.1 (VS2022)

END.
