#
# There is insufficient memory for the Java Runtime Environment to continue.
# Native memory allocation (mmap) failed to map 67108864 bytes. Error detail: G1 virtual space
# Possible reasons:
#   The system is out of physical RAM or swap space
#   This process is running with CompressedOops enabled, and the Java Heap may be blocking the growth of the native heap
# Possible solutions:
#   Reduce memory load on the system
#   Increase physical memory or swap space
#   Check if swap backing store is full
#   Decrease Java heap size (-Xmx/-Xms)
#   Decrease number of Java threads
#   Decrease Java thread stack sizes (-Xss)
#   Set larger code cache with -XX:ReservedCodeCacheSize=
#   JVM is running with Unscaled Compressed Oops mode in which the Java heap is
#     placed in the first 4GB address space. The Java Heap base address is the
#     maximum limit for the native heap growth. Please use -XX:HeapBaseMinAddress
#     to set the Java Heap base and to place the Java Heap above 4GB virtual address.
# This output file may be truncated or incomplete.
#
#  Out of Memory Error (os_windows.cpp:3564), pid=5052, tid=7520
#
# JRE version:  (24.0.2+12) (build )
# Java VM: OpenJDK 64-Bit Server VM (24.0.2+12, mixed mode, sharing, tiered, compressed oops, compressed class ptrs, g1 gc, windows-amd64)
# No core dump will be written. Minidumps are not enabled by default on client versions of Windows
#

---------------  S U M M A R Y ------------

Command Line: C:\Users\User\AppData\Local\Temp\surefire8421615348699795548\surefirebooter-20251211231635955_3.jar C:\Users\User\AppData\Local\Temp\surefire8421615348699795548 2025-12-11T23-16-35_566-jvmRun1 surefire-20251211231635955_1tmp surefire_0-20251211231635955_2tmp

Host: Intel(R) Core(TM) i3-6006U CPU @ 2.00GHz, 4 cores, 3G,  Windows 10 , 64 bit Build 19041 (10.0.19041.5915)
Time: Thu Dec 11 23:16:36 2025 Hora oficial do Brasil elapsed time: 0.023291 seconds (0d 0h 0m 0s)

---------------  T H R E A D  ---------------

Current thread (0x000001e0c96ae3b0):  JavaThread "Unknown thread" [_thread_in_vm, id=7520, stack(0x0000009cf9500000,0x0000009cf9600000) (1024K)]

Stack: [0x0000009cf9500000,0x0000009cf9600000]
Native frames: (J=compiled Java code, j=interpreted, Vv=VM code, C=native code)
V  [jvm.dll+0x741329]  (no source info available)
V  [jvm.dll+0x97e243]  (no source info available)
V  [jvm.dll+0x98056d]  (no source info available)
V  [jvm.dll+0x980be3]  (no source info available)
V  [jvm.dll+0x2b5a76]  (no source info available)
V  [jvm.dll+0x73d795]  (no source info available)
V  [jvm.dll+0x730f4a]  (no source info available)
V  [jvm.dll+0x39ea2a]  (no source info available)
V  [jvm.dll+0x3a67a6]  (no source info available)
V  [jvm.dll+0x392fbe]  (no source info available)
V  [jvm.dll+0x393278]  (no source info available)
V  [jvm.dll+0x36a09c]  (no source info available)
V  [jvm.dll+0x36ad5d]  (no source info available)
V  [jvm.dll+0x9409ef]  (no source info available)
V  [jvm.dll+0x40786d]  (no source info available)
V  [jvm.dll+0x928e6e]  (no source info available)
V  [jvm.dll+0x4a2d0e]  (no source info available)
V  [jvm.dll+0x4a4c41]  (no source info available)
C  [jli.dll+0x52a1]  (no source info available)
C  [ucrtbase.dll+0x21bb2]  (no source info available)
C  [KERNEL32.DLL+0x17374]  (no source info available)
C  [ntdll.dll+0x4cc91]  (no source info available)

Lock stack of current Java thread (top to bottom):


---------------  P R O C E S S  ---------------

Threads class SMR info:
_java_thread_list=0x00007ff936d4bf58, length=0, elements={
}

Java Threads: ( => current thread )
Total: 0

Other Threads:
  0x000001e0cb905f70 WorkerThread "GC Thread#0"                     [id=8616, stack(0x0000009cf9600000,0x0000009cf9700000) (1024K)]
  0x000001e0cb910c90 ConcurrentGCThread "G1 Main Marker"            [id=10552, stack(0x0000009cf9700000,0x0000009cf9800000) (1024K)]
  0x000001e0cb912f50 WorkerThread "G1 Conc#0"                       [id=5176, stack(0x0000009cf9800000,0x0000009cf9900000) (1024K)]

[error occurred during error reporting (printing all threads), id 0xc0000005, EXCEPTION_ACCESS_VIOLATION (0xc0000005) at pc=0x00007ff9363bef9a]
VM state: not at safepoint (not fully initialized)

VM Mutex/Monitor currently owned by a thread:  ([mutex/lock_event])
[0x00007ff936dd5148] Heap_lock - owner thread: 0x000001e0c96ae3b0

Heap address: 0x00000000c1e00000, size: 994 MB, Compressed Oops mode: 32-bit

CDS archive(s) mapped at: [0x0000000000000000-0x0000000000000000-0x0000000000000000), size 0, SharedBaseAddress: 0x0000000800000000, ArchiveRelocationMode: 1.
UseCompressedClassPointers 1, UseCompactObjectHeaders 0
Narrow klass pointer bits 32, Max shift 3
Narrow klass base: 0xffffffffffffffff, Narrow klass shift: -1
Encoding Range: [0xffffffffffffffff - 0x000000007fffffff), (2147483648 bytes)
Klass Range:    [0x0000000000000000 - 0x0000000000000000), (0 bytes)
Klass ID Range:  [4294967295 - 0) (1)

GC Precious Log:
 CardTable entry size: 512
 Card Set container configuration: InlinePtr #cards 5 size 8 Array Of Cards #cards 10 size 36 Howl #buckets 4 coarsen threshold 1843 Howl Bitmap #cards 512 size 80 coarsen threshold 460 Card regions per heap region 1 cards per card region 2048

Heap:
 garbage-first heap   total reserved 1017856K, committed 0K, used 0K [0x00000000c1e00000, 0x0000000100000000)
  region size 1024K, 0 young (0K), 0 survivors (0K)

[error occurred during error reporting (printing heap information), id 0xc0000005, EXCEPTION_ACCESS_VIOLATION (0xc0000005) at pc=0x00007ff9367dfcd9]
GC Heap History (0 events):
No events

Dll operation events (1 events):
Event: 0.013 Loaded shared library C:\Program Files\Apache NetBeans\jdk\bin\java.dll

Deoptimization events (0 events):
No events

Classes loaded (0 events):
No events

Classes unloaded (0 events):
No events

Classes redefined (0 events):
No events

Internal exceptions (0 events):
No events

VM Operations (0 events):
No events

Memory protections (0 events):
No events

Nmethod flushes (0 events):
No events

Events (0 events):
No events


Dynamic libraries:
0x00007ff711100000 - 0x00007ff71110e000 	C:\Program Files\Apache NetBeans\jdk\bin\java.exe
0x00007ff9775b0000 - 0x00007ff9777a8000 	C:\Windows\SYSTEM32\ntdll.dll
0x00007ff975750000 - 0x00007ff975812000 	C:\Windows\System32\KERNEL32.DLL
0x00007ff9750c0000 - 0x00007ff9753b6000 	C:\Windows\System32\KERNELBASE.dll
0x00007ff974c90000 - 0x00007ff974d90000 	C:\Windows\System32\ucrtbase.dll
0x00007ff956ef0000 - 0x00007ff956f06000 	C:\Program Files\Apache NetBeans\jdk\bin\jli.dll
0x00007ff95cb00000 - 0x00007ff95cb1e000 	C:\Program Files\Apache NetBeans\jdk\bin\VCRUNTIME140.dll
0x00007ff9771f0000 - 0x00007ff977391000 	C:\Windows\System32\USER32.dll
0x00007ff9755a0000 - 0x00007ff9755c2000 	C:\Windows\System32\win32u.dll
0x00007ff962210000 - 0x00007ff9624ab000 	C:\Windows\WinSxS\amd64_microsoft.windows.common-controls_6595b64144ccf1df_6.0.19041.6456_none_60b8a6cb71f64256\COMCTL32.dll
0x00007ff976b10000 - 0x00007ff976b3b000 	C:\Windows\System32\GDI32.dll
0x00007ff975bc0000 - 0x00007ff975c5e000 	C:\Windows\System32\msvcrt.dll
0x00007ff974d90000 - 0x00007ff974ea9000 	C:\Windows\System32\gdi32full.dll
0x00007ff975020000 - 0x00007ff9750bd000 	C:\Windows\System32\msvcp_win.dll
0x00007ff975b80000 - 0x00007ff975baf000 	C:\Windows\System32\IMM32.DLL
0x00007ff96f5f0000 - 0x00007ff96f5fc000 	C:\Program Files\Apache NetBeans\jdk\bin\vcruntime140_1.dll
0x00007ff9455e0000 - 0x00007ff94566d000 	C:\Program Files\Apache NetBeans\jdk\bin\msvcp140.dll
0x00007ff936040000 - 0x00007ff936ebc000 	C:\Program Files\Apache NetBeans\jdk\bin\server\jvm.dll
0x00007ff976b40000 - 0x00007ff976bf1000 	C:\Windows\System32\ADVAPI32.dll
0x00007ff9773a0000 - 0x00007ff97743f000 	C:\Windows\System32\sechost.dll
0x00007ff976210000 - 0x00007ff976330000 	C:\Windows\System32\RPCRT4.dll
0x00007ff974ff0000 - 0x00007ff975017000 	C:\Windows\System32\bcrypt.dll
0x00007ff977160000 - 0x00007ff9771cb000 	C:\Windows\System32\WS2_32.dll
0x00007ff962f90000 - 0x00007ff962fb7000 	C:\Windows\SYSTEM32\WINMM.dll
0x00007ff96cd60000 - 0x00007ff96cd6a000 	C:\Windows\SYSTEM32\VERSION.dll
0x00007ff974aa0000 - 0x00007ff974aeb000 	C:\Windows\SYSTEM32\POWRPROF.dll
0x00007ff974a80000 - 0x00007ff974a92000 	C:\Windows\SYSTEM32\UMPDC.dll
0x00007ff972ab0000 - 0x00007ff972ac2000 	C:\Windows\SYSTEM32\kernel.appcore.dll
0x00007ff96f560000 - 0x00007ff96f56a000 	C:\Program Files\Apache NetBeans\jdk\bin\jimage.dll
0x00007ff962990000 - 0x00007ff962b91000 	C:\Windows\SYSTEM32\DBGHELP.DLL
0x00007ff95fd80000 - 0x00007ff95fdb4000 	C:\Windows\SYSTEM32\dbgcore.DLL
0x00007ff974eb0000 - 0x00007ff974f32000 	C:\Windows\System32\bcryptPrimitives.dll
0x00007ff958840000 - 0x00007ff95885e000 	C:\Program Files\Apache NetBeans\jdk\bin\java.dll
0x00007ff976cc0000 - 0x00007ff976deb000 	C:\Windows\System32\ole32.dll
0x00007ff975820000 - 0x00007ff975b74000 	C:\Windows\System32\combase.dll
0x00007ff976330000 - 0x00007ff976aa0000 	C:\Windows\System32\SHELL32.dll

JVMTI agents: none

dbghelp: loaded successfully - version: 4.0.5 - missing functions: none
symbol engine: initialized successfully - sym options: 0x614 - pdb path: .;C:\Program Files\Apache NetBeans\jdk\bin;C:\Windows\SYSTEM32;C:\Windows\WinSxS\amd64_microsoft.windows.common-controls_6595b64144ccf1df_6.0.19041.6456_none_60b8a6cb71f64256;C:\Program Files\Apache NetBeans\jdk\bin\server

VM Arguments:
java_command: C:\Users\User\AppData\Local\Temp\surefire8421615348699795548\surefirebooter-20251211231635955_3.jar C:\Users\User\AppData\Local\Temp\surefire8421615348699795548 2025-12-11T23-16-35_566-jvmRun1 surefire-20251211231635955_1tmp surefire_0-20251211231635955_2tmp
java_class_path (initial): C:\Users\User\AppData\Local\Temp\surefire8421615348699795548\surefirebooter-20251211231635955_3.jar
Launcher Type: SUN_STANDARD

[Global flags]
     intx CICompilerCount                          = 3                                         {product} {ergonomic}
     uint ConcGCThreads                            = 1                                         {product} {ergonomic}
     uint G1ConcRefinementThreads                  = 4                                         {product} {ergonomic}
   size_t G1HeapRegionSize                         = 1048576                                   {product} {ergonomic}
   size_t InitialHeapSize                          = 67108864                                  {product} {ergonomic}
   size_t MarkStackSize                            = 4194304                                   {product} {ergonomic}
   size_t MarkStackSizeMax                         = 536870912                                 {product} {ergonomic}
   size_t MaxHeapSize                              = 1042284544                                {product} {ergonomic}
   size_t MinHeapDeltaBytes                        = 1048576                                   {product} {ergonomic}
   size_t MinHeapSize                              = 8388608                                   {product} {ergonomic}
    uintx NonNMethodCodeHeapSize                   = 5832704                                {pd product} {ergonomic}
    uintx NonProfiledCodeHeapSize                  = 122945536                              {pd product} {ergonomic}
    uintx ProfiledCodeHeapSize                     = 122880000                              {pd product} {ergonomic}
    uintx ReservedCodeCacheSize                    = 251658240                              {pd product} {ergonomic}
     bool SegmentedCodeCache                       = true                                      {product} {ergonomic}
   size_t SoftMaxHeapSize                          = 1042284544                             {manageable} {ergonomic}
     bool UseCompressedOops                        = true                           {product lp64_product} {ergonomic}
     bool UseG1GC                                  = true                                      {product} {ergonomic}
     bool UseLargePagesIndividualAllocation        = false                                  {pd product} {ergonomic}

Logging:
Log output configuration:
 #0: stdout all=warning uptime,level,tags foldmultilines=false
 #1: stderr all=off uptime,level,tags foldmultilines=false

Environment Variables:
JAVA_HOME=C:\Program Files\Apache NetBeans\jdk
PATH=C:\Program Files\Java\jdk-21.0.6\bin;C:\Program Files\Common Files\Oracle\Java\javapath;C:\Program Files (x86)\Common Files\Oracle\Java\java8path;C:\Program Files (x86)\Common Files\Oracle\Java\javapath;C:\Windows\system32;C:\Windows;C:\Windows\System32\Wbem;C:\Windows\System32\WindowsPowerShell\v1.0\;C:\Windows\System32\OpenSSH\;C:\Program Files\dotnet\;C:\Program Files\Git\cmd;C:\Program Files\Cloudflare\Cloudflare WARP\;C:\Program Files\MySQL\MySQL Shell 8.0\bin\;C:\Users\User\AppData\Local\Programs\Python\Python313\Scripts\;C:\Users\User\AppData\Local\Programs\Python\Python313\;C:\Users\User\AppData\Local\Microsoft\WindowsApps;C:\Users\User\AppData\Local\Programs\Microsoft VS Code\bin
USERNAME=User
OS=Windows_NT
PROCESSOR_IDENTIFIER=Intel64 Family 6 Model 78 Stepping 3, GenuineIntel
TMP=C:\Users\User\AppData\Local\Temp
TEMP=C:\Users\User\AppData\Local\Temp




Periodic native trim disabled

---------------  S Y S T E M  ---------------

OS:
 Windows 10 , 64 bit Build 19041 (10.0.19041.5915)
OS uptime: 0 days 6:56 hours

CPU: total 4 (initial active 4) (2 cores per cpu, 2 threads per core) family 6 model 78 stepping 3 microcode 0xcc, cx8, cmov, fxsr, ht, mmx, 3dnowpref, sse, sse2, sse3, ssse3, sse4.1, sse4.2, popcnt, lzcnt, tsc, tscinvbit, avx, avx2, aes, erms, clmul, bmi1, bmi2, adx, fma, vzeroupper, clflush, clflushopt, rdtscp, f16c
Processor Information for the first 4 processors :
  Max Mhz: 1992, Current Mhz: 1992, Mhz Limit: 1992

Memory: 4k page, system-wide physical 3970M (266M free)
TotalPageFile size 16258M (AvailPageFile size 58M)
current process WorkingSet (physical memory assigned to process): 11M, peak: 11M
current process commit charge ("private bytes"): 52M, peak: 115M

vm_info: OpenJDK 64-Bit Server VM (24.0.2+12) for windows-amd64 JRE (24.0.2+12) (Zulu24.32+13-CA), built on 2025-07-11T12:45:44Z with MS VC++ 17.1 (VS2022)

END.
