#
# There is insufficient memory for the Java Runtime Environment to continue.
# Native memory allocation (malloc) failed to allocate 1645136 bytes. Error detail: Chunk::new
# Possible reasons:
#   The system is out of physical RAM or swap space
#   This process is running with CompressedOops enabled, and the Java Heap may be blocking the growth of the native heap
# Possible solutions:
#   Reduce memory load on the system
#   Increase physical memory or swap space
#   Check if swap backing store is full
#   Decrease Java heap size (-Xmx/-Xms)
#   Decrease number of Java threads
#   Decrease Java thread stack sizes (-Xss)
#   Set larger code cache with -XX:ReservedCodeCacheSize=
#   JVM is running with Unscaled Compressed Oops mode in which the Java heap is
#     placed in the first 4GB address space. The Java Heap base address is the
#     maximum limit for the native heap growth. Please use -XX:HeapBaseMinAddress
#     to set the Java Heap base and to place the Java Heap above 4GB virtual address.
# This output file may be truncated or incomplete.
#
#  Out of Memory Error (arena.cpp:162), pid=1060, tid=8808
#
# JRE version: OpenJDK Runtime Environment Zulu24.32+13-CA (24.0.2+12) (build 24.0.2+12)
# Java VM: OpenJDK 64-Bit Server VM Zulu24.32+13-CA (24.0.2+12, mixed mode, sharing, tiered, compressed oops, compressed class ptrs, g1 gc, windows-amd64)
# No core dump will be written. Minidumps are not enabled by default on client versions of Windows
#

---------------  S U M M A R Y ------------

Command Line: --enable-native-access=ALL-UNNAMED -Dclassworlds.conf=C:\Users\User\.m2\wrapper\dists\apache-maven-3.9.11\03d7e36a140982eea48e22c1dcac01d8862b2550b2939e09a0809bbc5182a5bc\bin\m2.conf -Dmaven.home=C:\Users\User\.m2\wrapper\dists\apache-maven-3.9.11\03d7e36a140982eea48e22c1dcac01d8862b2550b2939e09a0809bbc5182a5bc -Dlibrary.jansi.path=C:\Users\User\.m2\wrapper\dists\apache-maven-3.9.11\03d7e36a140982eea48e22c1dcac01d8862b2550b2939e09a0809bbc5182a5bc\lib\jansi-native -Dmaven.multiModuleProjectDirectory=C:\Users\User\Documents\NetBeansProjects\hospital-vida-nova org.codehaus.plexus.classworlds.launcher.Launcher -Dexec.vmArgs= -Dexec.args=${exec.vmArgs} -classpath %classpath ${exec.mainClass} ${exec.appArgs} -Dexec.executable=C:\Program Files\Apache NetBeans\jdk\bin\java.exe -Dexec.mainClass=com.example.hospital.HospitalVidaNovaApplication -Dexec.classpathScope=runtime -Dexec.appArgs= -Dmaven.ext.class.path=C:\Program Files\Apache NetBeans\java\maven-nblib\netbeans-eventspy.jar --no-transfer-progress process-classes org.codehaus.mojo:exec-maven-plugin:3.1.0:exec

Host: Intel(R) Core(TM) i3-6006U CPU @ 2.00GHz, 4 cores, 3G,  Windows 10 , 64 bit Build 19041 (10.0.19041.5915)
Time: Thu Dec 11 23:24:47 2025 Hora oficial do Brasil elapsed time: 6.950043 seconds (0d 0h 0m 6s)

---------------  T H R E A D  ---------------

Current thread (0x000001f73c453160):  JavaThread "C2 CompilerThread1" daemon [_thread_in_native, id=8808, stack(0x000000ebb5000000,0x000000ebb5100000) (1024K)]


Current CompileTask:
C2:6950 5025       4       java.lang.invoke.MethodType::makeImpl (155 bytes)

Stack: [0x000000ebb5000000,0x000000ebb5100000]
Native frames: (J=compiled Java code, j=interpreted, Vv=VM code, C=native code)
V  [jvm.dll+0x741329]  (no source info available)
V  [jvm.dll+0x97e243]  (no source info available)
V  [jvm.dll+0x98056d]  (no source info available)
V  [jvm.dll+0x980be3]  (no source info available)
V  [jvm.dll+0x2b5a76]  (no source info available)
V  [jvm.dll+0xd00af]  (no source info available)
V  [jvm.dll+0xd030f]  (no source info available)
V  [jvm.dll+0x4012a2]  (no source info available)
V  [jvm.dll+0x3cd010]  (no source info available)
V  [jvm.dll+0x3cc49a]  (no source info available)
V  [jvm.dll+0x27a2ef]  (no source info available)
V  [jvm.dll+0x279591]  (no source info available)
V  [jvm.dll+0x1f30fa]  (no source info available)
V  [jvm.dll+0x288d95]  (no source info available)
V  [jvm.dll+0x28702a]  (no source info available)
V  [jvm.dll+0x43e016]  (no source info available)
V  [jvm.dll+0x920c78]  (no source info available)
V  [jvm.dll+0x73fab5]  (no source info available)
C  [ucrtbase.dll+0x21bb2]  (no source info available)
C  [KERNEL32.DLL+0x17374]  (no source info available)
C  [ntdll.dll+0x4cc91]  (no source info available)

Lock stack of current Java thread (top to bottom):


---------------  P R O C E S S  ---------------

Threads class SMR info:
_java_thread_list=0x000001f77e4bf980, length=12, elements={
0x000001f71eee57a0, 0x000001f73c4300c0, 0x000001f73c431e60, 0x000001f73c436f00,
0x000001f73c43a250, 0x000001f73c43ad80, 0x000001f73c43b8b0, 0x000001f73c4481f0,
0x000001f73c44fc70, 0x000001f73c5ad2e0, 0x000001f73c5afa60, 0x000001f73c453160
}

Java Threads: ( => current thread )
  0x000001f71eee57a0 JavaThread "main"                              [_thread_in_native, id=7912, stack(0x000000ebb3e00000,0x000000ebb3f00000) (1024K)]
  0x000001f73c4300c0 JavaThread "Reference Handler"          daemon [_thread_blocked, id=2288, stack(0x000000ebb4600000,0x000000ebb4700000) (1024K)]
  0x000001f73c431e60 JavaThread "Finalizer"                  daemon [_thread_blocked, id=9668, stack(0x000000ebb4700000,0x000000ebb4800000) (1024K)]
  0x000001f73c436f00 JavaThread "Signal Dispatcher"          daemon [_thread_blocked, id=2648, stack(0x000000ebb4800000,0x000000ebb4900000) (1024K)]
  0x000001f73c43a250 JavaThread "Attach Listener"            daemon [_thread_blocked, id=1616, stack(0x000000ebb4900000,0x000000ebb4a00000) (1024K)]
  0x000001f73c43ad80 JavaThread "Service Thread"             daemon [_thread_blocked, id=5476, stack(0x000000ebb4a00000,0x000000ebb4b00000) (1024K)]
  0x000001f73c43b8b0 JavaThread "Monitor Deflation Thread"   daemon [_thread_blocked, id=5240, stack(0x000000ebb4b00000,0x000000ebb4c00000) (1024K)]
  0x000001f73c4481f0 JavaThread "C2 CompilerThread0"         daemon [_thread_in_native, id=4252, stack(0x000000ebb4c00000,0x000000ebb4d00000) (1024K)]
  0x000001f73c44fc70 JavaThread "C1 CompilerThread0"         daemon [_thread_blocked, id=8732, stack(0x000000ebb4d00000,0x000000ebb4e00000) (1024K)]
  0x000001f73c5ad2e0 JavaThread "Notification Thread"        daemon [_thread_blocked, id=6664, stack(0x000000ebb4e00000,0x000000ebb4f00000) (1024K)]
  0x000001f73c5afa60 JavaThread "Common-Cleaner"             daemon [_thread_blocked, id=424, stack(0x000000ebb4f00000,0x000000ebb5000000) (1024K)]
=>0x000001f73c453160 JavaThread "C2 CompilerThread1"         daemon [_thread_in_native, id=8808, stack(0x000000ebb5000000,0x000000ebb5100000) (1024K)]
Total: 12

Other Threads:
  0x000001f7211fde90 VMThread "VM Thread"                           [id=9512, stack(0x000000ebb4500000,0x000000ebb4600000) (1024K)]
  0x000001f7211f0ea0 WatcherThread "VM Periodic Task Thread"        [id=9248, stack(0x000000ebb4400000,0x000000ebb4500000) (1024K)]
  0x000001f72117cb80 WorkerThread "GC Thread#0"                     [id=1140, stack(0x000000ebb3f00000,0x000000ebb4000000) (1024K)]
  0x000001f77ea13fd0 WorkerThread "GC Thread#1"                     [id=3256, stack(0x000000ebb5100000,0x000000ebb5200000) (1024K)]
  0x000001f77e778880 WorkerThread "GC Thread#2"                     [id=2388, stack(0x000000ebb5200000,0x000000ebb5300000) (1024K)]
  0x000001f77e778c30 WorkerThread "GC Thread#3"                     [id=9316, stack(0x000000ebb5300000,0x000000ebb5400000) (1024K)]
  0x000001f7211877b0 ConcurrentGCThread "G1 Main Marker"            [id=6716, stack(0x000000ebb4000000,0x000000ebb4100000) (1024K)]
  0x000001f721188970 WorkerThread "G1 Conc#0"                       [id=9428, stack(0x000000ebb4100000,0x000000ebb4200000) (1024K)]
  0x000001f7211e0dd0 ConcurrentGCThread "G1 Refine#0"               [id=1068, stack(0x000000ebb4200000,0x000000ebb4300000) (1024K)]
  0x000001f7211e1860 ConcurrentGCThread "G1 Service"                [id=5132, stack(0x000000ebb4300000,0x000000ebb4400000) (1024K)]
Total: 10

Threads with active compile tasks:
C2 CompilerThread0  7096 5077       4       java.lang.invoke.MethodType::methodType (69 bytes)
C2 CompilerThread1  7096 5025       4       java.lang.invoke.MethodType::makeImpl (155 bytes)
Total: 2

VM state: not at safepoint (normal execution)

VM Mutex/Monitor currently owned by a thread: None

Heap address: 0x00000000c1e00000, size: 994 MB, Compressed Oops mode: 32-bit

CDS archive(s) mapped at: [0x000001f73d000000-0x000001f73dd40000-0x000001f73dd40000), size 13893632, SharedBaseAddress: 0x000001f73d000000, ArchiveRelocationMode: 1.
Compressed class space mapped at: 0x000001f73e000000-0x000001f77e000000, reserved size: 1073741824
UseCompressedClassPointers 1, UseCompactObjectHeaders 0
Narrow klass pointer bits 32, Max shift 3
Narrow klass base: 0x000001f73d000000, Narrow klass shift: 0
Encoding Range: [0x000001f73d000000 - 0x000001f83d000000), (4294967296 bytes)
Klass Range:    [0x000001f73d000000 - 0x000001f77e000000), (1090519040 bytes)
Klass ID Range:  [8 - 1090519033) (1090519025)

GC Precious Log:
 CardTable entry size: 512
 Card Set container configuration: InlinePtr #cards 5 size 8 Array Of Cards #cards 10 size 36 Howl #buckets 4 coarsen threshold 1843 Howl Bitmap #cards 512 size 80 coarsen threshold 460 Card regions per heap region 1 cards per card region 2048
 CPUs: 4 total, 4 available
 Memory: 3970M
 Large Page Support: Disabled
 NUMA Support: Disabled
 Compressed Oops: Enabled (32-bit)
 Heap Region Size: 1M
 Heap Min Capacity: 8M
 Heap Initial Capacity: 64M
 Heap Max Capacity: 994M
 Pre-touch: Disabled
 Parallel Workers: 4
 Concurrent Workers: 1
 Concurrent Refinement Workers: 4
 Periodic GC: Disabled

Heap:
 garbage-first heap   total reserved 1017856K, committed 81920K, used 18945K [0x00000000c1e00000, 0x0000000100000000)
  region size 1024K, 5 young (5120K), 3 survivors (3072K)
 Metaspace       used 19781K, committed 20096K, reserved 1114112K
  class space    used 1902K, committed 2048K, reserved 1048576K

Heap Regions: E=young(eden), S=young(survivor), O=old, HS=humongous(starts), HC=humongous(continues), CS=collection set, F=free, TAMS=top-at-mark-start, PB=parsable bottom
|   0|0x00000000c1e00000, 0x00000000c1f00000, 0x00000000c1f00000|100%| O|  |TAMS 0x00000000c1e00000| PB 0x00000000c1e00000| Untracked |  0
|   1|0x00000000c1f00000, 0x00000000c2000000, 0x00000000c2000000|100%| O|  |TAMS 0x00000000c1f00000| PB 0x00000000c1f00000| Untracked |  0
|   2|0x00000000c2000000, 0x00000000c2100000, 0x00000000c2100000|100%| O|  |TAMS 0x00000000c2000000| PB 0x00000000c2000000| Untracked |  0
|   3|0x00000000c2100000, 0x00000000c2200000, 0x00000000c2200000|100%| O|  |TAMS 0x00000000c2100000| PB 0x00000000c2100000| Untracked |  0
|   4|0x00000000c2200000, 0x00000000c2300000, 0x00000000c2300000|100%| O|  |TAMS 0x00000000c2200000| PB 0x00000000c2200000| Untracked |  0
|   5|0x00000000c2300000, 0x00000000c2400000, 0x00000000c2400000|100%| O|  |TAMS 0x00000000c2300000| PB 0x00000000c2300000| Untracked |  0
|   6|0x00000000c2400000, 0x00000000c2500000, 0x00000000c2500000|100%| O|  |TAMS 0x00000000c2400000| PB 0x00000000c2400000| Untracked |  0
|   7|0x00000000c2500000, 0x00000000c2600000, 0x00000000c2600000|100%| O|  |TAMS 0x00000000c2500000| PB 0x00000000c2500000| Untracked |  0
|   8|0x00000000c2600000, 0x00000000c2700000, 0x00000000c2700000|100%| O|  |TAMS 0x00000000c2600000| PB 0x00000000c2600000| Untracked |  0
|   9|0x00000000c2700000, 0x00000000c2800000, 0x00000000c2800000|100%| O|  |TAMS 0x00000000c2700000| PB 0x00000000c2700000| Untracked |  0
|  10|0x00000000c2800000, 0x00000000c2900000, 0x00000000c2900000|100%| O|  |TAMS 0x00000000c2800000| PB 0x00000000c2800000| Untracked |  0
|  11|0x00000000c2900000, 0x00000000c2a00000, 0x00000000c2a00000|100%| O|  |TAMS 0x00000000c2900000| PB 0x00000000c2900000| Untracked |  0
|  12|0x00000000c2a00000, 0x00000000c2b00000, 0x00000000c2b00000|100%|HS|  |TAMS 0x00000000c2a00000| PB 0x00000000c2a00000| Complete |  0
|  13|0x00000000c2b00000, 0x00000000c2b00000, 0x00000000c2c00000|  0%| F|  |TAMS 0x00000000c2b00000| PB 0x00000000c2b00000| Untracked |  0
|  14|0x00000000c2c00000, 0x00000000c2c00000, 0x00000000c2d00000|  0%| F|  |TAMS 0x00000000c2c00000| PB 0x00000000c2c00000| Untracked |  0
|  15|0x00000000c2d00000, 0x00000000c2d00000, 0x00000000c2e00000|  0%| F|  |TAMS 0x00000000c2d00000| PB 0x00000000c2d00000| Untracked |  0
|  16|0x00000000c2e00000, 0x00000000c2e00000, 0x00000000c2f00000|  0%| F|  |TAMS 0x00000000c2e00000| PB 0x00000000c2e00000| Untracked |  0
|  17|0x00000000c2f00000, 0x00000000c2f00000, 0x00000000c3000000|  0%| F|  |TAMS 0x00000000c2f00000| PB 0x00000000c2f00000| Untracked |  0
|  18|0x00000000c3000000, 0x00000000c3000000, 0x00000000c3100000|  0%| F|  |TAMS 0x00000000c3000000| PB 0x00000000c3000000| Untracked |  0
|  19|0x00000000c3100000, 0x00000000c3100000, 0x00000000c3200000|  0%| F|  |TAMS 0x00000000c3100000| PB 0x00000000c3100000| Untracked |  0
|  20|0x00000000c3200000, 0x00000000c3200000, 0x00000000c3300000|  0%| F|  |TAMS 0x00000000c3200000| PB 0x00000000c3200000| Untracked |  0
|  21|0x00000000c3300000, 0x00000000c3300000, 0x00000000c3400000|  0%| F|  |TAMS 0x00000000c3300000| PB 0x00000000c3300000| Untracked |  0
|  22|0x00000000c3400000, 0x00000000c3400000, 0x00000000c3500000|  0%| F|  |TAMS 0x00000000c3400000| PB 0x00000000c3400000| Untracked |  0
|  23|0x00000000c3500000, 0x00000000c3500000, 0x00000000c3600000|  0%| F|  |TAMS 0x00000000c3500000| PB 0x00000000c3500000| Untracked |  0
|  24|0x00000000c3600000, 0x00000000c3600000, 0x00000000c3700000|  0%| F|  |TAMS 0x00000000c3600000| PB 0x00000000c3600000| Untracked |  0
|  25|0x00000000c3700000, 0x00000000c3700000, 0x00000000c3800000|  0%| F|  |TAMS 0x00000000c3700000| PB 0x00000000c3700000| Untracked |  0
|  26|0x00000000c3800000, 0x00000000c3800000, 0x00000000c3900000|  0%| F|  |TAMS 0x00000000c3800000| PB 0x00000000c3800000| Untracked |  0
|  27|0x00000000c3900000, 0x00000000c3900000, 0x00000000c3a00000|  0%| F|  |TAMS 0x00000000c3900000| PB 0x00000000c3900000| Untracked |  0
|  28|0x00000000c3a00000, 0x00000000c3a00000, 0x00000000c3b00000|  0%| F|  |TAMS 0x00000000c3a00000| PB 0x00000000c3a00000| Untracked |  0
|  29|0x00000000c3b00000, 0x00000000c3b00000, 0x00000000c3c00000|  0%| F|  |TAMS 0x00000000c3b00000| PB 0x00000000c3b00000| Untracked |  0
|  30|0x00000000c3c00000, 0x00000000c3c00000, 0x00000000c3d00000|  0%| F|  |TAMS 0x00000000c3c00000| PB 0x00000000c3c00000| Untracked |  0
|  31|0x00000000c3d00000, 0x00000000c3d00000, 0x00000000c3e00000|  0%| F|  |TAMS 0x00000000c3d00000| PB 0x00000000c3d00000| Untracked |  0
|  32|0x00000000c3e00000, 0x00000000c3f00000, 0x00000000c3f00000|100%| O|  |TAMS 0x00000000c3e00000| PB 0x00000000c3e00000| Untracked |  0
|  33|0x00000000c3f00000, 0x00000000c3f3fcf0, 0x00000000c4000000| 24%| O|  |TAMS 0x00000000c3f00000| PB 0x00000000c3f00000| Untracked |  0
|  34|0x00000000c4000000, 0x00000000c4000000, 0x00000000c4100000|  0%| F|  |TAMS 0x00000000c4000000| PB 0x00000000c4000000| Untracked |  0
|  35|0x00000000c4100000, 0x00000000c4100000, 0x00000000c4200000|  0%| F|  |TAMS 0x00000000c4100000| PB 0x00000000c4100000| Untracked |  0
|  36|0x00000000c4200000, 0x00000000c4200000, 0x00000000c4300000|  0%| F|  |TAMS 0x00000000c4200000| PB 0x00000000c4200000| Untracked |  0
|  37|0x00000000c4300000, 0x00000000c4300000, 0x00000000c4400000|  0%| F|  |TAMS 0x00000000c4300000| PB 0x00000000c4300000| Untracked |  0
|  38|0x00000000c4400000, 0x00000000c4400000, 0x00000000c4500000|  0%| F|  |TAMS 0x00000000c4400000| PB 0x00000000c4400000| Untracked |  0
|  39|0x00000000c4500000, 0x00000000c4500000, 0x00000000c4600000|  0%| F|  |TAMS 0x00000000c4500000| PB 0x00000000c4500000| Untracked |  0
|  40|0x00000000c4600000, 0x00000000c4600000, 0x00000000c4700000|  0%| F|  |TAMS 0x00000000c4600000| PB 0x00000000c4600000| Untracked |  0
|  41|0x00000000c4700000, 0x00000000c4700000, 0x00000000c4800000|  0%| F|  |TAMS 0x00000000c4700000| PB 0x00000000c4700000| Untracked |  0
|  42|0x00000000c4800000, 0x00000000c4800000, 0x00000000c4900000|  0%| F|  |TAMS 0x00000000c4800000| PB 0x00000000c4800000| Untracked |  0
|  43|0x00000000c4900000, 0x00000000c4900000, 0x00000000c4a00000|  0%| F|  |TAMS 0x00000000c4900000| PB 0x00000000c4900000| Untracked |  0
|  44|0x00000000c4a00000, 0x00000000c4a00000, 0x00000000c4b00000|  0%| F|  |TAMS 0x00000000c4a00000| PB 0x00000000c4a00000| Untracked |  0
|  45|0x00000000c4b00000, 0x00000000c4b00000, 0x00000000c4c00000|  0%| F|  |TAMS 0x00000000c4b00000| PB 0x00000000c4b00000| Untracked |  0
|  46|0x00000000c4c00000, 0x00000000c4c00000, 0x00000000c4d00000|  0%| F|  |TAMS 0x00000000c4c00000| PB 0x00000000c4c00000| Untracked |  0
|  47|0x00000000c4d00000, 0x00000000c4d00000, 0x00000000c4e00000|  0%| F|  |TAMS 0x00000000c4d00000| PB 0x00000000c4d00000| Untracked |  0
|  48|0x00000000c4e00000, 0x00000000c4e00000, 0x00000000c4f00000|  0%| F|  |TAMS 0x00000000c4e00000| PB 0x00000000c4e00000| Untracked |  0
|  49|0x00000000c4f00000, 0x00000000c4f00000, 0x00000000c5000000|  0%| F|  |TAMS 0x00000000c4f00000| PB 0x00000000c4f00000| Untracked |  0
|  50|0x00000000c5000000, 0x00000000c5000000, 0x00000000c5100000|  0%| F|  |TAMS 0x00000000c5000000| PB 0x00000000c5000000| Untracked |  0
|  51|0x00000000c5100000, 0x00000000c5100000, 0x00000000c5200000|  0%| F|  |TAMS 0x00000000c5100000| PB 0x00000000c5100000| Untracked |  0
|  52|0x00000000c5200000, 0x00000000c5200000, 0x00000000c5300000|  0%| F|  |TAMS 0x00000000c5200000| PB 0x00000000c5200000| Untracked |  0
|  53|0x00000000c5300000, 0x00000000c5300000, 0x00000000c5400000|  0%| F|  |TAMS 0x00000000c5300000| PB 0x00000000c5300000| Untracked |  0
|  54|0x00000000c5400000, 0x00000000c5400000, 0x00000000c5500000|  0%| F|  |TAMS 0x00000000c5400000| PB 0x00000000c5400000| Untracked |  0
|  55|0x00000000c5500000, 0x00000000c5500000, 0x00000000c5600000|  0%| F|  |TAMS 0x00000000c5500000| PB 0x00000000c5500000| Untracked |  0
|  56|0x00000000c5600000, 0x00000000c56246c8, 0x00000000c5700000| 14%| S|CS|TAMS 0x00000000c5600000| PB 0x00000000c5600000| Complete |  0
|  57|0x00000000c5700000, 0x00000000c5800000, 0x00000000c5800000|100%| S|CS|TAMS 0x00000000c5700000| PB 0x00000000c5700000| Complete |  0
|  58|0x00000000c5800000, 0x00000000c5900000, 0x00000000c5900000|100%| S|CS|TAMS 0x00000000c5800000| PB 0x00000000c5800000| Complete |  0
|  59|0x00000000c5900000, 0x00000000c5900000, 0x00000000c5a00000|  0%| F|  |TAMS 0x00000000c5900000| PB 0x00000000c5900000| Untracked |  0
|  60|0x00000000c5a00000, 0x00000000c5a00000, 0x00000000c5b00000|  0%| F|  |TAMS 0x00000000c5a00000| PB 0x00000000c5a00000| Untracked |  0
|  61|0x00000000c5b00000, 0x00000000c5b00000, 0x00000000c5c00000|  0%| F|  |TAMS 0x00000000c5b00000| PB 0x00000000c5b00000| Untracked |  0
|  62|0x00000000c5c00000, 0x00000000c5c00000, 0x00000000c5d00000|  0%| F|  |TAMS 0x00000000c5c00000| PB 0x00000000c5c00000| Untracked |  0
|  63|0x00000000c5d00000, 0x00000000c5d00000, 0x00000000c5e00000|  0%| F|  |TAMS 0x00000000c5d00000| PB 0x00000000c5d00000| Untracked |  0
|  64|0x00000000c5e00000, 0x00000000c5e00000, 0x00000000c5f00000|  0%| F|  |TAMS 0x00000000c5e00000| PB 0x00000000c5e00000| Untracked |  0
|  65|0x00000000c5f00000, 0x00000000c5f00000, 0x00000000c6000000|  0%| F|  |TAMS 0x00000000c5f00000| PB 0x00000000c5f00000| Untracked |  0
|  66|0x00000000c6000000, 0x00000000c6000000, 0x00000000c6100000|  0%| F|  |TAMS 0x00000000c6000000| PB 0x00000000c6000000| Untracked |  0
|  67|0x00000000c6100000, 0x00000000c6100000, 0x00000000c6200000|  0%| F|  |TAMS 0x00000000c6100000| PB 0x00000000c6100000| Untracked |  0
|  68|0x00000000c6200000, 0x00000000c6200000, 0x00000000c6300000|  0%| F|  |TAMS 0x00000000c6200000| PB 0x00000000c6200000| Untracked |  0
|  69|0x00000000c6300000, 0x00000000c6300000, 0x00000000c6400000|  0%| F|  |TAMS 0x00000000c6300000| PB 0x00000000c6300000| Untracked |  0
|  70|0x00000000c6400000, 0x00000000c6400000, 0x00000000c6500000|  0%| F|  |TAMS 0x00000000c6400000| PB 0x00000000c6400000| Untracked |  0
|  71|0x00000000c6500000, 0x00000000c6500000, 0x00000000c6600000|  0%| F|  |TAMS 0x00000000c6500000| PB 0x00000000c6500000| Untracked |  0
|  72|0x00000000c6600000, 0x00000000c6600000, 0x00000000c6700000|  0%| F|  |TAMS 0x00000000c6600000| PB 0x00000000c6600000| Untracked |  0
|  73|0x00000000c6700000, 0x00000000c6700000, 0x00000000c6800000|  0%| F|  |TAMS 0x00000000c6700000| PB 0x00000000c6700000| Untracked |  0
|  74|0x00000000c6800000, 0x00000000c6800000, 0x00000000c6900000|  0%| F|  |TAMS 0x00000000c6800000| PB 0x00000000c6800000| Untracked |  0
|  75|0x00000000c6900000, 0x00000000c6900000, 0x00000000c6a00000|  0%| F|  |TAMS 0x00000000c6900000| PB 0x00000000c6900000| Untracked |  0
|  76|0x00000000c6a00000, 0x00000000c6a97fe8, 0x00000000c6b00000| 59%| E|  |TAMS 0x00000000c6a00000| PB 0x00000000c6a00000| Complete |  0
|  77|0x00000000c6b00000, 0x00000000c6c00000, 0x00000000c6c00000|100%| E|CS|TAMS 0x00000000c6b00000| PB 0x00000000c6b00000| Complete |  0
| 992|0x00000000ffe00000, 0x00000000fff00000, 0x00000000fff00000|100%| O|  |TAMS 0x00000000ffe00000| PB 0x00000000ffe00000| Untracked |  0
| 993|0x00000000fff00000, 0x00000000fff1c318, 0x0000000100000000| 11%| O|  |TAMS 0x00000000fff00000| PB 0x00000000fff00000| Untracked |  0

Card table byte_map: [0x000001f738e50000,0x000001f739050000] _byte_map_base: 0x000001f738841000

Marking Bits: (CMBitMap*) 0x000001f72117d1a0
 Bits: [0x000001f739050000, 0x000001f739fd8000)

Polling page: 0x000001f71f130000

Metaspace:

Usage:
  Non-class:     17.46 MB used.
      Class:      1.86 MB used.
       Both:     19.32 MB used.

Virtual space:
  Non-class space:       64.00 MB reserved,      17.62 MB ( 28%) committed,  1 nodes.
      Class space:        1.00 GB reserved,       2.00 MB ( <1%) committed,  1 nodes.
             Both:        1.06 GB reserved,      19.62 MB (  2%) committed. 

Chunk freelists:
   Non-Class:  13.86 MB
       Class:  14.01 MB
        Both:  27.87 MB

MaxMetaspaceSize: unlimited
CompressedClassSpaceSize: 1.00 GB
Initial GC threshold: 21.00 MB
Current GC threshold: 21.00 MB
CDS: on
 - commit_granule_bytes: 65536.
 - commit_granule_words: 8192.
 - virtual_space_node_default_size: 8388608.
 - enlarge_chunks_in_place: 1.
UseCompressedClassPointers 1, UseCompactObjectHeaders 0
Narrow klass pointer bits 32, Max shift 3
Narrow klass base: 0x000001f73d000000, Narrow klass shift: 0
Encoding Range: [0x000001f73d000000 - 0x000001f83d000000), (4294967296 bytes)
Klass Range:    [0x000001f73d000000 - 0x000001f77e000000), (1090519040 bytes)
Klass ID Range:  [8 - 1090519033) (1090519025)


Internal statistics:

num_allocs_failed_limit: 0.
num_arena_births: 204.
num_arena_deaths: 0.
num_vsnodes_births: 2.
num_vsnodes_deaths: 0.
num_space_committed: 314.
num_space_uncommitted: 0.
num_chunks_returned_to_freelist: 0.
num_chunks_taken_from_freelist: 888.
num_chunk_merges: 0.
num_chunk_splits: 608.
num_chunks_enlarged: 484.
num_inconsistent_stats: 0.

CodeHeap 'non-profiled nmethods': size=120064Kb used=2068Kb max_used=2068Kb free=117996Kb
 bounds [0x000001f731710000, 0x000001f731980000, 0x000001f738c50000]
CodeHeap 'profiled nmethods': size=120000Kb used=9137Kb max_used=9137Kb free=110862Kb
 bounds [0x000001f729c50000, 0x000001f72a540000, 0x000001f731180000]
CodeHeap 'non-nmethods': size=5696Kb used=1357Kb max_used=1427Kb free=4338Kb
 bounds [0x000001f731180000, 0x000001f7313f0000, 0x000001f731710000]
CodeCache: size=245760Kb, used=12562Kb, max_used=12632Kb, free=233196Kb
 total_blobs=5652, nmethods=5127, adapters=430, full_count=0
Compilation: enabled, stopped_count=0, restarted_count=0

Compilation events (20 events):
Event: 6.858 Thread 0x000001f73c44fc70 5100       1       jdk.internal.loader.BuiltinClassLoader$LoadedModule::mref (5 bytes)
Event: 6.858 Thread 0x000001f73c44fc70 nmethod 5100 0x000001f731912a88 code [0x000001f731912b80, 0x000001f731912c48]
Event: 6.861 Thread 0x000001f73c44fc70 5102       1       java.nio.DirectByteBufferR::isDirect (2 bytes)
Event: 6.861 Thread 0x000001f73c44fc70 nmethod 5102 0x000001f731913208 code [0x000001f731913300, 0x000001f7319133c8]
Event: 6.893 Thread 0x000001f73c44fc70 5104       3       sun.nio.fs.WindowsFileAttributes::isSymbolicLink (15 bytes)
Event: 6.893 Thread 0x000001f73c44fc70 nmethod 5104 0x000001f72a52a888 code [0x000001f72a52a9a0, 0x000001f72a52aaf8]
Event: 6.899 Thread 0x000001f73c44fc70 5106       1       sun.nio.fs.WindowsNativeDispatcher$FirstFile::handle (5 bytes)
Event: 6.899 Thread 0x000001f73c44fc70 nmethod 5106 0x000001f731913b08 code [0x000001f731913c00, 0x000001f731913cc8]
Event: 6.899 Thread 0x000001f73c44fc70 5108       1       sun.nio.fs.WindowsNativeDispatcher$FirstFile::name (5 bytes)
Event: 6.899 Thread 0x000001f73c44fc70 nmethod 5108 0x000001f731913e08 code [0x000001f731913f00, 0x000001f731913fc8]
Event: 6.899 Thread 0x000001f73c44fc70 5109       1       sun.nio.fs.WindowsNativeDispatcher$FirstFile::attributes (5 bytes)
Event: 6.900 Thread 0x000001f73c44fc70 nmethod 5109 0x000001f731914108 code [0x000001f731914200, 0x000001f7319142c8]
Event: 6.935 Thread 0x000001f73c44fc70 5110       3       java.util.JumboEnumSet$EnumSetIterator::hasNext (67 bytes)
Event: 6.935 Thread 0x000001f73c44fc70 nmethod 5110 0x000001f72a52ab88 code [0x000001f72a52aca0, 0x000001f72a52af18]
Event: 6.944 Thread 0x000001f73c44fc70 5113   !   3       sun.nio.fs.WindowsNativeDispatcher::FindFirstFile (53 bytes)
Event: 6.945 Thread 0x000001f73c44fc70 nmethod 5113 0x000001f72a52af88 code [0x000001f72a52b120, 0x000001f72a52b768]
Event: 6.945 Thread 0x000001f73c44fc70 5114       3       sun.nio.fs.WindowsNativeDispatcher$FirstFile::<init> (5 bytes)
Event: 6.946 Thread 0x000001f73c44fc70 nmethod 5114 0x000001f72a52b808 code [0x000001f72a52b920, 0x000001f72a52ba80]
Event: 6.946 Thread 0x000001f73c44fc70 5115       3       sun.nio.fs.WindowsPath::addPrefixIfNeeded (17 bytes)
Event: 6.946 Thread 0x000001f73c44fc70 nmethod 5115 0x000001f72a52bb08 code [0x000001f72a52bc40, 0x000001f72a52bfa0]

GC Heap History (14 events):
Event: 1.456 GC heap before
{Heap before GC invocations=0 (full 0):
 garbage-first heap   total reserved 1017856K, committed 67584K, used 29808K [0x00000000c1e00000, 0x0000000100000000)
  region size 1024K, 28 young (28672K), 0 survivors (0K)
 Metaspace       used 6117K, committed 6336K, reserved 1114112K
  class space    used 544K, committed 640K, reserved 1048576K
}
Event: 1.469 GC heap after
{Heap after GC invocations=1 (full 0):
 garbage-first heap   total reserved 1017856K, committed 67584K, used 4336K [0x00000000c1e00000, 0x0000000100000000)
  region size 1024K, 4 young (4096K), 4 survivors (4096K)
 Metaspace       used 6117K, committed 6336K, reserved 1114112K
  class space    used 544K, committed 640K, reserved 1048576K
}
Event: 2.604 GC heap before
{Heap before GC invocations=1 (full 0):
 garbage-first heap   total reserved 1017856K, committed 67584K, used 31984K [0x00000000c1e00000, 0x0000000100000000)
  region size 1024K, 31 young (31744K), 4 survivors (4096K)
 Metaspace       used 10902K, committed 11200K, reserved 1114112K
  class space    used 1021K, committed 1152K, reserved 1048576K
}
Event: 2.615 GC heap after
{Heap after GC invocations=2 (full 0):
 garbage-first heap   total reserved 1017856K, committed 67584K, used 6521K [0x00000000c1e00000, 0x0000000100000000)
  region size 1024K, 3 young (3072K), 3 survivors (3072K)
 Metaspace       used 10902K, committed 11200K, reserved 1114112K
  class space    used 1021K, committed 1152K, reserved 1048576K
}
Event: 4.037 GC heap before
{Heap before GC invocations=2 (full 0):
 garbage-first heap   total reserved 1017856K, committed 67584K, used 39289K [0x00000000c1e00000, 0x0000000100000000)
  region size 1024K, 35 young (35840K), 3 survivors (3072K)
 Metaspace       used 15058K, committed 15296K, reserved 1114112K
  class space    used 1486K, committed 1600K, reserved 1048576K
}
Event: 4.057 GC heap after
{Heap after GC invocations=3 (full 0):
 garbage-first heap   total reserved 1017856K, committed 67584K, used 9877K [0x00000000c1e00000, 0x0000000100000000)
  region size 1024K, 5 young (5120K), 5 survivors (5120K)
 Metaspace       used 15058K, committed 15296K, reserved 1114112K
  class space    used 1486K, committed 1600K, reserved 1048576K
}
Event: 4.893 GC heap before
{Heap before GC invocations=3 (full 0):
 garbage-first heap   total reserved 1017856K, committed 67584K, used 42645K [0x00000000c1e00000, 0x0000000100000000)
  region size 1024K, 37 young (37888K), 5 survivors (5120K)
 Metaspace       used 15812K, committed 16064K, reserved 1114112K
  class space    used 1549K, committed 1664K, reserved 1048576K
}
Event: 4.914 GC heap after
{Heap after GC invocations=4 (full 0):
 garbage-first heap   total reserved 1017856K, committed 67584K, used 14056K [0x00000000c1e00000, 0x0000000100000000)
  region size 1024K, 4 young (4096K), 4 survivors (4096K)
 Metaspace       used 15812K, committed 16064K, reserved 1114112K
  class space    used 1549K, committed 1664K, reserved 1048576K
}
Event: 5.762 GC heap before
{Heap before GC invocations=4 (full 0):
 garbage-first heap   total reserved 1017856K, committed 67584K, used 46824K [0x00000000c1e00000, 0x0000000100000000)
  region size 1024K, 36 young (36864K), 4 survivors (4096K)
 Metaspace       used 16224K, committed 16512K, reserved 1114112K
  class space    used 1566K, committed 1728K, reserved 1048576K
}
Event: 5.779 GC heap after
{Heap after GC invocations=5 (full 0):
 garbage-first heap   total reserved 1017856K, committed 67584K, used 14829K [0x00000000c1e00000, 0x0000000100000000)
  region size 1024K, 2 young (2048K), 2 survivors (2048K)
 Metaspace       used 16224K, committed 16512K, reserved 1114112K
  class space    used 1566K, committed 1728K, reserved 1048576K
}
Event: 6.315 GC heap before
{Heap before GC invocations=5 (full 0):
 garbage-first heap   total reserved 1017856K, committed 67584K, used 36333K [0x00000000c1e00000, 0x0000000100000000)
  region size 1024K, 16 young (16384K), 2 survivors (2048K)
 Metaspace       used 17294K, committed 17600K, reserved 1114112K
  class space    used 1670K, committed 1792K, reserved 1048576K
}
Event: 6.321 GC heap after
{Heap after GC invocations=6 (full 0):
 garbage-first heap   total reserved 1017856K, committed 67584K, used 24240K [0x00000000c1e00000, 0x0000000100000000)
  region size 1024K, 3 young (3072K), 3 survivors (3072K)
 Metaspace       used 17294K, committed 17600K, reserved 1114112K
  class space    used 1670K, committed 1792K, reserved 1048576K
}
Event: 6.325 GC heap before
{Heap before GC invocations=6 (full 0):
 garbage-first heap   total reserved 1017856K, committed 67584K, used 36528K [0x00000000c1e00000, 0x0000000100000000)
  region size 1024K, 4 young (4096K), 3 survivors (3072K)
 Metaspace       used 17294K, committed 17600K, reserved 1114112K
  class space    used 1670K, committed 1792K, reserved 1048576K
}
Event: 6.330 GC heap after
{Heap after GC invocations=7 (full 0):
 garbage-first heap   total reserved 1017856K, committed 81920K, used 36662K [0x00000000c1e00000, 0x0000000100000000)
  region size 1024K, 2 young (2048K), 2 survivors (2048K)
 Metaspace       used 17294K, committed 17600K, reserved 1114112K
  class space    used 1670K, committed 1792K, reserved 1048576K
}

Dll operation events (8 events):
Event: 0.014 Loaded shared library C:\Program Files\Apache NetBeans\jdk\bin\java.dll
Event: 0.061 Loaded shared library C:\Program Files\Apache NetBeans\jdk\bin\jsvml.dll
Event: 0.088 Loaded shared library C:\Program Files\Apache NetBeans\jdk\bin\net.dll
Event: 0.091 Loaded shared library C:\Program Files\Apache NetBeans\jdk\bin\nio.dll
Event: 0.098 Loaded shared library C:\Program Files\Apache NetBeans\jdk\bin\zip.dll
Event: 0.373 Loaded shared library C:\Program Files\Apache NetBeans\jdk\bin\jimage.dll
Event: 0.375 Loaded shared library C:\Users\User\.m2\wrapper\dists\apache-maven-3.9.11\03d7e36a140982eea48e22c1dcac01d8862b2550b2939e09a0809bbc5182a5bc\lib\jansi-native\Windows\x86_64\jansi.dll
Event: 0.397 Loaded shared library C:\Program Files\Apache NetBeans\jdk\bin\verify.dll

Deoptimization events (20 events):
Event: 6.183 Thread 0x000001f71eee57a0 DEOPT PACKING pc=0x000001f7318b0120 sp=0x000000ebb3efdea0
Event: 6.183 Thread 0x000001f71eee57a0 DEOPT UNPACKING pc=0x000001f731296702 sp=0x000000ebb3efde70 mode 2
Event: 6.248 Thread 0x000001f71eee57a0 DEOPT PACKING pc=0x000001f72a0eb074 sp=0x000000ebb3efde50
Event: 6.248 Thread 0x000001f71eee57a0 DEOPT UNPACKING pc=0x000001f7311d5722 sp=0x000000ebb3efd2a8 mode 0
Event: 6.571 Thread 0x000001f71eee57a0 DEOPT PACKING pc=0x000001f729cecf69 sp=0x000000ebb3efcc30
Event: 6.572 Thread 0x000001f71eee57a0 DEOPT UNPACKING pc=0x000001f7311d5722 sp=0x000000ebb3efc0f8 mode 0
Event: 6.588 Thread 0x000001f71eee57a0 DEOPT PACKING pc=0x000001f729e99cc5 sp=0x000000ebb3efc850
Event: 6.588 Thread 0x000001f71eee57a0 DEOPT UNPACKING pc=0x000001f7311d5722 sp=0x000000ebb3efbdd0 mode 0
Event: 6.647 Thread 0x000001f71eee57a0 Uncommon trap: trap_request=0xffffffc6 fr.pc=0x000001f7317831fc relative=0x000000000000029c
Event: 6.647 Thread 0x000001f71eee57a0 Uncommon trap: reason=bimorphic_or_optimized_type_check action=maybe_recompile pc=0x000001f7317831fc method=java.nio.Buffer.<init>(IIIILjava/lang/foreign/MemorySegment;)V @ 39 c2
Event: 6.647 Thread 0x000001f71eee57a0 DEOPT PACKING pc=0x000001f7317831fc sp=0x000000ebb3ef8530
Event: 6.647 Thread 0x000001f71eee57a0 DEOPT UNPACKING pc=0x000001f731296702 sp=0x000000ebb3ef84b8 mode 2
Event: 6.647 Thread 0x000001f71eee57a0 Uncommon trap: trap_request=0xffffffc6 fr.pc=0x000001f7317831fc relative=0x000000000000029c
Event: 6.647 Thread 0x000001f71eee57a0 Uncommon trap: reason=bimorphic_or_optimized_type_check action=maybe_recompile pc=0x000001f7317831fc method=java.nio.Buffer.<init>(IIIILjava/lang/foreign/MemorySegment;)V @ 39 c2
Event: 6.647 Thread 0x000001f71eee57a0 DEOPT PACKING pc=0x000001f7317831fc sp=0x000000ebb3ef8530
Event: 6.647 Thread 0x000001f71eee57a0 DEOPT UNPACKING pc=0x000001f731296702 sp=0x000000ebb3ef84b8 mode 2
Event: 6.752 Thread 0x000001f71eee57a0 Uncommon trap: trap_request=0xffffffbe fr.pc=0x000001f7317e346c relative=0x0000000000000ecc
Event: 6.752 Thread 0x000001f71eee57a0 Uncommon trap: reason=profile_predicate action=maybe_recompile pc=0x000001f7317e346c method=java.util.TimSort.binarySort([Ljava/lang/Object;IIILjava/util/Comparator;)V @ 34 c2
Event: 6.752 Thread 0x000001f71eee57a0 DEOPT PACKING pc=0x000001f7317e346c sp=0x000000ebb3efdc50
Event: 6.752 Thread 0x000001f71eee57a0 DEOPT UNPACKING pc=0x000001f731296702 sp=0x000000ebb3efdc10 mode 2

Classes loaded (20 events):
Event: 6.828 Loading class java/util/JumboEnumSet done
Event: 6.841 Loading class java/nio/file/FileSystemNotFoundException
Event: 6.841 Loading class java/nio/file/FileSystemNotFoundException done
Event: 6.841 Loading class java/util/JumboEnumSet$EnumSetIterator
Event: 6.841 Loading class java/util/JumboEnumSet$EnumSetIterator done
Event: 6.846 Loading class java/util/MissingResourceException
Event: 6.846 Loading class java/util/MissingResourceException done
Event: 6.850 Loading class java/util/ResourceBundle$CacheKey
Event: 6.851 Loading class java/util/ResourceBundle$CacheKey done
Event: 6.851 Loading class java/util/ResourceBundle$KeyElementReference
Event: 6.851 Loading class java/util/ResourceBundle$CacheKeyReference
Event: 6.851 Loading class java/util/ResourceBundle$CacheKeyReference done
Event: 6.851 Loading class java/util/ResourceBundle$KeyElementReference done
Event: 6.856 Loading class java/util/ResourceBundle$BundleReference
Event: 6.856 Loading class java/util/ResourceBundle$BundleReference done
Event: 6.921 Loading class java/util/ServiceLoader$ProviderSpliterator
Event: 6.921 Loading class java/util/ServiceLoader$ProviderSpliterator done
Event: 6.942 Loading class java/lang/invoke/TypeConvertingMethodAdapter$BoxHolder
Event: 6.943 Loading class java/lang/invoke/TypeConvertingMethodAdapter$BoxHolder done
Event: 6.948 Loading class java/util/zip/ZipException

Classes unloaded (0 events):
No events

Classes redefined (0 events):
No events

Internal exceptions (20 events):
Event: 3.235 Thread 0x000001f71eee57a0 Exception <a 'java/lang/NoSuchMethodError'{0x00000000c515feb0}: 'java.lang.Object java.lang.invoke.DirectMethodHandle$Holder.invokeStaticInit(java.lang.Object, int, int, int, int)'> (0x00000000c515feb0) 
thrown [s\src\hotspot\share\interpreter\linkResolver.cpp, line 805]
Event: 3.455 Thread 0x000001f71eee57a0 Implicit null exception at 0x000001f7317f2d94 to 0x000001f7317f336c
Event: 3.456 Thread 0x000001f71eee57a0 Implicit null exception at 0x000001f731753a10 to 0x000001f731753fdc
Event: 3.526 Thread 0x000001f71eee57a0 Exception <a 'java/lang/NoSuchMethodError'{0x00000000c4b20670}: 'void java.lang.invoke.DirectMethodHandle$Holder.invokeSpecial(java.lang.Object, java.lang.Object, java.lang.Object, java.lang.Object, java.lang.Object)'> (0x00000000c4b20670) 
thrown [s\src\hotspot\share\interpreter\linkResolver.cpp, line 805]
Event: 3.535 Thread 0x000001f71eee57a0 Exception <a 'java/lang/NoSuchMethodError'{0x00000000c4b58818}: 'void java.lang.invoke.DirectMethodHandle$Holder.invokeSpecial(java.lang.Object, java.lang.Object, java.lang.Object, java.lang.Object, java.lang.Object, java.lang.Object)'> (0x00000000c4b58818) 
thrown [s\src\hotspot\share\interpreter\linkResolver.cpp, line 805]
Event: 3.564 Thread 0x000001f71eee57a0 Exception <a 'java/lang/NoSuchMethodError'{0x00000000c4a599d8}: 'java.lang.Object java.lang.invoke.DirectMethodHandle$Holder.invokeVirtual(java.lang.Object, java.lang.Object, java.lang.Object)'> (0x00000000c4a599d8) 
thrown [s\src\hotspot\share\interpreter\linkResolver.cpp, line 805]
Event: 3.680 Thread 0x000001f71eee57a0 Exception <a 'java/lang/NoSuchMethodError'{0x00000000c486c6e0}: 'void java.lang.invoke.DirectMethodHandle$Holder.invokeVirtual(java.lang.Object, java.lang.Object, int)'> (0x00000000c486c6e0) 
thrown [s\src\hotspot\share\interpreter\linkResolver.cpp, line 805]
Event: 3.681 Thread 0x000001f71eee57a0 Exception <a 'java/lang/NoSuchMethodError'{0x00000000c4874e98}: 'void java.lang.invoke.DirectMethodHandle$Holder.invokeSpecial(java.lang.Object, java.lang.Object, java.lang.Object, int)'> (0x00000000c4874e98) 
thrown [s\src\hotspot\share\interpreter\linkResolver.cpp, line 805]
Event: 3.682 Thread 0x000001f71eee57a0 Exception <a 'java/lang/NoSuchMethodError'{0x00000000c487d1f8}: 'void java.lang.invoke.DelegatingMethodHandle$Holder.reinvoke_L(java.lang.Object, java.lang.Object, int)'> (0x00000000c487d1f8) 
thrown [s\src\hotspot\share\interpreter\linkResolver.cpp, line 805]
Event: 4.462 Thread 0x000001f71eee57a0 Implicit null exception at 0x000001f731845e20 to 0x000001f731846124
Event: 4.462 Thread 0x000001f71eee57a0 Implicit null exception at 0x000001f731832493 to 0x000001f73183309c
Event: 4.463 Thread 0x000001f71eee57a0 Implicit null exception at 0x000001f73182ed0a to 0x000001f73182ef2c
Event: 4.463 Thread 0x000001f71eee57a0 Implicit null exception at 0x000001f73180aaf9 to 0x000001f73180b160
Event: 5.568 Thread 0x000001f71eee57a0 Implicit null exception at 0x000001f7317aaaa0 to 0x000001f7317aab1d
Event: 5.886 Thread 0x000001f71eee57a0 Exception <a 'java/lang/NoSuchMethodError'{0x00000000c5d7e968}: 'java.lang.Object java.lang.invoke.DirectMethodHandle$Holder.newInvokeSpecial(java.lang.Object, java.lang.Object, java.lang.Object, java.lang.Object, java.lang.Object, java.lang.Object, java.lang.Object)'> (0x00000000c5d7e968) 
thrown [s\src\hotspot\share\interpreter\linkResolver.cpp, line 805]
Event: 6.197 Thread 0x000001f71eee57a0 Exception <a 'java/lang/NoSuchMethodError'{0x00000000c536e360}: 'int java.lang.invoke.DirectMethodHandle$Holder.invokeVirtual(java.lang.Object, java.lang.Object)'> (0x00000000c536e360) 
thrown [s\src\hotspot\share\interpreter\linkResolver.cpp, line 805]
Event: 6.248 Thread 0x000001f71eee57a0 Exception <a 'java/lang/NoSuchMethodError'{0x00000000c52ad6a8}: 'void java.lang.invoke.Invokers$Holder.invokeExact_MT(java.lang.Object, java.lang.Object, int, java.lang.Object)'> (0x00000000c52ad6a8) 
thrown [s\src\hotspot\share\interpreter\linkResolver.cpp, line 805]
Event: 6.766 Thread 0x000001f71eee57a0 Exception <a 'java/lang/IncompatibleClassChangeError'{0x00000000c5f69218}: Found class java.lang.Object, but interface was expected> (0x00000000c5f69218) 
thrown [s\src\hotspot\share\interpreter\linkResolver.cpp, line 872]
Event: 6.768 Thread 0x000001f71eee57a0 Exception <a 'java/lang/NoSuchMethodError'{0x00000000c5f78940}: 'void java.lang.invoke.DirectMethodHandle$Holder.invokeInterface(java.lang.Object, java.lang.Object, java.lang.Object)'> (0x00000000c5f78940) 
thrown [s\src\hotspot\share\interpreter\linkResolver.cpp, line 805]
Event: 6.941 Thread 0x000001f71eee57a0 Exception <a 'java/lang/NoSuchMethodError'{0x00000000c5d1edb8}: 'int java.lang.invoke.DirectMethodHandle$Holder.invokeInterface(java.lang.Object, java.lang.Object)'> (0x00000000c5d1edb8) 
thrown [s\src\hotspot\share\interpreter\linkResolver.cpp, line 805]

VM Operations (20 events):
Event: 3.324 Executing VM operation: HandshakeAllThreads (Deoptimize)
Event: 3.324 Executing VM operation: HandshakeAllThreads (Deoptimize) done
Event: 3.400 Executing VM operation: HandshakeAllThreads (Deoptimize)
Event: 3.400 Executing VM operation: HandshakeAllThreads (Deoptimize) done
Event: 4.037 Executing VM operation: G1CollectForAllocation (G1 Evacuation Pause)
Event: 4.057 Executing VM operation: G1CollectForAllocation (G1 Evacuation Pause) done
Event: 4.893 Executing VM operation: G1CollectForAllocation (G1 Evacuation Pause)
Event: 4.914 Executing VM operation: G1CollectForAllocation (G1 Evacuation Pause) done
Event: 5.762 Executing VM operation: G1CollectForAllocation (G1 Evacuation Pause)
Event: 5.779 Executing VM operation: G1CollectForAllocation (G1 Evacuation Pause) done
Event: 6.247 Executing VM operation: HandshakeAllThreads (Deoptimize)
Event: 6.247 Executing VM operation: HandshakeAllThreads (Deoptimize) done
Event: 6.315 Executing VM operation: G1TryInitiateConcMark (G1 Humongous Allocation)
Event: 6.321 Executing VM operation: G1TryInitiateConcMark (G1 Humongous Allocation) done
Event: 6.325 Executing VM operation: G1TryInitiateConcMark (G1 Humongous Allocation)
Event: 6.330 Executing VM operation: G1TryInitiateConcMark (G1 Humongous Allocation) done
Event: 6.829 Executing VM operation: HandshakeAllThreads (Deoptimize)
Event: 6.829 Executing VM operation: HandshakeAllThreads (Deoptimize) done
Event: 6.937 Executing VM operation: HandshakeAllThreads (Deoptimize)
Event: 6.937 Executing VM operation: HandshakeAllThreads (Deoptimize) done

Memory protections (0 events):
No events

Nmethod flushes (0 events):
No events

Events (14 events):
Event: 0.037 Thread 0x000001f71eee57a0 Thread added: 0x000001f71eee57a0
Event: 0.056 Thread 0x000001f71eee57a0 Thread added: 0x000001f73c4300c0
Event: 0.056 Thread 0x000001f71eee57a0 Thread added: 0x000001f73c431e60
Event: 0.057 Thread 0x000001f71eee57a0 Thread added: 0x000001f73c436f00
Event: 0.057 Thread 0x000001f71eee57a0 Thread added: 0x000001f73c43a250
Event: 0.057 Thread 0x000001f71eee57a0 Thread added: 0x000001f73c43ad80
Event: 0.057 Thread 0x000001f71eee57a0 Thread added: 0x000001f73c43b8b0
Event: 0.057 Thread 0x000001f71eee57a0 Thread added: 0x000001f73c4481f0
Event: 0.057 Thread 0x000001f71eee57a0 Thread added: 0x000001f73c44fc70
Event: 0.076 Thread 0x000001f71eee57a0 Thread added: 0x000001f73c5ad2e0
Event: 0.079 Thread 0x000001f71eee57a0 Thread added: 0x000001f73c5afa60
Event: 0.222 Thread 0x000001f73c4481f0 Thread added: 0x000001f73c453160
Event: 0.370 Thread 0x000001f71eee57a0 Thread added: 0x000001f77e0b7180
Event: 0.389 Thread 0x000001f77e0b7180 Thread exited: 0x000001f77e0b7180


Dynamic libraries:
0x00007ff7f7fa0000 - 0x00007ff7f7fae000 	C:\Program Files\Apache NetBeans\jdk\bin\java.exe
0x00007ff9775b0000 - 0x00007ff9777a8000 	C:\Windows\SYSTEM32\ntdll.dll
0x00007ff975750000 - 0x00007ff975812000 	C:\Windows\System32\KERNEL32.DLL
0x00007ff9750c0000 - 0x00007ff9753b6000 	C:\Windows\System32\KERNELBASE.dll
0x00007ff974c90000 - 0x00007ff974d90000 	C:\Windows\System32\ucrtbase.dll
0x00007ff956ef0000 - 0x00007ff956f06000 	C:\Program Files\Apache NetBeans\jdk\bin\jli.dll
0x00007ff9771f0000 - 0x00007ff977391000 	C:\Windows\System32\USER32.dll
0x00007ff95cb00000 - 0x00007ff95cb1e000 	C:\Program Files\Apache NetBeans\jdk\bin\VCRUNTIME140.dll
0x00007ff9755a0000 - 0x00007ff9755c2000 	C:\Windows\System32\win32u.dll
0x00007ff976b10000 - 0x00007ff976b3b000 	C:\Windows\System32\GDI32.dll
0x00007ff962210000 - 0x00007ff9624ab000 	C:\Windows\WinSxS\amd64_microsoft.windows.common-controls_6595b64144ccf1df_6.0.19041.6456_none_60b8a6cb71f64256\COMCTL32.dll
0x00007ff974d90000 - 0x00007ff974ea9000 	C:\Windows\System32\gdi32full.dll
0x00007ff975bc0000 - 0x00007ff975c5e000 	C:\Windows\System32\msvcrt.dll
0x00007ff975020000 - 0x00007ff9750bd000 	C:\Windows\System32\msvcp_win.dll
0x00007ff975b80000 - 0x00007ff975baf000 	C:\Windows\System32\IMM32.DLL
0x00007ff96f5f0000 - 0x00007ff96f5fc000 	C:\Program Files\Apache NetBeans\jdk\bin\vcruntime140_1.dll
0x00007ff9455e0000 - 0x00007ff94566d000 	C:\Program Files\Apache NetBeans\jdk\bin\msvcp140.dll
0x00007ff936040000 - 0x00007ff936ebc000 	C:\Program Files\Apache NetBeans\jdk\bin\server\jvm.dll
0x00007ff976b40000 - 0x00007ff976bf1000 	C:\Windows\System32\ADVAPI32.dll
0x00007ff9773a0000 - 0x00007ff97743f000 	C:\Windows\System32\sechost.dll
0x00007ff976210000 - 0x00007ff976330000 	C:\Windows\System32\RPCRT4.dll
0x00007ff974ff0000 - 0x00007ff975017000 	C:\Windows\System32\bcrypt.dll
0x00007ff977160000 - 0x00007ff9771cb000 	C:\Windows\System32\WS2_32.dll
0x00007ff974aa0000 - 0x00007ff974aeb000 	C:\Windows\SYSTEM32\POWRPROF.dll
0x00007ff962f90000 - 0x00007ff962fb7000 	C:\Windows\SYSTEM32\WINMM.dll
0x00007ff96cd60000 - 0x00007ff96cd6a000 	C:\Windows\SYSTEM32\VERSION.dll
0x00007ff974a80000 - 0x00007ff974a92000 	C:\Windows\SYSTEM32\UMPDC.dll
0x00007ff972ab0000 - 0x00007ff972ac2000 	C:\Windows\SYSTEM32\kernel.appcore.dll
0x00007ff96f560000 - 0x00007ff96f56a000 	C:\Program Files\Apache NetBeans\jdk\bin\jimage.dll
0x00007ff962990000 - 0x00007ff962b91000 	C:\Windows\SYSTEM32\DBGHELP.DLL
0x00007ff95fd80000 - 0x00007ff95fdb4000 	C:\Windows\SYSTEM32\dbgcore.DLL
0x00007ff974eb0000 - 0x00007ff974f32000 	C:\Windows\System32\bcryptPrimitives.dll
0x00007ff958840000 - 0x00007ff95885e000 	C:\Program Files\Apache NetBeans\jdk\bin\java.dll
0x00007ff976cc0000 - 0x00007ff976deb000 	C:\Windows\System32\ole32.dll
0x00007ff975820000 - 0x00007ff975b74000 	C:\Windows\System32\combase.dll
0x00007ff976330000 - 0x00007ff976aa0000 	C:\Windows\System32\SHELL32.dll
0x00007ff972cb0000 - 0x00007ff973455000 	C:\Windows\SYSTEM32\windows.storage.dll
0x00007ff974590000 - 0x00007ff9745bb000 	C:\Windows\SYSTEM32\Wldp.dll
0x00007ff977440000 - 0x00007ff97750d000 	C:\Windows\System32\OLEAUT32.dll
0x00007ff976c00000 - 0x00007ff976cad000 	C:\Windows\System32\SHCORE.dll
0x00007ff975c60000 - 0x00007ff975cbb000 	C:\Windows\System32\shlwapi.dll
0x00007ff974b70000 - 0x00007ff974b94000 	C:\Windows\SYSTEM32\profapi.dll
0x00007ff944140000 - 0x00007ff944217000 	C:\Program Files\Apache NetBeans\jdk\bin\jsvml.dll
0x00007ff96e900000 - 0x00007ff96e910000 	C:\Program Files\Apache NetBeans\jdk\bin\net.dll
0x00007ff9742f0000 - 0x00007ff97435a000 	C:\Windows\system32\mswsock.dll
0x00007ff953590000 - 0x00007ff9535a6000 	C:\Program Files\Apache NetBeans\jdk\bin\nio.dll
0x00007ff953700000 - 0x00007ff953717000 	C:\Program Files\Apache NetBeans\jdk\bin\zip.dll
0x00007ff95fe90000 - 0x00007ff95feb4000 	C:\Users\User\.m2\wrapper\dists\apache-maven-3.9.11\03d7e36a140982eea48e22c1dcac01d8862b2550b2939e09a0809bbc5182a5bc\lib\jansi-native\Windows\x86_64\jansi.dll
0x00007ff96e100000 - 0x00007ff96e110000 	C:\Program Files\Apache NetBeans\jdk\bin\verify.dll

JVMTI agents: none

dbghelp: loaded successfully - version: 4.0.5 - missing functions: none
symbol engine: initialized successfully - sym options: 0x614 - pdb path: .;C:\Program Files\Apache NetBeans\jdk\bin;C:\Windows\SYSTEM32;C:\Windows\WinSxS\amd64_microsoft.windows.common-controls_6595b64144ccf1df_6.0.19041.6456_none_60b8a6cb71f64256;C:\Program Files\Apache NetBeans\jdk\bin\server;C:\Users\User\.m2\wrapper\dists\apache-maven-3.9.11\03d7e36a140982eea48e22c1dcac01d8862b2550b2939e09a0809bbc5182a5bc\lib\jansi-native\Windows\x86_64

VM Arguments:
jvm_args: --enable-native-access=ALL-UNNAMED -Dclassworlds.conf=C:\Users\User\.m2\wrapper\dists\apache-maven-3.9.11\03d7e36a140982eea48e22c1dcac01d8862b2550b2939e09a0809bbc5182a5bc\bin\m2.conf -Dmaven.home=C:\Users\User\.m2\wrapper\dists\apache-maven-3.9.11\03d7e36a140982eea48e22c1dcac01d8862b2550b2939e09a0809bbc5182a5bc -Dlibrary.jansi.path=C:\Users\User\.m2\wrapper\dists\apache-maven-3.9.11\03d7e36a140982eea48e22c1dcac01d8862b2550b2939e09a0809bbc5182a5bc\lib\jansi-native -Dmaven.multiModuleProjectDirectory=C:\Users\User\Documents\NetBeansProjects\hospital-vida-nova 
java_command: org.codehaus.plexus.classworlds.launcher.Launcher -Dexec.vmArgs= -Dexec.args=${exec.vmArgs} -classpath %classpath ${exec.mainClass} ${exec.appArgs} -Dexec.executable=C:\Program Files\Apache NetBeans\jdk\bin\java.exe -Dexec.mainClass=com.example.hospital.HospitalVidaNovaApplication -Dexec.classpathScope=runtime -Dexec.appArgs= -Dmaven.ext.class.path=C:\Program Files\Apache NetBeans\java\maven-nblib\netbeans-eventspy.jar --no-transfer-progress process-classes org.codehaus.mojo:exec-maven-plugin:3.1.0:exec
java_class_path (initial): C:\Users\User\.m2\wrapper\dists\apache-maven-3.9.11\03d7e36a140982eea48e22c1dcac01d8862b2550b2939e09a0809bbc5182a5bc\boot\plexus-classworlds-2.9.0.jar
Launcher Type: SUN_STANDARD

[Global flags]
     intx CICompilerCount                          = 3                                         {product} {ergonomic}
     uint ConcGCThreads                            = 1                                         {product} {ergonomic}
     uint G1ConcRefinementThreads                  = 4                                         {product} {ergonomic}
   size_t G1HeapRegionSize                         = 1048576                                   {product} {ergonomic}
   size_t InitialHeapSize                          = 67108864                                  {product} {ergonomic}
   size_t MarkStackSize                            = 4194304                                   {product} {ergonomic}
   size_t MarkStackSizeMax                         = 536870912                                 {product} {ergonomic}
   size_t MaxHeapSize                              = 1042284544                                {product} {ergonomic}
   size_t MaxNewSize                               = 624951296                                 {product} {ergonomic}
   size_t MinHeapDeltaBytes                        = 1048576                                   {product} {ergonomic}
   size_t MinHeapSize                              = 8388608                                   {product} {ergonomic}
    uintx NonNMethodCodeHeapSize                   = 5832704                                {pd product} {ergonomic}
    uintx NonProfiledCodeHeapSize                  = 122945536                              {pd product} {ergonomic}
    uintx ProfiledCodeHeapSize                     = 122880000                              {pd product} {ergonomic}
    uintx ReservedCodeCacheSize                    = 251658240                              {pd product} {ergonomic}
     bool SegmentedCodeCache                       = true                                      {product} {ergonomic}
   size_t SoftMaxHeapSize                          = 1042284544                             {manageable} {ergonomic}
     bool UseCompressedOops                        = true                           {product lp64_product} {ergonomic}
     bool UseG1GC                                  = true                                      {product} {ergonomic}
     bool UseLargePagesIndividualAllocation        = false                                  {pd product} {ergonomic}

Logging:
Log output configuration:
 #0: stdout all=warning uptime,level,tags foldmultilines=false
 #1: stderr all=off uptime,level,tags foldmultilines=false

Environment Variables:
JAVA_HOME=C:\Program Files\Apache NetBeans\jdk
PATH=C:\Program Files\Java\jdk-21.0.6\bin;C:\Program Files\Common Files\Oracle\Java\javapath;C:\Program Files (x86)\Common Files\Oracle\Java\java8path;C:\Program Files (x86)\Common Files\Oracle\Java\javapath;C:\Windows\system32;C:\Windows;C:\Windows\System32\Wbem;C:\Windows\System32\WindowsPowerShell\v1.0\;C:\Windows\System32\OpenSSH\;C:\Program Files\dotnet\;C:\Program Files\Git\cmd;C:\Program Files\Cloudflare\Cloudflare WARP\;C:\Program Files\MySQL\MySQL Shell 8.0\bin\;C:\Users\User\AppData\Local\Programs\Python\Python313\Scripts\;C:\Users\User\AppData\Local\Programs\Python\Python313\;C:\Users\User\AppData\Local\Microsoft\WindowsApps;C:\Users\User\AppData\Local\Programs\Microsoft VS Code\bin
USERNAME=User
OS=Windows_NT
PROCESSOR_IDENTIFIER=Intel64 Family 6 Model 78 Stepping 3, GenuineIntel
TMP=C:\Users\User\AppData\Local\Temp
TEMP=C:\Users\User\AppData\Local\Temp




Periodic native trim disabled

---------------  S Y S T E M  ---------------

OS:
 Windows 10 , 64 bit Build 19041 (10.0.19041.5915)
OS uptime: 0 days 7:04 hours

CPU: total 4 (initial active 4) (2 cores per cpu, 2 threads per core) family 6 model 78 stepping 3 microcode 0xcc, cx8, cmov, fxsr, ht, mmx, 3dnowpref, sse, sse2, sse3, ssse3, sse4.1, sse4.2, popcnt, lzcnt, tsc, tscinvbit, avx, avx2, aes, erms, clmul, bmi1, bmi2, adx, fma, vzeroupper, clflush, clflushopt, rdtscp, f16c
Processor Information for the first 4 processors :
  Max Mhz: 1992, Current Mhz: 1992, Mhz Limit: 1992

Memory: 4k page, system-wide physical 3970M (360M free)
TotalPageFile size 16258M (AvailPageFile size 7M)
current process WorkingSet (physical memory assigned to process): 189M, peak: 189M
current process commit charge ("private bytes"): 221M, peak: 222M

vm_info: OpenJDK 64-Bit Server VM (24.0.2+12) for windows-amd64 JRE (24.0.2+12) (Zulu24.32+13-CA), built on 2025-07-11T12:45:44Z with MS VC++ 17.1 (VS2022)

END.
